------------------------------------------------------------------------------------------------------------------------

[2020-03-03 15:14:44 #1 store] 
Database 'C:\Users\unaia\OneDrive\Desktop\ProyectoIS\resources\bets.temp' is opened by 15620@MSI

[2020-03-03 15:14:44 #2 type.registry] 
New type domain.Admin

[2020-03-03 15:14:44 #3 type] 
Type domain.Admin is not enhanced.

[2020-03-03 15:14:44 #4 type.registry] 
New type domain.Usuario

[2020-03-03 15:14:44 #5 type] 
Type domain.Usuario is not enhanced.

[2020-03-03 15:14:44 #6 type.registry] 
New type domain.Question

[2020-03-03 15:14:44 #7 type] 
Type domain.Question is not enhanced.

[2020-03-03 15:14:44 #8 type.registry] 
New type domain.Event

[2020-03-03 15:14:44 #9 type] 
Type domain.Event is not enhanced.

[2020-03-03 15:14:44 #10 type.registry] 
New type java.util.Vector<domain.Question>

[2020-03-03 15:14:44 #11 type.registry] 
New type java.util.Vector<java.lang.Object>

[2020-03-03 15:15:25 #12 type.registry] 
New type domain.Apuesta

[2020-03-03 15:15:25 #13 type] 
Type domain.Apuesta is not enhanced.

------------------------------------------------------------------------------------------------------------------------

[2020-03-03 15:21:55 #1 store] 
Database 'C:\Users\unaia\OneDrive\Desktop\ProyectoIS\resources\bets.temp' is opened by 11608@MSI

[2020-03-03 15:21:55 #2 type.registry] 
New type domain.Admin

[2020-03-03 15:21:55 #3 type] 
Type domain.Admin is not enhanced.

[2020-03-03 15:21:55 #4 type.registry] 
New type domain.Usuario

[2020-03-03 15:21:55 #5 type] 
Type domain.Usuario is not enhanced.

[2020-03-03 15:21:55 #6 type.registry] 
New type domain.Question

[2020-03-03 15:21:55 #7 type] 
Type domain.Question is not enhanced.

[2020-03-03 15:21:55 #8 type.registry] 
New type domain.Event

[2020-03-03 15:21:55 #9 type] 
Type domain.Event is not enhanced.

[2020-03-03 15:21:55 #10 type.registry] 
New type java.util.Vector<domain.Question>

[2020-03-03 15:21:55 #11 type.registry] 
New type java.util.Vector<java.lang.Object>

[2020-03-03 15:22:56 #12 type.registry] 
New type domain.Apuesta

[2020-03-03 15:22:56 #13 type] 
Type domain.Apuesta is not enhanced.

------------------------------------------------------------------------------------------------------------------------

[2020-03-03 15:26:56 #1 store] 
Database 'C:\Users\unaia\OneDrive\Desktop\ProyectoIS\resources\bets.temp' is opened by 10884@MSI

[2020-03-03 15:26:57 #2 type.registry] 
New type domain.Admin

[2020-03-03 15:26:57 #3 type] 
Type domain.Admin is not enhanced.

[2020-03-03 15:26:57 #4 type.registry] 
New type domain.Usuario

[2020-03-03 15:26:57 #5 type] 
Type domain.Usuario is not enhanced.

[2020-03-03 15:26:57 #6 type.registry] 
New type domain.Question

[2020-03-03 15:26:57 #7 type] 
Type domain.Question is not enhanced.

[2020-03-03 15:26:57 #8 type.registry] 
New type domain.Event

[2020-03-03 15:26:57 #9 type] 
Type domain.Event is not enhanced.

[2020-03-03 15:26:57 #10 type.registry] 
New type java.util.Vector<domain.Question>

[2020-03-03 15:26:57 #11 type.registry] 
New type java.util.Vector<java.lang.Object>

[2020-03-03 15:27:02 #12 type.registry] 
New type domain.Apuesta

[2020-03-03 15:27:02 #13 type] 
Type domain.Apuesta is not enhanced.

------------------------------------------------------------------------------------------------------------------------

[2020-03-03 15:28:09 #1 store] 
Database 'C:\Users\unaia\OneDrive\Desktop\ProyectoIS\resources\bets.temp' is opened by 13780@MSI

[2020-03-03 15:28:10 #2 type.registry] 
New type domain.Admin

[2020-03-03 15:28:10 #3 type] 
Type domain.Admin is not enhanced.

[2020-03-03 15:28:10 #4 type.registry] 
New type domain.Usuario

[2020-03-03 15:28:10 #5 type] 
Type domain.Usuario is not enhanced.

[2020-03-03 15:28:10 #6 type.registry] 
New type domain.Question

[2020-03-03 15:28:10 #7 type] 
Type domain.Question is not enhanced.

[2020-03-03 15:28:10 #8 type.registry] 
New type domain.Event

[2020-03-03 15:28:10 #9 type] 
Type domain.Event is not enhanced.

[2020-03-03 15:28:10 #10 type.registry] 
New type java.util.Vector<domain.Question>

[2020-03-03 15:28:10 #11 type.registry] 
New type java.util.Vector<java.lang.Object>

[2020-03-03 15:28:20 #12 type.registry] 
New type domain.Apuesta

[2020-03-03 15:28:20 #13 type] 
Type domain.Apuesta is not enhanced.

------------------------------------------------------------------------------------------------------------------------

[2020-03-03 15:28:43 #1 store] 
Database 'C:\Users\unaia\OneDrive\Desktop\ProyectoIS\resources\bets.temp' is opened by 16928@MSI

[2020-03-03 15:28:44 #2 type.registry] 
New type domain.Admin

[2020-03-03 15:28:44 #3 type] 
Type domain.Admin is not enhanced.

[2020-03-03 15:28:44 #4 type.registry] 
New type domain.Usuario

[2020-03-03 15:28:44 #5 type] 
Type domain.Usuario is not enhanced.

[2020-03-03 15:28:44 #6 type.registry] 
New type domain.Question

[2020-03-03 15:28:44 #7 type] 
Type domain.Question is not enhanced.

[2020-03-03 15:28:44 #8 type.registry] 
New type domain.Event

[2020-03-03 15:28:44 #9 type] 
Type domain.Event is not enhanced.

[2020-03-03 15:28:44 #10 type.registry] 
New type java.util.Vector<domain.Question>

[2020-03-03 15:28:44 #11 type.registry] 
New type java.util.Vector<java.lang.Object>

[2020-03-03 15:28:49 #12 type.registry] 
New type domain.Apuesta

[2020-03-03 15:28:49 #13 type] 
Type domain.Apuesta is not enhanced.

------------------------------------------------------------------------------------------------------------------------

[2020-03-03 15:29:49 #1 store] 
Database 'C:\Users\unaia\OneDrive\Desktop\ProyectoIS\resources\bets.temp' is opened by 16092@MSI

[2020-03-03 15:29:50 #2 type.registry] 
New type domain.Admin

[2020-03-03 15:29:50 #3 type] 
Type domain.Admin is not enhanced.

[2020-03-03 15:29:50 #4 type.registry] 
New type domain.Usuario

[2020-03-03 15:29:50 #5 type] 
Type domain.Usuario is not enhanced.

[2020-03-03 15:29:50 #6 type.registry] 
New type domain.Question

[2020-03-03 15:29:50 #7 type] 
Type domain.Question is not enhanced.

[2020-03-03 15:29:50 #8 type.registry] 
New type domain.Event

[2020-03-03 15:29:50 #9 type] 
Type domain.Event is not enhanced.

[2020-03-03 15:29:50 #10 type.registry] 
New type java.util.Vector<domain.Question>

[2020-03-03 15:29:50 #11 type.registry] 
New type java.util.Vector<java.lang.Object>

[2020-03-03 15:29:57 #12 type.registry] 
New type domain.Apuesta

[2020-03-03 15:29:57 #13 type] 
Type domain.Apuesta is not enhanced.

------------------------------------------------------------------------------------------------------------------------

[2020-03-03 15:30:26 #1 store] 
Database 'C:\Users\unaia\OneDrive\Desktop\ProyectoIS\resources\bets.temp' is opened by 16560@MSI

[2020-03-03 15:30:26 #2 type.registry] 
New type domain.Admin

[2020-03-03 15:30:26 #3 type] 
Type domain.Admin is not enhanced.

[2020-03-03 15:30:26 #4 type.registry] 
New type domain.Usuario

[2020-03-03 15:30:26 #5 type] 
Type domain.Usuario is not enhanced.

[2020-03-03 15:30:26 #6 type.registry] 
New type domain.Question

[2020-03-03 15:30:26 #7 type] 
Type domain.Question is not enhanced.

[2020-03-03 15:30:26 #8 type.registry] 
New type domain.Event

[2020-03-03 15:30:26 #9 type] 
Type domain.Event is not enhanced.

[2020-03-03 15:30:26 #10 type.registry] 
New type java.util.Vector<domain.Question>

[2020-03-03 15:30:26 #11 type.registry] 
New type java.util.Vector<java.lang.Object>

------------------------------------------------------------------------------------------------------------------------

[2020-03-03 15:30:33 #1 store] 
Database 'C:\Users\unaia\OneDrive\Desktop\ProyectoIS\resources\bets.temp' is opened by 7448@MSI

[2020-03-03 15:30:33 #2 type.registry] 
New type domain.Admin

[2020-03-03 15:30:33 #3 type] 
Type domain.Admin is not enhanced.

[2020-03-03 15:30:33 #4 type.registry] 
New type domain.Usuario

[2020-03-03 15:30:33 #5 type] 
Type domain.Usuario is not enhanced.

[2020-03-03 15:30:33 #6 type.registry] 
New type domain.Question

[2020-03-03 15:30:33 #7 type] 
Type domain.Question is not enhanced.

[2020-03-03 15:30:33 #8 type.registry] 
New type domain.Event

[2020-03-03 15:30:33 #9 type] 
Type domain.Event is not enhanced.

[2020-03-03 15:30:33 #10 type.registry] 
New type java.util.Vector<domain.Question>

[2020-03-03 15:30:33 #11 type.registry] 
New type java.util.Vector<java.lang.Object>

[2020-03-03 15:30:40 #12 type.registry] 
New type domain.Apuesta

[2020-03-03 15:30:40 #13 type] 
Type domain.Apuesta is not enhanced.

------------------------------------------------------------------------------------------------------------------------

[2020-03-03 15:33:01 #1 store] 
Database 'C:\Users\unaia\OneDrive\Desktop\ProyectoIS\resources\bets.temp' is opened by 13176@MSI

[2020-03-03 15:33:01 #2 type.registry] 
New type domain.Admin

[2020-03-03 15:33:01 #3 type] 
Type domain.Admin is not enhanced.

[2020-03-03 15:33:01 #4 type.registry] 
New type domain.Usuario

[2020-03-03 15:33:01 #5 type] 
Type domain.Usuario is not enhanced.

[2020-03-03 15:33:01 #6 type.registry] 
New type domain.Question

[2020-03-03 15:33:01 #7 type] 
Type domain.Question is not enhanced.

[2020-03-03 15:33:01 #8 type.registry] 
New type domain.Event

[2020-03-03 15:33:01 #9 type] 
Type domain.Event is not enhanced.

[2020-03-03 15:33:01 #10 type.registry] 
New type java.util.Vector<domain.Question>

[2020-03-03 15:33:01 #11 type.registry] 
New type java.util.Vector<java.lang.Object>

[2020-03-03 15:33:15 #12 type.registry] 
New type domain.Apuesta

[2020-03-03 15:33:15 #13 type] 
Type domain.Apuesta is not enhanced.

------------------------------------------------------------------------------------------------------------------------

[2020-03-03 15:35:10 #1 store] 
Database 'C:\Users\unaia\OneDrive\Desktop\ProyectoIS\resources\bets.temp' is opened by 1760@MSI

[2020-03-03 15:35:10 #2 type.registry] 
New type domain.Admin

[2020-03-03 15:35:10 #3 type] 
Type domain.Admin is not enhanced.

[2020-03-03 15:35:10 #4 type.registry] 
New type domain.Usuario

[2020-03-03 15:35:10 #5 type] 
Type domain.Usuario is not enhanced.

[2020-03-03 15:35:10 #6 type.registry] 
New type domain.Question

[2020-03-03 15:35:10 #7 type] 
Type domain.Question is not enhanced.

[2020-03-03 15:35:10 #8 type.registry] 
New type domain.Event

[2020-03-03 15:35:10 #9 type] 
Type domain.Event is not enhanced.

[2020-03-03 15:35:10 #10 type.registry] 
New type java.util.Vector<domain.Question>

[2020-03-03 15:35:10 #11 type.registry] 
New type java.util.Vector<java.lang.Object>

------------------------------------------------------------------------------------------------------------------------

[2020-03-03 15:42:30 #1 store] 
Database 'C:\Users\unaia\OneDrive\Desktop\ProyectoIS\resources\bets.temp' is opened by 9456@MSI

[2020-03-03 15:42:30 #2 type.registry] 
New type domain.Admin

[2020-03-03 15:42:30 #3 type] 
Type domain.Admin is not enhanced.

[2020-03-03 15:42:30 #4 type.registry] 
New type domain.Usuario

[2020-03-03 15:42:30 #5 type] 
Type domain.Usuario is not enhanced.

[2020-03-03 15:42:30 #6 type.registry] 
New type domain.Question

[2020-03-03 15:42:30 #7 type] 
Type domain.Question is not enhanced.

[2020-03-03 15:42:30 #8 type.registry] 
New type domain.Event

[2020-03-03 15:42:30 #9 type] 
Type domain.Event is not enhanced.

[2020-03-03 15:42:30 #10 type.registry] 
New type java.util.Vector<domain.Question>

[2020-03-03 15:42:30 #11 type.registry] 
New type java.util.Vector<java.lang.Object>

[2020-03-03 15:42:43 #12 type.registry] 
New type domain.Apuesta

[2020-03-03 15:42:43 #13 type] 
Type domain.Apuesta is not enhanced.

------------------------------------------------------------------------------------------------------------------------

[2020-03-03 15:43:21 #1 store] 
Database 'C:\Users\unaia\OneDrive\Desktop\ProyectoIS\resources\bets.temp' is opened by 13008@MSI

[2020-03-03 15:43:21 #2 type.registry] 
New type domain.Admin

[2020-03-03 15:43:21 #3 type] 
Type domain.Admin is not enhanced.

[2020-03-03 15:43:21 #4 type.registry] 
New type domain.Usuario

[2020-03-03 15:43:21 #5 type] 
Type domain.Usuario is not enhanced.

[2020-03-03 15:43:21 #6 type.registry] 
New type domain.Question

[2020-03-03 15:43:21 #7 type] 
Type domain.Question is not enhanced.

[2020-03-03 15:43:21 #8 type.registry] 
New type domain.Event

[2020-03-03 15:43:21 #9 type] 
Type domain.Event is not enhanced.

[2020-03-03 15:43:21 #10 type.registry] 
New type java.util.Vector<domain.Question>

[2020-03-03 15:43:21 #11 type.registry] 
New type java.util.Vector<java.lang.Object>

[2020-03-03 15:43:33 #12 type.registry] 
New type domain.Apuesta

[2020-03-03 15:43:33 #13 type] 
Type domain.Apuesta is not enhanced.

------------------------------------------------------------------------------------------------------------------------

[2020-03-03 15:44:38 #1 store] 
Database 'C:\Users\unaia\OneDrive\Desktop\ProyectoIS\resources\bets.temp' is opened by 10152@MSI

[2020-03-03 15:44:38 #2 type.registry] 
New type domain.Admin

[2020-03-03 15:44:38 #3 type] 
Type domain.Admin is not enhanced.

[2020-03-03 15:44:38 #4 type.registry] 
New type domain.Usuario

[2020-03-03 15:44:38 #5 type] 
Type domain.Usuario is not enhanced.

[2020-03-03 15:44:38 #6 type.registry] 
New type domain.Question

[2020-03-03 15:44:38 #7 type] 
Type domain.Question is not enhanced.

[2020-03-03 15:44:38 #8 type.registry] 
New type domain.Event

[2020-03-03 15:44:38 #9 type] 
Type domain.Event is not enhanced.

[2020-03-03 15:44:38 #10 type.registry] 
New type java.util.Vector<domain.Question>

[2020-03-03 15:44:38 #11 type.registry] 
New type java.util.Vector<java.lang.Object>

[2020-03-03 15:44:49 #12 type.registry] 
New type domain.Apuesta

[2020-03-03 15:44:49 #13 type] 
Type domain.Apuesta is not enhanced.

------------------------------------------------------------------------------------------------------------------------

[2020-03-03 15:45:13 #1 store] 
Database 'C:\Users\unaia\OneDrive\Desktop\ProyectoIS\resources\bets.temp' is opened by 4156@MSI

[2020-03-03 15:45:13 #2 type.registry] 
New type domain.Admin

[2020-03-03 15:45:13 #3 type] 
Type domain.Admin is not enhanced.

[2020-03-03 15:45:13 #4 type.registry] 
New type domain.Usuario

[2020-03-03 15:45:13 #5 type] 
Type domain.Usuario is not enhanced.

[2020-03-03 15:45:13 #6 type.registry] 
New type domain.Question

[2020-03-03 15:45:13 #7 type] 
Type domain.Question is not enhanced.

[2020-03-03 15:45:13 #8 type.registry] 
New type domain.Event

[2020-03-03 15:45:13 #9 type] 
Type domain.Event is not enhanced.

[2020-03-03 15:45:13 #10 type.registry] 
New type java.util.Vector<domain.Question>

[2020-03-03 15:45:13 #11 type.registry] 
New type java.util.Vector<java.lang.Object>

[2020-03-03 15:45:18 #12 type.registry] 
New type domain.Apuesta

[2020-03-03 15:45:18 #13 type] 
Type domain.Apuesta is not enhanced.

