------------------------------------------------------------------------------------------------------------------------

[2020-05-10 02:41:01 #1 store] 
Database 'C:\Users\unaia\eclipse-workspace\IS\resources\bets.temp' is opened by 9956@MSI

[2020-05-10 02:41:01 #2 type.registry] 
New type domain.Admin

[2020-05-10 02:41:01 #3 type] 
Type domain.Admin is not enhanced.

[2020-05-10 02:41:01 #4 type.registry] 
New type domain.Usuario

[2020-05-10 02:41:01 #5 type] 
Type domain.Usuario is not enhanced.

[2020-05-10 02:41:01 #6 type.registry] 
New type domain.Galgo

[2020-05-10 02:41:01 #7 type] 
Type domain.Galgo is not enhanced.

[2020-05-10 02:41:01 #8 type.registry] 
New type domain.Carrera

[2020-05-10 02:41:01 #9 type] 
Type domain.Carrera is not enhanced.

[2020-05-10 02:41:01 #10 type.registry] 
New type java.util.Vector<domain.Galgo>

[2020-05-10 02:41:01 #11 type.registry] 
New type domain.Question

[2020-05-10 02:41:01 #12 type] 
Type domain.Question is not enhanced.

[2020-05-10 02:41:01 #13 type.registry] 
New type domain.Event

[2020-05-10 02:41:01 #14 type.registry] 
New type domain.Respuesta

[2020-05-10 02:41:01 #15 type.registry] 
New type java.util.Vector<domain.Respuesta>

[2020-05-10 02:41:01 #16 type] 
Type domain.Event is not enhanced.

[2020-05-10 02:41:01 #17 type.registry] 
New type java.util.Vector<domain.Question>

[2020-05-10 02:41:01 #18 type] 
Type domain.Respuesta is not enhanced.

[2020-05-10 02:41:01 #19 type.registry] 
New type java.util.Vector<java.lang.Object>

------------------------------------------------------------------------------------------------------------------------

[2020-05-10 02:41:58 #1 store] 
Database 'C:\Users\unaia\eclipse-workspace\IS\resources\bets.temp' is opened by 7828@MSI

[2020-05-10 02:41:59 #2 type.registry] 
New type domain.Admin

[2020-05-10 02:41:59 #3 type] 
Type domain.Admin is not enhanced.

[2020-05-10 02:41:59 #4 type.registry] 
New type domain.Usuario

[2020-05-10 02:41:59 #5 type] 
Type domain.Usuario is not enhanced.

[2020-05-10 02:41:59 #6 type.registry] 
New type domain.Galgo

[2020-05-10 02:41:59 #7 type] 
Type domain.Galgo is not enhanced.

[2020-05-10 02:41:59 #8 type.registry] 
New type domain.Carrera

[2020-05-10 02:41:59 #9 type] 
Type domain.Carrera is not enhanced.

[2020-05-10 02:41:59 #10 type.registry] 
New type java.util.Vector<domain.Galgo>

[2020-05-10 02:41:59 #11 type.registry] 
New type domain.Question

[2020-05-10 02:41:59 #12 type] 
Type domain.Question is not enhanced.

[2020-05-10 02:41:59 #13 type.registry] 
New type domain.Event

[2020-05-10 02:41:59 #14 type.registry] 
New type domain.Respuesta

[2020-05-10 02:41:59 #15 type.registry] 
New type java.util.Vector<domain.Respuesta>

[2020-05-10 02:41:59 #16 type] 
Type domain.Event is not enhanced.

[2020-05-10 02:41:59 #17 type.registry] 
New type java.util.Vector<domain.Question>

[2020-05-10 02:41:59 #18 type] 
Type domain.Respuesta is not enhanced.

[2020-05-10 02:41:59 #19 type.registry] 
New type java.util.Vector<java.lang.Object>

------------------------------------------------------------------------------------------------------------------------

[2020-05-10 02:42:52 #1 store] 
Database 'C:\Users\unaia\eclipse-workspace\IS\resources\bets.temp' is opened by 7716@MSI

[2020-05-10 02:42:53 #2 type.registry] 
New type domain.Admin

[2020-05-10 02:42:53 #3 type] 
Type domain.Admin is not enhanced.

[2020-05-10 02:42:53 #4 type.registry] 
New type domain.Usuario

[2020-05-10 02:42:53 #5 type] 
Type domain.Usuario is not enhanced.

[2020-05-10 02:42:53 #6 type.registry] 
New type domain.Galgo

[2020-05-10 02:42:53 #7 type] 
Type domain.Galgo is not enhanced.

[2020-05-10 02:42:53 #8 type.registry] 
New type domain.Carrera

[2020-05-10 02:42:53 #9 type] 
Type domain.Carrera is not enhanced.

[2020-05-10 02:42:53 #10 type.registry] 
New type java.util.Vector<domain.Galgo>

[2020-05-10 02:42:53 #11 type.registry] 
New type domain.Question

[2020-05-10 02:42:53 #12 type] 
Type domain.Question is not enhanced.

[2020-05-10 02:42:53 #13 type.registry] 
New type domain.Event

[2020-05-10 02:42:53 #14 type.registry] 
New type domain.Respuesta

[2020-05-10 02:42:53 #15 type.registry] 
New type java.util.Vector<domain.Respuesta>

[2020-05-10 02:42:53 #16 type] 
Type domain.Event is not enhanced.

[2020-05-10 02:42:53 #17 type.registry] 
New type java.util.Vector<domain.Question>

[2020-05-10 02:42:53 #18 type] 
Type domain.Respuesta is not enhanced.

[2020-05-10 02:42:53 #19 type.registry] 
New type java.util.Vector<java.lang.Object>

------------------------------------------------------------------------------------------------------------------------

[2020-05-10 02:54:44 #1 store] 
Database 'C:\Users\unaia\eclipse-workspace\IS\resources\bets.temp' is opened by 13200@MSI

[2020-05-10 02:54:44 #2 type.registry] 
New type domain.Admin

[2020-05-10 02:54:44 #3 type] 
Type domain.Admin is not enhanced.

[2020-05-10 02:54:44 #4 type.registry] 
New type domain.Usuario

[2020-05-10 02:54:44 #5 type] 
Type domain.Usuario is not enhanced.

[2020-05-10 02:54:44 #6 type.registry] 
New type domain.Galgo

[2020-05-10 02:54:44 #7 type] 
Type domain.Galgo is not enhanced.

[2020-05-10 02:54:44 #8 type.registry] 
New type domain.Carrera

[2020-05-10 02:54:44 #9 type] 
Type domain.Carrera is not enhanced.

[2020-05-10 02:54:44 #10 type.registry] 
New type java.util.Vector<domain.Galgo>

[2020-05-10 02:54:44 #11 type.registry] 
New type domain.Question

[2020-05-10 02:54:44 #12 type] 
Type domain.Question is not enhanced.

[2020-05-10 02:54:44 #13 type.registry] 
New type domain.Event

[2020-05-10 02:54:44 #14 type.registry] 
New type domain.Respuesta

[2020-05-10 02:54:44 #15 type.registry] 
New type java.util.Vector<domain.Respuesta>

[2020-05-10 02:54:44 #16 type] 
Type domain.Event is not enhanced.

[2020-05-10 02:54:44 #17 type.registry] 
New type java.util.Vector<domain.Question>

[2020-05-10 02:54:44 #18 type] 
Type domain.Respuesta is not enhanced.

[2020-05-10 02:54:44 #19 type.registry] 
New type java.util.Vector<java.lang.Object>

------------------------------------------------------------------------------------------------------------------------

[2020-05-10 02:55:01 #1 store] 
Database 'C:\Users\unaia\eclipse-workspace\IS\resources\bets.temp' is opened by 10512@MSI

[2020-05-10 02:55:02 #2 type.registry] 
New type domain.Admin

[2020-05-10 02:55:02 #3 type] 
Type domain.Admin is not enhanced.

[2020-05-10 02:55:02 #4 type.registry] 
New type domain.Usuario

[2020-05-10 02:55:02 #5 type] 
Type domain.Usuario is not enhanced.

[2020-05-10 02:55:02 #6 type.registry] 
New type domain.Galgo

[2020-05-10 02:55:02 #7 type] 
Type domain.Galgo is not enhanced.

[2020-05-10 02:55:02 #8 type.registry] 
New type domain.Carrera

[2020-05-10 02:55:02 #9 type] 
Type domain.Carrera is not enhanced.

[2020-05-10 02:55:02 #10 type.registry] 
New type java.util.Vector<domain.Galgo>

[2020-05-10 02:55:02 #11 type.registry] 
New type domain.Question

[2020-05-10 02:55:02 #12 type] 
Type domain.Question is not enhanced.

[2020-05-10 02:55:02 #13 type.registry] 
New type domain.Event

[2020-05-10 02:55:02 #14 type.registry] 
New type domain.Respuesta

[2020-05-10 02:55:02 #15 type.registry] 
New type java.util.Vector<domain.Respuesta>

[2020-05-10 02:55:02 #16 type] 
Type domain.Event is not enhanced.

[2020-05-10 02:55:02 #17 type.registry] 
New type java.util.Vector<domain.Question>

[2020-05-10 02:55:02 #18 type] 
Type domain.Respuesta is not enhanced.

[2020-05-10 02:55:02 #19 type.registry] 
New type java.util.Vector<java.lang.Object>

[2020-05-10 02:56:06 #20 type.registry] 
New type domain.Apuesta

[2020-05-10 02:56:06 #21 type] 
Type domain.Apuesta is not enhanced.

------------------------------------------------------------------------------------------------------------------------

[2020-05-10 02:57:15 #1 store] 
Database 'C:\Users\unaia\eclipse-workspace\IS\resources\bets.temp' is opened by 9288@MSI

[2020-05-10 02:57:15 #2 type.registry] 
New type domain.Admin

[2020-05-10 02:57:15 #3 type] 
Type domain.Admin is not enhanced.

[2020-05-10 02:57:15 #4 type.registry] 
New type domain.Usuario

[2020-05-10 02:57:15 #5 type] 
Type domain.Usuario is not enhanced.

[2020-05-10 02:57:15 #6 type.registry] 
New type domain.Galgo

[2020-05-10 02:57:15 #7 type] 
Type domain.Galgo is not enhanced.

[2020-05-10 02:57:15 #8 type.registry] 
New type domain.Carrera

[2020-05-10 02:57:15 #9 type] 
Type domain.Carrera is not enhanced.

[2020-05-10 02:57:15 #10 type.registry] 
New type java.util.Vector<domain.Galgo>

[2020-05-10 02:57:15 #11 type.registry] 
New type domain.Question

[2020-05-10 02:57:15 #12 type] 
Type domain.Question is not enhanced.

[2020-05-10 02:57:15 #13 type.registry] 
New type domain.Event

[2020-05-10 02:57:15 #14 type.registry] 
New type domain.Respuesta

[2020-05-10 02:57:15 #15 type.registry] 
New type java.util.Vector<domain.Respuesta>

[2020-05-10 02:57:15 #16 type] 
Type domain.Event is not enhanced.

[2020-05-10 02:57:15 #17 type.registry] 
New type java.util.Vector<domain.Question>

[2020-05-10 02:57:15 #18 type] 
Type domain.Respuesta is not enhanced.

[2020-05-10 02:57:15 #19 type.registry] 
New type java.util.Vector<java.lang.Object>

[2020-05-10 02:57:50 #20 type.registry] 
New type domain.Apuesta

[2020-05-10 02:57:50 #21 type] 
Type domain.Apuesta is not enhanced.

[2020-05-10 02:58:39 #22 type.registry] 
New type domain.ApuestaGalgo

[2020-05-10 02:58:39 #23 type] 
Type domain.ApuestaGalgo is not enhanced.

------------------------------------------------------------------------------------------------------------------------

[2020-05-10 03:00:01 #1 store] 
Database 'C:\Users\unaia\eclipse-workspace\IS\resources\bets.temp' is opened by 16896@MSI

[2020-05-10 03:00:01 #2 type.registry] 
New type domain.Admin

[2020-05-10 03:00:01 #3 type] 
Type domain.Admin is not enhanced.

[2020-05-10 03:00:01 #4 type.registry] 
New type domain.Usuario

[2020-05-10 03:00:01 #5 type] 
Type domain.Usuario is not enhanced.

[2020-05-10 03:00:01 #6 type.registry] 
New type domain.Galgo

[2020-05-10 03:00:01 #7 type] 
Type domain.Galgo is not enhanced.

[2020-05-10 03:00:01 #8 type.registry] 
New type domain.Carrera

[2020-05-10 03:00:01 #9 type] 
Type domain.Carrera is not enhanced.

[2020-05-10 03:00:01 #10 type.registry] 
New type java.util.Vector<domain.Galgo>

[2020-05-10 03:00:01 #11 type.registry] 
New type domain.Question

[2020-05-10 03:00:01 #12 type] 
Type domain.Question is not enhanced.

[2020-05-10 03:00:01 #13 type.registry] 
New type domain.Event

[2020-05-10 03:00:01 #14 type.registry] 
New type domain.Respuesta

[2020-05-10 03:00:01 #15 type.registry] 
New type java.util.Vector<domain.Respuesta>

[2020-05-10 03:00:01 #16 type] 
Type domain.Event is not enhanced.

[2020-05-10 03:00:01 #17 type.registry] 
New type java.util.Vector<domain.Question>

[2020-05-10 03:00:01 #18 type] 
Type domain.Respuesta is not enhanced.

[2020-05-10 03:00:01 #19 type.registry] 
New type java.util.Vector<java.lang.Object>

[2020-05-10 03:00:24 #20 type.registry] 
New type domain.Apuesta

[2020-05-10 03:00:24 #21 type] 
Type domain.Apuesta is not enhanced.

[2020-05-10 03:00:39 #22 type.registry] 
New type domain.ApuestaGalgo

[2020-05-10 03:00:39 #23 type] 
Type domain.ApuestaGalgo is not enhanced.

------------------------------------------------------------------------------------------------------------------------

[2020-05-10 03:01:27 #1 store] 
Database 'C:\Users\unaia\eclipse-workspace\IS\resources\bets.temp' is opened by 11044@MSI

[2020-05-10 03:01:27 #2 type.registry] 
New type domain.Admin

[2020-05-10 03:01:27 #3 type] 
Type domain.Admin is not enhanced.

[2020-05-10 03:01:27 #4 type.registry] 
New type domain.Usuario

[2020-05-10 03:01:27 #5 type] 
Type domain.Usuario is not enhanced.

[2020-05-10 03:01:27 #6 type.registry] 
New type domain.Galgo

[2020-05-10 03:01:27 #7 type] 
Type domain.Galgo is not enhanced.

[2020-05-10 03:01:27 #8 type.registry] 
New type domain.Carrera

[2020-05-10 03:01:27 #9 type] 
Type domain.Carrera is not enhanced.

[2020-05-10 03:01:27 #10 type.registry] 
New type java.util.Vector<domain.Galgo>

[2020-05-10 03:01:27 #11 type.registry] 
New type domain.Question

[2020-05-10 03:01:27 #12 type] 
Type domain.Question is not enhanced.

[2020-05-10 03:01:27 #13 type.registry] 
New type domain.Event

[2020-05-10 03:01:27 #14 type.registry] 
New type domain.Respuesta

[2020-05-10 03:01:27 #15 type.registry] 
New type java.util.Vector<domain.Respuesta>

[2020-05-10 03:01:27 #16 type] 
Type domain.Event is not enhanced.

[2020-05-10 03:01:27 #17 type.registry] 
New type java.util.Vector<domain.Question>

[2020-05-10 03:01:27 #18 type] 
Type domain.Respuesta is not enhanced.

[2020-05-10 03:01:27 #19 type.registry] 
New type java.util.Vector<java.lang.Object>

[2020-05-10 03:01:37 #20 type.registry] 
New type domain.ApuestaGalgo

[2020-05-10 03:01:37 #21 type] 
Type domain.ApuestaGalgo is not enhanced.

[2020-05-10 03:01:39 #22 type.registry] 
New type domain.Apuesta

[2020-05-10 03:01:39 #23 type] 
Type domain.Apuesta is not enhanced.

------------------------------------------------------------------------------------------------------------------------

[2020-05-10 03:05:18 #1 store] 
Database 'C:\Users\unaia\eclipse-workspace\IS\resources\bets.temp' is opened by 13540@MSI

[2020-05-10 03:05:18 #2 type.registry] 
New type domain.Admin

[2020-05-10 03:05:18 #3 type] 
Type domain.Admin is not enhanced.

[2020-05-10 03:05:18 #4 type.registry] 
New type domain.Usuario

[2020-05-10 03:05:18 #5 type] 
Type domain.Usuario is not enhanced.

[2020-05-10 03:05:18 #6 type.registry] 
New type domain.Galgo

[2020-05-10 03:05:18 #7 type] 
Type domain.Galgo is not enhanced.

[2020-05-10 03:05:18 #8 type.registry] 
New type domain.Carrera

[2020-05-10 03:05:18 #9 type] 
Type domain.Carrera is not enhanced.

[2020-05-10 03:05:18 #10 type.registry] 
New type java.util.Vector<domain.Galgo>

[2020-05-10 03:05:18 #11 type.registry] 
New type domain.Question

[2020-05-10 03:05:18 #12 type] 
Type domain.Question is not enhanced.

[2020-05-10 03:05:18 #13 type.registry] 
New type domain.Event

[2020-05-10 03:05:18 #14 type.registry] 
New type domain.Respuesta

[2020-05-10 03:05:18 #15 type.registry] 
New type java.util.Vector<domain.Respuesta>

[2020-05-10 03:05:18 #16 type] 
Type domain.Event is not enhanced.

[2020-05-10 03:05:18 #17 type.registry] 
New type java.util.Vector<domain.Question>

[2020-05-10 03:05:18 #18 type] 
Type domain.Respuesta is not enhanced.

[2020-05-10 03:05:18 #19 type.registry] 
New type java.util.Vector<java.lang.Object>

