------------------------------------------------------------------------------------------------------------------------

[2020-03-05 09:00:04 #1 store] 
Database 'C:\Users\unaia\OneDrive\Desktop\ProyectoIS\resources\bets.temp' is opened by 17256@MSI

[2020-03-05 09:00:04 #2 type.registry] 
New type domain.Admin

[2020-03-05 09:00:04 #3 type] 
Type domain.Admin is not enhanced.

[2020-03-05 09:00:04 #4 type.registry] 
New type domain.Usuario

[2020-03-05 09:00:04 #5 type] 
Type domain.Usuario is not enhanced.

[2020-03-05 09:00:05 #6 type.registry] 
New type domain.Question

[2020-03-05 09:00:05 #7 type] 
Type domain.Question is not enhanced.

[2020-03-05 09:00:05 #8 type.registry] 
New type domain.Event

[2020-03-05 09:00:05 #9 type] 
Type domain.Event is not enhanced.

[2020-03-05 09:00:05 #10 type.registry] 
New type java.util.Vector<domain.Question>

[2020-03-05 09:00:05 #11 type.registry] 
New type java.util.Vector<java.lang.Object>

------------------------------------------------------------------------------------------------------------------------

[2020-03-05 09:00:32 #1 store] 
Database 'C:\Users\unaia\OneDrive\Desktop\ProyectoIS\resources\bets.temp' is opened by 3908@MSI

[2020-03-05 09:00:33 #2 type.registry] 
New type domain.Admin

[2020-03-05 09:00:33 #3 type] 
Type domain.Admin is not enhanced.

[2020-03-05 09:00:33 #4 type.registry] 
New type domain.Usuario

[2020-03-05 09:00:33 #5 type] 
Type domain.Usuario is not enhanced.

[2020-03-05 09:00:33 #6 type.registry] 
New type domain.Question

[2020-03-05 09:00:33 #7 type] 
Type domain.Question is not enhanced.

[2020-03-05 09:00:33 #8 type.registry] 
New type domain.Event

[2020-03-05 09:00:33 #9 type] 
Type domain.Event is not enhanced.

[2020-03-05 09:00:33 #10 type.registry] 
New type java.util.Vector<domain.Question>

[2020-03-05 09:00:33 #11 type.registry] 
New type java.util.Vector<java.lang.Object>

------------------------------------------------------------------------------------------------------------------------

[2020-03-05 09:02:51 #1 store] 
Database 'C:\Users\unaia\OneDrive\Desktop\ProyectoIS\resources\bets.temp' is opened by 8992@MSI

[2020-03-05 09:02:52 #2 type.registry] 
New type domain.Admin

[2020-03-05 09:02:52 #3 type] 
Type domain.Admin is not enhanced.

[2020-03-05 09:02:52 #4 type.registry] 
New type domain.Usuario

[2020-03-05 09:02:52 #5 type] 
Type domain.Usuario is not enhanced.

[2020-03-05 09:02:52 #6 type.registry] 
New type domain.Question

[2020-03-05 09:02:52 #7 type] 
Type domain.Question is not enhanced.

[2020-03-05 09:02:52 #8 type.registry] 
New type domain.Event

[2020-03-05 09:02:52 #9 type] 
Type domain.Event is not enhanced.

[2020-03-05 09:02:52 #10 type.registry] 
New type java.util.Vector<domain.Question>

[2020-03-05 09:02:52 #11 type.registry] 
New type java.util.Vector<java.lang.Object>

------------------------------------------------------------------------------------------------------------------------

[2020-03-05 09:07:21 #1 store] 
Database 'C:\Users\unaia\OneDrive\Desktop\ProyectoIS\resources\bets.temp' is opened by 5840@MSI

[2020-03-05 09:07:21 #2 type.registry] 
New type domain.Admin

[2020-03-05 09:07:21 #3 type] 
Type domain.Admin is not enhanced.

[2020-03-05 09:07:21 #4 type.registry] 
New type domain.Usuario

[2020-03-05 09:07:21 #5 type] 
Type domain.Usuario is not enhanced.

[2020-03-05 09:07:21 #6 type.registry] 
New type domain.Question

[2020-03-05 09:07:21 #7 type] 
Type domain.Question is not enhanced.

[2020-03-05 09:07:21 #8 type.registry] 
New type domain.Event

[2020-03-05 09:07:21 #9 type] 
Type domain.Event is not enhanced.

[2020-03-05 09:07:21 #10 type.registry] 
New type java.util.Vector<domain.Question>

[2020-03-05 09:07:21 #11 type.registry] 
New type java.util.Vector<java.lang.Object>

------------------------------------------------------------------------------------------------------------------------

[2020-03-05 09:44:40 #1 store] 
Database 'C:\Users\unaia\OneDrive\Desktop\ProyectoIS\resources\bets.temp' is opened by 7392@MSI

[2020-03-05 09:44:40 #2 type.registry] 
New type domain.Admin

[2020-03-05 09:44:40 #3 type] 
Type domain.Admin is not enhanced.

[2020-03-05 09:44:40 #4 type.registry] 
New type domain.Usuario

[2020-03-05 09:44:40 #5 type] 
Type domain.Usuario is not enhanced.

[2020-03-05 09:44:40 #6 type.registry] 
New type domain.Question

[2020-03-05 09:44:40 #7 type] 
Type domain.Question is not enhanced.

[2020-03-05 09:44:40 #8 type.registry] 
New type domain.Event

[2020-03-05 09:44:40 #9 type] 
Type domain.Event is not enhanced.

[2020-03-05 09:44:40 #10 type.registry] 
New type java.util.Vector<domain.Question>

[2020-03-05 09:44:40 #11 type.registry] 
New type java.util.Vector<java.lang.Object>

[2020-03-05 09:46:40 #12 type.registry] 
New type domain.Apuesta

[2020-03-05 09:46:40 #13 type] 
Type domain.Apuesta is not enhanced.

------------------------------------------------------------------------------------------------------------------------

[2020-03-05 09:54:13 #1 store] 
Database 'C:\Users\unaia\OneDrive\Desktop\ProyectoIS\resources\bets.temp' is opened by 18940@MSI

[2020-03-05 09:54:13 #2 type.registry] 
New type domain.Admin

[2020-03-05 09:54:13 #3 type] 
Type domain.Admin is not enhanced.

[2020-03-05 09:54:13 #4 type.registry] 
New type domain.Usuario

[2020-03-05 09:54:13 #5 type] 
Type domain.Usuario is not enhanced.

[2020-03-05 09:54:13 #6 type.registry] 
New type domain.Question

[2020-03-05 09:54:13 #7 type] 
Type domain.Question is not enhanced.

[2020-03-05 09:54:13 #8 type.registry] 
New type domain.Event

[2020-03-05 09:54:13 #9 type] 
Type domain.Event is not enhanced.

[2020-03-05 09:54:13 #10 type.registry] 
New type java.util.Vector<domain.Question>

[2020-03-05 09:54:13 #11 type.registry] 
New type java.util.Vector<java.lang.Object>

------------------------------------------------------------------------------------------------------------------------

[2020-03-05 10:01:30 #1 store] 
Database 'C:\Users\unaia\OneDrive\Desktop\ProyectoIS\resources\bets.temp' is opened by 7584@MSI

[2020-03-05 10:01:31 #2 type.registry] 
New type domain.Admin

[2020-03-05 10:01:31 #3 type] 
Type domain.Admin is not enhanced.

[2020-03-05 10:01:31 #4 type.registry] 
New type domain.Usuario

[2020-03-05 10:01:31 #5 type] 
Type domain.Usuario is not enhanced.

[2020-03-05 10:01:31 #6 type.registry] 
New type domain.Question

[2020-03-05 10:01:31 #7 type] 
Type domain.Question is not enhanced.

[2020-03-05 10:01:31 #8 type.registry] 
New type domain.Event

[2020-03-05 10:01:31 #9 type] 
Type domain.Event is not enhanced.

[2020-03-05 10:01:31 #10 type.registry] 
New type java.util.Vector<domain.Question>

[2020-03-05 10:01:31 #11 type.registry] 
New type java.util.Vector<java.lang.Object>

------------------------------------------------------------------------------------------------------------------------

[2020-03-05 10:02:13 #1 store] 
Database 'C:\Users\unaia\OneDrive\Desktop\ProyectoIS\resources\bets.temp' is opened by 3192@MSI

[2020-03-05 10:02:13 #2 type.registry] 
New type domain.Admin

[2020-03-05 10:02:13 #3 type] 
Type domain.Admin is not enhanced.

[2020-03-05 10:02:13 #4 type.registry] 
New type domain.Usuario

[2020-03-05 10:02:13 #5 type] 
Type domain.Usuario is not enhanced.

[2020-03-05 10:02:13 #6 type.registry] 
New type domain.Question

[2020-03-05 10:02:13 #7 type] 
Type domain.Question is not enhanced.

[2020-03-05 10:02:13 #8 type.registry] 
New type domain.Event

[2020-03-05 10:02:13 #9 type] 
Type domain.Event is not enhanced.

[2020-03-05 10:02:13 #10 type.registry] 
New type java.util.Vector<domain.Question>

[2020-03-05 10:02:13 #11 type.registry] 
New type java.util.Vector<java.lang.Object>

------------------------------------------------------------------------------------------------------------------------

[2020-03-05 10:03:14 #1 store] 
Database 'C:\Users\unaia\OneDrive\Desktop\ProyectoIS\resources\bets.temp' is opened by 14672@MSI

[2020-03-05 10:03:15 #2 type.registry] 
New type domain.Admin

[2020-03-05 10:03:15 #3 type] 
Type domain.Admin is not enhanced.

[2020-03-05 10:03:15 #4 type.registry] 
New type domain.Usuario

[2020-03-05 10:03:15 #5 type] 
Type domain.Usuario is not enhanced.

[2020-03-05 10:03:15 #6 type.registry] 
New type domain.Question

[2020-03-05 10:03:15 #7 type] 
Type domain.Question is not enhanced.

[2020-03-05 10:03:15 #8 type.registry] 
New type domain.Event

[2020-03-05 10:03:15 #9 type] 
Type domain.Event is not enhanced.

[2020-03-05 10:03:15 #10 type.registry] 
New type java.util.Vector<domain.Question>

[2020-03-05 10:03:15 #11 type.registry] 
New type java.util.Vector<java.lang.Object>

------------------------------------------------------------------------------------------------------------------------

[2020-03-05 10:03:50 #1 store] 
Database 'C:\Users\unaia\OneDrive\Desktop\ProyectoIS\resources\bets.temp' is opened by 10700@MSI

[2020-03-05 10:03:50 #2 type.registry] 
New type domain.Admin

[2020-03-05 10:03:50 #3 type] 
Type domain.Admin is not enhanced.

[2020-03-05 10:03:51 #4 type.registry] 
New type domain.Usuario

[2020-03-05 10:03:51 #5 type] 
Type domain.Usuario is not enhanced.

[2020-03-05 10:03:51 #6 type.registry] 
New type domain.Question

[2020-03-05 10:03:51 #7 type] 
Type domain.Question is not enhanced.

[2020-03-05 10:03:51 #8 type.registry] 
New type domain.Event

[2020-03-05 10:03:51 #9 type] 
Type domain.Event is not enhanced.

[2020-03-05 10:03:51 #10 type.registry] 
New type java.util.Vector<domain.Question>

[2020-03-05 10:03:51 #11 type.registry] 
New type java.util.Vector<java.lang.Object>

------------------------------------------------------------------------------------------------------------------------

[2020-03-05 10:06:34 #1 store] 
Database 'C:\Users\unaia\OneDrive\Desktop\ProyectoIS\resources\bets.temp' is opened by 12476@MSI

[2020-03-05 10:06:34 #2 type.registry] 
New type domain.Admin

[2020-03-05 10:06:34 #3 type] 
Type domain.Admin is not enhanced.

[2020-03-05 10:06:34 #4 type.registry] 
New type domain.Usuario

[2020-03-05 10:06:34 #5 type] 
Type domain.Usuario is not enhanced.

[2020-03-05 10:06:34 #6 type.registry] 
New type domain.Question

[2020-03-05 10:06:34 #7 type] 
Type domain.Question is not enhanced.

[2020-03-05 10:06:34 #8 type.registry] 
New type domain.Event

[2020-03-05 10:06:34 #9 type] 
Type domain.Event is not enhanced.

[2020-03-05 10:06:34 #10 type.registry] 
New type java.util.Vector<domain.Question>

[2020-03-05 10:06:34 #11 type.registry] 
New type java.util.Vector<java.lang.Object>

------------------------------------------------------------------------------------------------------------------------

[2020-03-05 10:10:02 #1 store] 
Database 'C:\Users\unaia\OneDrive\Desktop\ProyectoIS\resources\bets.temp' is opened by 14636@MSI

[2020-03-05 10:10:02 #2 type.registry] 
New type domain.Admin

[2020-03-05 10:10:02 #3 type] 
Type domain.Admin is not enhanced.

[2020-03-05 10:10:02 #4 type.registry] 
New type domain.Usuario

[2020-03-05 10:10:02 #5 type] 
Type domain.Usuario is not enhanced.

[2020-03-05 10:10:03 #6 type.registry] 
New type domain.Question

[2020-03-05 10:10:03 #7 type] 
Type domain.Question is not enhanced.

[2020-03-05 10:10:03 #8 type.registry] 
New type domain.Event

[2020-03-05 10:10:03 #9 type] 
Type domain.Event is not enhanced.

[2020-03-05 10:10:03 #10 type.registry] 
New type java.util.Vector<domain.Question>

[2020-03-05 10:10:03 #11 type.registry] 
New type java.util.Vector<java.lang.Object>

------------------------------------------------------------------------------------------------------------------------

[2020-03-05 10:12:11 #1 store] 
Database 'C:\Users\unaia\OneDrive\Desktop\ProyectoIS\resources\bets.temp' is opened by 9412@MSI

[2020-03-05 10:12:12 #2 type.registry] 
New type domain.Admin

[2020-03-05 10:12:12 #3 type] 
Type domain.Admin is not enhanced.

[2020-03-05 10:12:12 #4 type.registry] 
New type domain.Usuario

[2020-03-05 10:12:12 #5 type] 
Type domain.Usuario is not enhanced.

[2020-03-05 10:12:12 #6 type.registry] 
New type domain.Question

[2020-03-05 10:12:12 #7 type] 
Type domain.Question is not enhanced.

[2020-03-05 10:12:12 #8 type.registry] 
New type domain.Event

[2020-03-05 10:12:12 #9 type] 
Type domain.Event is not enhanced.

[2020-03-05 10:12:12 #10 type.registry] 
New type java.util.Vector<domain.Question>

[2020-03-05 10:12:12 #11 type.registry] 
New type java.util.Vector<java.lang.Object>

------------------------------------------------------------------------------------------------------------------------

[2020-03-05 10:48:11 #1 store] 
Database 'C:\Users\unaia\OneDrive\Desktop\ProyectoIS\resources\bets.temp' is opened by 12284@MSI

[2020-03-05 10:48:11 #2 type.registry] 
New type domain.Admin

[2020-03-05 10:48:11 #3 type] 
Type domain.Admin is not enhanced.

[2020-03-05 10:48:11 #4 type.registry] 
New type domain.Usuario

[2020-03-05 10:48:11 #5 type] 
Type domain.Usuario is not enhanced.

[2020-03-05 10:48:11 #6 type.registry] 
New type domain.Question

[2020-03-05 10:48:11 #7 type] 
Type domain.Question is not enhanced.

[2020-03-05 10:48:11 #8 type.registry] 
New type domain.Event

[2020-03-05 10:48:11 #9 type] 
Type domain.Event is not enhanced.

[2020-03-05 10:48:11 #10 type.registry] 
New type java.util.Vector<domain.Question>

[2020-03-05 10:48:11 #11 type.registry] 
New type java.util.Vector<java.lang.Object>

------------------------------------------------------------------------------------------------------------------------

[2020-03-05 10:49:22 #1 store] 
Database 'C:\Users\unaia\OneDrive\Desktop\ProyectoIS\resources\bets.temp' is opened by 20088@MSI

[2020-03-05 10:49:22 #2 type.registry] 
New type domain.Admin

[2020-03-05 10:49:22 #3 type] 
Type domain.Admin is not enhanced.

[2020-03-05 10:49:22 #4 type.registry] 
New type domain.Usuario

[2020-03-05 10:49:22 #5 type] 
Type domain.Usuario is not enhanced.

[2020-03-05 10:49:22 #6 type.registry] 
New type domain.Question

[2020-03-05 10:49:22 #7 type] 
Type domain.Question is not enhanced.

[2020-03-05 10:49:22 #8 type.registry] 
New type domain.Event

[2020-03-05 10:49:22 #9 type] 
Type domain.Event is not enhanced.

[2020-03-05 10:49:22 #10 type.registry] 
New type java.util.Vector<domain.Question>

[2020-03-05 10:49:22 #11 type.registry] 
New type java.util.Vector<java.lang.Object>

------------------------------------------------------------------------------------------------------------------------

[2020-03-05 10:49:43 #1 store] 
Database 'C:\Users\unaia\OneDrive\Desktop\ProyectoIS\resources\bets.temp' is opened by 4304@MSI

[2020-03-05 10:49:43 #2 type.registry] 
New type domain.Admin

[2020-03-05 10:49:43 #3 type] 
Type domain.Admin is not enhanced.

[2020-03-05 10:49:43 #4 type.registry] 
New type domain.Usuario

[2020-03-05 10:49:43 #5 type] 
Type domain.Usuario is not enhanced.

[2020-03-05 10:49:43 #6 type.registry] 
New type domain.Question

[2020-03-05 10:49:43 #7 type] 
Type domain.Question is not enhanced.

[2020-03-05 10:49:43 #8 type.registry] 
New type domain.Event

[2020-03-05 10:49:43 #9 type] 
Type domain.Event is not enhanced.

[2020-03-05 10:49:43 #10 type.registry] 
New type java.util.Vector<domain.Question>

[2020-03-05 10:49:43 #11 type.registry] 
New type java.util.Vector<java.lang.Object>

