------------------------------------------------------------------------------------------------------------------------

[2020-05-09 16:10:49 #1 store] 
Database '/home/asier/Documents/Ingenieria/IS/Proyecto/IS/resources/bets.temp' is opened by 207174@asier-xps159560

[2020-05-09 16:10:49 #2 type.registry] 
New type domain.Admin

[2020-05-09 16:10:49 #3 type] 
Type domain.Admin is not enhanced.

[2020-05-09 16:10:49 #4 type.registry] 
New type domain.Usuario

[2020-05-09 16:10:49 #5 type] 
Type domain.Usuario is not enhanced.

[2020-05-09 16:10:49 #6 type.registry] 
New type domain.Question

[2020-05-09 16:10:49 #7 type] 
Type domain.Question is not enhanced.

[2020-05-09 16:10:49 #8 type.registry] 
New type domain.Event

[2020-05-09 16:10:49 #9 type.registry] 
New type domain.Respuesta

[2020-05-09 16:10:49 #10 type.registry] 
New type java.util.Vector<domain.Respuesta>

[2020-05-09 16:10:49 #11 type] 
Type domain.Event is not enhanced.

[2020-05-09 16:10:49 #12 type.registry] 
New type java.util.Vector<domain.Question>

[2020-05-09 16:10:49 #13 type] 
Type domain.Respuesta is not enhanced.

[2020-05-09 16:10:49 #14 type.registry] 
New type java.util.Vector<java.lang.Object>

[2020-05-09 16:11:05 #15 type.registry] 
New type domain.Carrera

[2020-05-09 16:11:05 #16 type] 
Type domain.Carrera is not enhanced.

[2020-05-09 16:11:05 #17 type.registry] 
New type domain.Galgo

[2020-05-09 16:11:05 #18 type.registry] 
New type java.util.Vector<domain.Galgo>

[2020-05-09 16:11:05 #19 type] 
Type domain.Galgo is not enhanced.

------------------------------------------------------------------------------------------------------------------------

[2020-05-09 16:31:50 #1 store] 
Database '/home/asier/Documents/Ingenieria/IS/Proyecto/IS/resources/bets.temp' is opened by 208402@asier-xps159560

[2020-05-09 16:31:50 #2 type.registry] 
New type domain.Admin

[2020-05-09 16:31:50 #3 type] 
Type domain.Admin is not enhanced.

[2020-05-09 16:31:50 #4 type.registry] 
New type domain.Usuario

[2020-05-09 16:31:50 #5 type] 
Type domain.Usuario is not enhanced.

[2020-05-09 16:31:50 #6 type.registry] 
New type domain.Question

[2020-05-09 16:31:50 #7 type] 
Type domain.Question is not enhanced.

[2020-05-09 16:31:51 #8 type.registry] 
New type domain.Event

[2020-05-09 16:31:51 #9 type.registry] 
New type domain.Respuesta

[2020-05-09 16:31:51 #10 type.registry] 
New type java.util.Vector<domain.Respuesta>

[2020-05-09 16:31:51 #11 type] 
Type domain.Event is not enhanced.

[2020-05-09 16:31:51 #12 type.registry] 
New type java.util.Vector<domain.Question>

[2020-05-09 16:31:51 #13 type] 
Type domain.Respuesta is not enhanced.

[2020-05-09 16:31:51 #14 type.registry] 
New type java.util.Vector<java.lang.Object>

[2020-05-09 16:32:02 #15 type.registry] 
New type domain.Carrera

[2020-05-09 16:32:02 #16 type] 
Type domain.Carrera is not enhanced.

[2020-05-09 16:32:02 #17 type.registry] 
New type domain.Galgo

[2020-05-09 16:32:02 #18 type.registry] 
New type java.util.Vector<domain.Galgo>

[2020-05-09 16:32:02 #19 type] 
Type domain.Galgo is not enhanced.

------------------------------------------------------------------------------------------------------------------------

[2020-05-09 16:35:54 #1 store] 
Database '/home/asier/Documents/Ingenieria/IS/Proyecto/IS/resources/bets.temp' is opened by 208572@asier-xps159560

[2020-05-09 16:35:54 #2 type.registry] 
New type domain.Admin

[2020-05-09 16:35:54 #3 type] 
Type domain.Admin is not enhanced.

[2020-05-09 16:35:54 #4 type.registry] 
New type domain.Usuario

[2020-05-09 16:35:54 #5 type] 
Type domain.Usuario is not enhanced.

[2020-05-09 16:35:54 #6 type.registry] 
New type domain.Question

[2020-05-09 16:35:54 #7 type] 
Type domain.Question is not enhanced.

[2020-05-09 16:35:54 #8 type.registry] 
New type domain.Event

[2020-05-09 16:35:54 #9 type.registry] 
New type domain.Respuesta

[2020-05-09 16:35:54 #10 type.registry] 
New type java.util.Vector<domain.Respuesta>

[2020-05-09 16:35:54 #11 type] 
Type domain.Event is not enhanced.

[2020-05-09 16:35:54 #12 type.registry] 
New type java.util.Vector<domain.Question>

[2020-05-09 16:35:54 #13 type] 
Type domain.Respuesta is not enhanced.

[2020-05-09 16:35:54 #14 type.registry] 
New type java.util.Vector<java.lang.Object>

[2020-05-09 16:36:04 #15 type.registry] 
New type domain.Carrera

[2020-05-09 16:36:04 #16 type] 
Type domain.Carrera is not enhanced.

[2020-05-09 16:36:04 #17 type.registry] 
New type domain.Galgo

[2020-05-09 16:36:04 #18 type.registry] 
New type java.util.Vector<domain.Galgo>

[2020-05-09 16:36:04 #19 type] 
Type domain.Galgo is not enhanced.

------------------------------------------------------------------------------------------------------------------------

[2020-05-09 16:56:15 #1 store] 
Database '/home/asier/Documents/Ingenieria/IS/Proyecto/IS/resources/bets.temp' is opened by 209840@asier-xps159560

[2020-05-09 16:56:16 #2 type.registry] 
New type domain.Admin

[2020-05-09 16:56:16 #3 type] 
Type domain.Admin is not enhanced.

[2020-05-09 16:56:16 #4 type.registry] 
New type domain.Usuario

[2020-05-09 16:56:16 #5 type] 
Type domain.Usuario is not enhanced.

[2020-05-09 16:56:16 #6 type.registry] 
New type domain.Galgo

[2020-05-09 16:56:16 #7 type] 
Type domain.Galgo is not enhanced.

[2020-05-09 16:56:16 #8 type.registry] 
New type domain.Carrera

[2020-05-09 16:56:16 #9 type] 
Type domain.Carrera is not enhanced.

[2020-05-09 16:56:16 #10 type.registry] 
New type java.util.Vector<domain.Galgo>

[2020-05-09 16:56:16 #11 type.registry] 
New type domain.Question

[2020-05-09 16:56:16 #12 type] 
Type domain.Question is not enhanced.

[2020-05-09 16:56:16 #13 type.registry] 
New type domain.Event

[2020-05-09 16:56:16 #14 type.registry] 
New type domain.Respuesta

[2020-05-09 16:56:16 #15 type.registry] 
New type java.util.Vector<domain.Respuesta>

[2020-05-09 16:56:16 #16 type] 
Type domain.Event is not enhanced.

[2020-05-09 16:56:16 #17 type.registry] 
New type java.util.Vector<domain.Question>

[2020-05-09 16:56:16 #18 type] 
Type domain.Respuesta is not enhanced.

[2020-05-09 16:56:16 #19 type.registry] 
New type java.util.Vector<java.lang.Object>

------------------------------------------------------------------------------------------------------------------------

[2020-05-09 16:58:08 #1 store] 
Database '/home/asier/Documents/Ingenieria/IS/Proyecto/IS/resources/bets.temp' is opened by 209921@asier-xps159560

[2020-05-09 16:58:08 #2 type.registry] 
New type domain.Admin

[2020-05-09 16:58:08 #3 type] 
Type domain.Admin is not enhanced.

[2020-05-09 16:58:08 #4 type.registry] 
New type domain.Usuario

[2020-05-09 16:58:08 #5 type] 
Type domain.Usuario is not enhanced.

[2020-05-09 16:58:08 #6 type.registry] 
New type domain.Galgo

[2020-05-09 16:58:08 #7 type] 
Type domain.Galgo is not enhanced.

[2020-05-09 16:58:08 #8 type.registry] 
New type domain.Carrera

[2020-05-09 16:58:08 #9 type] 
Type domain.Carrera is not enhanced.

[2020-05-09 16:58:08 #10 type.registry] 
New type java.util.Vector<domain.Galgo>

[2020-05-09 16:58:08 #11 type.registry] 
New type domain.Question

[2020-05-09 16:58:08 #12 type] 
Type domain.Question is not enhanced.

[2020-05-09 16:58:08 #13 type.registry] 
New type domain.Event

[2020-05-09 16:58:08 #14 type.registry] 
New type domain.Respuesta

[2020-05-09 16:58:08 #15 type.registry] 
New type java.util.Vector<domain.Respuesta>

[2020-05-09 16:58:08 #16 type] 
Type domain.Event is not enhanced.

[2020-05-09 16:58:08 #17 type.registry] 
New type java.util.Vector<domain.Question>

[2020-05-09 16:58:08 #18 type] 
Type domain.Respuesta is not enhanced.

[2020-05-09 16:58:08 #19 type.registry] 
New type java.util.Vector<java.lang.Object>

------------------------------------------------------------------------------------------------------------------------

[2020-05-09 17:01:12 #1 store] 
Database '/home/asier/Documents/Ingenieria/IS/Proyecto/IS/resources/bets.temp' is opened by 210163@asier-xps159560

[2020-05-09 17:01:12 #2 type.registry] 
New type domain.Admin

[2020-05-09 17:01:12 #3 type] 
Type domain.Admin is not enhanced.

[2020-05-09 17:01:12 #4 type.registry] 
New type domain.Usuario

[2020-05-09 17:01:12 #5 type] 
Type domain.Usuario is not enhanced.

[2020-05-09 17:01:12 #6 type.registry] 
New type domain.Galgo

[2020-05-09 17:01:12 #7 type] 
Type domain.Galgo is not enhanced.

[2020-05-09 17:01:12 #8 type.registry] 
New type domain.Carrera

[2020-05-09 17:01:12 #9 type] 
Type domain.Carrera is not enhanced.

[2020-05-09 17:01:12 #10 type.registry] 
New type java.util.Vector<domain.Galgo>

[2020-05-09 17:01:12 #11 type.registry] 
New type domain.Question

[2020-05-09 17:01:12 #12 type] 
Type domain.Question is not enhanced.

[2020-05-09 17:01:12 #13 type.registry] 
New type domain.Event

[2020-05-09 17:01:12 #14 type.registry] 
New type domain.Respuesta

[2020-05-09 17:01:12 #15 type.registry] 
New type java.util.Vector<domain.Respuesta>

[2020-05-09 17:01:12 #16 type] 
Type domain.Event is not enhanced.

[2020-05-09 17:01:12 #17 type.registry] 
New type java.util.Vector<domain.Question>

[2020-05-09 17:01:12 #18 type] 
Type domain.Respuesta is not enhanced.

[2020-05-09 17:01:12 #19 type.registry] 
New type java.util.Vector<java.lang.Object>

------------------------------------------------------------------------------------------------------------------------

[2020-05-09 17:01:45 #1 store] 
Database '/home/asier/Documents/Ingenieria/IS/Proyecto/IS/resources/bets.temp' is opened by 210223@asier-xps159560

[2020-05-09 17:01:45 #2 type.registry] 
New type domain.Admin

[2020-05-09 17:01:45 #3 type] 
Type domain.Admin is not enhanced.

[2020-05-09 17:01:45 #4 type.registry] 
New type domain.Usuario

[2020-05-09 17:01:45 #5 type] 
Type domain.Usuario is not enhanced.

[2020-05-09 17:01:45 #6 type.registry] 
New type domain.Galgo

[2020-05-09 17:01:45 #7 type] 
Type domain.Galgo is not enhanced.

[2020-05-09 17:01:45 #8 type.registry] 
New type domain.Carrera

[2020-05-09 17:01:45 #9 type] 
Type domain.Carrera is not enhanced.

[2020-05-09 17:01:45 #10 type.registry] 
New type java.util.Vector<domain.Galgo>

[2020-05-09 17:01:45 #11 type.registry] 
New type domain.Question

[2020-05-09 17:01:45 #12 type] 
Type domain.Question is not enhanced.

[2020-05-09 17:01:45 #13 type.registry] 
New type domain.Event

[2020-05-09 17:01:45 #14 type.registry] 
New type domain.Respuesta

[2020-05-09 17:01:45 #15 type.registry] 
New type java.util.Vector<domain.Respuesta>

[2020-05-09 17:01:45 #16 type] 
Type domain.Event is not enhanced.

[2020-05-09 17:01:45 #17 type.registry] 
New type java.util.Vector<domain.Question>

[2020-05-09 17:01:45 #18 type] 
Type domain.Respuesta is not enhanced.

[2020-05-09 17:01:45 #19 type.registry] 
New type java.util.Vector<java.lang.Object>

------------------------------------------------------------------------------------------------------------------------

[2020-05-09 17:07:49 #1 store] 
Database '/home/asier/Documents/Ingenieria/IS/Proyecto/IS/resources/bets.temp' is opened by 210525@asier-xps159560

[2020-05-09 17:07:49 #2 type.registry] 
New type domain.Admin

[2020-05-09 17:07:49 #3 type] 
Type domain.Admin is not enhanced.

[2020-05-09 17:07:49 #4 type.registry] 
New type domain.Usuario

[2020-05-09 17:07:49 #5 type] 
Type domain.Usuario is not enhanced.

[2020-05-09 17:07:49 #6 type.registry] 
New type domain.Galgo

[2020-05-09 17:07:49 #7 type] 
Type domain.Galgo is not enhanced.

[2020-05-09 17:07:49 #8 type.registry] 
New type domain.Carrera

[2020-05-09 17:07:49 #9 type] 
Type domain.Carrera is not enhanced.

[2020-05-09 17:07:49 #10 type.registry] 
New type java.util.Vector<domain.Galgo>

[2020-05-09 17:07:49 #11 type.registry] 
New type domain.Question

[2020-05-09 17:07:49 #12 type] 
Type domain.Question is not enhanced.

[2020-05-09 17:07:49 #13 type.registry] 
New type domain.Event

[2020-05-09 17:07:49 #14 type.registry] 
New type domain.Respuesta

[2020-05-09 17:07:49 #15 type.registry] 
New type java.util.Vector<domain.Respuesta>

[2020-05-09 17:07:49 #16 type] 
Type domain.Event is not enhanced.

[2020-05-09 17:07:49 #17 type.registry] 
New type java.util.Vector<domain.Question>

[2020-05-09 17:07:49 #18 type] 
Type domain.Respuesta is not enhanced.

[2020-05-09 17:07:49 #19 type.registry] 
New type java.util.Vector<java.lang.Object>

------------------------------------------------------------------------------------------------------------------------

[2020-05-09 17:08:01 #1 store] 
Database '/home/asier/Documents/Ingenieria/IS/Proyecto/IS/resources/bets.temp' is opened by 210568@asier-xps159560

[2020-05-09 17:08:01 #2 type.registry] 
New type domain.Admin

[2020-05-09 17:08:01 #3 type] 
Type domain.Admin is not enhanced.

[2020-05-09 17:08:01 #4 type.registry] 
New type domain.Usuario

[2020-05-09 17:08:01 #5 type] 
Type domain.Usuario is not enhanced.

[2020-05-09 17:08:01 #6 type.registry] 
New type domain.Galgo

[2020-05-09 17:08:01 #7 type] 
Type domain.Galgo is not enhanced.

[2020-05-09 17:08:01 #8 type.registry] 
New type domain.Carrera

[2020-05-09 17:08:01 #9 type] 
Type domain.Carrera is not enhanced.

[2020-05-09 17:08:01 #10 type.registry] 
New type java.util.Vector<domain.Galgo>

[2020-05-09 17:08:01 #11 type.registry] 
New type domain.Question

[2020-05-09 17:08:01 #12 type] 
Type domain.Question is not enhanced.

[2020-05-09 17:08:01 #13 type.registry] 
New type domain.Event

[2020-05-09 17:08:01 #14 type.registry] 
New type domain.Respuesta

[2020-05-09 17:08:01 #15 type.registry] 
New type java.util.Vector<domain.Respuesta>

[2020-05-09 17:08:01 #16 type] 
Type domain.Event is not enhanced.

[2020-05-09 17:08:01 #17 type.registry] 
New type java.util.Vector<domain.Question>

[2020-05-09 17:08:01 #18 type] 
Type domain.Respuesta is not enhanced.

[2020-05-09 17:08:01 #19 type.registry] 
New type java.util.Vector<java.lang.Object>

------------------------------------------------------------------------------------------------------------------------

[2020-05-09 17:08:46 #1 store] 
Database '/home/asier/Documents/Ingenieria/IS/Proyecto/IS/resources/bets.temp' is opened by 210611@asier-xps159560

[2020-05-09 17:08:46 #2 type.registry] 
New type domain.Admin

[2020-05-09 17:08:46 #3 type] 
Type domain.Admin is not enhanced.

[2020-05-09 17:08:46 #4 type.registry] 
New type domain.Usuario

[2020-05-09 17:08:46 #5 type] 
Type domain.Usuario is not enhanced.

[2020-05-09 17:08:46 #6 type.registry] 
New type domain.Galgo

[2020-05-09 17:08:46 #7 type] 
Type domain.Galgo is not enhanced.

[2020-05-09 17:08:46 #8 type.registry] 
New type domain.Carrera

[2020-05-09 17:08:46 #9 type] 
Type domain.Carrera is not enhanced.

[2020-05-09 17:08:47 #10 type.registry] 
New type java.util.Vector<domain.Galgo>

[2020-05-09 17:08:47 #11 type.registry] 
New type domain.Question

[2020-05-09 17:08:47 #12 type] 
Type domain.Question is not enhanced.

[2020-05-09 17:08:47 #13 type.registry] 
New type domain.Event

[2020-05-09 17:08:47 #14 type.registry] 
New type domain.Respuesta

[2020-05-09 17:08:47 #15 type.registry] 
New type java.util.Vector<domain.Respuesta>

[2020-05-09 17:08:47 #16 type] 
Type domain.Event is not enhanced.

[2020-05-09 17:08:47 #17 type.registry] 
New type java.util.Vector<domain.Question>

[2020-05-09 17:08:47 #18 type] 
Type domain.Respuesta is not enhanced.

[2020-05-09 17:08:47 #19 type.registry] 
New type java.util.Vector<java.lang.Object>

------------------------------------------------------------------------------------------------------------------------

[2020-05-09 17:13:05 #1 store] 
Database '/home/asier/Documents/Ingenieria/IS/Proyecto/IS/resources/bets.temp' is opened by 210945@asier-xps159560

[2020-05-09 17:13:05 #2 type.registry] 
New type domain.Admin

[2020-05-09 17:13:05 #3 type] 
Type domain.Admin is not enhanced.

[2020-05-09 17:13:05 #4 type.registry] 
New type domain.Usuario

[2020-05-09 17:13:05 #5 type] 
Type domain.Usuario is not enhanced.

[2020-05-09 17:13:05 #6 type.registry] 
New type domain.Galgo

[2020-05-09 17:13:05 #7 type] 
Type domain.Galgo is not enhanced.

[2020-05-09 17:13:05 #8 type.registry] 
New type domain.Carrera

[2020-05-09 17:13:05 #9 type] 
Type domain.Carrera is not enhanced.

[2020-05-09 17:13:05 #10 type.registry] 
New type java.util.Vector<domain.Galgo>

[2020-05-09 17:13:05 #11 type.registry] 
New type domain.Question

[2020-05-09 17:13:05 #12 type] 
Type domain.Question is not enhanced.

[2020-05-09 17:13:05 #13 type.registry] 
New type domain.Event

[2020-05-09 17:13:05 #14 type.registry] 
New type domain.Respuesta

[2020-05-09 17:13:05 #15 type.registry] 
New type java.util.Vector<domain.Respuesta>

[2020-05-09 17:13:05 #16 type] 
Type domain.Event is not enhanced.

[2020-05-09 17:13:05 #17 type.registry] 
New type java.util.Vector<domain.Question>

[2020-05-09 17:13:05 #18 type] 
Type domain.Respuesta is not enhanced.

[2020-05-09 17:13:05 #19 type.registry] 
New type java.util.Vector<java.lang.Object>

------------------------------------------------------------------------------------------------------------------------

[2020-05-09 17:19:08 #1 store] 
Database '/home/asier/Documents/Ingenieria/IS/Proyecto/IS/resources/bets.temp' is opened by 211359@asier-xps159560

[2020-05-09 17:19:09 #2 type.registry] 
New type domain.Admin

[2020-05-09 17:19:09 #3 type] 
Type domain.Admin is not enhanced.

[2020-05-09 17:19:09 #4 type.registry] 
New type domain.Usuario

[2020-05-09 17:19:09 #5 type] 
Type domain.Usuario is not enhanced.

[2020-05-09 17:19:09 #6 type.registry] 
New type domain.Galgo

[2020-05-09 17:19:09 #7 type] 
Type domain.Galgo is not enhanced.

[2020-05-09 17:19:09 #8 type.registry] 
New type domain.Carrera

[2020-05-09 17:19:09 #9 type] 
Type domain.Carrera is not enhanced.

[2020-05-09 17:19:09 #10 type.registry] 
New type java.util.Vector<domain.Galgo>

[2020-05-09 17:19:09 #11 type.registry] 
New type domain.Question

[2020-05-09 17:19:09 #12 type] 
Type domain.Question is not enhanced.

[2020-05-09 17:19:09 #13 type.registry] 
New type domain.Event

[2020-05-09 17:19:09 #14 type.registry] 
New type domain.Respuesta

[2020-05-09 17:19:09 #15 type.registry] 
New type java.util.Vector<domain.Respuesta>

[2020-05-09 17:19:09 #16 type] 
Type domain.Event is not enhanced.

[2020-05-09 17:19:09 #17 type.registry] 
New type java.util.Vector<domain.Question>

[2020-05-09 17:19:09 #18 type] 
Type domain.Respuesta is not enhanced.

[2020-05-09 17:19:09 #19 type.registry] 
New type java.util.Vector<java.lang.Object>

------------------------------------------------------------------------------------------------------------------------

[2020-05-09 17:21:28 #1 store] 
Database '/home/asier/Documents/Ingenieria/IS/Proyecto/IS/resources/bets.temp' is opened by 211582@asier-xps159560

[2020-05-09 17:21:28 #2 type.registry] 
New type domain.Admin

[2020-05-09 17:21:28 #3 type] 
Type domain.Admin is not enhanced.

[2020-05-09 17:21:28 #4 type.registry] 
New type domain.Usuario

[2020-05-09 17:21:28 #5 type] 
Type domain.Usuario is not enhanced.

[2020-05-09 17:21:28 #6 type.registry] 
New type domain.Galgo

[2020-05-09 17:21:28 #7 type] 
Type domain.Galgo is not enhanced.

[2020-05-09 17:21:28 #8 type.registry] 
New type domain.Carrera

[2020-05-09 17:21:28 #9 type] 
Type domain.Carrera is not enhanced.

[2020-05-09 17:21:28 #10 type.registry] 
New type java.util.Vector<domain.Galgo>

[2020-05-09 17:21:28 #11 type.registry] 
New type domain.Question

[2020-05-09 17:21:28 #12 type] 
Type domain.Question is not enhanced.

[2020-05-09 17:21:28 #13 type.registry] 
New type domain.Event

[2020-05-09 17:21:28 #14 type.registry] 
New type domain.Respuesta

[2020-05-09 17:21:28 #15 type.registry] 
New type java.util.Vector<domain.Respuesta>

[2020-05-09 17:21:28 #16 type] 
Type domain.Event is not enhanced.

[2020-05-09 17:21:28 #17 type.registry] 
New type java.util.Vector<domain.Question>

[2020-05-09 17:21:28 #18 type] 
Type domain.Respuesta is not enhanced.

[2020-05-09 17:21:28 #19 type.registry] 
New type java.util.Vector<java.lang.Object>

------------------------------------------------------------------------------------------------------------------------

[2020-05-09 17:21:57 #1 store] 
Database '/home/asier/Documents/Ingenieria/IS/Proyecto/IS/resources/bets.temp' is opened by 211629@asier-xps159560

[2020-05-09 17:21:58 #2 type.registry] 
New type domain.Admin

[2020-05-09 17:21:58 #3 type] 
Type domain.Admin is not enhanced.

[2020-05-09 17:21:58 #4 type.registry] 
New type domain.Usuario

[2020-05-09 17:21:58 #5 type] 
Type domain.Usuario is not enhanced.

[2020-05-09 17:21:58 #6 type.registry] 
New type domain.Galgo

[2020-05-09 17:21:58 #7 type] 
Type domain.Galgo is not enhanced.

[2020-05-09 17:21:58 #8 type.registry] 
New type domain.Carrera

[2020-05-09 17:21:58 #9 type] 
Type domain.Carrera is not enhanced.

[2020-05-09 17:21:58 #10 type.registry] 
New type java.util.Vector<domain.Galgo>

[2020-05-09 17:21:58 #11 type.registry] 
New type domain.Question

[2020-05-09 17:21:58 #12 type] 
Type domain.Question is not enhanced.

[2020-05-09 17:21:58 #13 type.registry] 
New type domain.Event

[2020-05-09 17:21:58 #14 type.registry] 
New type domain.Respuesta

[2020-05-09 17:21:58 #15 type.registry] 
New type java.util.Vector<domain.Respuesta>

[2020-05-09 17:21:58 #16 type] 
Type domain.Event is not enhanced.

[2020-05-09 17:21:58 #17 type.registry] 
New type java.util.Vector<domain.Question>

[2020-05-09 17:21:58 #18 type] 
Type domain.Respuesta is not enhanced.

[2020-05-09 17:21:58 #19 type.registry] 
New type java.util.Vector<java.lang.Object>

------------------------------------------------------------------------------------------------------------------------

[2020-05-09 17:23:05 #1 store] 
Database '/home/asier/Documents/Ingenieria/IS/Proyecto/IS/resources/bets.temp' is opened by 211814@asier-xps159560

[2020-05-09 17:23:05 #2 type.registry] 
New type domain.Admin

[2020-05-09 17:23:05 #3 type] 
Type domain.Admin is not enhanced.

[2020-05-09 17:23:05 #4 type.registry] 
New type domain.Usuario

[2020-05-09 17:23:05 #5 type] 
Type domain.Usuario is not enhanced.

[2020-05-09 17:23:05 #6 type.registry] 
New type domain.Galgo

[2020-05-09 17:23:05 #7 type] 
Type domain.Galgo is not enhanced.

[2020-05-09 17:23:05 #8 type.registry] 
New type domain.Carrera

[2020-05-09 17:23:05 #9 type] 
Type domain.Carrera is not enhanced.

[2020-05-09 17:23:05 #10 type.registry] 
New type java.util.Vector<domain.Galgo>

[2020-05-09 17:23:05 #11 type.registry] 
New type domain.Question

[2020-05-09 17:23:05 #12 type] 
Type domain.Question is not enhanced.

[2020-05-09 17:23:05 #13 type.registry] 
New type domain.Event

[2020-05-09 17:23:05 #14 type.registry] 
New type domain.Respuesta

[2020-05-09 17:23:05 #15 type.registry] 
New type java.util.Vector<domain.Respuesta>

[2020-05-09 17:23:05 #16 type] 
Type domain.Event is not enhanced.

[2020-05-09 17:23:05 #17 type.registry] 
New type java.util.Vector<domain.Question>

[2020-05-09 17:23:05 #18 type] 
Type domain.Respuesta is not enhanced.

[2020-05-09 17:23:05 #19 type.registry] 
New type java.util.Vector<java.lang.Object>

------------------------------------------------------------------------------------------------------------------------

[2020-05-09 17:25:29 #1 store] 
Database '/home/asier/Documents/Ingenieria/IS/Proyecto/IS/resources/bets.temp' is opened by 212100@asier-xps159560

[2020-05-09 17:25:30 #2 type.registry] 
New type domain.Admin

[2020-05-09 17:25:30 #3 type] 
Type domain.Admin is not enhanced.

[2020-05-09 17:25:30 #4 type.registry] 
New type domain.Usuario

[2020-05-09 17:25:30 #5 type] 
Type domain.Usuario is not enhanced.

[2020-05-09 17:25:30 #6 type.registry] 
New type domain.Galgo

[2020-05-09 17:25:30 #7 type] 
Type domain.Galgo is not enhanced.

[2020-05-09 17:25:30 #8 type.registry] 
New type domain.Carrera

[2020-05-09 17:25:30 #9 type] 
Type domain.Carrera is not enhanced.

[2020-05-09 17:25:30 #10 type.registry] 
New type java.util.Vector<domain.Galgo>

[2020-05-09 17:25:30 #11 type.registry] 
New type domain.Question

[2020-05-09 17:25:30 #12 type] 
Type domain.Question is not enhanced.

[2020-05-09 17:25:30 #13 type.registry] 
New type domain.Event

[2020-05-09 17:25:30 #14 type.registry] 
New type domain.Respuesta

[2020-05-09 17:25:30 #15 type.registry] 
New type java.util.Vector<domain.Respuesta>

[2020-05-09 17:25:30 #16 type] 
Type domain.Event is not enhanced.

[2020-05-09 17:25:30 #17 type.registry] 
New type java.util.Vector<domain.Question>

[2020-05-09 17:25:30 #18 type] 
Type domain.Respuesta is not enhanced.

[2020-05-09 17:25:30 #19 type.registry] 
New type java.util.Vector<java.lang.Object>

------------------------------------------------------------------------------------------------------------------------

[2020-05-09 17:26:53 #1 store] 
Database '/home/asier/Documents/Ingenieria/IS/Proyecto/IS/resources/bets.temp' is opened by 212281@asier-xps159560

[2020-05-09 17:26:53 #2 type.registry] 
New type domain.Admin

[2020-05-09 17:26:53 #3 type] 
Type domain.Admin is not enhanced.

[2020-05-09 17:26:53 #4 type.registry] 
New type domain.Usuario

[2020-05-09 17:26:53 #5 type] 
Type domain.Usuario is not enhanced.

[2020-05-09 17:26:53 #6 type.registry] 
New type domain.Galgo

[2020-05-09 17:26:53 #7 type] 
Type domain.Galgo is not enhanced.

[2020-05-09 17:26:53 #8 type.registry] 
New type domain.Carrera

[2020-05-09 17:26:53 #9 type] 
Type domain.Carrera is not enhanced.

[2020-05-09 17:26:53 #10 type.registry] 
New type java.util.Vector<domain.Galgo>

[2020-05-09 17:26:53 #11 type.registry] 
New type domain.Question

[2020-05-09 17:26:53 #12 type] 
Type domain.Question is not enhanced.

[2020-05-09 17:26:53 #13 type.registry] 
New type domain.Event

[2020-05-09 17:26:53 #14 type.registry] 
New type domain.Respuesta

[2020-05-09 17:26:53 #15 type.registry] 
New type java.util.Vector<domain.Respuesta>

[2020-05-09 17:26:53 #16 type] 
Type domain.Event is not enhanced.

[2020-05-09 17:26:53 #17 type.registry] 
New type java.util.Vector<domain.Question>

[2020-05-09 17:26:53 #18 type] 
Type domain.Respuesta is not enhanced.

[2020-05-09 17:26:53 #19 type.registry] 
New type java.util.Vector<java.lang.Object>

------------------------------------------------------------------------------------------------------------------------

[2020-05-09 17:30:19 #1 store] 
Database '/home/asier/Documents/Ingenieria/IS/Proyecto/IS/resources/bets.temp' is opened by 212403@asier-xps159560

[2020-05-09 17:30:19 #2 type.registry] 
New type domain.Admin

[2020-05-09 17:30:19 #3 type] 
Type domain.Admin is not enhanced.

[2020-05-09 17:30:19 #4 type.registry] 
New type domain.Usuario

[2020-05-09 17:30:19 #5 type] 
Type domain.Usuario is not enhanced.

[2020-05-09 17:30:19 #6 type.registry] 
New type domain.Galgo

[2020-05-09 17:30:19 #7 type] 
Type domain.Galgo is not enhanced.

[2020-05-09 17:30:19 #8 type.registry] 
New type domain.Carrera

[2020-05-09 17:30:19 #9 type] 
Type domain.Carrera is not enhanced.

[2020-05-09 17:30:19 #10 type.registry] 
New type java.util.Vector<domain.Galgo>

[2020-05-09 17:30:19 #11 type.registry] 
New type domain.Question

[2020-05-09 17:30:19 #12 type] 
Type domain.Question is not enhanced.

[2020-05-09 17:30:19 #13 type.registry] 
New type domain.Event

[2020-05-09 17:30:19 #14 type.registry] 
New type domain.Respuesta

[2020-05-09 17:30:19 #15 type.registry] 
New type java.util.Vector<domain.Respuesta>

[2020-05-09 17:30:19 #16 type] 
Type domain.Event is not enhanced.

[2020-05-09 17:30:19 #17 type.registry] 
New type java.util.Vector<domain.Question>

[2020-05-09 17:30:19 #18 type] 
Type domain.Respuesta is not enhanced.

[2020-05-09 17:30:19 #19 type.registry] 
New type java.util.Vector<java.lang.Object>

------------------------------------------------------------------------------------------------------------------------

[2020-05-09 17:34:00 #1 store] 
Database '/home/asier/Documents/Ingenieria/IS/Proyecto/IS/resources/bets.temp' is opened by 212560@asier-xps159560

[2020-05-09 17:34:00 #2 type.registry] 
New type domain.Admin

[2020-05-09 17:34:00 #3 type] 
Type domain.Admin is not enhanced.

[2020-05-09 17:34:00 #4 type.registry] 
New type domain.Usuario

[2020-05-09 17:34:00 #5 type] 
Type domain.Usuario is not enhanced.

[2020-05-09 17:34:00 #6 type.registry] 
New type domain.Galgo

[2020-05-09 17:34:00 #7 type] 
Type domain.Galgo is not enhanced.

[2020-05-09 17:34:00 #8 type.registry] 
New type domain.Carrera

[2020-05-09 17:34:00 #9 type] 
Type domain.Carrera is not enhanced.

[2020-05-09 17:34:00 #10 type.registry] 
New type java.util.Vector<domain.Galgo>

[2020-05-09 17:34:00 #11 type.registry] 
New type domain.Question

[2020-05-09 17:34:00 #12 type] 
Type domain.Question is not enhanced.

[2020-05-09 17:34:00 #13 type.registry] 
New type domain.Event

[2020-05-09 17:34:00 #14 type.registry] 
New type domain.Respuesta

[2020-05-09 17:34:00 #15 type.registry] 
New type java.util.Vector<domain.Respuesta>

[2020-05-09 17:34:00 #16 type] 
Type domain.Event is not enhanced.

[2020-05-09 17:34:00 #17 type.registry] 
New type java.util.Vector<domain.Question>

[2020-05-09 17:34:00 #18 type] 
Type domain.Respuesta is not enhanced.

[2020-05-09 17:34:00 #19 type.registry] 
New type java.util.Vector<java.lang.Object>

------------------------------------------------------------------------------------------------------------------------

[2020-05-09 17:40:10 #1 store] 
Database '/home/asier/Documents/Ingenieria/IS/Proyecto/IS/resources/bets.temp' is opened by 212985@asier-xps159560

[2020-05-09 17:40:10 #2 type.registry] 
New type domain.Admin

[2020-05-09 17:40:10 #3 type] 
Type domain.Admin is not enhanced.

[2020-05-09 17:40:10 #4 type.registry] 
New type domain.Usuario

[2020-05-09 17:40:10 #5 type] 
Type domain.Usuario is not enhanced.

[2020-05-09 17:40:10 #6 type.registry] 
New type domain.Galgo

[2020-05-09 17:40:10 #7 type] 
Type domain.Galgo is not enhanced.

[2020-05-09 17:40:10 #8 type.registry] 
New type domain.Carrera

[2020-05-09 17:40:10 #9 type] 
Type domain.Carrera is not enhanced.

[2020-05-09 17:40:10 #10 type.registry] 
New type java.util.Vector<domain.Galgo>

[2020-05-09 17:40:10 #11 type.registry] 
New type domain.Question

[2020-05-09 17:40:10 #12 type] 
Type domain.Question is not enhanced.

[2020-05-09 17:40:10 #13 type.registry] 
New type domain.Event

[2020-05-09 17:40:10 #14 type.registry] 
New type domain.Respuesta

[2020-05-09 17:40:10 #15 type.registry] 
New type java.util.Vector<domain.Respuesta>

[2020-05-09 17:40:10 #16 type] 
Type domain.Event is not enhanced.

[2020-05-09 17:40:10 #17 type.registry] 
New type java.util.Vector<domain.Question>

[2020-05-09 17:40:10 #18 type] 
Type domain.Respuesta is not enhanced.

[2020-05-09 17:40:10 #19 type.registry] 
New type java.util.Vector<java.lang.Object>

------------------------------------------------------------------------------------------------------------------------

[2020-05-09 17:41:03 #1 store] 
Database '/home/asier/Documents/Ingenieria/IS/Proyecto/IS/resources/bets.temp' is opened by 213092@asier-xps159560

[2020-05-09 17:41:03 #2 type.registry] 
New type domain.Admin

[2020-05-09 17:41:03 #3 type] 
Type domain.Admin is not enhanced.

[2020-05-09 17:41:03 #4 type.registry] 
New type domain.Usuario

[2020-05-09 17:41:03 #5 type] 
Type domain.Usuario is not enhanced.

[2020-05-09 17:41:03 #6 type.registry] 
New type domain.Galgo

[2020-05-09 17:41:03 #7 type] 
Type domain.Galgo is not enhanced.

[2020-05-09 17:41:03 #8 type.registry] 
New type domain.Carrera

[2020-05-09 17:41:03 #9 type] 
Type domain.Carrera is not enhanced.

[2020-05-09 17:41:03 #10 type.registry] 
New type java.util.Vector<domain.Galgo>

[2020-05-09 17:41:03 #11 type.registry] 
New type domain.Question

[2020-05-09 17:41:03 #12 type] 
Type domain.Question is not enhanced.

[2020-05-09 17:41:03 #13 type.registry] 
New type domain.Event

[2020-05-09 17:41:03 #14 type.registry] 
New type domain.Respuesta

[2020-05-09 17:41:03 #15 type.registry] 
New type java.util.Vector<domain.Respuesta>

[2020-05-09 17:41:03 #16 type] 
Type domain.Event is not enhanced.

[2020-05-09 17:41:03 #17 type.registry] 
New type java.util.Vector<domain.Question>

[2020-05-09 17:41:03 #18 type] 
Type domain.Respuesta is not enhanced.

[2020-05-09 17:41:03 #19 type.registry] 
New type java.util.Vector<java.lang.Object>

------------------------------------------------------------------------------------------------------------------------

[2020-05-09 17:41:57 #1 store] 
Database '/home/asier/Documents/Ingenieria/IS/Proyecto/IS/resources/bets.temp' is opened by 213151@asier-xps159560

[2020-05-09 17:41:57 #2 type.registry] 
New type domain.Admin

[2020-05-09 17:41:57 #3 type] 
Type domain.Admin is not enhanced.

[2020-05-09 17:41:57 #4 type.registry] 
New type domain.Usuario

[2020-05-09 17:41:57 #5 type] 
Type domain.Usuario is not enhanced.

[2020-05-09 17:41:57 #6 type.registry] 
New type domain.Galgo

[2020-05-09 17:41:57 #7 type] 
Type domain.Galgo is not enhanced.

[2020-05-09 17:41:57 #8 type.registry] 
New type domain.Carrera

[2020-05-09 17:41:57 #9 type] 
Type domain.Carrera is not enhanced.

[2020-05-09 17:41:57 #10 type.registry] 
New type java.util.Vector<domain.Galgo>

[2020-05-09 17:41:57 #11 type.registry] 
New type domain.Question

[2020-05-09 17:41:57 #12 type] 
Type domain.Question is not enhanced.

[2020-05-09 17:41:57 #13 type.registry] 
New type domain.Event

[2020-05-09 17:41:57 #14 type.registry] 
New type domain.Respuesta

[2020-05-09 17:41:57 #15 type.registry] 
New type java.util.Vector<domain.Respuesta>

[2020-05-09 17:41:57 #16 type] 
Type domain.Event is not enhanced.

[2020-05-09 17:41:57 #17 type.registry] 
New type java.util.Vector<domain.Question>

[2020-05-09 17:41:57 #18 type] 
Type domain.Respuesta is not enhanced.

[2020-05-09 17:41:57 #19 type.registry] 
New type java.util.Vector<java.lang.Object>

------------------------------------------------------------------------------------------------------------------------

[2020-05-09 17:49:08 #1 store] 
Database '/home/asier/Documents/Ingenieria/IS/Proyecto/IS/resources/bets.temp' is opened by 213985@asier-xps159560

[2020-05-09 17:49:08 #2 type.registry] 
New type domain.Admin

[2020-05-09 17:49:08 #3 type] 
Type domain.Admin is not enhanced.

[2020-05-09 17:49:08 #4 type.registry] 
New type domain.Usuario

[2020-05-09 17:49:08 #5 type] 
Type domain.Usuario is not enhanced.

[2020-05-09 17:49:08 #6 type.registry] 
New type domain.Galgo

[2020-05-09 17:49:08 #7 type] 
Type domain.Galgo is not enhanced.

[2020-05-09 17:49:08 #8 type.registry] 
New type domain.Carrera

[2020-05-09 17:49:08 #9 type] 
Type domain.Carrera is not enhanced.

[2020-05-09 17:49:08 #10 type.registry] 
New type java.util.Vector<domain.Galgo>

[2020-05-09 17:49:08 #11 type.registry] 
New type domain.Question

[2020-05-09 17:49:08 #12 type] 
Type domain.Question is not enhanced.

[2020-05-09 17:49:08 #13 type.registry] 
New type domain.Event

[2020-05-09 17:49:08 #14 type.registry] 
New type domain.Respuesta

[2020-05-09 17:49:08 #15 type.registry] 
New type java.util.Vector<domain.Respuesta>

[2020-05-09 17:49:08 #16 type] 
Type domain.Event is not enhanced.

[2020-05-09 17:49:08 #17 type.registry] 
New type java.util.Vector<domain.Question>

[2020-05-09 17:49:08 #18 type] 
Type domain.Respuesta is not enhanced.

[2020-05-09 17:49:08 #19 type.registry] 
New type java.util.Vector<java.lang.Object>

[2020-05-09 17:50:51 #20 type.registry] 
New type domain.ApuestaGalgo

[2020-05-09 17:50:51 #21 type] 
Type domain.ApuestaGalgo is not enhanced.

------------------------------------------------------------------------------------------------------------------------

[2020-05-09 17:53:26 #1 store] 
Database '/home/asier/Documents/Ingenieria/IS/Proyecto/IS/resources/bets.temp' is opened by 214193@asier-xps159560

[2020-05-09 17:53:26 #2 type.registry] 
New type domain.Admin

[2020-05-09 17:53:26 #3 type] 
Type domain.Admin is not enhanced.

[2020-05-09 17:53:26 #4 type.registry] 
New type domain.Usuario

[2020-05-09 17:53:26 #5 type] 
Type domain.Usuario is not enhanced.

[2020-05-09 17:53:26 #6 type.registry] 
New type domain.Galgo

[2020-05-09 17:53:26 #7 type] 
Type domain.Galgo is not enhanced.

[2020-05-09 17:53:26 #8 type.registry] 
New type domain.Carrera

[2020-05-09 17:53:26 #9 type] 
Type domain.Carrera is not enhanced.

[2020-05-09 17:53:26 #10 type.registry] 
New type java.util.Vector<domain.Galgo>

[2020-05-09 17:53:26 #11 type.registry] 
New type domain.Question

[2020-05-09 17:53:26 #12 type] 
Type domain.Question is not enhanced.

[2020-05-09 17:53:26 #13 type.registry] 
New type domain.Event

[2020-05-09 17:53:26 #14 type.registry] 
New type domain.Respuesta

[2020-05-09 17:53:26 #15 type.registry] 
New type java.util.Vector<domain.Respuesta>

[2020-05-09 17:53:26 #16 type] 
Type domain.Event is not enhanced.

[2020-05-09 17:53:26 #17 type.registry] 
New type java.util.Vector<domain.Question>

[2020-05-09 17:53:26 #18 type] 
Type domain.Respuesta is not enhanced.

[2020-05-09 17:53:26 #19 type.registry] 
New type java.util.Vector<java.lang.Object>

[2020-05-09 17:53:42 #20 type.registry] 
New type domain.ApuestaGalgo

[2020-05-09 17:53:42 #21 type] 
Type domain.ApuestaGalgo is not enhanced.

------------------------------------------------------------------------------------------------------------------------

[2020-05-09 18:11:36 #1 store] 
Database '/home/asier/Documents/Ingenieria/IS/Proyecto/IS/resources/bets.temp' is opened by 215646@asier-xps159560

[2020-05-09 18:11:36 #2 type.registry] 
New type domain.Admin

[2020-05-09 18:11:36 #3 type] 
Type domain.Admin is not enhanced.

[2020-05-09 18:11:36 #4 type.registry] 
New type domain.Usuario

[2020-05-09 18:11:36 #5 type] 
Type domain.Usuario is not enhanced.

[2020-05-09 18:11:36 #6 type.registry] 
New type domain.Galgo

[2020-05-09 18:11:36 #7 type] 
Type domain.Galgo is not enhanced.

[2020-05-09 18:11:36 #8 type.registry] 
New type domain.Carrera

[2020-05-09 18:11:36 #9 type] 
Type domain.Carrera is not enhanced.

[2020-05-09 18:11:36 #10 type.registry] 
New type java.util.Vector<domain.Galgo>

[2020-05-09 18:11:36 #11 type.registry] 
New type domain.Question

[2020-05-09 18:11:36 #12 type] 
Type domain.Question is not enhanced.

[2020-05-09 18:11:36 #13 type.registry] 
New type domain.Event

[2020-05-09 18:11:36 #14 type.registry] 
New type domain.Respuesta

[2020-05-09 18:11:36 #15 type.registry] 
New type java.util.Vector<domain.Respuesta>

[2020-05-09 18:11:36 #16 type] 
Type domain.Event is not enhanced.

[2020-05-09 18:11:36 #17 type.registry] 
New type java.util.Vector<domain.Question>

[2020-05-09 18:11:36 #18 type] 
Type domain.Respuesta is not enhanced.

[2020-05-09 18:11:36 #19 type.registry] 
New type java.util.Vector<java.lang.Object>

[2020-05-09 18:12:06 #20 type.registry] 
New type domain.Apuesta

[2020-05-09 18:12:06 #21 type] 
Type domain.Apuesta is not enhanced.

[2020-05-09 18:12:07 #22 type.registry] 
New type domain.ApuestaGalgo

[2020-05-09 18:12:07 #23 type] 
Type domain.ApuestaGalgo is not enhanced.

------------------------------------------------------------------------------------------------------------------------

[2020-05-09 18:15:33 #1 store] 
Database '/home/asier/Documents/Ingenieria/IS/Proyecto/IS/resources/bets.temp' is opened by 215781@asier-xps159560

[2020-05-09 18:15:33 #2 type.registry] 
New type domain.Admin

[2020-05-09 18:15:33 #3 type] 
Type domain.Admin is not enhanced.

[2020-05-09 18:15:33 #4 type.registry] 
New type domain.Usuario

[2020-05-09 18:15:33 #5 type] 
Type domain.Usuario is not enhanced.

[2020-05-09 18:15:33 #6 type.registry] 
New type domain.Galgo

[2020-05-09 18:15:33 #7 type] 
Type domain.Galgo is not enhanced.

[2020-05-09 18:15:33 #8 type.registry] 
New type domain.Carrera

[2020-05-09 18:15:33 #9 type] 
Type domain.Carrera is not enhanced.

[2020-05-09 18:15:33 #10 type.registry] 
New type java.util.Vector<domain.Galgo>

[2020-05-09 18:15:33 #11 type.registry] 
New type domain.Question

[2020-05-09 18:15:33 #12 type] 
Type domain.Question is not enhanced.

[2020-05-09 18:15:33 #13 type.registry] 
New type domain.Event

[2020-05-09 18:15:33 #14 type.registry] 
New type domain.Respuesta

[2020-05-09 18:15:33 #15 type.registry] 
New type java.util.Vector<domain.Respuesta>

[2020-05-09 18:15:33 #16 type] 
Type domain.Event is not enhanced.

[2020-05-09 18:15:33 #17 type.registry] 
New type java.util.Vector<domain.Question>

[2020-05-09 18:15:33 #18 type] 
Type domain.Respuesta is not enhanced.

[2020-05-09 18:15:33 #19 type.registry] 
New type java.util.Vector<java.lang.Object>

[2020-05-09 18:15:46 #20 type.registry] 
New type domain.ApuestaGalgo

[2020-05-09 18:15:46 #21 type] 
Type domain.ApuestaGalgo is not enhanced.

[2020-05-09 18:15:52 #22 type.registry] 
New type domain.Apuesta

[2020-05-09 18:15:52 #23 type] 
Type domain.Apuesta is not enhanced.

------------------------------------------------------------------------------------------------------------------------

[2020-05-09 18:18:08 #1 store] 
Database '/home/asier/Documents/Ingenieria/IS/Proyecto/IS/resources/bets.temp' is opened by 215961@asier-xps159560

[2020-05-09 18:18:08 #2 type.registry] 
New type domain.Admin

[2020-05-09 18:18:08 #3 type] 
Type domain.Admin is not enhanced.

[2020-05-09 18:18:08 #4 type.registry] 
New type domain.Usuario

[2020-05-09 18:18:08 #5 type] 
Type domain.Usuario is not enhanced.

[2020-05-09 18:18:08 #6 type.registry] 
New type domain.Galgo

[2020-05-09 18:18:08 #7 type] 
Type domain.Galgo is not enhanced.

[2020-05-09 18:18:08 #8 type.registry] 
New type domain.Carrera

[2020-05-09 18:18:08 #9 type] 
Type domain.Carrera is not enhanced.

[2020-05-09 18:18:08 #10 type.registry] 
New type java.util.Vector<domain.Galgo>

[2020-05-09 18:18:08 #11 type.registry] 
New type domain.Question

[2020-05-09 18:18:08 #12 type] 
Type domain.Question is not enhanced.

[2020-05-09 18:18:08 #13 type.registry] 
New type domain.Event

[2020-05-09 18:18:08 #14 type.registry] 
New type domain.Respuesta

[2020-05-09 18:18:08 #15 type.registry] 
New type java.util.Vector<domain.Respuesta>

[2020-05-09 18:18:08 #16 type] 
Type domain.Event is not enhanced.

[2020-05-09 18:18:08 #17 type.registry] 
New type java.util.Vector<domain.Question>

[2020-05-09 18:18:08 #18 type] 
Type domain.Respuesta is not enhanced.

[2020-05-09 18:18:08 #19 type.registry] 
New type java.util.Vector<java.lang.Object>

[2020-05-09 18:18:22 #20 type.registry] 
New type domain.ApuestaGalgo

[2020-05-09 18:18:22 #21 type] 
Type domain.ApuestaGalgo is not enhanced.

[2020-05-09 18:18:34 #22 type.registry] 
New type domain.Apuesta

[2020-05-09 18:18:34 #23 type] 
Type domain.Apuesta is not enhanced.

