------------------------------------------------------------------------------------------------------------------------

[2020-04-14 18:46:29 #1 store] 
Database 'C:\Users\unaia\OneDrive\Desktop\ProyectoIS\resources\bets.temp' is opened by 16656@MSI

[2020-04-14 18:46:29 #2 type.registry] 
New type domain.Admin

[2020-04-14 18:46:29 #3 type] 
Type domain.Admin is not enhanced.

[2020-04-14 18:46:29 #4 type.registry] 
New type domain.Usuario

[2020-04-14 18:46:29 #5 type] 
Type domain.Usuario is not enhanced.

[2020-04-14 18:46:29 #6 type.registry] 
New type domain.Question

[2020-04-14 18:46:29 #7 type] 
Type domain.Question is not enhanced.

[2020-04-14 18:46:29 #8 type.registry] 
New type domain.Event

[2020-04-14 18:46:29 #9 type.registry] 
New type domain.Respuesta

[2020-04-14 18:46:29 #10 type.registry] 
New type java.util.Vector<domain.Respuesta>

[2020-04-14 18:46:29 #11 type] 
Type domain.Event is not enhanced.

[2020-04-14 18:46:29 #12 type.registry] 
New type java.util.Vector<domain.Question>

[2020-04-14 18:46:29 #13 type] 
Type domain.Respuesta is not enhanced.

[2020-04-14 18:46:29 #14 type.registry] 
New type java.util.Vector<java.lang.Object>

------------------------------------------------------------------------------------------------------------------------

[2020-04-14 18:53:27 #1 store] 
Database 'C:\Users\unaia\OneDrive\Desktop\ProyectoIS\resources\bets.temp' is opened by 10760@MSI

[2020-04-14 18:53:28 #2 type.registry] 
New type domain.Admin

[2020-04-14 18:53:28 #3 type] 
Type domain.Admin is not enhanced.

[2020-04-14 18:53:28 #4 type.registry] 
New type domain.Usuario

[2020-04-14 18:53:28 #5 type] 
Type domain.Usuario is not enhanced.

[2020-04-14 18:53:28 #6 type.registry] 
New type domain.Question

[2020-04-14 18:53:28 #7 type] 
Type domain.Question is not enhanced.

[2020-04-14 18:53:28 #8 type.registry] 
New type domain.Event

[2020-04-14 18:53:28 #9 type.registry] 
New type domain.Respuesta

[2020-04-14 18:53:28 #10 type.registry] 
New type java.util.Vector<domain.Respuesta>

[2020-04-14 18:53:28 #11 type] 
Type domain.Event is not enhanced.

[2020-04-14 18:53:28 #12 type.registry] 
New type java.util.Vector<domain.Question>

[2020-04-14 18:53:28 #13 type] 
Type domain.Respuesta is not enhanced.

[2020-04-14 18:53:28 #14 type.registry] 
New type java.util.Vector<java.lang.Object>

------------------------------------------------------------------------------------------------------------------------

[2020-04-14 19:08:11 #1 store] 
Database 'C:\Users\unaia\OneDrive\Desktop\ProyectoIS\resources\bets.temp' is opened by 9288@MSI

[2020-04-14 19:08:11 #2 type.registry] 
New type domain.Admin

[2020-04-14 19:08:11 #3 type] 
Type domain.Admin is not enhanced.

[2020-04-14 19:08:11 #4 type.registry] 
New type domain.Usuario

[2020-04-14 19:08:11 #5 type] 
Type domain.Usuario is not enhanced.

[2020-04-14 19:08:11 #6 type.registry] 
New type domain.Question

[2020-04-14 19:08:11 #7 type] 
Type domain.Question is not enhanced.

[2020-04-14 19:08:11 #8 type.registry] 
New type domain.Event

[2020-04-14 19:08:11 #9 type.registry] 
New type domain.Respuesta

[2020-04-14 19:08:11 #10 type.registry] 
New type java.util.Vector<domain.Respuesta>

[2020-04-14 19:08:11 #11 type] 
Type domain.Event is not enhanced.

[2020-04-14 19:08:11 #12 type.registry] 
New type java.util.Vector<domain.Question>

[2020-04-14 19:08:11 #13 type] 
Type domain.Respuesta is not enhanced.

[2020-04-14 19:08:12 #14 type.registry] 
New type java.util.Vector<java.lang.Object>

------------------------------------------------------------------------------------------------------------------------

[2020-04-14 19:10:20 #1 store] 
Database 'C:\Users\unaia\OneDrive\Desktop\ProyectoIS\resources\bets.temp' is opened by 3972@MSI

[2020-04-14 19:10:21 #2 type.registry] 
New type domain.Admin

[2020-04-14 19:10:21 #3 type] 
Type domain.Admin is not enhanced.

[2020-04-14 19:10:21 #4 type.registry] 
New type domain.Usuario

[2020-04-14 19:10:21 #5 type] 
Type domain.Usuario is not enhanced.

[2020-04-14 19:10:21 #6 type.registry] 
New type domain.Question

[2020-04-14 19:10:21 #7 type] 
Type domain.Question is not enhanced.

[2020-04-14 19:10:21 #8 type.registry] 
New type domain.Event

[2020-04-14 19:10:21 #9 type.registry] 
New type domain.Respuesta

[2020-04-14 19:10:21 #10 type.registry] 
New type java.util.Vector<domain.Respuesta>

[2020-04-14 19:10:21 #11 type] 
Type domain.Event is not enhanced.

[2020-04-14 19:10:21 #12 type.registry] 
New type java.util.Vector<domain.Question>

[2020-04-14 19:10:21 #13 type] 
Type domain.Respuesta is not enhanced.

[2020-04-14 19:10:21 #14 type.registry] 
New type java.util.Vector<java.lang.Object>

------------------------------------------------------------------------------------------------------------------------

[2020-04-14 19:13:01 #1 store] 
Database 'C:\Users\unaia\OneDrive\Desktop\ProyectoIS\resources\bets.temp' is opened by 15316@MSI

[2020-04-14 19:13:01 #2 type.registry] 
New type domain.Admin

[2020-04-14 19:13:01 #3 type] 
Type domain.Admin is not enhanced.

[2020-04-14 19:13:01 #4 type.registry] 
New type domain.Usuario

[2020-04-14 19:13:01 #5 type] 
Type domain.Usuario is not enhanced.

[2020-04-14 19:13:01 #6 type.registry] 
New type domain.Question

[2020-04-14 19:13:01 #7 type] 
Type domain.Question is not enhanced.

[2020-04-14 19:13:01 #8 type.registry] 
New type domain.Event

[2020-04-14 19:13:01 #9 type.registry] 
New type domain.Respuesta

[2020-04-14 19:13:01 #10 type.registry] 
New type java.util.Vector<domain.Respuesta>

[2020-04-14 19:13:01 #11 type] 
Type domain.Event is not enhanced.

[2020-04-14 19:13:01 #12 type.registry] 
New type java.util.Vector<domain.Question>

[2020-04-14 19:13:01 #13 type] 
Type domain.Respuesta is not enhanced.

[2020-04-14 19:13:01 #14 type.registry] 
New type java.util.Vector<java.lang.Object>

------------------------------------------------------------------------------------------------------------------------

[2020-04-14 19:15:52 #1 store] 
Database 'C:\Users\unaia\OneDrive\Desktop\ProyectoIS\resources\bets.temp' is opened by 16640@MSI

[2020-04-14 19:15:52 #2 type.registry] 
New type domain.Admin

[2020-04-14 19:15:52 #3 type] 
Type domain.Admin is not enhanced.

[2020-04-14 19:15:52 #4 type.registry] 
New type domain.Usuario

[2020-04-14 19:15:52 #5 type] 
Type domain.Usuario is not enhanced.

[2020-04-14 19:15:52 #6 type.registry] 
New type domain.Question

[2020-04-14 19:15:52 #7 type] 
Type domain.Question is not enhanced.

[2020-04-14 19:15:52 #8 type.registry] 
New type domain.Event

[2020-04-14 19:15:52 #9 type.registry] 
New type domain.Respuesta

[2020-04-14 19:15:52 #10 type.registry] 
New type java.util.Vector<domain.Respuesta>

[2020-04-14 19:15:52 #11 type] 
Type domain.Event is not enhanced.

[2020-04-14 19:15:52 #12 type.registry] 
New type java.util.Vector<domain.Question>

[2020-04-14 19:15:52 #13 type] 
Type domain.Respuesta is not enhanced.

[2020-04-14 19:15:52 #14 type.registry] 
New type java.util.Vector<java.lang.Object>

[2020-04-14 19:16:42 #15 type.registry] 
New type domain.Apuesta

[2020-04-14 19:16:42 #16 type] 
Type domain.Apuesta is not enhanced.

