------------------------------------------------------------------------------------------------------------------------

[2020-04-16 12:08:00 #1 store] 
Database 'G:\EspacioTrabajo\IS\resources\bets.temp' is opened by 4712@DESKTOP-9S4RODJ

[2020-04-16 12:08:00 #2 type.registry] 
New type domain.Admin

[2020-04-16 12:08:00 #3 type] 
Type domain.Admin is not enhanced.

[2020-04-16 12:08:00 #4 type.registry] 
New type domain.Usuario

[2020-04-16 12:08:00 #5 type] 
Type domain.Usuario is not enhanced.

[2020-04-16 12:08:00 #6 type.registry] 
New type domain.Question

[2020-04-16 12:08:00 #7 type] 
Type domain.Question is not enhanced.

[2020-04-16 12:08:00 #8 type.registry] 
New type domain.Event

[2020-04-16 12:08:00 #9 type.registry] 
New type domain.Respuesta

[2020-04-16 12:08:00 #10 type.registry] 
New type java.util.Vector<domain.Respuesta>

[2020-04-16 12:08:00 #11 type] 
Type domain.Event is not enhanced.

[2020-04-16 12:08:00 #12 type.registry] 
New type java.util.Vector<domain.Question>

[2020-04-16 12:08:00 #13 type] 
Type domain.Respuesta is not enhanced.

[2020-04-16 12:08:00 #14 type.registry] 
New type java.util.Vector<java.lang.Object>

