------------------------------------------------------------------------------------------------------------------------

[2020-04-12 16:29:00 #1 store] 
Database 'C:\Users\unaia\OneDrive\Desktop\ProyectoIS\resources\bets.temp' is opened by 11208@MSI

[2020-04-12 16:29:00 #2 type.registry] 
New type domain.Admin

[2020-04-12 16:29:00 #3 type] 
Type domain.Admin is not enhanced.

[2020-04-12 16:29:00 #4 type.registry] 
New type domain.Usuario

[2020-04-12 16:29:00 #5 type] 
Type domain.Usuario is not enhanced.

[2020-04-12 16:29:00 #6 type.registry] 
New type domain.Question

[2020-04-12 16:29:00 #7 type] 
Type domain.Question is not enhanced.

[2020-04-12 16:29:00 #8 type.registry] 
New type domain.Event

[2020-04-12 16:29:00 #9 type.registry] 
New type java.util.Vector<java.lang.String>

[2020-04-12 16:29:00 #10 type] 
Type domain.Event is not enhanced.

[2020-04-12 16:29:00 #11 type.registry] 
New type java.util.Vector<domain.Question>

[2020-04-12 16:29:00 #12 type.registry] 
New type java.util.Vector<java.lang.Object>

------------------------------------------------------------------------------------------------------------------------

[2020-04-12 16:30:47 #1 store] 
Database 'C:\Users\unaia\OneDrive\Desktop\ProyectoIS\resources\bets.temp' is opened by 2012@MSI

[2020-04-12 16:30:48 #2 type.registry] 
New type domain.Admin

[2020-04-12 16:30:48 #3 type] 
Type domain.Admin is not enhanced.

[2020-04-12 16:30:48 #4 type.registry] 
New type domain.Usuario

[2020-04-12 16:30:48 #5 type] 
Type domain.Usuario is not enhanced.

[2020-04-12 16:30:48 #6 type.registry] 
New type domain.Question

[2020-04-12 16:30:48 #7 type] 
Type domain.Question is not enhanced.

[2020-04-12 16:30:48 #8 type.registry] 
New type domain.Event

[2020-04-12 16:30:48 #9 type.registry] 
New type java.util.Vector<java.lang.String>

[2020-04-12 16:30:48 #10 type] 
Type domain.Event is not enhanced.

[2020-04-12 16:30:48 #11 type.registry] 
New type java.util.Vector<domain.Question>

[2020-04-12 16:30:48 #12 type.registry] 
New type java.util.Vector<java.lang.Object>

------------------------------------------------------------------------------------------------------------------------

[2020-04-12 16:32:11 #1 store] 
Database 'C:\Users\unaia\OneDrive\Desktop\ProyectoIS\resources\bets.temp' is opened by 15376@MSI

[2020-04-12 16:32:11 #2 type.registry] 
New type domain.Admin

[2020-04-12 16:32:11 #3 type] 
Type domain.Admin is not enhanced.

[2020-04-12 16:32:12 #4 type.registry] 
New type domain.Usuario

[2020-04-12 16:32:12 #5 type] 
Type domain.Usuario is not enhanced.

[2020-04-12 16:32:12 #6 type.registry] 
New type domain.Question

[2020-04-12 16:32:12 #7 type] 
Type domain.Question is not enhanced.

[2020-04-12 16:32:12 #8 type.registry] 
New type domain.Event

[2020-04-12 16:32:12 #9 type.registry] 
New type java.util.Vector<java.lang.String>

[2020-04-12 16:32:12 #10 type] 
Type domain.Event is not enhanced.

[2020-04-12 16:32:12 #11 type.registry] 
New type java.util.Vector<domain.Question>

[2020-04-12 16:32:12 #12 type.registry] 
New type java.util.Vector<java.lang.Object>

------------------------------------------------------------------------------------------------------------------------

[2020-04-12 16:33:06 #1 store] 
Database 'C:\Users\unaia\OneDrive\Desktop\ProyectoIS\resources\bets.temp' is opened by 15644@MSI

[2020-04-12 16:33:07 #2 type.registry] 
New type domain.Admin

[2020-04-12 16:33:07 #3 type] 
Type domain.Admin is not enhanced.

[2020-04-12 16:33:07 #4 type.registry] 
New type domain.Usuario

[2020-04-12 16:33:07 #5 type] 
Type domain.Usuario is not enhanced.

[2020-04-12 16:33:07 #6 type.registry] 
New type domain.Question

[2020-04-12 16:33:07 #7 type] 
Type domain.Question is not enhanced.

[2020-04-12 16:33:07 #8 type.registry] 
New type domain.Event

[2020-04-12 16:33:07 #9 type.registry] 
New type java.util.Vector<java.lang.String>

[2020-04-12 16:33:07 #10 type] 
Type domain.Event is not enhanced.

[2020-04-12 16:33:07 #11 type.registry] 
New type java.util.Vector<domain.Question>

[2020-04-12 16:33:07 #12 type.registry] 
New type java.util.Vector<java.lang.Object>

------------------------------------------------------------------------------------------------------------------------

[2020-04-12 16:35:10 #1 store] 
Database 'C:\Users\unaia\OneDrive\Desktop\ProyectoIS\resources\bets.temp' is opened by 8680@MSI

[2020-04-12 16:35:11 #2 type.registry] 
New type domain.Admin

[2020-04-12 16:35:11 #3 type] 
Type domain.Admin is not enhanced.

[2020-04-12 16:35:11 #4 type.registry] 
New type domain.Usuario

[2020-04-12 16:35:11 #5 type] 
Type domain.Usuario is not enhanced.

[2020-04-12 16:35:11 #6 type.registry] 
New type domain.Question

[2020-04-12 16:35:11 #7 type] 
Type domain.Question is not enhanced.

[2020-04-12 16:35:11 #8 type.registry] 
New type domain.Event

[2020-04-12 16:35:11 #9 type.registry] 
New type java.util.Vector<java.lang.String>

[2020-04-12 16:35:11 #10 type] 
Type domain.Event is not enhanced.

[2020-04-12 16:35:11 #11 type.registry] 
New type java.util.Vector<domain.Question>

[2020-04-12 16:35:11 #12 type.registry] 
New type java.util.Vector<java.lang.Object>

------------------------------------------------------------------------------------------------------------------------

[2020-04-12 16:36:46 #1 store] 
Database 'C:\Users\unaia\OneDrive\Desktop\ProyectoIS\resources\bets.temp' is opened by 17808@MSI

[2020-04-12 16:36:47 #2 type.registry] 
New type domain.Admin

[2020-04-12 16:36:47 #3 type] 
Type domain.Admin is not enhanced.

[2020-04-12 16:36:47 #4 type.registry] 
New type domain.Usuario

[2020-04-12 16:36:47 #5 type] 
Type domain.Usuario is not enhanced.

[2020-04-12 16:36:47 #6 type.registry] 
New type domain.Question

[2020-04-12 16:36:47 #7 type] 
Type domain.Question is not enhanced.

[2020-04-12 16:36:47 #8 type.registry] 
New type domain.Event

[2020-04-12 16:36:47 #9 type.registry] 
New type java.util.Vector<java.lang.String>

[2020-04-12 16:36:47 #10 type] 
Type domain.Event is not enhanced.

[2020-04-12 16:36:47 #11 type.registry] 
New type java.util.Vector<domain.Question>

[2020-04-12 16:36:47 #12 type.registry] 
New type java.util.Vector<java.lang.Object>

