------------------------------------------------------------------------------------------------------------------------

[2020-05-08 11:28:24 #1 store] 
Database '/home/asier/Documents/Ingenieria/IS/Proyecto/IS/resources/bets.temp' is opened by 96062@asier-xps159560

[2020-05-08 11:28:24 #2 type.registry] 
New type domain.Admin

[2020-05-08 11:28:24 #3 type] 
Type domain.Admin is not enhanced.

[2020-05-08 11:28:24 #4 type.registry] 
New type domain.Usuario

[2020-05-08 11:28:24 #5 type] 
Type domain.Usuario is not enhanced.

[2020-05-08 11:28:24 #6 type.registry] 
New type domain.Question

[2020-05-08 11:28:24 #7 type] 
Type domain.Question is not enhanced.

[2020-05-08 11:28:24 #8 type.registry] 
New type domain.Event

[2020-05-08 11:28:24 #9 type.registry] 
New type domain.Respuesta

[2020-05-08 11:28:25 #10 type.registry] 
New type java.util.Vector<domain.Respuesta>

[2020-05-08 11:28:25 #11 type] 
Type domain.Event is not enhanced.

[2020-05-08 11:28:25 #12 type.registry] 
New type java.util.Vector<domain.Question>

[2020-05-08 11:28:25 #13 type] 
Type domain.Respuesta is not enhanced.

[2020-05-08 11:28:25 #14 type.registry] 
New type java.util.Vector<java.lang.Object>

------------------------------------------------------------------------------------------------------------------------

[2020-05-08 11:30:47 #1 store] 
Database '/home/asier/Documents/Ingenieria/IS/Proyecto/IS/resources/bets.temp' is opened by 96200@asier-xps159560

[2020-05-08 11:30:47 #2 type.registry] 
New type domain.Admin

[2020-05-08 11:30:47 #3 type] 
Type domain.Admin is not enhanced.

[2020-05-08 11:30:47 #4 type.registry] 
New type domain.Usuario

[2020-05-08 11:30:47 #5 type] 
Type domain.Usuario is not enhanced.

[2020-05-08 11:30:47 #6 type.registry] 
New type domain.Question

[2020-05-08 11:30:47 #7 type] 
Type domain.Question is not enhanced.

[2020-05-08 11:30:47 #8 type.registry] 
New type domain.Event

[2020-05-08 11:30:47 #9 type.registry] 
New type domain.Respuesta

[2020-05-08 11:30:47 #10 type.registry] 
New type java.util.Vector<domain.Respuesta>

[2020-05-08 11:30:47 #11 type] 
Type domain.Event is not enhanced.

[2020-05-08 11:30:47 #12 type.registry] 
New type java.util.Vector<domain.Question>

[2020-05-08 11:30:47 #13 type] 
Type domain.Respuesta is not enhanced.

[2020-05-08 11:30:47 #14 type.registry] 
New type java.util.Vector<java.lang.Object>

------------------------------------------------------------------------------------------------------------------------

[2020-05-08 13:06:35 #1 store] 
Database '/home/asier/Documents/Ingenieria/IS/Proyecto/IS/resources/bets.temp' is opened by 101319@asier-xps159560

[2020-05-08 13:06:35 #2 type.registry] 
New type domain.Admin

[2020-05-08 13:06:35 #3 type] 
Type domain.Admin is not enhanced.

[2020-05-08 13:06:35 #4 type.registry] 
New type domain.Usuario

[2020-05-08 13:06:35 #5 type] 
Type domain.Usuario is not enhanced.

[2020-05-08 13:06:35 #6 type.registry] 
New type domain.Question

[2020-05-08 13:06:35 #7 type] 
Type domain.Question is not enhanced.

[2020-05-08 13:06:35 #8 type.registry] 
New type domain.Event

[2020-05-08 13:06:35 #9 type.registry] 
New type domain.Respuesta

[2020-05-08 13:06:35 #10 type.registry] 
New type java.util.Vector<domain.Respuesta>

[2020-05-08 13:06:35 #11 type] 
Type domain.Event is not enhanced.

[2020-05-08 13:06:35 #12 type.registry] 
New type java.util.Vector<domain.Question>

[2020-05-08 13:06:35 #13 type] 
Type domain.Respuesta is not enhanced.

[2020-05-08 13:06:35 #14 type.registry] 
New type java.util.Vector<java.lang.Object>

------------------------------------------------------------------------------------------------------------------------

[2020-05-08 13:09:07 #1 store] 
Database '/home/asier/Documents/Ingenieria/IS/Proyecto/IS/resources/bets.temp' is opened by 101523@asier-xps159560

[2020-05-08 13:09:08 #2 type.registry] 
New type domain.Admin

[2020-05-08 13:09:08 #3 type] 
Type domain.Admin is not enhanced.

[2020-05-08 13:09:08 #4 type.registry] 
New type domain.Usuario

[2020-05-08 13:09:08 #5 type] 
Type domain.Usuario is not enhanced.

[2020-05-08 13:09:08 #6 type.registry] 
New type domain.Question

[2020-05-08 13:09:08 #7 type] 
Type domain.Question is not enhanced.

[2020-05-08 13:09:08 #8 type.registry] 
New type domain.Event

[2020-05-08 13:09:08 #9 type.registry] 
New type domain.Respuesta

[2020-05-08 13:09:08 #10 type.registry] 
New type java.util.Vector<domain.Respuesta>

[2020-05-08 13:09:08 #11 type] 
Type domain.Event is not enhanced.

[2020-05-08 13:09:08 #12 type.registry] 
New type java.util.Vector<domain.Question>

[2020-05-08 13:09:08 #13 type] 
Type domain.Respuesta is not enhanced.

[2020-05-08 13:09:08 #14 type.registry] 
New type java.util.Vector<java.lang.Object>

------------------------------------------------------------------------------------------------------------------------

[2020-05-08 13:15:25 #1 store] 
Database '/home/asier/Documents/Ingenieria/IS/Proyecto/IS/resources/bets.temp' is opened by 102097@asier-xps159560

[2020-05-08 13:15:25 #2 type.registry] 
New type domain.Admin

[2020-05-08 13:15:25 #3 type] 
Type domain.Admin is not enhanced.

[2020-05-08 13:15:25 #4 type.registry] 
New type domain.Usuario

[2020-05-08 13:15:25 #5 type] 
Type domain.Usuario is not enhanced.

[2020-05-08 13:15:25 #6 type.registry] 
New type domain.Question

[2020-05-08 13:15:25 #7 type] 
Type domain.Question is not enhanced.

[2020-05-08 13:15:25 #8 type.registry] 
New type domain.Event

[2020-05-08 13:15:25 #9 type.registry] 
New type domain.Respuesta

[2020-05-08 13:15:25 #10 type.registry] 
New type java.util.Vector<domain.Respuesta>

[2020-05-08 13:15:25 #11 type] 
Type domain.Event is not enhanced.

[2020-05-08 13:15:25 #12 type.registry] 
New type java.util.Vector<domain.Question>

[2020-05-08 13:15:25 #13 type] 
Type domain.Respuesta is not enhanced.

[2020-05-08 13:15:25 #14 type.registry] 
New type java.util.Vector<java.lang.Object>

------------------------------------------------------------------------------------------------------------------------

[2020-05-08 13:18:55 #1 store] 
Database '/home/asier/Documents/Ingenieria/IS/Proyecto/IS/resources/bets.temp' is opened by 102304@asier-xps159560

[2020-05-08 13:18:55 #2 type.registry] 
New type domain.Admin

[2020-05-08 13:18:55 #3 type] 
Type domain.Admin is not enhanced.

[2020-05-08 13:18:55 #4 type.registry] 
New type domain.Usuario

[2020-05-08 13:18:55 #5 type] 
Type domain.Usuario is not enhanced.

[2020-05-08 13:18:55 #6 type.registry] 
New type domain.Question

[2020-05-08 13:18:55 #7 type] 
Type domain.Question is not enhanced.

[2020-05-08 13:18:55 #8 type.registry] 
New type domain.Event

[2020-05-08 13:18:55 #9 type.registry] 
New type domain.Respuesta

[2020-05-08 13:18:55 #10 type.registry] 
New type java.util.Vector<domain.Respuesta>

[2020-05-08 13:18:55 #11 type] 
Type domain.Event is not enhanced.

[2020-05-08 13:18:55 #12 type.registry] 
New type java.util.Vector<domain.Question>

[2020-05-08 13:18:55 #13 type] 
Type domain.Respuesta is not enhanced.

[2020-05-08 13:18:55 #14 type.registry] 
New type java.util.Vector<java.lang.Object>

------------------------------------------------------------------------------------------------------------------------

[2020-05-08 16:19:17 #1 store] 
Database '/home/asier/Documents/Ingenieria/IS/Proyecto/IS/resources/bets.temp' is opened by 104893@asier-xps159560

[2020-05-08 16:19:17 #2 type.registry] 
New type domain.Admin

[2020-05-08 16:19:17 #3 type] 
Type domain.Admin is not enhanced.

[2020-05-08 16:19:17 #4 type.registry] 
New type domain.Usuario

[2020-05-08 16:19:17 #5 type] 
Type domain.Usuario is not enhanced.

[2020-05-08 16:19:17 #6 type.registry] 
New type domain.Question

[2020-05-08 16:19:17 #7 type] 
Type domain.Question is not enhanced.

[2020-05-08 16:19:17 #8 type.registry] 
New type domain.Event

[2020-05-08 16:19:17 #9 type.registry] 
New type domain.Respuesta

[2020-05-08 16:19:17 #10 type.registry] 
New type java.util.Vector<domain.Respuesta>

[2020-05-08 16:19:17 #11 type] 
Type domain.Event is not enhanced.

[2020-05-08 16:19:17 #12 type.registry] 
New type java.util.Vector<domain.Question>

[2020-05-08 16:19:17 #13 type] 
Type domain.Respuesta is not enhanced.

[2020-05-08 16:19:17 #14 type.registry] 
New type java.util.Vector<java.lang.Object>

------------------------------------------------------------------------------------------------------------------------

[2020-05-08 16:29:21 #1 store] 
Database '/home/asier/Documents/Ingenieria/IS/Proyecto/IS/resources/bets.temp' is opened by 105197@asier-xps159560

[2020-05-08 16:29:22 #2 type.registry] 
New type domain.Admin

[2020-05-08 16:29:22 #3 type] 
Type domain.Admin is not enhanced.

[2020-05-08 16:29:22 #4 type.registry] 
New type domain.Usuario

[2020-05-08 16:29:22 #5 type] 
Type domain.Usuario is not enhanced.

[2020-05-08 16:29:22 #6 type.registry] 
New type domain.Question

[2020-05-08 16:29:22 #7 type] 
Type domain.Question is not enhanced.

[2020-05-08 16:29:22 #8 type.registry] 
New type domain.Event

[2020-05-08 16:29:22 #9 type.registry] 
New type domain.Respuesta

[2020-05-08 16:29:22 #10 type.registry] 
New type java.util.Vector<domain.Respuesta>

[2020-05-08 16:29:22 #11 type] 
Type domain.Event is not enhanced.

[2020-05-08 16:29:22 #12 type.registry] 
New type java.util.Vector<domain.Question>

[2020-05-08 16:29:22 #13 type] 
Type domain.Respuesta is not enhanced.

[2020-05-08 16:29:22 #14 type.registry] 
New type java.util.Vector<java.lang.Object>

[2020-05-08 16:29:36 #15 type.registry] 
New type domain.Carrera

[2020-05-08 16:29:36 #16 type] 
Type domain.Carrera is not enhanced.

[2020-05-08 16:29:36 #17 type.registry] 
New type domain.Galgo

[2020-05-08 16:29:36 #18 type.registry] 
New type java.util.Vector<domain.Galgo>

[2020-05-08 16:29:36 #19 type] 
Type domain.Galgo is not enhanced.

------------------------------------------------------------------------------------------------------------------------

[2020-05-08 16:30:10 #1 store] 
Database '/home/asier/Documents/Ingenieria/IS/Proyecto/IS/resources/bets.temp' is opened by 105246@asier-xps159560

[2020-05-08 16:30:11 #2 type.registry] 
New type domain.Admin

[2020-05-08 16:30:11 #3 type] 
Type domain.Admin is not enhanced.

[2020-05-08 16:30:11 #4 type.registry] 
New type domain.Usuario

[2020-05-08 16:30:11 #5 type] 
Type domain.Usuario is not enhanced.

[2020-05-08 16:30:11 #6 type.registry] 
New type domain.Question

[2020-05-08 16:30:11 #7 type] 
Type domain.Question is not enhanced.

[2020-05-08 16:30:11 #8 type.registry] 
New type domain.Event

[2020-05-08 16:30:11 #9 type.registry] 
New type domain.Respuesta

[2020-05-08 16:30:11 #10 type.registry] 
New type java.util.Vector<domain.Respuesta>

[2020-05-08 16:30:11 #11 type] 
Type domain.Event is not enhanced.

[2020-05-08 16:30:11 #12 type.registry] 
New type java.util.Vector<domain.Question>

[2020-05-08 16:30:11 #13 type] 
Type domain.Respuesta is not enhanced.

[2020-05-08 16:30:11 #14 type.registry] 
New type java.util.Vector<java.lang.Object>

[2020-05-08 16:30:27 #15 type.registry] 
New type domain.Carrera

[2020-05-08 16:30:27 #16 type] 
Type domain.Carrera is not enhanced.

[2020-05-08 16:30:27 #17 type.registry] 
New type domain.Galgo

[2020-05-08 16:30:27 #18 type.registry] 
New type java.util.Vector<domain.Galgo>

[2020-05-08 16:30:27 #19 type] 
Type domain.Galgo is not enhanced.

------------------------------------------------------------------------------------------------------------------------

[2020-05-08 16:31:39 #1 store] 
Database '/home/asier/Documents/Ingenieria/IS/Proyecto/IS/resources/bets.temp' is opened by 105343@asier-xps159560

[2020-05-08 16:31:39 #2 type.registry] 
New type domain.Admin

[2020-05-08 16:31:39 #3 type] 
Type domain.Admin is not enhanced.

[2020-05-08 16:31:39 #4 type.registry] 
New type domain.Usuario

[2020-05-08 16:31:39 #5 type] 
Type domain.Usuario is not enhanced.

[2020-05-08 16:31:39 #6 type.registry] 
New type domain.Question

[2020-05-08 16:31:39 #7 type] 
Type domain.Question is not enhanced.

[2020-05-08 16:31:39 #8 type.registry] 
New type domain.Event

[2020-05-08 16:31:39 #9 type.registry] 
New type domain.Respuesta

[2020-05-08 16:31:39 #10 type.registry] 
New type java.util.Vector<domain.Respuesta>

[2020-05-08 16:31:39 #11 type] 
Type domain.Event is not enhanced.

[2020-05-08 16:31:39 #12 type.registry] 
New type java.util.Vector<domain.Question>

[2020-05-08 16:31:39 #13 type] 
Type domain.Respuesta is not enhanced.

[2020-05-08 16:31:39 #14 type.registry] 
New type java.util.Vector<java.lang.Object>

------------------------------------------------------------------------------------------------------------------------

[2020-05-08 17:02:36 #1 store] 
Database '/home/asier/Documents/Ingenieria/IS/Proyecto/IS/resources/bets.temp' is opened by 106890@asier-xps159560

[2020-05-08 17:02:36 #2 type.registry] 
New type domain.Admin

[2020-05-08 17:02:36 #3 type] 
Type domain.Admin is not enhanced.

[2020-05-08 17:02:36 #4 type.registry] 
New type domain.Usuario

[2020-05-08 17:02:36 #5 type] 
Type domain.Usuario is not enhanced.

[2020-05-08 17:02:36 #6 type.registry] 
New type domain.Question

[2020-05-08 17:02:36 #7 type] 
Type domain.Question is not enhanced.

[2020-05-08 17:02:36 #8 type.registry] 
New type domain.Event

[2020-05-08 17:02:36 #9 type.registry] 
New type domain.Respuesta

[2020-05-08 17:02:36 #10 type.registry] 
New type java.util.Vector<domain.Respuesta>

[2020-05-08 17:02:36 #11 type] 
Type domain.Event is not enhanced.

[2020-05-08 17:02:36 #12 type.registry] 
New type java.util.Vector<domain.Question>

[2020-05-08 17:02:36 #13 type] 
Type domain.Respuesta is not enhanced.

[2020-05-08 17:02:36 #14 type.registry] 
New type java.util.Vector<java.lang.Object>

------------------------------------------------------------------------------------------------------------------------

[2020-05-08 17:16:23 #1 store] 
Database '/home/asier/Documents/Ingenieria/IS/Proyecto/IS/resources/bets.temp' is opened by 107527@asier-xps159560

[2020-05-08 17:16:23 #2 type.registry] 
New type domain.Admin

[2020-05-08 17:16:23 #3 type] 
Type domain.Admin is not enhanced.

[2020-05-08 17:16:23 #4 type.registry] 
New type domain.Usuario

[2020-05-08 17:16:23 #5 type] 
Type domain.Usuario is not enhanced.

[2020-05-08 17:16:23 #6 type.registry] 
New type domain.Question

[2020-05-08 17:16:23 #7 type] 
Type domain.Question is not enhanced.

[2020-05-08 17:16:23 #8 type.registry] 
New type domain.Event

[2020-05-08 17:16:23 #9 type.registry] 
New type domain.Respuesta

[2020-05-08 17:16:23 #10 type.registry] 
New type java.util.Vector<domain.Respuesta>

[2020-05-08 17:16:23 #11 type] 
Type domain.Event is not enhanced.

[2020-05-08 17:16:23 #12 type.registry] 
New type java.util.Vector<domain.Question>

[2020-05-08 17:16:23 #13 type] 
Type domain.Respuesta is not enhanced.

[2020-05-08 17:16:23 #14 type.registry] 
New type java.util.Vector<java.lang.Object>

[2020-05-08 17:16:39 #15 type.registry] 
New type domain.Carrera

[2020-05-08 17:16:39 #16 type] 
Type domain.Carrera is not enhanced.

[2020-05-08 17:16:39 #17 type.registry] 
New type domain.Galgo

[2020-05-08 17:16:39 #18 type.registry] 
New type java.util.Vector<domain.Galgo>

[2020-05-08 17:16:39 #19 type] 
Type domain.Galgo is not enhanced.

------------------------------------------------------------------------------------------------------------------------

[2020-05-08 17:34:16 #1 store] 
Database '/home/asier/Documents/Ingenieria/IS/Proyecto/IS/resources/bets.temp' is opened by 109147@asier-xps159560

[2020-05-08 17:34:16 #2 type.registry] 
New type domain.Admin

[2020-05-08 17:34:16 #3 type] 
Type domain.Admin is not enhanced.

[2020-05-08 17:34:16 #4 type.registry] 
New type domain.Usuario

[2020-05-08 17:34:16 #5 type] 
Type domain.Usuario is not enhanced.

[2020-05-08 17:34:16 #6 type.registry] 
New type domain.Question

[2020-05-08 17:34:16 #7 type] 
Type domain.Question is not enhanced.

[2020-05-08 17:34:16 #8 type.registry] 
New type domain.Event

[2020-05-08 17:34:16 #9 type.registry] 
New type domain.Respuesta

[2020-05-08 17:34:16 #10 type.registry] 
New type java.util.Vector<domain.Respuesta>

[2020-05-08 17:34:16 #11 type] 
Type domain.Event is not enhanced.

[2020-05-08 17:34:16 #12 type.registry] 
New type java.util.Vector<domain.Question>

[2020-05-08 17:34:16 #13 type] 
Type domain.Respuesta is not enhanced.

[2020-05-08 17:34:16 #14 type.registry] 
New type java.util.Vector<java.lang.Object>

------------------------------------------------------------------------------------------------------------------------

[2020-05-08 17:37:33 #1 store] 
Database '/home/asier/Documents/Ingenieria/IS/Proyecto/IS/resources/bets.temp' is opened by 109292@asier-xps159560

[2020-05-08 17:37:34 #2 type.registry] 
New type domain.Admin

[2020-05-08 17:37:34 #3 type] 
Type domain.Admin is not enhanced.

[2020-05-08 17:37:34 #4 type.registry] 
New type domain.Usuario

[2020-05-08 17:37:34 #5 type] 
Type domain.Usuario is not enhanced.

[2020-05-08 17:37:34 #6 type.registry] 
New type domain.Question

[2020-05-08 17:37:34 #7 type] 
Type domain.Question is not enhanced.

[2020-05-08 17:37:34 #8 type.registry] 
New type domain.Event

[2020-05-08 17:37:34 #9 type.registry] 
New type domain.Respuesta

[2020-05-08 17:37:34 #10 type.registry] 
New type java.util.Vector<domain.Respuesta>

[2020-05-08 17:37:34 #11 type] 
Type domain.Event is not enhanced.

[2020-05-08 17:37:34 #12 type.registry] 
New type java.util.Vector<domain.Question>

[2020-05-08 17:37:34 #13 type] 
Type domain.Respuesta is not enhanced.

[2020-05-08 17:37:34 #14 type.registry] 
New type java.util.Vector<java.lang.Object>

------------------------------------------------------------------------------------------------------------------------

[2020-05-08 18:29:18 #1 store] 
Database '/home/asier/Documents/Ingenieria/IS/Proyecto/IS/resources/bets.temp' is opened by 111318@asier-xps159560

[2020-05-08 18:29:18 #2 type.registry] 
New type domain.Admin

[2020-05-08 18:29:18 #3 type] 
Type domain.Admin is not enhanced.

[2020-05-08 18:29:18 #4 type.registry] 
New type domain.Usuario

[2020-05-08 18:29:18 #5 type] 
Type domain.Usuario is not enhanced.

[2020-05-08 18:29:18 #6 type.registry] 
New type domain.Question

[2020-05-08 18:29:18 #7 type] 
Type domain.Question is not enhanced.

[2020-05-08 18:29:18 #8 type.registry] 
New type domain.Event

[2020-05-08 18:29:18 #9 type.registry] 
New type domain.Respuesta

[2020-05-08 18:29:18 #10 type.registry] 
New type java.util.Vector<domain.Respuesta>

[2020-05-08 18:29:18 #11 type] 
Type domain.Event is not enhanced.

[2020-05-08 18:29:18 #12 type.registry] 
New type java.util.Vector<domain.Question>

[2020-05-08 18:29:18 #13 type] 
Type domain.Respuesta is not enhanced.

[2020-05-08 18:29:18 #14 type.registry] 
New type java.util.Vector<java.lang.Object>

[2020-05-08 18:29:44 #15 type.registry] 
New type domain.Carrera

[2020-05-08 18:29:44 #16 type] 
Type domain.Carrera is not enhanced.

[2020-05-08 18:29:44 #17 type.registry] 
New type domain.Galgo

[2020-05-08 18:29:44 #18 type.registry] 
New type java.util.Vector<domain.Galgo>

[2020-05-08 18:29:44 #19 type] 
Type domain.Galgo is not enhanced.

------------------------------------------------------------------------------------------------------------------------

[2020-05-08 18:38:16 #1 store] 
Database '/home/asier/Documents/Ingenieria/IS/Proyecto/IS/resources/bets.temp' is opened by 111883@asier-xps159560

[2020-05-08 18:38:16 #2 type.registry] 
New type domain.Admin

[2020-05-08 18:38:16 #3 type] 
Type domain.Admin is not enhanced.

[2020-05-08 18:38:16 #4 type.registry] 
New type domain.Usuario

[2020-05-08 18:38:16 #5 type] 
Type domain.Usuario is not enhanced.

[2020-05-08 18:38:16 #6 type.registry] 
New type domain.Question

[2020-05-08 18:38:16 #7 type] 
Type domain.Question is not enhanced.

[2020-05-08 18:38:16 #8 type.registry] 
New type domain.Event

[2020-05-08 18:38:16 #9 type.registry] 
New type domain.Respuesta

[2020-05-08 18:38:16 #10 type.registry] 
New type java.util.Vector<domain.Respuesta>

[2020-05-08 18:38:16 #11 type] 
Type domain.Event is not enhanced.

[2020-05-08 18:38:16 #12 type.registry] 
New type java.util.Vector<domain.Question>

[2020-05-08 18:38:16 #13 type] 
Type domain.Respuesta is not enhanced.

[2020-05-08 18:38:16 #14 type.registry] 
New type java.util.Vector<java.lang.Object>

[2020-05-08 18:38:32 #15 type.registry] 
New type domain.Carrera

[2020-05-08 18:38:32 #16 type] 
Type domain.Carrera is not enhanced.

[2020-05-08 18:38:32 #17 type.registry] 
New type domain.Galgo

[2020-05-08 18:38:32 #18 type.registry] 
New type java.util.Vector<domain.Galgo>

[2020-05-08 18:38:32 #19 type] 
Type domain.Galgo is not enhanced.

------------------------------------------------------------------------------------------------------------------------

[2020-05-08 18:41:29 #1 store] 
Database '/home/asier/Documents/Ingenieria/IS/Proyecto/IS/resources/bets.temp' is opened by 112269@asier-xps159560

[2020-05-08 18:41:29 #2 type.registry] 
New type domain.Admin

[2020-05-08 18:41:29 #3 type] 
Type domain.Admin is not enhanced.

[2020-05-08 18:41:29 #4 type.registry] 
New type domain.Usuario

[2020-05-08 18:41:29 #5 type] 
Type domain.Usuario is not enhanced.

[2020-05-08 18:41:29 #6 type.registry] 
New type domain.Question

[2020-05-08 18:41:29 #7 type] 
Type domain.Question is not enhanced.

[2020-05-08 18:41:29 #8 type.registry] 
New type domain.Event

[2020-05-08 18:41:29 #9 type.registry] 
New type domain.Respuesta

[2020-05-08 18:41:29 #10 type.registry] 
New type java.util.Vector<domain.Respuesta>

[2020-05-08 18:41:29 #11 type] 
Type domain.Event is not enhanced.

[2020-05-08 18:41:29 #12 type.registry] 
New type java.util.Vector<domain.Question>

[2020-05-08 18:41:29 #13 type] 
Type domain.Respuesta is not enhanced.

[2020-05-08 18:41:29 #14 type.registry] 
New type java.util.Vector<java.lang.Object>

[2020-05-08 18:41:37 #15 type.registry] 
New type domain.Carrera

[2020-05-08 18:41:37 #16 type] 
Type domain.Carrera is not enhanced.

[2020-05-08 18:41:37 #17 type.registry] 
New type domain.Galgo

[2020-05-08 18:41:37 #18 type.registry] 
New type java.util.Vector<domain.Galgo>

[2020-05-08 18:41:37 #19 type] 
Type domain.Galgo is not enhanced.

------------------------------------------------------------------------------------------------------------------------

[2020-05-08 18:45:52 #1 store] 
Database '/home/asier/Documents/Ingenieria/IS/Proyecto/IS/resources/bets.temp' is opened by 112472@asier-xps159560

[2020-05-08 18:45:52 #2 type.registry] 
New type domain.Admin

[2020-05-08 18:45:52 #3 type] 
Type domain.Admin is not enhanced.

[2020-05-08 18:45:52 #4 type.registry] 
New type domain.Usuario

[2020-05-08 18:45:52 #5 type] 
Type domain.Usuario is not enhanced.

[2020-05-08 18:45:52 #6 type.registry] 
New type domain.Question

[2020-05-08 18:45:52 #7 type] 
Type domain.Question is not enhanced.

[2020-05-08 18:45:52 #8 type.registry] 
New type domain.Event

[2020-05-08 18:45:52 #9 type.registry] 
New type domain.Respuesta

[2020-05-08 18:45:52 #10 type.registry] 
New type java.util.Vector<domain.Respuesta>

[2020-05-08 18:45:52 #11 type] 
Type domain.Event is not enhanced.

[2020-05-08 18:45:52 #12 type.registry] 
New type java.util.Vector<domain.Question>

[2020-05-08 18:45:52 #13 type] 
Type domain.Respuesta is not enhanced.

[2020-05-08 18:45:52 #14 type.registry] 
New type java.util.Vector<java.lang.Object>

[2020-05-08 18:46:00 #15 type.registry] 
New type domain.Carrera

[2020-05-08 18:46:00 #16 type] 
Type domain.Carrera is not enhanced.

[2020-05-08 18:46:00 #17 type.registry] 
New type domain.Galgo

[2020-05-08 18:46:00 #18 type.registry] 
New type java.util.Vector<domain.Galgo>

[2020-05-08 18:46:00 #19 type] 
Type domain.Galgo is not enhanced.

