------------------------------------------------------------------------------------------------------------------------

[2020-04-01 12:40:42 #1 store] 
Database 'C:\Users\unaia\OneDrive\Desktop\ProyectoIS\resources\bets.temp' is opened by 17588@MSI

[2020-04-01 12:40:42 #2 type.registry] 
New type domain.Admin

[2020-04-01 12:40:42 #3 type] 
Type domain.Admin is not enhanced.

[2020-04-01 12:40:42 #4 type.registry] 
New type domain.Usuario

[2020-04-01 12:40:42 #5 type] 
Type domain.Usuario is not enhanced.

[2020-04-01 12:40:42 #6 type.registry] 
New type domain.Question

[2020-04-01 12:40:42 #7 type] 
Type domain.Question is not enhanced.

[2020-04-01 12:40:42 #8 type.registry] 
New type domain.Event

[2020-04-01 12:40:42 #9 type.registry] 
New type java.util.Vector<java.lang.String>

[2020-04-01 12:40:42 #10 type] 
Type domain.Event is not enhanced.

[2020-04-01 12:40:42 #11 type.registry] 
New type java.util.Vector<domain.Question>

[2020-04-01 12:40:42 #12 type.registry] 
New type java.util.Vector<java.lang.Object>

