------------------------------------------------------------------------------------------------------------------------

[2020-03-05 09:00:04 #1 store] 
Database 'C:\Users\unaia\OneDrive\Desktop\ProyectoIS\resources\bets.temp' is opened by 17256@MSI

[2020-03-05 09:00:04 #2 type.registry] 
New type domain.Admin

[2020-03-05 09:00:04 #3 type] 
Type domain.Admin is not enhanced.

[2020-03-05 09:00:04 #4 type.registry] 
New type domain.Usuario

[2020-03-05 09:00:04 #5 type] 
Type domain.Usuario is not enhanced.

[2020-03-05 09:00:05 #6 type.registry] 
New type domain.Question

[2020-03-05 09:00:05 #7 type] 
Type domain.Question is not enhanced.

[2020-03-05 09:00:05 #8 type.registry] 
New type domain.Event

[2020-03-05 09:00:05 #9 type] 
Type domain.Event is not enhanced.

[2020-03-05 09:00:05 #10 type.registry] 
New type java.util.Vector<domain.Question>

[2020-03-05 09:00:05 #11 type.registry] 
New type java.util.Vector<java.lang.Object>

------------------------------------------------------------------------------------------------------------------------

[2020-03-05 09:00:32 #1 store] 
Database 'C:\Users\unaia\OneDrive\Desktop\ProyectoIS\resources\bets.temp' is opened by 3908@MSI

[2020-03-05 09:00:33 #2 type.registry] 
New type domain.Admin

[2020-03-05 09:00:33 #3 type] 
Type domain.Admin is not enhanced.

[2020-03-05 09:00:33 #4 type.registry] 
New type domain.Usuario

[2020-03-05 09:00:33 #5 type] 
Type domain.Usuario is not enhanced.

[2020-03-05 09:00:33 #6 type.registry] 
New type domain.Question

[2020-03-05 09:00:33 #7 type] 
Type domain.Question is not enhanced.

[2020-03-05 09:00:33 #8 type.registry] 
New type domain.Event

[2020-03-05 09:00:33 #9 type] 
Type domain.Event is not enhanced.

[2020-03-05 09:00:33 #10 type.registry] 
New type java.util.Vector<domain.Question>

[2020-03-05 09:00:33 #11 type.registry] 
New type java.util.Vector<java.lang.Object>

------------------------------------------------------------------------------------------------------------------------

[2020-03-05 09:02:51 #1 store] 
Database 'C:\Users\unaia\OneDrive\Desktop\ProyectoIS\resources\bets.temp' is opened by 8992@MSI

[2020-03-05 09:02:52 #2 type.registry] 
New type domain.Admin

[2020-03-05 09:02:52 #3 type] 
Type domain.Admin is not enhanced.

[2020-03-05 09:02:52 #4 type.registry] 
New type domain.Usuario

[2020-03-05 09:02:52 #5 type] 
Type domain.Usuario is not enhanced.

[2020-03-05 09:02:52 #6 type.registry] 
New type domain.Question

[2020-03-05 09:02:52 #7 type] 
Type domain.Question is not enhanced.

[2020-03-05 09:02:52 #8 type.registry] 
New type domain.Event

[2020-03-05 09:02:52 #9 type] 
Type domain.Event is not enhanced.

[2020-03-05 09:02:52 #10 type.registry] 
New type java.util.Vector<domain.Question>

[2020-03-05 09:02:52 #11 type.registry] 
New type java.util.Vector<java.lang.Object>

------------------------------------------------------------------------------------------------------------------------

[2020-03-05 09:07:21 #1 store] 
Database 'C:\Users\unaia\OneDrive\Desktop\ProyectoIS\resources\bets.temp' is opened by 5840@MSI

[2020-03-05 09:07:21 #2 type.registry] 
New type domain.Admin

[2020-03-05 09:07:21 #3 type] 
Type domain.Admin is not enhanced.

[2020-03-05 09:07:21 #4 type.registry] 
New type domain.Usuario

[2020-03-05 09:07:21 #5 type] 
Type domain.Usuario is not enhanced.

[2020-03-05 09:07:21 #6 type.registry] 
New type domain.Question

[2020-03-05 09:07:21 #7 type] 
Type domain.Question is not enhanced.

[2020-03-05 09:07:21 #8 type.registry] 
New type domain.Event

[2020-03-05 09:07:21 #9 type] 
Type domain.Event is not enhanced.

[2020-03-05 09:07:21 #10 type.registry] 
New type java.util.Vector<domain.Question>

[2020-03-05 09:07:21 #11 type.registry] 
New type java.util.Vector<java.lang.Object>

------------------------------------------------------------------------------------------------------------------------

[2020-03-05 09:44:40 #1 store] 
Database 'C:\Users\unaia\OneDrive\Desktop\ProyectoIS\resources\bets.temp' is opened by 7392@MSI

[2020-03-05 09:44:40 #2 type.registry] 
New type domain.Admin

[2020-03-05 09:44:40 #3 type] 
Type domain.Admin is not enhanced.

[2020-03-05 09:44:40 #4 type.registry] 
New type domain.Usuario

[2020-03-05 09:44:40 #5 type] 
Type domain.Usuario is not enhanced.

[2020-03-05 09:44:40 #6 type.registry] 
New type domain.Question

[2020-03-05 09:44:40 #7 type] 
Type domain.Question is not enhanced.

[2020-03-05 09:44:40 #8 type.registry] 
New type domain.Event

[2020-03-05 09:44:40 #9 type] 
Type domain.Event is not enhanced.

[2020-03-05 09:44:40 #10 type.registry] 
New type java.util.Vector<domain.Question>

[2020-03-05 09:44:40 #11 type.registry] 
New type java.util.Vector<java.lang.Object>

[2020-03-05 09:46:40 #12 type.registry] 
New type domain.Apuesta

[2020-03-05 09:46:40 #13 type] 
Type domain.Apuesta is not enhanced.

------------------------------------------------------------------------------------------------------------------------

[2020-03-05 09:54:13 #1 store] 
Database 'C:\Users\unaia\OneDrive\Desktop\ProyectoIS\resources\bets.temp' is opened by 18940@MSI

[2020-03-05 09:54:13 #2 type.registry] 
New type domain.Admin

[2020-03-05 09:54:13 #3 type] 
Type domain.Admin is not enhanced.

[2020-03-05 09:54:13 #4 type.registry] 
New type domain.Usuario

[2020-03-05 09:54:13 #5 type] 
Type domain.Usuario is not enhanced.

[2020-03-05 09:54:13 #6 type.registry] 
New type domain.Question

[2020-03-05 09:54:13 #7 type] 
Type domain.Question is not enhanced.

[2020-03-05 09:54:13 #8 type.registry] 
New type domain.Event

[2020-03-05 09:54:13 #9 type] 
Type domain.Event is not enhanced.

[2020-03-05 09:54:13 #10 type.registry] 
New type java.util.Vector<domain.Question>

[2020-03-05 09:54:13 #11 type.registry] 
New type java.util.Vector<java.lang.Object>

------------------------------------------------------------------------------------------------------------------------

[2020-03-05 10:01:30 #1 store] 
Database 'C:\Users\unaia\OneDrive\Desktop\ProyectoIS\resources\bets.temp' is opened by 7584@MSI

[2020-03-05 10:01:31 #2 type.registry] 
New type domain.Admin

[2020-03-05 10:01:31 #3 type] 
Type domain.Admin is not enhanced.

[2020-03-05 10:01:31 #4 type.registry] 
New type domain.Usuario

[2020-03-05 10:01:31 #5 type] 
Type domain.Usuario is not enhanced.

[2020-03-05 10:01:31 #6 type.registry] 
New type domain.Question

[2020-03-05 10:01:31 #7 type] 
Type domain.Question is not enhanced.

[2020-03-05 10:01:31 #8 type.registry] 
New type domain.Event

[2020-03-05 10:01:31 #9 type] 
Type domain.Event is not enhanced.

[2020-03-05 10:01:31 #10 type.registry] 
New type java.util.Vector<domain.Question>

[2020-03-05 10:01:31 #11 type.registry] 
New type java.util.Vector<java.lang.Object>

------------------------------------------------------------------------------------------------------------------------

[2020-03-05 10:02:13 #1 store] 
Database 'C:\Users\unaia\OneDrive\Desktop\ProyectoIS\resources\bets.temp' is opened by 3192@MSI

[2020-03-05 10:02:13 #2 type.registry] 
New type domain.Admin

[2020-03-05 10:02:13 #3 type] 
Type domain.Admin is not enhanced.

[2020-03-05 10:02:13 #4 type.registry] 
New type domain.Usuario

[2020-03-05 10:02:13 #5 type] 
Type domain.Usuario is not enhanced.

[2020-03-05 10:02:13 #6 type.registry] 
New type domain.Question

[2020-03-05 10:02:13 #7 type] 
Type domain.Question is not enhanced.

[2020-03-05 10:02:13 #8 type.registry] 
New type domain.Event

[2020-03-05 10:02:13 #9 type] 
Type domain.Event is not enhanced.

[2020-03-05 10:02:13 #10 type.registry] 
New type java.util.Vector<domain.Question>

[2020-03-05 10:02:13 #11 type.registry] 
New type java.util.Vector<java.lang.Object>

------------------------------------------------------------------------------------------------------------------------

[2020-03-05 10:03:14 #1 store] 
Database 'C:\Users\unaia\OneDrive\Desktop\ProyectoIS\resources\bets.temp' is opened by 14672@MSI

[2020-03-05 10:03:15 #2 type.registry] 
New type domain.Admin

[2020-03-05 10:03:15 #3 type] 
Type domain.Admin is not enhanced.

[2020-03-05 10:03:15 #4 type.registry] 
New type domain.Usuario

[2020-03-05 10:03:15 #5 type] 
Type domain.Usuario is not enhanced.

[2020-03-05 10:03:15 #6 type.registry] 
New type domain.Question

[2020-03-05 10:03:15 #7 type] 
Type domain.Question is not enhanced.

[2020-03-05 10:03:15 #8 type.registry] 
New type domain.Event

[2020-03-05 10:03:15 #9 type] 
Type domain.Event is not enhanced.

[2020-03-05 10:03:15 #10 type.registry] 
New type java.util.Vector<domain.Question>

[2020-03-05 10:03:15 #11 type.registry] 
New type java.util.Vector<java.lang.Object>

------------------------------------------------------------------------------------------------------------------------

[2020-03-05 10:03:50 #1 store] 
Database 'C:\Users\unaia\OneDrive\Desktop\ProyectoIS\resources\bets.temp' is opened by 10700@MSI

[2020-03-05 10:03:50 #2 type.registry] 
New type domain.Admin

[2020-03-05 10:03:50 #3 type] 
Type domain.Admin is not enhanced.

[2020-03-05 10:03:51 #4 type.registry] 
New type domain.Usuario

[2020-03-05 10:03:51 #5 type] 
Type domain.Usuario is not enhanced.

[2020-03-05 10:03:51 #6 type.registry] 
New type domain.Question

[2020-03-05 10:03:51 #7 type] 
Type domain.Question is not enhanced.

[2020-03-05 10:03:51 #8 type.registry] 
New type domain.Event

[2020-03-05 10:03:51 #9 type] 
Type domain.Event is not enhanced.

[2020-03-05 10:03:51 #10 type.registry] 
New type java.util.Vector<domain.Question>

[2020-03-05 10:03:51 #11 type.registry] 
New type java.util.Vector<java.lang.Object>

------------------------------------------------------------------------------------------------------------------------

[2020-03-05 10:06:34 #1 store] 
Database 'C:\Users\unaia\OneDrive\Desktop\ProyectoIS\resources\bets.temp' is opened by 12476@MSI

[2020-03-05 10:06:34 #2 type.registry] 
New type domain.Admin

[2020-03-05 10:06:34 #3 type] 
Type domain.Admin is not enhanced.

[2020-03-05 10:06:34 #4 type.registry] 
New type domain.Usuario

[2020-03-05 10:06:34 #5 type] 
Type domain.Usuario is not enhanced.

[2020-03-05 10:06:34 #6 type.registry] 
New type domain.Question

[2020-03-05 10:06:34 #7 type] 
Type domain.Question is not enhanced.

[2020-03-05 10:06:34 #8 type.registry] 
New type domain.Event

[2020-03-05 10:06:34 #9 type] 
Type domain.Event is not enhanced.

[2020-03-05 10:06:34 #10 type.registry] 
New type java.util.Vector<domain.Question>

[2020-03-05 10:06:34 #11 type.registry] 
New type java.util.Vector<java.lang.Object>

------------------------------------------------------------------------------------------------------------------------

[2020-03-05 10:10:02 #1 store] 
Database 'C:\Users\unaia\OneDrive\Desktop\ProyectoIS\resources\bets.temp' is opened by 14636@MSI

[2020-03-05 10:10:02 #2 type.registry] 
New type domain.Admin

[2020-03-05 10:10:02 #3 type] 
Type domain.Admin is not enhanced.

[2020-03-05 10:10:02 #4 type.registry] 
New type domain.Usuario

[2020-03-05 10:10:02 #5 type] 
Type domain.Usuario is not enhanced.

[2020-03-05 10:10:03 #6 type.registry] 
New type domain.Question

[2020-03-05 10:10:03 #7 type] 
Type domain.Question is not enhanced.

[2020-03-05 10:10:03 #8 type.registry] 
New type domain.Event

[2020-03-05 10:10:03 #9 type] 
Type domain.Event is not enhanced.

[2020-03-05 10:10:03 #10 type.registry] 
New type java.util.Vector<domain.Question>

[2020-03-05 10:10:03 #11 type.registry] 
New type java.util.Vector<java.lang.Object>

------------------------------------------------------------------------------------------------------------------------

[2020-03-05 10:12:11 #1 store] 
Database 'C:\Users\unaia\OneDrive\Desktop\ProyectoIS\resources\bets.temp' is opened by 9412@MSI

[2020-03-05 10:12:12 #2 type.registry] 
New type domain.Admin

[2020-03-05 10:12:12 #3 type] 
Type domain.Admin is not enhanced.

[2020-03-05 10:12:12 #4 type.registry] 
New type domain.Usuario

[2020-03-05 10:12:12 #5 type] 
Type domain.Usuario is not enhanced.

[2020-03-05 10:12:12 #6 type.registry] 
New type domain.Question

[2020-03-05 10:12:12 #7 type] 
Type domain.Question is not enhanced.

[2020-03-05 10:12:12 #8 type.registry] 
New type domain.Event

[2020-03-05 10:12:12 #9 type] 
Type domain.Event is not enhanced.

[2020-03-05 10:12:12 #10 type.registry] 
New type java.util.Vector<domain.Question>

[2020-03-05 10:12:12 #11 type.registry] 
New type java.util.Vector<java.lang.Object>

------------------------------------------------------------------------------------------------------------------------

[2020-03-05 10:48:11 #1 store] 
Database 'C:\Users\unaia\OneDrive\Desktop\ProyectoIS\resources\bets.temp' is opened by 12284@MSI

[2020-03-05 10:48:11 #2 type.registry] 
New type domain.Admin

[2020-03-05 10:48:11 #3 type] 
Type domain.Admin is not enhanced.

[2020-03-05 10:48:11 #4 type.registry] 
New type domain.Usuario

[2020-03-05 10:48:11 #5 type] 
Type domain.Usuario is not enhanced.

[2020-03-05 10:48:11 #6 type.registry] 
New type domain.Question

[2020-03-05 10:48:11 #7 type] 
Type domain.Question is not enhanced.

[2020-03-05 10:48:11 #8 type.registry] 
New type domain.Event

[2020-03-05 10:48:11 #9 type] 
Type domain.Event is not enhanced.

[2020-03-05 10:48:11 #10 type.registry] 
New type java.util.Vector<domain.Question>

[2020-03-05 10:48:11 #11 type.registry] 
New type java.util.Vector<java.lang.Object>

------------------------------------------------------------------------------------------------------------------------

[2020-03-05 10:49:22 #1 store] 
Database 'C:\Users\unaia\OneDrive\Desktop\ProyectoIS\resources\bets.temp' is opened by 20088@MSI

[2020-03-05 10:49:22 #2 type.registry] 
New type domain.Admin

[2020-03-05 10:49:22 #3 type] 
Type domain.Admin is not enhanced.

[2020-03-05 10:49:22 #4 type.registry] 
New type domain.Usuario

[2020-03-05 10:49:22 #5 type] 
Type domain.Usuario is not enhanced.

[2020-03-05 10:49:22 #6 type.registry] 
New type domain.Question

[2020-03-05 10:49:22 #7 type] 
Type domain.Question is not enhanced.

[2020-03-05 10:49:22 #8 type.registry] 
New type domain.Event

[2020-03-05 10:49:22 #9 type] 
Type domain.Event is not enhanced.

[2020-03-05 10:49:22 #10 type.registry] 
New type java.util.Vector<domain.Question>

[2020-03-05 10:49:22 #11 type.registry] 
New type java.util.Vector<java.lang.Object>

------------------------------------------------------------------------------------------------------------------------

[2020-03-05 10:49:43 #1 store] 
Database 'C:\Users\unaia\OneDrive\Desktop\ProyectoIS\resources\bets.temp' is opened by 4304@MSI

[2020-03-05 10:49:43 #2 type.registry] 
New type domain.Admin

[2020-03-05 10:49:43 #3 type] 
Type domain.Admin is not enhanced.

[2020-03-05 10:49:43 #4 type.registry] 
New type domain.Usuario

[2020-03-05 10:49:43 #5 type] 
Type domain.Usuario is not enhanced.

[2020-03-05 10:49:43 #6 type.registry] 
New type domain.Question

[2020-03-05 10:49:43 #7 type] 
Type domain.Question is not enhanced.

[2020-03-05 10:49:43 #8 type.registry] 
New type domain.Event

[2020-03-05 10:49:43 #9 type] 
Type domain.Event is not enhanced.

[2020-03-05 10:49:43 #10 type.registry] 
New type java.util.Vector<domain.Question>

[2020-03-05 10:49:43 #11 type.registry] 
New type java.util.Vector<java.lang.Object>

------------------------------------------------------------------------------------------------------------------------

[2020-03-05 10:53:31 #1 store] 
Database 'C:\Users\unaia\OneDrive\Desktop\ProyectoIS\resources\bets.temp' is opened by 18624@MSI

[2020-03-05 10:53:31 #2 type.registry] 
New type domain.Admin

[2020-03-05 10:53:31 #3 type] 
Type domain.Admin is not enhanced.

[2020-03-05 10:53:31 #4 type.registry] 
New type domain.Usuario

[2020-03-05 10:53:31 #5 type] 
Type domain.Usuario is not enhanced.

[2020-03-05 10:53:31 #6 type.registry] 
New type domain.Question

[2020-03-05 10:53:31 #7 type] 
Type domain.Question is not enhanced.

[2020-03-05 10:53:31 #8 type.registry] 
New type domain.Event

[2020-03-05 10:53:31 #9 type] 
Type domain.Event is not enhanced.

[2020-03-05 10:53:31 #10 type.registry] 
New type java.util.Vector<domain.Question>

[2020-03-05 10:53:31 #11 type.registry] 
New type java.util.Vector<java.lang.Object>

[2020-03-05 10:54:19 #12 type.registry] 
New type domain.Apuesta

[2020-03-05 10:54:19 #13 type] 
Type domain.Apuesta is not enhanced.

------------------------------------------------------------------------------------------------------------------------

[2020-03-05 11:16:19 #1 store] 
Database 'C:\Users\unaia\OneDrive\Desktop\ProyectoIS\resources\bets.temp' is opened by 19776@MSI

[2020-03-05 11:16:19 #2 type.registry] 
New type domain.Admin

[2020-03-05 11:16:19 #3 type] 
Type domain.Admin is not enhanced.

[2020-03-05 11:16:19 #4 type.registry] 
New type domain.Usuario

[2020-03-05 11:16:19 #5 type] 
Type domain.Usuario is not enhanced.

[2020-03-05 11:16:19 #6 type.registry] 
New type domain.Question

[2020-03-05 11:16:19 #7 type] 
Type domain.Question is not enhanced.

[2020-03-05 11:16:19 #8 type.registry] 
New type domain.Event

[2020-03-05 11:16:19 #9 type] 
Type domain.Event is not enhanced.

[2020-03-05 11:16:19 #10 type.registry] 
New type java.util.Vector<domain.Question>

[2020-03-05 11:16:19 #11 type.registry] 
New type java.util.Vector<java.lang.Object>

------------------------------------------------------------------------------------------------------------------------

[2020-03-05 11:16:51 #1 store] 
Database 'C:\Users\unaia\OneDrive\Desktop\ProyectoIS\resources\bets.temp' is opened by 4896@MSI

[2020-03-05 11:16:51 #2 type.registry] 
New type domain.Admin

[2020-03-05 11:16:51 #3 type] 
Type domain.Admin is not enhanced.

[2020-03-05 11:16:51 #4 type.registry] 
New type domain.Usuario

[2020-03-05 11:16:51 #5 type] 
Type domain.Usuario is not enhanced.

[2020-03-05 11:16:51 #6 type.registry] 
New type domain.Question

[2020-03-05 11:16:51 #7 type] 
Type domain.Question is not enhanced.

[2020-03-05 11:16:51 #8 type.registry] 
New type domain.Event

[2020-03-05 11:16:51 #9 type] 
Type domain.Event is not enhanced.

[2020-03-05 11:16:51 #10 type.registry] 
New type java.util.Vector<domain.Question>

[2020-03-05 11:16:51 #11 type.registry] 
New type java.util.Vector<java.lang.Object>

[2020-03-05 11:16:56 #12 type.registry] 
New type domain.Apuesta

[2020-03-05 11:16:56 #13 type] 
Type domain.Apuesta is not enhanced.

------------------------------------------------------------------------------------------------------------------------

[2020-03-05 11:18:29 #1 store] 
Database 'C:\Users\unaia\OneDrive\Desktop\ProyectoIS\resources\bets.temp' is opened by 17200@MSI

[2020-03-05 11:18:29 #2 type.registry] 
New type domain.Admin

[2020-03-05 11:18:29 #3 type] 
Type domain.Admin is not enhanced.

[2020-03-05 11:18:29 #4 type.registry] 
New type domain.Usuario

[2020-03-05 11:18:29 #5 type] 
Type domain.Usuario is not enhanced.

[2020-03-05 11:18:29 #6 type.registry] 
New type domain.Question

[2020-03-05 11:18:29 #7 type] 
Type domain.Question is not enhanced.

[2020-03-05 11:18:29 #8 type.registry] 
New type domain.Event

[2020-03-05 11:18:29 #9 type] 
Type domain.Event is not enhanced.

[2020-03-05 11:18:29 #10 type.registry] 
New type java.util.Vector<domain.Question>

[2020-03-05 11:18:29 #11 type.registry] 
New type java.util.Vector<java.lang.Object>

[2020-03-05 11:18:34 #12 type.registry] 
New type domain.Apuesta

[2020-03-05 11:18:34 #13 type] 
Type domain.Apuesta is not enhanced.

------------------------------------------------------------------------------------------------------------------------

[2020-03-05 11:19:33 #1 store] 
Database 'C:\Users\unaia\OneDrive\Desktop\ProyectoIS\resources\bets.temp' is opened by 19220@MSI

[2020-03-05 11:19:33 #2 type.registry] 
New type domain.Admin

[2020-03-05 11:19:33 #3 type] 
Type domain.Admin is not enhanced.

[2020-03-05 11:19:33 #4 type.registry] 
New type domain.Usuario

[2020-03-05 11:19:33 #5 type] 
Type domain.Usuario is not enhanced.

[2020-03-05 11:19:33 #6 type.registry] 
New type domain.Question

[2020-03-05 11:19:33 #7 type] 
Type domain.Question is not enhanced.

[2020-03-05 11:19:33 #8 type.registry] 
New type domain.Event

[2020-03-05 11:19:33 #9 type] 
Type domain.Event is not enhanced.

[2020-03-05 11:19:33 #10 type.registry] 
New type java.util.Vector<domain.Question>

[2020-03-05 11:19:33 #11 type.registry] 
New type java.util.Vector<java.lang.Object>

[2020-03-05 11:19:44 #12 type.registry] 
New type domain.Apuesta

[2020-03-05 11:19:44 #13 type] 
Type domain.Apuesta is not enhanced.

<<<<<<< Updated upstream
------------------------------------------------------------------------------------------------------------------------

[2020-03-05 11:31:32 #1 store] 
Database '/home/asier/pCloudDrive/Ingenieria/IS/Proyecto/resources/bets.temp' is opened by 13388@asier-XPS-15-9560

[2020-03-05 11:31:32 #2 type.registry] 
New type domain.Admin

[2020-03-05 11:31:32 #3 type] 
Type domain.Admin is not enhanced.

[2020-03-05 11:31:32 #4 type.registry] 
New type domain.Usuario

[2020-03-05 11:31:32 #5 type] 
Type domain.Usuario is not enhanced.

[2020-03-05 11:31:32 #6 type.registry] 
New type domain.Question

[2020-03-05 11:31:32 #7 type] 
Type domain.Question is not enhanced.

[2020-03-05 11:31:32 #8 type.registry] 
New type domain.Event

[2020-03-05 11:31:32 #9 type] 
Type domain.Event is not enhanced.

[2020-03-05 11:31:32 #10 type.registry] 
New type java.util.Vector<domain.Question>

[2020-03-05 11:31:32 #11 type.registry] 
New type java.util.Vector<java.lang.Object>

------------------------------------------------------------------------------------------------------------------------

[2020-03-05 11:49:32 #1 store] 
Database '/home/asier/pCloudDrive/Ingenieria/IS/Proyecto/resources/bets.temp' is opened by 14889@asier-XPS-15-9560

[2020-03-05 11:49:32 #2 type.registry] 
New type domain.Admin

[2020-03-05 11:49:32 #3 type] 
Type domain.Admin is not enhanced.

[2020-03-05 11:49:32 #4 type.registry] 
New type domain.Usuario

[2020-03-05 11:49:32 #5 type] 
Type domain.Usuario is not enhanced.

[2020-03-05 11:49:32 #6 type.registry] 
New type domain.Question

[2020-03-05 11:49:32 #7 type] 
Type domain.Question is not enhanced.

[2020-03-05 11:49:32 #8 type.registry] 
New type domain.Event

[2020-03-05 11:49:32 #9 type] 
Type domain.Event is not enhanced.

[2020-03-05 11:49:32 #10 type.registry] 
New type java.util.Vector<domain.Question>

[2020-03-05 11:49:32 #11 type.registry] 
New type java.util.Vector<java.lang.Object>

------------------------------------------------------------------------------------------------------------------------

[2020-03-05 11:53:07 #1 store] 
Database '/home/asier/pCloudDrive/Ingenieria/IS/Proyecto/resources/bets.temp' is opened by 15238@asier-XPS-15-9560

[2020-03-05 11:53:07 #2 type.registry] 
New type domain.Admin

[2020-03-05 11:53:07 #3 type] 
Type domain.Admin is not enhanced.

[2020-03-05 11:53:07 #4 type.registry] 
New type domain.Usuario

[2020-03-05 11:53:07 #5 type] 
Type domain.Usuario is not enhanced.

[2020-03-05 11:53:07 #6 type.registry] 
New type domain.Question

[2020-03-05 11:53:07 #7 type] 
Type domain.Question is not enhanced.

[2020-03-05 11:53:07 #8 type.registry] 
New type domain.Event

[2020-03-05 11:53:07 #9 type] 
Type domain.Event is not enhanced.

[2020-03-05 11:53:07 #10 type.registry] 
New type java.util.Vector<domain.Question>

[2020-03-05 11:53:07 #11 type.registry] 
New type java.util.Vector<java.lang.Object>

------------------------------------------------------------------------------------------------------------------------

[2020-03-05 11:54:51 #1 store] 
Database '/home/asier/pCloudDrive/Ingenieria/IS/Proyecto/resources/bets.temp' is opened by 15401@asier-XPS-15-9560

[2020-03-05 11:54:52 #2 type.registry] 
New type domain.Admin

[2020-03-05 11:54:52 #3 type] 
Type domain.Admin is not enhanced.

[2020-03-05 11:54:52 #4 type.registry] 
New type domain.Usuario

[2020-03-05 11:54:52 #5 type] 
Type domain.Usuario is not enhanced.

[2020-03-05 11:54:52 #6 type.registry] 
New type domain.Question

[2020-03-05 11:54:52 #7 type] 
Type domain.Question is not enhanced.

[2020-03-05 11:54:52 #8 type.registry] 
New type domain.Event

[2020-03-05 11:54:52 #9 type] 
Type domain.Event is not enhanced.

[2020-03-05 11:54:52 #10 type.registry] 
New type java.util.Vector<domain.Question>

[2020-03-05 11:54:52 #11 type.registry] 
New type java.util.Vector<java.lang.Object>

------------------------------------------------------------------------------------------------------------------------

[2020-03-05 11:57:33 #1 store] 
Database '/home/asier/pCloudDrive/Ingenieria/IS/Proyecto/resources/bets.temp' is opened by 15548@asier-XPS-15-9560

[2020-03-05 11:57:33 #2 type.registry] 
New type domain.Admin

[2020-03-05 11:57:33 #3 type] 
Type domain.Admin is not enhanced.

[2020-03-05 11:57:33 #4 type.registry] 
New type domain.Usuario

[2020-03-05 11:57:33 #5 type] 
Type domain.Usuario is not enhanced.

[2020-03-05 11:57:33 #6 type.registry] 
New type domain.Question

[2020-03-05 11:57:33 #7 type] 
Type domain.Question is not enhanced.

[2020-03-05 11:57:33 #8 type.registry] 
New type domain.Event

[2020-03-05 11:57:33 #9 type] 
Type domain.Event is not enhanced.

[2020-03-05 11:57:33 #10 type.registry] 
New type java.util.Vector<domain.Question>

[2020-03-05 11:57:33 #11 type.registry] 
New type java.util.Vector<java.lang.Object>

=======
------------------------------------------------------------------------------------------------------------------------

[2020-03-05 11:26:00 #1 store] 
Database 'C:\Users\unaia\OneDrive\Desktop\ProyectoIS\resources\bets.temp' is opened by 11352@MSI

[2020-03-05 11:26:00 #2 type.registry] 
New type domain.Admin

[2020-03-05 11:26:00 #3 type] 
Type domain.Admin is not enhanced.

[2020-03-05 11:26:00 #4 type.registry] 
New type domain.Usuario

[2020-03-05 11:26:00 #5 type] 
Type domain.Usuario is not enhanced.

[2020-03-05 11:26:00 #6 type.registry] 
New type domain.Question

[2020-03-05 11:26:00 #7 type] 
Type domain.Question is not enhanced.

[2020-03-05 11:26:00 #8 type.registry] 
New type domain.Event

[2020-03-05 11:26:00 #9 type] 
Type domain.Event is not enhanced.

[2020-03-05 11:26:00 #10 type.registry] 
New type java.util.Vector<domain.Question>

[2020-03-05 11:26:00 #11 type.registry] 
New type java.util.Vector<java.lang.Object>

------------------------------------------------------------------------------------------------------------------------

[2020-03-05 11:29:51 #1 store] 
Database 'C:\Users\unaia\OneDrive\Desktop\ProyectoIS\resources\bets.temp' is opened by 720@MSI

[2020-03-05 11:29:52 #2 type.registry] 
New type domain.Admin

[2020-03-05 11:29:52 #3 type] 
Type domain.Admin is not enhanced.

[2020-03-05 11:29:52 #4 type.registry] 
New type domain.Usuario

[2020-03-05 11:29:52 #5 type] 
Type domain.Usuario is not enhanced.

[2020-03-05 11:29:52 #6 type.registry] 
New type domain.Question

[2020-03-05 11:29:52 #7 type] 
Type domain.Question is not enhanced.

[2020-03-05 11:29:52 #8 type.registry] 
New type domain.Event

[2020-03-05 11:29:52 #9 type] 
Type domain.Event is not enhanced.

[2020-03-05 11:29:52 #10 type.registry] 
New type java.util.Vector<domain.Question>

[2020-03-05 11:29:52 #11 type.registry] 
New type java.util.Vector<java.lang.Object>

------------------------------------------------------------------------------------------------------------------------

[2020-03-05 11:31:31 #1 store] 
Database 'C:\Users\unaia\OneDrive\Desktop\ProyectoIS\resources\bets.temp' is opened by 12412@MSI

[2020-03-05 11:31:31 #2 type.registry] 
New type domain.Admin

[2020-03-05 11:31:31 #3 type] 
Type domain.Admin is not enhanced.

[2020-03-05 11:31:31 #4 type.registry] 
New type domain.Usuario

[2020-03-05 11:31:31 #5 type] 
Type domain.Usuario is not enhanced.

[2020-03-05 11:31:31 #6 type.registry] 
New type domain.Question

[2020-03-05 11:31:31 #7 type] 
Type domain.Question is not enhanced.

[2020-03-05 11:31:31 #8 type.registry] 
New type domain.Event

[2020-03-05 11:31:31 #9 type] 
Type domain.Event is not enhanced.

[2020-03-05 11:31:31 #10 type.registry] 
New type java.util.Vector<domain.Question>

[2020-03-05 11:31:31 #11 type.registry] 
New type java.util.Vector<java.lang.Object>

------------------------------------------------------------------------------------------------------------------------

[2020-03-05 11:32:01 #1 store] 
Database 'C:\Users\unaia\OneDrive\Desktop\ProyectoIS\resources\bets.temp' is opened by 14668@MSI

[2020-03-05 11:32:01 #2 type.registry] 
New type domain.Admin

[2020-03-05 11:32:01 #3 type] 
Type domain.Admin is not enhanced.

[2020-03-05 11:32:01 #4 type.registry] 
New type domain.Usuario

[2020-03-05 11:32:01 #5 type] 
Type domain.Usuario is not enhanced.

[2020-03-05 11:32:01 #6 type.registry] 
New type domain.Question

[2020-03-05 11:32:01 #7 type] 
Type domain.Question is not enhanced.

[2020-03-05 11:32:01 #8 type.registry] 
New type domain.Event

[2020-03-05 11:32:01 #9 type] 
Type domain.Event is not enhanced.

[2020-03-05 11:32:01 #10 type.registry] 
New type java.util.Vector<domain.Question>

[2020-03-05 11:32:01 #11 type.registry] 
New type java.util.Vector<java.lang.Object>

------------------------------------------------------------------------------------------------------------------------

[2020-03-05 11:32:28 #1 store] 
Database 'C:\Users\unaia\OneDrive\Desktop\ProyectoIS\resources\bets.temp' is opened by 18848@MSI

[2020-03-05 11:32:29 #2 type.registry] 
New type domain.Admin

[2020-03-05 11:32:29 #3 type] 
Type domain.Admin is not enhanced.

[2020-03-05 11:32:29 #4 type.registry] 
New type domain.Usuario

[2020-03-05 11:32:29 #5 type] 
Type domain.Usuario is not enhanced.

[2020-03-05 11:32:29 #6 type.registry] 
New type domain.Question

[2020-03-05 11:32:29 #7 type] 
Type domain.Question is not enhanced.

[2020-03-05 11:32:29 #8 type.registry] 
New type domain.Event

[2020-03-05 11:32:29 #9 type] 
Type domain.Event is not enhanced.

[2020-03-05 11:32:29 #10 type.registry] 
New type java.util.Vector<domain.Question>

[2020-03-05 11:32:29 #11 type.registry] 
New type java.util.Vector<java.lang.Object>

------------------------------------------------------------------------------------------------------------------------

[2020-03-05 11:34:04 #1 store] 
Database 'C:\Users\unaia\OneDrive\Desktop\ProyectoIS\resources\bets.temp' is opened by 4872@MSI

[2020-03-05 11:34:04 #2 type.registry] 
New type domain.Admin

[2020-03-05 11:34:04 #3 type] 
Type domain.Admin is not enhanced.

[2020-03-05 11:34:04 #4 type.registry] 
New type domain.Usuario

[2020-03-05 11:34:04 #5 type] 
Type domain.Usuario is not enhanced.

[2020-03-05 11:34:04 #6 type.registry] 
New type domain.Question

[2020-03-05 11:34:04 #7 type] 
Type domain.Question is not enhanced.

[2020-03-05 11:34:04 #8 type.registry] 
New type domain.Event

[2020-03-05 11:34:04 #9 type] 
Type domain.Event is not enhanced.

[2020-03-05 11:34:04 #10 type.registry] 
New type java.util.Vector<domain.Question>

[2020-03-05 11:34:04 #11 type.registry] 
New type java.util.Vector<java.lang.Object>

------------------------------------------------------------------------------------------------------------------------

[2020-03-05 11:35:17 #1 store] 
Database 'C:\Users\unaia\OneDrive\Desktop\ProyectoIS\resources\bets.temp' is opened by 12264@MSI

[2020-03-05 11:35:17 #2 type.registry] 
New type domain.Admin

[2020-03-05 11:35:17 #3 type] 
Type domain.Admin is not enhanced.

[2020-03-05 11:35:17 #4 type.registry] 
New type domain.Usuario

[2020-03-05 11:35:17 #5 type] 
Type domain.Usuario is not enhanced.

[2020-03-05 11:35:17 #6 type.registry] 
New type domain.Question

[2020-03-05 11:35:17 #7 type] 
Type domain.Question is not enhanced.

[2020-03-05 11:35:17 #8 type.registry] 
New type domain.Event

[2020-03-05 11:35:17 #9 type] 
Type domain.Event is not enhanced.

[2020-03-05 11:35:17 #10 type.registry] 
New type java.util.Vector<domain.Question>

[2020-03-05 11:35:17 #11 type.registry] 
New type java.util.Vector<java.lang.Object>

------------------------------------------------------------------------------------------------------------------------

[2020-03-05 11:35:49 #1 store] 
Database 'C:\Users\unaia\OneDrive\Desktop\ProyectoIS\resources\bets.temp' is opened by 3480@MSI

[2020-03-05 11:35:49 #2 type.registry] 
New type domain.Admin

[2020-03-05 11:35:49 #3 type] 
Type domain.Admin is not enhanced.

[2020-03-05 11:35:49 #4 type.registry] 
New type domain.Usuario

[2020-03-05 11:35:49 #5 type] 
Type domain.Usuario is not enhanced.

[2020-03-05 11:35:49 #6 type.registry] 
New type domain.Question

[2020-03-05 11:35:49 #7 type] 
Type domain.Question is not enhanced.

[2020-03-05 11:35:49 #8 type.registry] 
New type domain.Event

[2020-03-05 11:35:49 #9 type] 
Type domain.Event is not enhanced.

[2020-03-05 11:35:49 #10 type.registry] 
New type java.util.Vector<domain.Question>

[2020-03-05 11:35:49 #11 type.registry] 
New type java.util.Vector<java.lang.Object>

------------------------------------------------------------------------------------------------------------------------

[2020-03-05 11:46:47 #1 store] 
Database 'C:\Users\unaia\OneDrive\Desktop\ProyectoIS\resources\bets.temp' is opened by 15180@MSI

[2020-03-05 11:46:47 #2 type.registry] 
New type domain.Admin

[2020-03-05 11:46:47 #3 type] 
Type domain.Admin is not enhanced.

[2020-03-05 11:46:47 #4 type.registry] 
New type domain.Usuario

[2020-03-05 11:46:47 #5 type] 
Type domain.Usuario is not enhanced.

[2020-03-05 11:46:47 #6 type.registry] 
New type domain.Question

[2020-03-05 11:46:47 #7 type] 
Type domain.Question is not enhanced.

[2020-03-05 11:46:47 #8 type.registry] 
New type domain.Event

[2020-03-05 11:46:47 #9 type.registry] 
New type java.util.ArrayList<java.lang.String>

[2020-03-05 11:46:47 #10 type] 
Type domain.Event is not enhanced.

[2020-03-05 11:46:47 #11 type.registry] 
New type java.util.Vector<domain.Question>

[2020-03-05 11:46:47 #12 type.registry] 
New type java.util.Vector<java.lang.Object>

[2020-03-05 11:46:47 #13 type.registry] 
New type java.util.ArrayList<java.lang.Object>

------------------------------------------------------------------------------------------------------------------------

[2020-03-05 11:48:39 #1 store] 
Database 'C:\Users\unaia\OneDrive\Desktop\ProyectoIS\resources\bets.temp' is opened by 13088@MSI

[2020-03-05 11:48:39 #2 type.registry] 
New type domain.Admin

[2020-03-05 11:48:39 #3 type] 
Type domain.Admin is not enhanced.

[2020-03-05 11:48:39 #4 type.registry] 
New type domain.Usuario

[2020-03-05 11:48:39 #5 type] 
Type domain.Usuario is not enhanced.

[2020-03-05 11:48:39 #6 type.registry] 
New type domain.Question

[2020-03-05 11:48:39 #7 type] 
Type domain.Question is not enhanced.

[2020-03-05 11:48:39 #8 type.registry] 
New type domain.Event

[2020-03-05 11:48:39 #9 type.registry] 
New type java.util.ArrayList<java.lang.String>

[2020-03-05 11:48:39 #10 type] 
Type domain.Event is not enhanced.

[2020-03-05 11:48:39 #11 type.registry] 
New type java.util.Vector<domain.Question>

[2020-03-05 11:48:39 #12 type.registry] 
New type java.util.Vector<java.lang.Object>

[2020-03-05 11:48:39 #13 type.registry] 
New type java.util.ArrayList<java.lang.Object>

------------------------------------------------------------------------------------------------------------------------

[2020-03-05 11:51:52 #1 store] 
Database 'C:\Users\unaia\OneDrive\Desktop\ProyectoIS\resources\bets.temp' is opened by 7264@MSI

[2020-03-05 11:51:52 #2 type.registry] 
New type domain.Admin

[2020-03-05 11:51:52 #3 type] 
Type domain.Admin is not enhanced.

[2020-03-05 11:51:52 #4 type.registry] 
New type domain.Usuario

[2020-03-05 11:51:52 #5 type] 
Type domain.Usuario is not enhanced.

[2020-03-05 11:51:52 #6 type.registry] 
New type domain.Question

[2020-03-05 11:51:52 #7 type] 
Type domain.Question is not enhanced.

[2020-03-05 11:51:52 #8 type.registry] 
New type domain.Event

[2020-03-05 11:51:52 #9 type.registry] 
New type java.util.ArrayList<java.lang.String>

[2020-03-05 11:51:52 #10 type] 
Type domain.Event is not enhanced.

[2020-03-05 11:51:52 #11 type.registry] 
New type java.util.Vector<domain.Question>

[2020-03-05 11:51:52 #12 type.registry] 
New type java.util.Vector<java.lang.Object>

[2020-03-05 11:51:52 #13 type.registry] 
New type java.util.ArrayList<java.lang.Object>

------------------------------------------------------------------------------------------------------------------------

[2020-03-05 11:53:14 #1 store] 
Database 'C:\Users\unaia\OneDrive\Desktop\ProyectoIS\resources\bets.temp' is opened by 13988@MSI

[2020-03-05 11:53:14 #2 type.registry] 
New type domain.Admin

[2020-03-05 11:53:14 #3 type] 
Type domain.Admin is not enhanced.

[2020-03-05 11:53:14 #4 type.registry] 
New type domain.Usuario

[2020-03-05 11:53:14 #5 type] 
Type domain.Usuario is not enhanced.

[2020-03-05 11:53:14 #6 type.registry] 
New type domain.Question

[2020-03-05 11:53:14 #7 type] 
Type domain.Question is not enhanced.

[2020-03-05 11:53:14 #8 type.registry] 
New type domain.Event

[2020-03-05 11:53:14 #9 type.registry] 
New type java.util.ArrayList<java.lang.String>

[2020-03-05 11:53:14 #10 type] 
Type domain.Event is not enhanced.

[2020-03-05 11:53:14 #11 type.registry] 
New type java.util.Vector<domain.Question>

[2020-03-05 11:53:14 #12 type.registry] 
New type java.util.Vector<java.lang.Object>

[2020-03-05 11:53:14 #13 type.registry] 
New type java.util.ArrayList<java.lang.Object>

------------------------------------------------------------------------------------------------------------------------

[2020-03-05 11:53:37 #1 store] 
Database 'C:\Users\unaia\OneDrive\Desktop\ProyectoIS\resources\bets.temp' is opened by 3548@MSI

[2020-03-05 11:53:37 #2 type.registry] 
New type domain.Admin

[2020-03-05 11:53:37 #3 type] 
Type domain.Admin is not enhanced.

[2020-03-05 11:53:37 #4 type.registry] 
New type domain.Usuario

[2020-03-05 11:53:37 #5 type] 
Type domain.Usuario is not enhanced.

[2020-03-05 11:53:37 #6 type.registry] 
New type domain.Question

[2020-03-05 11:53:37 #7 type] 
Type domain.Question is not enhanced.

[2020-03-05 11:53:37 #8 type.registry] 
New type domain.Event

[2020-03-05 11:53:37 #9 type.registry] 
New type java.util.ArrayList<java.lang.String>

[2020-03-05 11:53:37 #10 type] 
Type domain.Event is not enhanced.

[2020-03-05 11:53:37 #11 type.registry] 
New type java.util.Vector<domain.Question>

[2020-03-05 11:53:37 #12 type.registry] 
New type java.util.Vector<java.lang.Object>

[2020-03-05 11:53:37 #13 type.registry] 
New type java.util.ArrayList<java.lang.Object>

------------------------------------------------------------------------------------------------------------------------

[2020-03-05 11:56:02 #1 store] 
Database 'C:\Users\unaia\OneDrive\Desktop\ProyectoIS\resources\bets.temp' is opened by 11232@MSI

[2020-03-05 11:56:02 #2 type.registry] 
New type domain.Admin

[2020-03-05 11:56:02 #3 type] 
Type domain.Admin is not enhanced.

[2020-03-05 11:56:02 #4 type.registry] 
New type domain.Usuario

[2020-03-05 11:56:02 #5 type] 
Type domain.Usuario is not enhanced.

[2020-03-05 11:56:03 #6 type.registry] 
New type domain.Question

[2020-03-05 11:56:03 #7 type] 
Type domain.Question is not enhanced.

[2020-03-05 11:56:03 #8 type.registry] 
New type domain.Event

[2020-03-05 11:56:03 #9 type.registry] 
New type java.util.ArrayList<java.lang.String>

[2020-03-05 11:56:03 #10 type] 
Type domain.Event is not enhanced.

[2020-03-05 11:56:03 #11 type.registry] 
New type java.util.Vector<domain.Question>

[2020-03-05 11:56:03 #12 type.registry] 
New type java.util.Vector<java.lang.Object>

[2020-03-05 11:56:03 #13 type.registry] 
New type java.util.ArrayList<java.lang.Object>

------------------------------------------------------------------------------------------------------------------------

[2020-03-05 12:04:51 #1 store] 
Database 'C:\Users\unaia\OneDrive\Desktop\ProyectoIS\resources\bets.temp' is opened by 8072@MSI

[2020-03-05 12:04:51 #2 type.registry] 
New type domain.Admin

[2020-03-05 12:04:51 #3 type] 
Type domain.Admin is not enhanced.

[2020-03-05 12:04:51 #4 type.registry] 
New type domain.Usuario

[2020-03-05 12:04:51 #5 type] 
Type domain.Usuario is not enhanced.

[2020-03-05 12:04:51 #6 type.registry] 
New type domain.Question

[2020-03-05 12:04:51 #7 type] 
Type domain.Question is not enhanced.

[2020-03-05 12:04:51 #8 type.registry] 
New type domain.Event

[2020-03-05 12:04:51 #9 type.registry] 
New type java.util.ArrayList<java.lang.String>

[2020-03-05 12:04:51 #10 type] 
Type domain.Event is not enhanced.

[2020-03-05 12:04:51 #11 type.registry] 
New type java.util.Vector<domain.Question>

[2020-03-05 12:04:51 #12 type.registry] 
New type java.util.Vector<java.lang.Object>

[2020-03-05 12:04:51 #13 type.registry] 
New type java.util.ArrayList<java.lang.Object>

------------------------------------------------------------------------------------------------------------------------

[2020-03-05 12:05:23 #1 store] 
Database 'C:\Users\unaia\OneDrive\Desktop\ProyectoIS\resources\bets.temp' is opened by 16580@MSI

[2020-03-05 12:05:23 #2 type.registry] 
New type domain.Admin

[2020-03-05 12:05:23 #3 type] 
Type domain.Admin is not enhanced.

[2020-03-05 12:05:23 #4 type.registry] 
New type domain.Usuario

[2020-03-05 12:05:23 #5 type] 
Type domain.Usuario is not enhanced.

[2020-03-05 12:05:23 #6 type.registry] 
New type domain.Question

[2020-03-05 12:05:23 #7 type] 
Type domain.Question is not enhanced.

[2020-03-05 12:05:23 #8 type.registry] 
New type domain.Event

[2020-03-05 12:05:23 #9 type.registry] 
New type java.util.ArrayList<java.lang.String>

[2020-03-05 12:05:23 #10 type] 
Type domain.Event is not enhanced.

[2020-03-05 12:05:23 #11 type.registry] 
New type java.util.Vector<domain.Question>

[2020-03-05 12:05:23 #12 type.registry] 
New type java.util.Vector<java.lang.Object>

[2020-03-05 12:05:23 #13 type.registry] 
New type java.util.ArrayList<java.lang.Object>

------------------------------------------------------------------------------------------------------------------------

[2020-03-05 12:09:18 #1 store] 
Database 'C:\Users\unaia\OneDrive\Desktop\ProyectoIS\resources\bets.temp' is opened by 2992@MSI

[2020-03-05 12:09:18 #2 type.registry] 
New type domain.Admin

[2020-03-05 12:09:18 #3 type] 
Type domain.Admin is not enhanced.

[2020-03-05 12:09:18 #4 type.registry] 
New type domain.Usuario

[2020-03-05 12:09:18 #5 type] 
Type domain.Usuario is not enhanced.

[2020-03-05 12:09:18 #6 type.registry] 
New type domain.Question

[2020-03-05 12:09:18 #7 type] 
Type domain.Question is not enhanced.

[2020-03-05 12:09:18 #8 type.registry] 
New type domain.Event

[2020-03-05 12:09:18 #9 type.registry] 
New type java.util.ArrayList<java.lang.String>

[2020-03-05 12:09:18 #10 type] 
Type domain.Event is not enhanced.

[2020-03-05 12:09:18 #11 type.registry] 
New type java.util.Vector<domain.Question>

[2020-03-05 12:09:18 #12 type.registry] 
New type java.util.Vector<java.lang.Object>

[2020-03-05 12:09:18 #13 type.registry] 
New type java.util.ArrayList<java.lang.Object>

------------------------------------------------------------------------------------------------------------------------

[2020-03-05 12:09:59 #1 store] 
Database 'C:\Users\unaia\OneDrive\Desktop\ProyectoIS\resources\bets.temp' is opened by 18156@MSI

[2020-03-05 12:10:00 #2 type.registry] 
New type domain.Admin

[2020-03-05 12:10:00 #3 type] 
Type domain.Admin is not enhanced.

[2020-03-05 12:10:00 #4 type.registry] 
New type domain.Usuario

[2020-03-05 12:10:00 #5 type] 
Type domain.Usuario is not enhanced.

[2020-03-05 12:10:00 #6 type.registry] 
New type domain.Question

[2020-03-05 12:10:00 #7 type] 
Type domain.Question is not enhanced.

[2020-03-05 12:10:00 #8 type.registry] 
New type domain.Event

[2020-03-05 12:10:00 #9 type.registry] 
New type java.util.ArrayList<java.lang.String>

[2020-03-05 12:10:00 #10 type] 
Type domain.Event is not enhanced.

[2020-03-05 12:10:00 #11 type.registry] 
New type java.util.Vector<domain.Question>

[2020-03-05 12:10:00 #12 type.registry] 
New type java.util.Vector<java.lang.Object>

[2020-03-05 12:10:00 #13 type.registry] 
New type java.util.ArrayList<java.lang.Object>

------------------------------------------------------------------------------------------------------------------------

[2020-03-05 12:11:26 #1 store] 
Database 'C:\Users\unaia\OneDrive\Desktop\ProyectoIS\resources\bets.temp' is opened by 16784@MSI

[2020-03-05 12:11:26 #2 type.registry] 
New type domain.Admin

[2020-03-05 12:11:26 #3 type] 
Type domain.Admin is not enhanced.

[2020-03-05 12:11:26 #4 type.registry] 
New type domain.Usuario

[2020-03-05 12:11:26 #5 type] 
Type domain.Usuario is not enhanced.

[2020-03-05 12:11:26 #6 type.registry] 
New type domain.Question

[2020-03-05 12:11:26 #7 type] 
Type domain.Question is not enhanced.

[2020-03-05 12:11:26 #8 type.registry] 
New type domain.Event

[2020-03-05 12:11:26 #9 type.registry] 
New type java.util.ArrayList<java.lang.String>

[2020-03-05 12:11:26 #10 type] 
Type domain.Event is not enhanced.

[2020-03-05 12:11:26 #11 type.registry] 
New type java.util.Vector<domain.Question>

[2020-03-05 12:11:26 #12 type.registry] 
New type java.util.Vector<java.lang.Object>

[2020-03-05 12:11:26 #13 type.registry] 
New type java.util.ArrayList<java.lang.Object>

------------------------------------------------------------------------------------------------------------------------

[2020-03-05 12:12:11 #1 store] 
Database 'C:\Users\unaia\OneDrive\Desktop\ProyectoIS\resources\bets.temp' is opened by 1316@MSI

[2020-03-05 12:12:11 #2 type.registry] 
New type domain.Admin

[2020-03-05 12:12:11 #3 type] 
Type domain.Admin is not enhanced.

[2020-03-05 12:12:11 #4 type.registry] 
New type domain.Usuario

[2020-03-05 12:12:11 #5 type] 
Type domain.Usuario is not enhanced.

[2020-03-05 12:12:11 #6 type.registry] 
New type domain.Question

[2020-03-05 12:12:11 #7 type] 
Type domain.Question is not enhanced.

[2020-03-05 12:12:11 #8 type.registry] 
New type domain.Event

[2020-03-05 12:12:11 #9 type.registry] 
New type java.util.ArrayList<java.lang.String>

[2020-03-05 12:12:11 #10 type] 
Type domain.Event is not enhanced.

[2020-03-05 12:12:11 #11 type.registry] 
New type java.util.Vector<domain.Question>

[2020-03-05 12:12:11 #12 type.registry] 
New type java.util.Vector<java.lang.Object>

[2020-03-05 12:12:11 #13 type.registry] 
New type java.util.ArrayList<java.lang.Object>

------------------------------------------------------------------------------------------------------------------------

[2020-03-05 12:12:55 #1 store] 
Database 'C:\Users\unaia\OneDrive\Desktop\ProyectoIS\resources\bets.temp' is opened by 16252@MSI

[2020-03-05 12:12:55 #2 type.registry] 
New type domain.Admin

[2020-03-05 12:12:55 #3 type] 
Type domain.Admin is not enhanced.

[2020-03-05 12:12:55 #4 type.registry] 
New type domain.Usuario

[2020-03-05 12:12:55 #5 type] 
Type domain.Usuario is not enhanced.

[2020-03-05 12:12:55 #6 type.registry] 
New type domain.Question

[2020-03-05 12:12:55 #7 type] 
Type domain.Question is not enhanced.

[2020-03-05 12:12:55 #8 type.registry] 
New type domain.Event

[2020-03-05 12:12:55 #9 type.registry] 
New type java.util.ArrayList<java.lang.String>

[2020-03-05 12:12:55 #10 type] 
Type domain.Event is not enhanced.

[2020-03-05 12:12:55 #11 type.registry] 
New type java.util.Vector<domain.Question>

[2020-03-05 12:12:55 #12 type.registry] 
New type java.util.Vector<java.lang.Object>

[2020-03-05 12:12:55 #13 type.registry] 
New type java.util.ArrayList<java.lang.Object>

------------------------------------------------------------------------------------------------------------------------

[2020-03-05 12:13:18 #1 store] 
Database 'C:\Users\unaia\OneDrive\Desktop\ProyectoIS\resources\bets.temp' is opened by 19472@MSI

[2020-03-05 12:13:18 #2 type.registry] 
New type domain.Admin

[2020-03-05 12:13:18 #3 type] 
Type domain.Admin is not enhanced.

[2020-03-05 12:13:18 #4 type.registry] 
New type domain.Usuario

[2020-03-05 12:13:18 #5 type] 
Type domain.Usuario is not enhanced.

[2020-03-05 12:13:18 #6 type.registry] 
New type domain.Question

[2020-03-05 12:13:18 #7 type] 
Type domain.Question is not enhanced.

[2020-03-05 12:13:18 #8 type.registry] 
New type domain.Event

[2020-03-05 12:13:18 #9 type.registry] 
New type java.util.ArrayList<java.lang.String>

[2020-03-05 12:13:18 #10 type] 
Type domain.Event is not enhanced.

[2020-03-05 12:13:18 #11 type.registry] 
New type java.util.Vector<domain.Question>

[2020-03-05 12:13:18 #12 type.registry] 
New type java.util.Vector<java.lang.Object>

[2020-03-05 12:13:18 #13 type.registry] 
New type java.util.ArrayList<java.lang.Object>

------------------------------------------------------------------------------------------------------------------------

[2020-03-05 12:14:01 #1 store] 
Database 'C:\Users\unaia\OneDrive\Desktop\ProyectoIS\resources\bets.temp' is opened by 11988@MSI

[2020-03-05 12:14:01 #2 type.registry] 
New type domain.Admin

[2020-03-05 12:14:01 #3 type] 
Type domain.Admin is not enhanced.

[2020-03-05 12:14:01 #4 type.registry] 
New type domain.Usuario

[2020-03-05 12:14:01 #5 type] 
Type domain.Usuario is not enhanced.

[2020-03-05 12:14:01 #6 type.registry] 
New type domain.Question

[2020-03-05 12:14:01 #7 type] 
Type domain.Question is not enhanced.

[2020-03-05 12:14:01 #8 type.registry] 
New type domain.Event

[2020-03-05 12:14:01 #9 type.registry] 
New type java.util.ArrayList<java.lang.String>

[2020-03-05 12:14:01 #10 type] 
Type domain.Event is not enhanced.

[2020-03-05 12:14:01 #11 type.registry] 
New type java.util.Vector<domain.Question>

[2020-03-05 12:14:01 #12 type.registry] 
New type java.util.Vector<java.lang.Object>

[2020-03-05 12:14:01 #13 type.registry] 
New type java.util.ArrayList<java.lang.Object>

------------------------------------------------------------------------------------------------------------------------

[2020-03-05 12:14:54 #1 store] 
Database 'C:\Users\unaia\OneDrive\Desktop\ProyectoIS\resources\bets.temp' is opened by 4876@MSI

[2020-03-05 12:14:54 #2 type.registry] 
New type domain.Admin

[2020-03-05 12:14:54 #3 type] 
Type domain.Admin is not enhanced.

[2020-03-05 12:14:54 #4 type.registry] 
New type domain.Usuario

[2020-03-05 12:14:54 #5 type] 
Type domain.Usuario is not enhanced.

[2020-03-05 12:14:54 #6 type.registry] 
New type domain.Question

[2020-03-05 12:14:54 #7 type] 
Type domain.Question is not enhanced.

[2020-03-05 12:14:54 #8 type.registry] 
New type domain.Event

[2020-03-05 12:14:54 #9 type.registry] 
New type java.util.ArrayList<java.lang.String>

[2020-03-05 12:14:54 #10 type] 
Type domain.Event is not enhanced.

[2020-03-05 12:14:54 #11 type.registry] 
New type java.util.Vector<domain.Question>

[2020-03-05 12:14:54 #12 type.registry] 
New type java.util.Vector<java.lang.Object>

[2020-03-05 12:14:54 #13 type.registry] 
New type java.util.ArrayList<java.lang.Object>

------------------------------------------------------------------------------------------------------------------------

[2020-03-05 12:15:14 #1 store] 
Database 'C:\Users\unaia\OneDrive\Desktop\ProyectoIS\resources\bets.temp' is opened by 8744@MSI

[2020-03-05 12:15:14 #2 type.registry] 
New type domain.Admin

[2020-03-05 12:15:14 #3 type] 
Type domain.Admin is not enhanced.

[2020-03-05 12:15:14 #4 type.registry] 
New type domain.Usuario

[2020-03-05 12:15:14 #5 type] 
Type domain.Usuario is not enhanced.

[2020-03-05 12:15:14 #6 type.registry] 
New type domain.Question

[2020-03-05 12:15:14 #7 type] 
Type domain.Question is not enhanced.

[2020-03-05 12:15:14 #8 type.registry] 
New type domain.Event

[2020-03-05 12:15:14 #9 type.registry] 
New type java.util.ArrayList<java.lang.String>

[2020-03-05 12:15:14 #10 type] 
Type domain.Event is not enhanced.

[2020-03-05 12:15:14 #11 type.registry] 
New type java.util.Vector<domain.Question>

[2020-03-05 12:15:14 #12 type.registry] 
New type java.util.Vector<java.lang.Object>

[2020-03-05 12:15:14 #13 type.registry] 
New type java.util.ArrayList<java.lang.Object>

------------------------------------------------------------------------------------------------------------------------

[2020-03-05 12:16:48 #1 store] 
Database 'C:\Users\unaia\OneDrive\Desktop\ProyectoIS\resources\bets.temp' is opened by 12776@MSI

[2020-03-05 12:16:48 #2 type.registry] 
New type domain.Admin

[2020-03-05 12:16:48 #3 type] 
Type domain.Admin is not enhanced.

[2020-03-05 12:16:48 #4 type.registry] 
New type domain.Usuario

[2020-03-05 12:16:48 #5 type] 
Type domain.Usuario is not enhanced.

[2020-03-05 12:16:48 #6 type.registry] 
New type domain.Question

[2020-03-05 12:16:48 #7 type] 
Type domain.Question is not enhanced.

[2020-03-05 12:16:48 #8 type.registry] 
New type domain.Event

[2020-03-05 12:16:48 #9 type.registry] 
New type java.util.ArrayList<java.lang.String>

[2020-03-05 12:16:48 #10 type] 
Type domain.Event is not enhanced.

[2020-03-05 12:16:48 #11 type.registry] 
New type java.util.Vector<domain.Question>

[2020-03-05 12:16:48 #12 type.registry] 
New type java.util.Vector<java.lang.Object>

[2020-03-05 12:16:48 #13 type.registry] 
New type java.util.ArrayList<java.lang.Object>

------------------------------------------------------------------------------------------------------------------------

[2020-03-05 12:39:19 #1 store] 
Database 'C:\Users\unaia\OneDrive\Desktop\ProyectoIS\resources\bets.temp' is opened by 7048@MSI

[2020-03-05 12:39:19 #2 type.registry] 
New type domain.Admin

[2020-03-05 12:39:19 #3 type] 
Type domain.Admin is not enhanced.

[2020-03-05 12:39:19 #4 type.registry] 
New type domain.Usuario

[2020-03-05 12:39:19 #5 type] 
Type domain.Usuario is not enhanced.

[2020-03-05 12:39:19 #6 type.registry] 
New type domain.Question

[2020-03-05 12:39:19 #7 type] 
Type domain.Question is not enhanced.

[2020-03-05 12:39:19 #8 type.registry] 
New type domain.Event

[2020-03-05 12:39:19 #9 type.registry] 
New type java.util.ArrayList<java.lang.String>

[2020-03-05 12:39:19 #10 type] 
Type domain.Event is not enhanced.

[2020-03-05 12:39:19 #11 type.registry] 
New type java.util.Vector<domain.Question>

[2020-03-05 12:39:19 #12 type.registry] 
New type java.util.Vector<java.lang.Object>

[2020-03-05 12:39:19 #13 type.registry] 
New type java.util.ArrayList<java.lang.Object>

------------------------------------------------------------------------------------------------------------------------

[2020-03-05 12:39:48 #1 store] 
Database 'C:\Users\unaia\OneDrive\Desktop\ProyectoIS\resources\bets.temp' is opened by 4876@MSI

[2020-03-05 12:39:49 #2 type.registry] 
New type domain.Admin

[2020-03-05 12:39:49 #3 type] 
Type domain.Admin is not enhanced.

[2020-03-05 12:39:49 #4 type.registry] 
New type domain.Usuario

[2020-03-05 12:39:49 #5 type] 
Type domain.Usuario is not enhanced.

[2020-03-05 12:39:49 #6 type.registry] 
New type domain.Question

[2020-03-05 12:39:49 #7 type] 
Type domain.Question is not enhanced.

[2020-03-05 12:39:49 #8 type.registry] 
New type domain.Event

[2020-03-05 12:39:49 #9 type.registry] 
New type java.util.ArrayList<java.lang.String>

[2020-03-05 12:39:49 #10 type] 
Type domain.Event is not enhanced.

[2020-03-05 12:39:49 #11 type.registry] 
New type java.util.Vector<domain.Question>

[2020-03-05 12:39:49 #12 type.registry] 
New type java.util.Vector<java.lang.Object>

[2020-03-05 12:39:49 #13 type.registry] 
New type java.util.ArrayList<java.lang.Object>

------------------------------------------------------------------------------------------------------------------------

[2020-03-05 12:47:17 #1 store] 
Database 'C:\Users\unaia\OneDrive\Desktop\ProyectoIS\resources\bets.temp' is opened by 12048@MSI

[2020-03-05 12:47:17 #2 type.registry] 
New type domain.Admin

[2020-03-05 12:47:17 #3 type] 
Type domain.Admin is not enhanced.

[2020-03-05 12:47:17 #4 type.registry] 
New type domain.Usuario

[2020-03-05 12:47:17 #5 type] 
Type domain.Usuario is not enhanced.

[2020-03-05 12:47:17 #6 type.registry] 
New type domain.Question

[2020-03-05 12:47:17 #7 type] 
Type domain.Question is not enhanced.

[2020-03-05 12:47:17 #8 type.registry] 
New type domain.Event

[2020-03-05 12:47:17 #9 type.registry] 
New type domain.ListaRespuestas

[2020-03-05 12:47:17 #10 type] 
Type domain.Event is not enhanced.

[2020-03-05 12:47:17 #11 type.registry] 
New type java.util.Vector<domain.Question>

[2020-03-05 12:47:17 #12 type.registry] 
New type java.util.Vector<java.lang.Object>

------------------------------------------------------------------------------------------------------------------------

[2020-03-05 12:48:21 #1 store] 
Database 'C:\Users\unaia\OneDrive\Desktop\ProyectoIS\resources\bets.temp' is opened by 13156@MSI

[2020-03-05 12:48:21 #2 type.registry] 
New type domain.Admin

[2020-03-05 12:48:21 #3 type] 
Type domain.Admin is not enhanced.

[2020-03-05 12:48:21 #4 type.registry] 
New type domain.Usuario

[2020-03-05 12:48:21 #5 type] 
Type domain.Usuario is not enhanced.

[2020-03-05 12:48:21 #6 type.registry] 
New type domain.Question

[2020-03-05 12:48:21 #7 type] 
Type domain.Question is not enhanced.

[2020-03-05 12:48:21 #8 type.registry] 
New type domain.Event

[2020-03-05 12:48:21 #9 type.registry] 
New type domain.ListaRespuestas

[2020-03-05 12:48:21 #10 type] 
Type domain.Event is not enhanced.

[2020-03-05 12:48:21 #11 type.registry] 
New type java.util.Vector<domain.Question>

[2020-03-05 12:48:21 #12 type] 
Type domain.ListaRespuestas is not enhanced.

[2020-03-05 12:48:21 #13 type.registry] 
New type java.util.ArrayList<java.lang.String>

[2020-03-05 12:48:21 #14 type.registry] 
New type java.util.Vector<java.lang.Object>

------------------------------------------------------------------------------------------------------------------------

[2020-03-05 12:51:11 #1 store] 
Database 'C:\Users\unaia\OneDrive\Desktop\ProyectoIS\resources\bets.temp' is opened by 11892@MSI

[2020-03-05 12:51:11 #2 type.registry] 
New type domain.Admin

[2020-03-05 12:51:11 #3 type] 
Type domain.Admin is not enhanced.

[2020-03-05 12:51:11 #4 type.registry] 
New type domain.Usuario

[2020-03-05 12:51:11 #5 type] 
Type domain.Usuario is not enhanced.

[2020-03-05 12:51:11 #6 type.registry] 
New type domain.Question

[2020-03-05 12:51:11 #7 type] 
Type domain.Question is not enhanced.

[2020-03-05 12:51:11 #8 type.registry] 
New type domain.Event

[2020-03-05 12:51:11 #9 type.registry] 
New type java.util.Vector<java.lang.String>

[2020-03-05 12:51:11 #10 type] 
Type domain.Event is not enhanced.

[2020-03-05 12:51:11 #11 type.registry] 
New type java.util.Vector<domain.Question>

[2020-03-05 12:51:11 #12 type.registry] 
New type java.util.Vector<java.lang.Object>

------------------------------------------------------------------------------------------------------------------------

[2020-03-05 12:51:33 #1 store] 
Database 'C:\Users\unaia\OneDrive\Desktop\ProyectoIS\resources\bets.temp' is opened by 14584@MSI

[2020-03-05 12:51:34 #2 type.registry] 
New type domain.Admin

[2020-03-05 12:51:34 #3 type] 
Type domain.Admin is not enhanced.

[2020-03-05 12:51:34 #4 type.registry] 
New type domain.Usuario

[2020-03-05 12:51:34 #5 type] 
Type domain.Usuario is not enhanced.

[2020-03-05 12:51:34 #6 type.registry] 
New type domain.Question

[2020-03-05 12:51:34 #7 type] 
Type domain.Question is not enhanced.

[2020-03-05 12:51:34 #8 type.registry] 
New type domain.Event

[2020-03-05 12:51:34 #9 type.registry] 
New type java.util.Vector<java.lang.String>

[2020-03-05 12:51:34 #10 type] 
Type domain.Event is not enhanced.

[2020-03-05 12:51:34 #11 type.registry] 
New type java.util.Vector<domain.Question>

[2020-03-05 12:51:34 #12 type.registry] 
New type java.util.Vector<java.lang.Object>

------------------------------------------------------------------------------------------------------------------------

[2020-03-05 12:54:13 #1 store] 
Database 'C:\Users\unaia\OneDrive\Desktop\ProyectoIS\resources\bets.temp' is opened by 5328@MSI

[2020-03-05 12:54:13 #2 type.registry] 
New type domain.Admin

[2020-03-05 12:54:13 #3 type] 
Type domain.Admin is not enhanced.

[2020-03-05 12:54:13 #4 type.registry] 
New type domain.Usuario

[2020-03-05 12:54:13 #5 type] 
Type domain.Usuario is not enhanced.

[2020-03-05 12:54:13 #6 type.registry] 
New type domain.Question

[2020-03-05 12:54:13 #7 type] 
Type domain.Question is not enhanced.

[2020-03-05 12:54:13 #8 type.registry] 
New type domain.Event

[2020-03-05 12:54:13 #9 type] 
Type domain.Event is not enhanced.

[2020-03-05 12:54:13 #10 type.registry] 
New type java.util.Vector<domain.Question>

[2020-03-05 12:54:13 #11 type.registry] 
New type java.util.Vector<java.lang.Object>

------------------------------------------------------------------------------------------------------------------------

[2020-03-05 12:57:31 #1 store] 
Database 'C:\Users\unaia\OneDrive\Desktop\ProyectoIS\resources\bets.temp' is opened by 13464@MSI

[2020-03-05 12:57:31 #2 type.registry] 
New type domain.Admin

[2020-03-05 12:57:31 #3 type] 
Type domain.Admin is not enhanced.

[2020-03-05 12:57:31 #4 type.registry] 
New type domain.Usuario

[2020-03-05 12:57:31 #5 type] 
Type domain.Usuario is not enhanced.

[2020-03-05 12:57:31 #6 type.registry] 
New type domain.Question

[2020-03-05 12:57:31 #7 type] 
Type domain.Question is not enhanced.

[2020-03-05 12:57:31 #8 type.registry] 
New type domain.Event

[2020-03-05 12:57:31 #9 type] 
Type domain.Event is not enhanced.

[2020-03-05 12:57:31 #10 type.registry] 
New type java.util.Vector<domain.Question>

[2020-03-05 12:57:31 #11 type.registry] 
New type java.util.Vector<java.lang.Object>

------------------------------------------------------------------------------------------------------------------------

[2020-03-05 12:58:04 #1 store] 
Database 'C:\Users\unaia\OneDrive\Desktop\ProyectoIS\resources\bets.temp' is opened by 6672@MSI

[2020-03-05 12:58:04 #2 type.registry] 
New type domain.Admin

[2020-03-05 12:58:04 #3 type] 
Type domain.Admin is not enhanced.

[2020-03-05 12:58:04 #4 type.registry] 
New type domain.Usuario

[2020-03-05 12:58:04 #5 type] 
Type domain.Usuario is not enhanced.

[2020-03-05 12:58:04 #6 type.registry] 
New type domain.Question

[2020-03-05 12:58:04 #7 type] 
Type domain.Question is not enhanced.

[2020-03-05 12:58:04 #8 type.registry] 
New type domain.Event

[2020-03-05 12:58:04 #9 type] 
Type domain.Event is not enhanced.

[2020-03-05 12:58:04 #10 type.registry] 
New type java.util.Vector<domain.Question>

[2020-03-05 12:58:04 #11 type.registry] 
New type java.util.Vector<java.lang.Object>

------------------------------------------------------------------------------------------------------------------------

[2020-03-05 12:59:05 #1 store] 
Database 'C:\Users\unaia\OneDrive\Desktop\ProyectoIS\resources\bets.temp' is opened by 3068@MSI

[2020-03-05 12:59:06 #2 type.registry] 
New type domain.Admin

[2020-03-05 12:59:06 #3 type] 
Type domain.Admin is not enhanced.

[2020-03-05 12:59:06 #4 type.registry] 
New type domain.Usuario

[2020-03-05 12:59:06 #5 type] 
Type domain.Usuario is not enhanced.

[2020-03-05 12:59:06 #6 type.registry] 
New type domain.Question

[2020-03-05 12:59:06 #7 type] 
Type domain.Question is not enhanced.

[2020-03-05 12:59:06 #8 type.registry] 
New type domain.Event

[2020-03-05 12:59:06 #9 type] 
Type domain.Event is not enhanced.

[2020-03-05 12:59:06 #10 type.registry] 
New type java.util.Vector<domain.Question>

[2020-03-05 12:59:06 #11 type.registry] 
New type java.util.Vector<java.lang.Object>

------------------------------------------------------------------------------------------------------------------------

[2020-03-05 12:59:23 #1 store] 
Database 'C:\Users\unaia\OneDrive\Desktop\ProyectoIS\resources\bets.temp' is opened by 5088@MSI

[2020-03-05 12:59:23 #2 type.registry] 
New type domain.Admin

[2020-03-05 12:59:23 #3 type] 
Type domain.Admin is not enhanced.

[2020-03-05 12:59:23 #4 type.registry] 
New type domain.Usuario

[2020-03-05 12:59:23 #5 type] 
Type domain.Usuario is not enhanced.

[2020-03-05 12:59:23 #6 type.registry] 
New type domain.Question

[2020-03-05 12:59:23 #7 type] 
Type domain.Question is not enhanced.

[2020-03-05 12:59:23 #8 type.registry] 
New type domain.Event

[2020-03-05 12:59:23 #9 type] 
Type domain.Event is not enhanced.

[2020-03-05 12:59:23 #10 type.registry] 
New type java.util.Vector<domain.Question>

[2020-03-05 12:59:23 #11 type.registry] 
New type java.util.Vector<java.lang.Object>

------------------------------------------------------------------------------------------------------------------------

[2020-03-05 12:59:57 #1 store] 
Database 'C:\Users\unaia\OneDrive\Desktop\ProyectoIS\resources\bets.temp' is opened by 7240@MSI

[2020-03-05 12:59:58 #2 type.registry] 
New type domain.Admin

[2020-03-05 12:59:58 #3 type] 
Type domain.Admin is not enhanced.

[2020-03-05 12:59:58 #4 type.registry] 
New type domain.Usuario

[2020-03-05 12:59:58 #5 type] 
Type domain.Usuario is not enhanced.

[2020-03-05 12:59:58 #6 type.registry] 
New type domain.Question

[2020-03-05 12:59:58 #7 type] 
Type domain.Question is not enhanced.

[2020-03-05 12:59:58 #8 type.registry] 
New type domain.Event

[2020-03-05 12:59:58 #9 type] 
Type domain.Event is not enhanced.

[2020-03-05 12:59:58 #10 type.registry] 
New type java.util.Vector<domain.Question>

[2020-03-05 12:59:58 #11 type.registry] 
New type java.util.Vector<java.lang.Object>

------------------------------------------------------------------------------------------------------------------------

[2020-03-05 13:38:15 #1 store] 
Database 'C:\Users\unaia\OneDrive\Desktop\ProyectoIS\resources\bets.temp' is opened by 12292@MSI

[2020-03-05 13:38:15 #2 type.registry] 
New type domain.Admin

[2020-03-05 13:38:15 #3 type] 
Type domain.Admin is not enhanced.

[2020-03-05 13:38:15 #4 type.registry] 
New type domain.Usuario

[2020-03-05 13:38:15 #5 type] 
Type domain.Usuario is not enhanced.

[2020-03-05 13:38:15 #6 type.registry] 
New type domain.Question

[2020-03-05 13:38:15 #7 type] 
Type domain.Question is not enhanced.

[2020-03-05 13:38:15 #8 type.registry] 
New type domain.Event

[2020-03-05 13:38:15 #9 type] 
Type domain.Event is not enhanced.

[2020-03-05 13:38:15 #10 type.registry] 
New type java.util.Vector<domain.Question>

[2020-03-05 13:38:15 #11 type.registry] 
New type java.util.Vector<java.lang.Object>

------------------------------------------------------------------------------------------------------------------------

[2020-03-05 13:39:35 #1 store] 
Database 'C:\Users\unaia\OneDrive\Desktop\ProyectoIS\resources\bets.temp' is opened by 19684@MSI

[2020-03-05 13:39:35 #2 type.registry] 
New type domain.Admin

[2020-03-05 13:39:35 #3 type] 
Type domain.Admin is not enhanced.

[2020-03-05 13:39:35 #4 type.registry] 
New type domain.Usuario

[2020-03-05 13:39:35 #5 type] 
Type domain.Usuario is not enhanced.

[2020-03-05 13:39:35 #6 type.registry] 
New type domain.Question

[2020-03-05 13:39:35 #7 type] 
Type domain.Question is not enhanced.

[2020-03-05 13:39:35 #8 type.registry] 
New type domain.Event

[2020-03-05 13:39:35 #9 type] 
Type domain.Event is not enhanced.

[2020-03-05 13:39:35 #10 type.registry] 
New type java.util.Vector<domain.Question>

[2020-03-05 13:39:35 #11 type.registry] 
New type java.util.Vector<java.lang.Object>

------------------------------------------------------------------------------------------------------------------------

[2020-03-05 13:40:03 #1 store] 
Database 'C:\Users\unaia\OneDrive\Desktop\ProyectoIS\resources\bets.temp' is opened by 4884@MSI

[2020-03-05 13:40:03 #2 type.registry] 
New type domain.Admin

[2020-03-05 13:40:03 #3 type] 
Type domain.Admin is not enhanced.

[2020-03-05 13:40:03 #4 type.registry] 
New type domain.Usuario

[2020-03-05 13:40:03 #5 type] 
Type domain.Usuario is not enhanced.

[2020-03-05 13:40:03 #6 type.registry] 
New type domain.Question

[2020-03-05 13:40:03 #7 type] 
Type domain.Question is not enhanced.

[2020-03-05 13:40:03 #8 type.registry] 
New type domain.Event

[2020-03-05 13:40:03 #9 type] 
Type domain.Event is not enhanced.

[2020-03-05 13:40:03 #10 type.registry] 
New type java.util.Vector<domain.Question>

[2020-03-05 13:40:03 #11 type.registry] 
New type java.util.Vector<java.lang.Object>

>>>>>>> Stashed changes
------------------------------------------------------------------------------------------------------------------------

[2020-03-05 13:44:51 #1 store] 
Database 'C:\Users\unaia\OneDrive\Desktop\ProyectoIS\resources\bets.temp' is opened by 8408@MSI

[2020-03-05 13:44:52 #2 type.registry] 
New type domain.Admin

[2020-03-05 13:44:52 #3 type] 
Type domain.Admin is not enhanced.

[2020-03-05 13:44:52 #4 type.registry] 
New type domain.Usuario

[2020-03-05 13:44:52 #5 type] 
Type domain.Usuario is not enhanced.

[2020-03-05 13:44:52 #6 type.registry] 
New type domain.Question

[2020-03-05 13:44:52 #7 type] 
Type domain.Question is not enhanced.

[2020-03-05 13:44:52 #8 type.registry] 
New type domain.Event

[2020-03-05 13:44:52 #9 type] 
Type domain.Event is not enhanced.

[2020-03-05 13:44:52 #10 type.registry] 
New type java.util.Vector<domain.Question>

[2020-03-05 13:44:52 #11 type.registry] 
New type java.util.Vector<java.lang.Object>

------------------------------------------------------------------------------------------------------------------------

[2020-03-05 13:46:28 #1 store] 
Database 'C:\Users\unaia\OneDrive\Desktop\ProyectoIS\resources\bets.temp' is opened by 8324@MSI

[2020-03-05 13:46:28 #2 type.registry] 
New type domain.Admin

[2020-03-05 13:46:28 #3 type] 
Type domain.Admin is not enhanced.

[2020-03-05 13:46:28 #4 type.registry] 
New type domain.Usuario

[2020-03-05 13:46:28 #5 type] 
Type domain.Usuario is not enhanced.

[2020-03-05 13:46:28 #6 type.registry] 
New type domain.Question

[2020-03-05 13:46:28 #7 type] 
Type domain.Question is not enhanced.

[2020-03-05 13:46:28 #8 type.registry] 
New type domain.Event

[2020-03-05 13:46:28 #9 type] 
Type domain.Event is not enhanced.

[2020-03-05 13:46:28 #10 type.registry] 
New type java.util.Vector<domain.Question>

[2020-03-05 13:46:28 #11 type.registry] 
New type java.util.Vector<java.lang.Object>

------------------------------------------------------------------------------------------------------------------------

[2020-03-05 13:51:30 #1 store] 
Database 'C:\Users\unaia\OneDrive\Desktop\ProyectoIS\resources\bets.temp' is opened by 11212@MSI

[2020-03-05 13:51:30 #2 type.registry] 
New type domain.Admin

[2020-03-05 13:51:30 #3 type] 
Type domain.Admin is not enhanced.

[2020-03-05 13:51:30 #4 type.registry] 
New type domain.Usuario

[2020-03-05 13:51:30 #5 type] 
Type domain.Usuario is not enhanced.

[2020-03-05 13:51:30 #6 type.registry] 
New type domain.Question

[2020-03-05 13:51:30 #7 type] 
Type domain.Question is not enhanced.

[2020-03-05 13:51:30 #8 type.registry] 
New type domain.Event

[2020-03-05 13:51:30 #9 type.registry] 
New type java.util.Vector<java.lang.String>

[2020-03-05 13:51:30 #10 type] 
Type domain.Event is not enhanced.

[2020-03-05 13:51:30 #11 type.registry] 
New type java.util.Vector<domain.Question>

[2020-03-05 13:51:30 #12 type.registry] 
New type java.util.Vector<java.lang.Object>

------------------------------------------------------------------------------------------------------------------------

[2020-03-05 13:52:14 #1 store] 
Database 'C:\Users\unaia\OneDrive\Desktop\ProyectoIS\resources\bets.temp' is opened by 9024@MSI

[2020-03-05 13:52:14 #2 type.registry] 
New type domain.Admin

[2020-03-05 13:52:14 #3 type] 
Type domain.Admin is not enhanced.

[2020-03-05 13:52:14 #4 type.registry] 
New type domain.Usuario

[2020-03-05 13:52:14 #5 type] 
Type domain.Usuario is not enhanced.

[2020-03-05 13:52:15 #6 type.registry] 
New type domain.Question

[2020-03-05 13:52:15 #7 type] 
Type domain.Question is not enhanced.

[2020-03-05 13:52:15 #8 type.registry] 
New type domain.Event

[2020-03-05 13:52:15 #9 type.registry] 
New type java.util.Vector<java.lang.String>

[2020-03-05 13:52:15 #10 type] 
Type domain.Event is not enhanced.

[2020-03-05 13:52:15 #11 type.registry] 
New type java.util.Vector<domain.Question>

[2020-03-05 13:52:15 #12 type.registry] 
New type java.util.Vector<java.lang.Object>

------------------------------------------------------------------------------------------------------------------------

[2020-03-05 13:56:33 #1 store] 
Database 'C:\Users\unaia\OneDrive\Desktop\ProyectoIS\resources\bets.temp' is opened by 20376@MSI

[2020-03-05 13:56:33 #2 type.registry] 
New type domain.Admin

[2020-03-05 13:56:33 #3 type] 
Type domain.Admin is not enhanced.

[2020-03-05 13:56:33 #4 type.registry] 
New type domain.Usuario

[2020-03-05 13:56:33 #5 type] 
Type domain.Usuario is not enhanced.

[2020-03-05 13:56:33 #6 type.registry] 
New type domain.Question

[2020-03-05 13:56:33 #7 type] 
Type domain.Question is not enhanced.

[2020-03-05 13:56:33 #8 type.registry] 
New type domain.Event

[2020-03-05 13:56:34 #9 type.registry] 
New type java.util.Vector<java.lang.String>

[2020-03-05 13:56:34 #10 type] 
Type domain.Event is not enhanced.

[2020-03-05 13:56:34 #11 type.registry] 
New type java.util.Vector<domain.Question>

[2020-03-05 13:56:34 #12 type.registry] 
New type java.util.Vector<java.lang.Object>

[2020-03-05 13:56:59 #13 type.registry] 
New type domain.Apuesta

[2020-03-05 13:56:59 #14 type] 
Type domain.Apuesta is not enhanced.

------------------------------------------------------------------------------------------------------------------------

[2020-03-05 13:59:24 #1 store] 
Database 'C:\Users\unaia\OneDrive\Desktop\ProyectoIS\resources\bets.temp' is opened by 1624@MSI

[2020-03-05 13:59:24 #2 type.registry] 
New type domain.Admin

[2020-03-05 13:59:24 #3 type] 
Type domain.Admin is not enhanced.

[2020-03-05 13:59:24 #4 type.registry] 
New type domain.Usuario

[2020-03-05 13:59:24 #5 type] 
Type domain.Usuario is not enhanced.

[2020-03-05 13:59:24 #6 type.registry] 
New type domain.Question

[2020-03-05 13:59:24 #7 type] 
Type domain.Question is not enhanced.

[2020-03-05 13:59:24 #8 type.registry] 
New type domain.Event

[2020-03-05 13:59:24 #9 type.registry] 
New type java.util.Vector<java.lang.String>

[2020-03-05 13:59:24 #10 type] 
Type domain.Event is not enhanced.

[2020-03-05 13:59:24 #11 type.registry] 
New type java.util.Vector<domain.Question>

[2020-03-05 13:59:24 #12 type.registry] 
New type java.util.Vector<java.lang.Object>

[2020-03-05 13:59:45 #13 type.registry] 
New type domain.Apuesta

[2020-03-05 13:59:45 #14 type] 
Type domain.Apuesta is not enhanced.

------------------------------------------------------------------------------------------------------------------------

[2020-03-05 18:13:23 #1 store] 
Database 'C:\Users\unaia\OneDrive\Desktop\ProyectoIS\resources\bets.temp' is opened by 14800@MSI

[2020-03-05 18:13:24 #2 type.registry] 
New type domain.Admin

[2020-03-05 18:13:24 #3 type] 
Type domain.Admin is not enhanced.

[2020-03-05 18:13:24 #4 type.registry] 
New type domain.Usuario

[2020-03-05 18:13:24 #5 type] 
Type domain.Usuario is not enhanced.

[2020-03-05 18:13:24 #6 type.registry] 
New type domain.Question

[2020-03-05 18:13:24 #7 type] 
Type domain.Question is not enhanced.

[2020-03-05 18:13:24 #8 type.registry] 
New type domain.Event

[2020-03-05 18:13:24 #9 type.registry] 
New type java.util.Vector<java.lang.String>

[2020-03-05 18:13:24 #10 type] 
Type domain.Event is not enhanced.

[2020-03-05 18:13:24 #11 type.registry] 
New type java.util.Vector<domain.Question>

[2020-03-05 18:13:24 #12 type.registry] 
New type java.util.Vector<java.lang.Object>

