------------------------------------------------------------------------------------------------------------------------

[2020-03-02 14:34:17 #1 store] 
Database 'C:\Users\unaia\OneDrive\Desktop\Bets\resources\bets.temp' is opened by 872@MSI

[2020-03-02 14:34:17 #2 type.registry] 
New type domain.Admin

[2020-03-02 14:34:17 #3 type] 
Type domain.Admin is not enhanced.

[2020-03-02 14:34:17 #4 type.registry] 
New type domain.Usuario

[2020-03-02 14:34:17 #5 type] 
Type domain.Usuario is not enhanced.

[2020-03-02 14:34:17 #6 type.registry] 
New type domain.Question

[2020-03-02 14:34:17 #7 type] 
Type domain.Question is not enhanced.

[2020-03-02 14:34:17 #8 type.registry] 
New type domain.Event

[2020-03-02 14:34:17 #9 type] 
Type domain.Event is not enhanced.

[2020-03-02 14:34:17 #10 type.registry] 
New type java.util.Vector<domain.Question>

[2020-03-02 14:34:17 #11 type.registry] 
New type java.util.Vector<java.lang.Object>

------------------------------------------------------------------------------------------------------------------------

[2020-03-02 14:34:31 #1 store] 
Database 'C:\Users\unaia\OneDrive\Desktop\Bets\resources\bets.temp' is opened by 16904@MSI

[2020-03-02 14:34:31 #2 type.registry] 
New type domain.Admin

[2020-03-02 14:34:31 #3 type] 
Type domain.Admin is not enhanced.

[2020-03-02 14:34:31 #4 type.registry] 
New type domain.Usuario

[2020-03-02 14:34:31 #5 type] 
Type domain.Usuario is not enhanced.

[2020-03-02 14:34:31 #6 type.registry] 
New type domain.Question

[2020-03-02 14:34:31 #7 type] 
Type domain.Question is not enhanced.

[2020-03-02 14:34:31 #8 type.registry] 
New type domain.Event

[2020-03-02 14:34:31 #9 type] 
Type domain.Event is not enhanced.

[2020-03-02 14:34:31 #10 type.registry] 
New type java.util.Vector<domain.Question>

[2020-03-02 14:34:31 #11 type.registry] 
New type java.util.Vector<java.lang.Object>

------------------------------------------------------------------------------------------------------------------------

[2020-03-02 14:56:17 #1 store] 
Database 'C:\Users\unaia\OneDrive\Desktop\Bets\resources\bets.temp' is opened by 16624@MSI

[2020-03-02 14:56:17 #2 type.registry] 
New type domain.Admin

[2020-03-02 14:56:17 #3 type] 
Type domain.Admin is not enhanced.

[2020-03-02 14:56:17 #4 type.registry] 
New type domain.Usuario

[2020-03-02 14:56:17 #5 type] 
Type domain.Usuario is not enhanced.

[2020-03-02 14:56:17 #6 type.registry] 
New type domain.Question

[2020-03-02 14:56:17 #7 type] 
Type domain.Question is not enhanced.

[2020-03-02 14:56:17 #8 type.registry] 
New type domain.Event

[2020-03-02 14:56:17 #9 type] 
Type domain.Event is not enhanced.

[2020-03-02 14:56:17 #10 type.registry] 
New type java.util.Vector<domain.Question>

[2020-03-02 14:56:17 #11 type.registry] 
New type java.util.Vector<java.lang.Object>

------------------------------------------------------------------------------------------------------------------------

[2020-03-02 15:15:39 #1 store] 
Database 'C:\Users\unaia\OneDrive\Desktop\Bets\resources\bets.temp' is opened by 3932@MSI

[2020-03-02 15:15:39 #2 type.registry] 
New type domain.Admin

[2020-03-02 15:15:39 #3 type] 
Type domain.Admin is not enhanced.

[2020-03-02 15:15:39 #4 type.registry] 
New type domain.Usuario

[2020-03-02 15:15:39 #5 type] 
Type domain.Usuario is not enhanced.

[2020-03-02 15:15:39 #6 type.registry] 
New type domain.Question

[2020-03-02 15:15:39 #7 type] 
Type domain.Question is not enhanced.

[2020-03-02 15:15:39 #8 type.registry] 
New type domain.Event

[2020-03-02 15:15:39 #9 type] 
Type domain.Event is not enhanced.

[2020-03-02 15:15:39 #10 type.registry] 
New type java.util.Vector<domain.Question>

[2020-03-02 15:15:39 #11 type.registry] 
New type java.util.Vector<java.lang.Object>

------------------------------------------------------------------------------------------------------------------------

[2020-03-02 15:17:27 #1 store] 
Database 'C:\Users\unaia\OneDrive\Desktop\Bets\resources\bets.temp' is opened by 8704@MSI

[2020-03-02 15:17:27 #2 type.registry] 
New type domain.Admin

[2020-03-02 15:17:27 #3 type] 
Type domain.Admin is not enhanced.

[2020-03-02 15:17:27 #4 type.registry] 
New type domain.Usuario

[2020-03-02 15:17:27 #5 type] 
Type domain.Usuario is not enhanced.

[2020-03-02 15:17:27 #6 type.registry] 
New type domain.Question

[2020-03-02 15:17:27 #7 type] 
Type domain.Question is not enhanced.

[2020-03-02 15:17:27 #8 type.registry] 
New type domain.Event

[2020-03-02 15:17:27 #9 type] 
Type domain.Event is not enhanced.

[2020-03-02 15:17:27 #10 type.registry] 
New type java.util.Vector<domain.Question>

[2020-03-02 15:17:27 #11 type.registry] 
New type java.util.Vector<java.lang.Object>

------------------------------------------------------------------------------------------------------------------------

[2020-03-02 15:20:50 #1 store] 
Database 'C:\Users\unaia\OneDrive\Desktop\Bets\resources\bets.temp' is opened by 13092@MSI

[2020-03-02 15:20:50 #2 type.registry] 
New type domain.Admin

[2020-03-02 15:20:50 #3 type] 
Type domain.Admin is not enhanced.

[2020-03-02 15:20:50 #4 type.registry] 
New type domain.Usuario

[2020-03-02 15:20:50 #5 type] 
Type domain.Usuario is not enhanced.

[2020-03-02 15:20:50 #6 type.registry] 
New type domain.Question

[2020-03-02 15:20:50 #7 type] 
Type domain.Question is not enhanced.

[2020-03-02 15:20:50 #8 type.registry] 
New type domain.Event

[2020-03-02 15:20:50 #9 type] 
Type domain.Event is not enhanced.

[2020-03-02 15:20:50 #10 type.registry] 
New type java.util.Vector<domain.Question>

[2020-03-02 15:20:50 #11 type.registry] 
New type java.util.Vector<java.lang.Object>

------------------------------------------------------------------------------------------------------------------------

[2020-03-02 15:22:35 #1 store] 
Database 'C:\Users\unaia\OneDrive\Desktop\Bets\resources\bets.temp' is opened by 984@MSI

[2020-03-02 15:22:35 #2 type.registry] 
New type domain.Admin

[2020-03-02 15:22:35 #3 type] 
Type domain.Admin is not enhanced.

[2020-03-02 15:22:35 #4 type.registry] 
New type domain.Usuario

[2020-03-02 15:22:35 #5 type] 
Type domain.Usuario is not enhanced.

[2020-03-02 15:22:35 #6 type.registry] 
New type domain.Question

[2020-03-02 15:22:35 #7 type] 
Type domain.Question is not enhanced.

[2020-03-02 15:22:35 #8 type.registry] 
New type domain.Event

[2020-03-02 15:22:35 #9 type] 
Type domain.Event is not enhanced.

[2020-03-02 15:22:35 #10 type.registry] 
New type java.util.Vector<domain.Question>

[2020-03-02 15:22:35 #11 type.registry] 
New type java.util.Vector<java.lang.Object>

------------------------------------------------------------------------------------------------------------------------

[2020-03-02 15:24:23 #1 store] 
Database 'C:\Users\unaia\OneDrive\Desktop\Bets\resources\bets.temp' is opened by 3588@MSI

[2020-03-02 15:24:23 #2 type.registry] 
New type domain.Admin

[2020-03-02 15:24:23 #3 type] 
Type domain.Admin is not enhanced.

[2020-03-02 15:24:23 #4 type.registry] 
New type domain.Usuario

[2020-03-02 15:24:23 #5 type] 
Type domain.Usuario is not enhanced.

[2020-03-02 15:24:23 #6 type.registry] 
New type domain.Question

[2020-03-02 15:24:23 #7 type] 
Type domain.Question is not enhanced.

[2020-03-02 15:24:23 #8 type.registry] 
New type domain.Event

[2020-03-02 15:24:23 #9 type] 
Type domain.Event is not enhanced.

[2020-03-02 15:24:23 #10 type.registry] 
New type java.util.Vector<domain.Question>

[2020-03-02 15:24:23 #11 type.registry] 
New type java.util.Vector<java.lang.Object>

------------------------------------------------------------------------------------------------------------------------

[2020-03-02 15:26:39 #1 store] 
Database 'C:\Users\unaia\OneDrive\Desktop\Bets\resources\bets.temp' is opened by 1740@MSI

[2020-03-02 15:26:40 #2 type.registry] 
New type domain.Admin

[2020-03-02 15:26:40 #3 type] 
Type domain.Admin is not enhanced.

[2020-03-02 15:26:40 #4 type.registry] 
New type domain.Usuario

[2020-03-02 15:26:40 #5 type] 
Type domain.Usuario is not enhanced.

[2020-03-02 15:26:40 #6 type.registry] 
New type domain.Question

[2020-03-02 15:26:40 #7 type] 
Type domain.Question is not enhanced.

[2020-03-02 15:26:40 #8 type.registry] 
New type domain.Event

[2020-03-02 15:26:40 #9 type] 
Type domain.Event is not enhanced.

[2020-03-02 15:26:40 #10 type.registry] 
New type java.util.Vector<domain.Question>

[2020-03-02 15:26:40 #11 type.registry] 
New type java.util.Vector<java.lang.Object>

------------------------------------------------------------------------------------------------------------------------

[2020-03-02 15:55:19 #1 store] 
Database 'C:\Users\unaia\OneDrive\Desktop\ProyectoIS\resources\bets.temp' is opened by 2584@MSI

[2020-03-02 15:55:19 #2 type.registry] 
New type domain.Admin

[2020-03-02 15:55:19 #3 type] 
Type domain.Admin is not enhanced.

[2020-03-02 15:55:19 #4 type.registry] 
New type domain.Usuario

[2020-03-02 15:55:19 #5 type] 
Type domain.Usuario is not enhanced.

[2020-03-02 15:55:19 #6 type.registry] 
New type domain.Question

[2020-03-02 15:55:19 #7 type] 
Type domain.Question is not enhanced.

[2020-03-02 15:55:19 #8 type.registry] 
New type domain.Event

[2020-03-02 15:55:19 #9 type] 
Type domain.Event is not enhanced.

[2020-03-02 15:55:19 #10 type.registry] 
New type java.util.Vector<domain.Question>

[2020-03-02 15:55:19 #11 type.registry] 
New type java.util.Vector<java.lang.Object>

------------------------------------------------------------------------------------------------------------------------

[2020-03-02 15:55:25 #1 store] 
Database 'C:\Users\unaia\OneDrive\Desktop\ProyectoIS\resources\bets.temp' is opened by 11816@MSI

[2020-03-02 15:55:25 #2 type.registry] 
New type domain.Admin

[2020-03-02 15:55:25 #3 type] 
Type domain.Admin is not enhanced.

[2020-03-02 15:55:25 #4 type.registry] 
New type domain.Usuario

[2020-03-02 15:55:25 #5 type] 
Type domain.Usuario is not enhanced.

[2020-03-02 15:55:25 #6 type.registry] 
New type domain.Question

[2020-03-02 15:55:25 #7 type] 
Type domain.Question is not enhanced.

[2020-03-02 15:55:25 #8 type.registry] 
New type domain.Event

[2020-03-02 15:55:25 #9 type] 
Type domain.Event is not enhanced.

[2020-03-02 15:55:25 #10 type.registry] 
New type java.util.Vector<domain.Question>

[2020-03-02 15:55:25 #11 type.registry] 
New type java.util.Vector<java.lang.Object>

------------------------------------------------------------------------------------------------------------------------

[2020-03-02 15:57:04 #1 store] 
Database 'C:\Users\unaia\OneDrive\Desktop\ProyectoIS\resources\bets.temp' is opened by 4636@MSI

[2020-03-02 15:57:05 #2 type.registry] 
New type domain.Admin

[2020-03-02 15:57:05 #3 type] 
Type domain.Admin is not enhanced.

[2020-03-02 15:57:05 #4 type.registry] 
New type domain.Usuario

[2020-03-02 15:57:05 #5 type] 
Type domain.Usuario is not enhanced.

[2020-03-02 15:57:05 #6 type.registry] 
New type domain.Question

[2020-03-02 15:57:05 #7 type] 
Type domain.Question is not enhanced.

[2020-03-02 15:57:05 #8 type.registry] 
New type domain.Event

[2020-03-02 15:57:05 #9 type] 
Type domain.Event is not enhanced.

[2020-03-02 15:57:05 #10 type.registry] 
New type java.util.Vector<domain.Question>

[2020-03-02 15:57:05 #11 type.registry] 
New type java.util.Vector<java.lang.Object>

------------------------------------------------------------------------------------------------------------------------

[2020-03-02 16:00:51 #1 store] 
Database 'C:\Users\unaia\OneDrive\Desktop\ProyectoIS\resources\bets.temp' is opened by 4316@MSI

[2020-03-02 16:00:51 #2 type.registry] 
New type domain.Admin

[2020-03-02 16:00:51 #3 type] 
Type domain.Admin is not enhanced.

[2020-03-02 16:00:51 #4 type.registry] 
New type domain.Usuario

[2020-03-02 16:00:51 #5 type] 
Type domain.Usuario is not enhanced.

[2020-03-02 16:00:51 #6 type.registry] 
New type domain.Question

[2020-03-02 16:00:51 #7 type] 
Type domain.Question is not enhanced.

[2020-03-02 16:00:51 #8 type.registry] 
New type domain.Event

[2020-03-02 16:00:51 #9 type] 
Type domain.Event is not enhanced.

[2020-03-02 16:00:51 #10 type.registry] 
New type java.util.Vector<domain.Question>

[2020-03-02 16:00:51 #11 type.registry] 
New type java.util.Vector<java.lang.Object>

------------------------------------------------------------------------------------------------------------------------

[2020-03-02 16:04:29 #1 store] 
Database 'C:\Users\unaia\OneDrive\Desktop\ProyectoIS\resources\bets.temp' is opened by 12508@MSI

[2020-03-02 16:04:29 #2 type.registry] 
New type domain.Admin

[2020-03-02 16:04:29 #3 type] 
Type domain.Admin is not enhanced.

[2020-03-02 16:04:29 #4 type.registry] 
New type domain.Usuario

[2020-03-02 16:04:29 #5 type] 
Type domain.Usuario is not enhanced.

[2020-03-02 16:04:29 #6 type.registry] 
New type domain.Question

[2020-03-02 16:04:29 #7 type] 
Type domain.Question is not enhanced.

[2020-03-02 16:04:29 #8 type.registry] 
New type domain.Event

[2020-03-02 16:04:29 #9 type] 
Type domain.Event is not enhanced.

[2020-03-02 16:04:29 #10 type.registry] 
New type java.util.Vector<domain.Question>

[2020-03-02 16:04:29 #11 type.registry] 
New type java.util.Vector<java.lang.Object>

------------------------------------------------------------------------------------------------------------------------

[2020-03-02 16:14:31 #1 store] 
Database 'C:\Users\unaia\OneDrive\Desktop\ProyectoIS\resources\bets.temp' is opened by 3832@MSI

[2020-03-02 16:14:31 #2 type.registry] 
New type domain.Admin

[2020-03-02 16:14:31 #3 type] 
Type domain.Admin is not enhanced.

[2020-03-02 16:14:31 #4 type.registry] 
New type domain.Usuario

[2020-03-02 16:14:31 #5 type] 
Type domain.Usuario is not enhanced.

[2020-03-02 16:14:31 #6 type.registry] 
New type domain.Question

[2020-03-02 16:14:31 #7 type] 
Type domain.Question is not enhanced.

[2020-03-02 16:14:31 #8 type.registry] 
New type domain.Event

[2020-03-02 16:14:31 #9 type] 
Type domain.Event is not enhanced.

[2020-03-02 16:14:31 #10 type.registry] 
New type java.util.Vector<domain.Question>

[2020-03-02 16:14:31 #11 type.registry] 
New type java.util.Vector<java.lang.Object>

------------------------------------------------------------------------------------------------------------------------

[2020-03-02 16:18:10 #1 store] 
Database 'C:\Users\unaia\OneDrive\Desktop\ProyectoIS\resources\bets.temp' is opened by 15056@MSI

[2020-03-02 16:18:11 #2 type.registry] 
New type domain.Admin

[2020-03-02 16:18:11 #3 type] 
Type domain.Admin is not enhanced.

[2020-03-02 16:18:11 #4 type.registry] 
New type domain.Usuario

[2020-03-02 16:18:11 #5 type] 
Type domain.Usuario is not enhanced.

[2020-03-02 16:18:11 #6 type.registry] 
New type domain.Question

[2020-03-02 16:18:11 #7 type] 
Type domain.Question is not enhanced.

[2020-03-02 16:18:11 #8 type.registry] 
New type domain.Event

[2020-03-02 16:18:11 #9 type] 
Type domain.Event is not enhanced.

[2020-03-02 16:18:11 #10 type.registry] 
New type java.util.Vector<domain.Question>

[2020-03-02 16:18:11 #11 type.registry] 
New type java.util.Vector<java.lang.Object>

------------------------------------------------------------------------------------------------------------------------

[2020-03-02 16:22:43 #1 store] 
Database 'C:\Users\unaia\OneDrive\Desktop\ProyectoIS\resources\bets.temp' is opened by 18088@MSI

[2020-03-02 16:22:43 #2 type.registry] 
New type domain.Admin

[2020-03-02 16:22:43 #3 type] 
Type domain.Admin is not enhanced.

[2020-03-02 16:22:43 #4 type.registry] 
New type domain.Usuario

[2020-03-02 16:22:43 #5 type] 
Type domain.Usuario is not enhanced.

[2020-03-02 16:22:43 #6 type.registry] 
New type domain.Question

[2020-03-02 16:22:43 #7 type] 
Type domain.Question is not enhanced.

[2020-03-02 16:22:43 #8 type.registry] 
New type domain.Event

[2020-03-02 16:22:43 #9 type] 
Type domain.Event is not enhanced.

[2020-03-02 16:22:43 #10 type.registry] 
New type java.util.Vector<domain.Question>

[2020-03-02 16:22:43 #11 type.registry] 
New type java.util.Vector<java.lang.Object>

------------------------------------------------------------------------------------------------------------------------

[2020-03-02 16:25:06 #1 store] 
Database 'C:\Users\unaia\OneDrive\Desktop\ProyectoIS\resources\bets.temp' is opened by 19224@MSI

[2020-03-02 16:25:06 #2 type.registry] 
New type domain.Admin

[2020-03-02 16:25:06 #3 type] 
Type domain.Admin is not enhanced.

[2020-03-02 16:25:06 #4 type.registry] 
New type domain.Usuario

[2020-03-02 16:25:06 #5 type] 
Type domain.Usuario is not enhanced.

[2020-03-02 16:25:06 #6 type.registry] 
New type domain.Question

[2020-03-02 16:25:06 #7 type] 
Type domain.Question is not enhanced.

[2020-03-02 16:25:06 #8 type.registry] 
New type domain.Event

[2020-03-02 16:25:06 #9 type] 
Type domain.Event is not enhanced.

[2020-03-02 16:25:06 #10 type.registry] 
New type java.util.Vector<domain.Question>

[2020-03-02 16:25:06 #11 type.registry] 
New type java.util.Vector<java.lang.Object>

------------------------------------------------------------------------------------------------------------------------

[2020-03-02 16:29:42 #1 store] 
Database 'C:\Users\unaia\OneDrive\Desktop\ProyectoIS\resources\bets.temp' is opened by 3340@MSI

[2020-03-02 16:29:43 #2 type.registry] 
New type domain.Admin

[2020-03-02 16:29:43 #3 type] 
Type domain.Admin is not enhanced.

[2020-03-02 16:29:43 #4 type.registry] 
New type domain.Usuario

[2020-03-02 16:29:43 #5 type] 
Type domain.Usuario is not enhanced.

[2020-03-02 16:29:43 #6 type.registry] 
New type domain.Question

[2020-03-02 16:29:43 #7 type] 
Type domain.Question is not enhanced.

[2020-03-02 16:29:43 #8 type.registry] 
New type domain.Event

[2020-03-02 16:29:43 #9 type] 
Type domain.Event is not enhanced.

[2020-03-02 16:29:43 #10 type.registry] 
New type java.util.Vector<domain.Question>

[2020-03-02 16:29:43 #11 type.registry] 
New type java.util.Vector<java.lang.Object>

------------------------------------------------------------------------------------------------------------------------

[2020-03-02 16:31:55 #1 store] 
Database 'C:\Users\unaia\OneDrive\Desktop\ProyectoIS\resources\bets.temp' is opened by 2052@MSI

[2020-03-02 16:31:55 #2 type.registry] 
New type domain.Admin

[2020-03-02 16:31:55 #3 type] 
Type domain.Admin is not enhanced.

[2020-03-02 16:31:55 #4 type.registry] 
New type domain.Usuario

[2020-03-02 16:31:55 #5 type] 
Type domain.Usuario is not enhanced.

[2020-03-02 16:31:55 #6 type.registry] 
New type domain.Question

[2020-03-02 16:31:55 #7 type] 
Type domain.Question is not enhanced.

[2020-03-02 16:31:55 #8 type.registry] 
New type domain.Event

[2020-03-02 16:31:55 #9 type] 
Type domain.Event is not enhanced.

[2020-03-02 16:31:55 #10 type.registry] 
New type java.util.Vector<domain.Question>

[2020-03-02 16:31:55 #11 type.registry] 
New type java.util.Vector<java.lang.Object>

------------------------------------------------------------------------------------------------------------------------

[2020-03-02 16:35:06 #1 store] 
Database 'C:\Users\unaia\OneDrive\Desktop\ProyectoIS\resources\bets.temp' is opened by 16044@MSI

[2020-03-02 16:35:06 #2 type.registry] 
New type domain.Admin

[2020-03-02 16:35:06 #3 type] 
Type domain.Admin is not enhanced.

[2020-03-02 16:35:06 #4 type.registry] 
New type domain.Usuario

[2020-03-02 16:35:06 #5 type] 
Type domain.Usuario is not enhanced.

[2020-03-02 16:35:06 #6 type.registry] 
New type domain.Question

[2020-03-02 16:35:06 #7 type] 
Type domain.Question is not enhanced.

[2020-03-02 16:35:06 #8 type.registry] 
New type domain.Event

[2020-03-02 16:35:06 #9 type] 
Type domain.Event is not enhanced.

[2020-03-02 16:35:06 #10 type.registry] 
New type java.util.Vector<domain.Question>

[2020-03-02 16:35:06 #11 type.registry] 
New type java.util.Vector<java.lang.Object>

------------------------------------------------------------------------------------------------------------------------

[2020-03-02 16:35:21 #1 store] 
Database 'C:\Users\unaia\OneDrive\Desktop\ProyectoIS\resources\bets.temp' is opened by 8956@MSI

[2020-03-02 16:35:21 #2 type.registry] 
New type domain.Admin

[2020-03-02 16:35:21 #3 type] 
Type domain.Admin is not enhanced.

[2020-03-02 16:35:21 #4 type.registry] 
New type domain.Usuario

[2020-03-02 16:35:21 #5 type] 
Type domain.Usuario is not enhanced.

[2020-03-02 16:35:21 #6 type.registry] 
New type domain.Question

[2020-03-02 16:35:21 #7 type] 
Type domain.Question is not enhanced.

[2020-03-02 16:35:21 #8 type.registry] 
New type domain.Event

[2020-03-02 16:35:21 #9 type] 
Type domain.Event is not enhanced.

[2020-03-02 16:35:21 #10 type.registry] 
New type java.util.Vector<domain.Question>

[2020-03-02 16:35:21 #11 type.registry] 
New type java.util.Vector<java.lang.Object>

------------------------------------------------------------------------------------------------------------------------

[2020-03-02 16:35:33 #1 store] 
Database 'C:\Users\unaia\OneDrive\Desktop\ProyectoIS\resources\bets.temp' is opened by 14564@MSI

[2020-03-02 16:35:33 #2 type.registry] 
New type domain.Admin

[2020-03-02 16:35:33 #3 type] 
Type domain.Admin is not enhanced.

[2020-03-02 16:35:33 #4 type.registry] 
New type domain.Usuario

[2020-03-02 16:35:33 #5 type] 
Type domain.Usuario is not enhanced.

[2020-03-02 16:35:33 #6 type.registry] 
New type domain.Question

[2020-03-02 16:35:33 #7 type] 
Type domain.Question is not enhanced.

[2020-03-02 16:35:33 #8 type.registry] 
New type domain.Event

[2020-03-02 16:35:33 #9 type] 
Type domain.Event is not enhanced.

[2020-03-02 16:35:33 #10 type.registry] 
New type java.util.Vector<domain.Question>

[2020-03-02 16:35:33 #11 type.registry] 
New type java.util.Vector<java.lang.Object>

------------------------------------------------------------------------------------------------------------------------

[2020-03-02 16:37:01 #1 store] 
Database 'C:\Users\unaia\OneDrive\Desktop\ProyectoIS\resources\bets.temp' is opened by 13432@MSI

[2020-03-02 16:37:01 #2 type.registry] 
New type domain.Admin

[2020-03-02 16:37:01 #3 type] 
Type domain.Admin is not enhanced.

[2020-03-02 16:37:01 #4 type.registry] 
New type domain.Usuario

[2020-03-02 16:37:01 #5 type] 
Type domain.Usuario is not enhanced.

[2020-03-02 16:37:01 #6 type.registry] 
New type domain.Question

[2020-03-02 16:37:01 #7 type] 
Type domain.Question is not enhanced.

[2020-03-02 16:37:01 #8 type.registry] 
New type domain.Event

[2020-03-02 16:37:01 #9 type] 
Type domain.Event is not enhanced.

[2020-03-02 16:37:01 #10 type.registry] 
New type java.util.Vector<domain.Question>

[2020-03-02 16:37:01 #11 type.registry] 
New type java.util.Vector<java.lang.Object>

------------------------------------------------------------------------------------------------------------------------

[2020-03-02 17:08:12 #1 store] 
Database 'C:\Users\unaia\OneDrive\Desktop\ProyectoIS\resources\bets.temp' is opened by 3228@MSI

[2020-03-02 17:08:12 #2 type.registry] 
New type domain.Admin

[2020-03-02 17:08:12 #3 type] 
Type domain.Admin is not enhanced.

[2020-03-02 17:08:12 #4 type.registry] 
New type domain.Usuario

[2020-03-02 17:08:12 #5 type] 
Type domain.Usuario is not enhanced.

[2020-03-02 17:08:12 #6 type.registry] 
New type domain.Question

[2020-03-02 17:08:12 #7 type] 
Type domain.Question is not enhanced.

[2020-03-02 17:08:12 #8 type.registry] 
New type domain.Event

[2020-03-02 17:08:12 #9 type] 
Type domain.Event is not enhanced.

[2020-03-02 17:08:12 #10 type.registry] 
New type java.util.Vector<domain.Question>

[2020-03-02 17:08:12 #11 type.registry] 
New type java.util.Vector<java.lang.Object>

------------------------------------------------------------------------------------------------------------------------

[2020-03-02 17:17:29 #1 store] 
Database 'C:\Users\unaia\OneDrive\Desktop\ProyectoIS\resources\bets.temp' is opened by 1684@MSI

[2020-03-02 17:17:29 #2 type.registry] 
New type domain.Admin

[2020-03-02 17:17:29 #3 type] 
Type domain.Admin is not enhanced.

[2020-03-02 17:17:29 #4 type.registry] 
New type domain.Usuario

[2020-03-02 17:17:29 #5 type] 
Type domain.Usuario is not enhanced.

[2020-03-02 17:17:29 #6 type.registry] 
New type domain.Question

[2020-03-02 17:17:29 #7 type] 
Type domain.Question is not enhanced.

[2020-03-02 17:17:29 #8 type.registry] 
New type domain.Event

[2020-03-02 17:17:29 #9 type] 
Type domain.Event is not enhanced.

[2020-03-02 17:17:29 #10 type.registry] 
New type java.util.Vector<domain.Question>

[2020-03-02 17:17:29 #11 type.registry] 
New type java.util.Vector<java.lang.Object>

------------------------------------------------------------------------------------------------------------------------

[2020-03-02 17:18:05 #1 store] 
Database 'C:\Users\unaia\OneDrive\Desktop\ProyectoIS\resources\bets.temp' is opened by 3040@MSI

[2020-03-02 17:18:05 #2 type.registry] 
New type domain.Admin

[2020-03-02 17:18:05 #3 type] 
Type domain.Admin is not enhanced.

[2020-03-02 17:18:05 #4 type.registry] 
New type domain.Usuario

[2020-03-02 17:18:05 #5 type] 
Type domain.Usuario is not enhanced.

[2020-03-02 17:18:05 #6 type.registry] 
New type domain.Question

[2020-03-02 17:18:05 #7 type] 
Type domain.Question is not enhanced.

[2020-03-02 17:18:05 #8 type.registry] 
New type domain.Event

[2020-03-02 17:18:05 #9 type] 
Type domain.Event is not enhanced.

[2020-03-02 17:18:05 #10 type.registry] 
New type java.util.Vector<domain.Question>

[2020-03-02 17:18:05 #11 type.registry] 
New type java.util.Vector<java.lang.Object>

------------------------------------------------------------------------------------------------------------------------

[2020-03-02 17:18:56 #1 store] 
Database 'C:\Users\unaia\OneDrive\Desktop\ProyectoIS\resources\bets.temp' is opened by 11064@MSI

[2020-03-02 17:18:56 #2 type.registry] 
New type domain.Admin

[2020-03-02 17:18:56 #3 type] 
Type domain.Admin is not enhanced.

[2020-03-02 17:18:56 #4 type.registry] 
New type domain.Usuario

[2020-03-02 17:18:56 #5 type] 
Type domain.Usuario is not enhanced.

[2020-03-02 17:18:56 #6 type.registry] 
New type domain.Question

[2020-03-02 17:18:56 #7 type] 
Type domain.Question is not enhanced.

[2020-03-02 17:18:56 #8 type.registry] 
New type domain.Event

[2020-03-02 17:18:56 #9 type] 
Type domain.Event is not enhanced.

[2020-03-02 17:18:56 #10 type.registry] 
New type java.util.Vector<domain.Question>

[2020-03-02 17:18:56 #11 type.registry] 
New type java.util.Vector<java.lang.Object>

------------------------------------------------------------------------------------------------------------------------

[2020-03-02 17:20:55 #1 store] 
Database 'C:\Users\unaia\OneDrive\Desktop\ProyectoIS\resources\bets.temp' is opened by 11532@MSI

[2020-03-02 17:20:55 #2 type.registry] 
New type domain.Admin

[2020-03-02 17:20:55 #3 type] 
Type domain.Admin is not enhanced.

[2020-03-02 17:20:55 #4 type.registry] 
New type domain.Usuario

[2020-03-02 17:20:55 #5 type] 
Type domain.Usuario is not enhanced.

[2020-03-02 17:20:55 #6 type.registry] 
New type domain.Question

[2020-03-02 17:20:55 #7 type] 
Type domain.Question is not enhanced.

[2020-03-02 17:20:55 #8 type.registry] 
New type domain.Event

[2020-03-02 17:20:55 #9 type] 
Type domain.Event is not enhanced.

[2020-03-02 17:20:55 #10 type.registry] 
New type java.util.Vector<domain.Question>

[2020-03-02 17:20:55 #11 type.registry] 
New type java.util.Vector<java.lang.Object>

------------------------------------------------------------------------------------------------------------------------

[2020-03-02 17:30:31 #1 store] 
Database 'C:\Users\unaia\OneDrive\Desktop\ProyectoIS\resources\bets.temp' is opened by 16996@MSI

[2020-03-02 17:30:31 #2 type.registry] 
New type domain.Admin

[2020-03-02 17:30:31 #3 type] 
Type domain.Admin is not enhanced.

[2020-03-02 17:30:31 #4 type.registry] 
New type domain.Usuario

[2020-03-02 17:30:31 #5 type] 
Type domain.Usuario is not enhanced.

[2020-03-02 17:30:31 #6 type.registry] 
New type domain.Question

[2020-03-02 17:30:31 #7 type] 
Type domain.Question is not enhanced.

[2020-03-02 17:30:31 #8 type.registry] 
New type domain.Event

[2020-03-02 17:30:31 #9 type] 
Type domain.Event is not enhanced.

[2020-03-02 17:30:31 #10 type.registry] 
New type java.util.Vector<domain.Question>

[2020-03-02 17:30:31 #11 type.registry] 
New type java.util.Vector<java.lang.Object>

------------------------------------------------------------------------------------------------------------------------

[2020-03-02 17:33:31 #1 store] 
Database 'C:\Users\unaia\OneDrive\Desktop\ProyectoIS\resources\bets.temp' is opened by 13988@MSI

[2020-03-02 17:33:32 #2 type.registry] 
New type domain.Admin

[2020-03-02 17:33:32 #3 type] 
Type domain.Admin is not enhanced.

[2020-03-02 17:33:32 #4 type.registry] 
New type domain.Usuario

[2020-03-02 17:33:32 #5 type] 
Type domain.Usuario is not enhanced.

[2020-03-02 17:33:32 #6 type.registry] 
New type domain.Question

[2020-03-02 17:33:32 #7 type] 
Type domain.Question is not enhanced.

[2020-03-02 17:33:32 #8 type.registry] 
New type domain.Event

[2020-03-02 17:33:32 #9 type] 
Type domain.Event is not enhanced.

[2020-03-02 17:33:32 #10 type.registry] 
New type java.util.Vector<domain.Question>

[2020-03-02 17:33:32 #11 type.registry] 
New type java.util.Vector<java.lang.Object>

------------------------------------------------------------------------------------------------------------------------

[2020-03-02 17:34:57 #1 store] 
Database 'C:\Users\unaia\OneDrive\Desktop\ProyectoIS\resources\bets.temp' is opened by 18360@MSI

[2020-03-02 17:34:57 #2 type.registry] 
New type domain.Admin

[2020-03-02 17:34:57 #3 type] 
Type domain.Admin is not enhanced.

[2020-03-02 17:34:57 #4 type.registry] 
New type domain.Usuario

[2020-03-02 17:34:57 #5 type] 
Type domain.Usuario is not enhanced.

[2020-03-02 17:34:57 #6 type.registry] 
New type domain.Question

[2020-03-02 17:34:57 #7 type] 
Type domain.Question is not enhanced.

[2020-03-02 17:34:57 #8 type.registry] 
New type domain.Event

[2020-03-02 17:34:57 #9 type] 
Type domain.Event is not enhanced.

[2020-03-02 17:34:57 #10 type.registry] 
New type java.util.Vector<domain.Question>

[2020-03-02 17:34:57 #11 type.registry] 
New type java.util.Vector<java.lang.Object>

------------------------------------------------------------------------------------------------------------------------

[2020-03-02 17:36:34 #1 store] 
Database 'C:\Users\unaia\OneDrive\Desktop\ProyectoIS\resources\bets.temp' is opened by 5284@MSI

[2020-03-02 17:36:34 #2 type.registry] 
New type domain.Admin

[2020-03-02 17:36:34 #3 type] 
Type domain.Admin is not enhanced.

[2020-03-02 17:36:34 #4 type.registry] 
New type domain.Usuario

[2020-03-02 17:36:34 #5 type] 
Type domain.Usuario is not enhanced.

[2020-03-02 17:36:34 #6 type.registry] 
New type domain.Question

[2020-03-02 17:36:34 #7 type] 
Type domain.Question is not enhanced.

[2020-03-02 17:36:34 #8 type.registry] 
New type domain.Event

[2020-03-02 17:36:34 #9 type] 
Type domain.Event is not enhanced.

[2020-03-02 17:36:34 #10 type.registry] 
New type java.util.Vector<domain.Question>

[2020-03-02 17:36:34 #11 type.registry] 
New type java.util.Vector<java.lang.Object>

------------------------------------------------------------------------------------------------------------------------

[2020-03-02 17:36:46 #1 store] 
Database 'C:\Users\unaia\OneDrive\Desktop\ProyectoIS\resources\bets.temp' is opened by 2628@MSI

[2020-03-02 17:36:46 #2 type.registry] 
New type domain.Admin

[2020-03-02 17:36:46 #3 type] 
Type domain.Admin is not enhanced.

[2020-03-02 17:36:46 #4 type.registry] 
New type domain.Usuario

[2020-03-02 17:36:46 #5 type] 
Type domain.Usuario is not enhanced.

[2020-03-02 17:36:46 #6 type.registry] 
New type domain.Question

[2020-03-02 17:36:46 #7 type] 
Type domain.Question is not enhanced.

[2020-03-02 17:36:46 #8 type.registry] 
New type domain.Event

[2020-03-02 17:36:46 #9 type] 
Type domain.Event is not enhanced.

[2020-03-02 17:36:46 #10 type.registry] 
New type java.util.Vector<domain.Question>

[2020-03-02 17:36:46 #11 type.registry] 
New type java.util.Vector<java.lang.Object>

------------------------------------------------------------------------------------------------------------------------

[2020-03-02 17:39:37 #1 store] 
Database 'C:\Users\unaia\OneDrive\Desktop\ProyectoIS\resources\bets.temp' is opened by 16868@MSI

[2020-03-02 17:39:37 #2 type.registry] 
New type domain.Admin

[2020-03-02 17:39:37 #3 type] 
Type domain.Admin is not enhanced.

[2020-03-02 17:39:37 #4 type.registry] 
New type domain.Usuario

[2020-03-02 17:39:37 #5 type] 
Type domain.Usuario is not enhanced.

[2020-03-02 17:39:37 #6 type.registry] 
New type domain.Question

[2020-03-02 17:39:37 #7 type] 
Type domain.Question is not enhanced.

[2020-03-02 17:39:37 #8 type.registry] 
New type domain.Event

[2020-03-02 17:39:37 #9 type] 
Type domain.Event is not enhanced.

[2020-03-02 17:39:37 #10 type.registry] 
New type java.util.Vector<domain.Question>

[2020-03-02 17:39:37 #11 type.registry] 
New type java.util.Vector<java.lang.Object>

------------------------------------------------------------------------------------------------------------------------

[2020-03-02 17:40:17 #1 store] 
Database 'C:\Users\unaia\OneDrive\Desktop\ProyectoIS\resources\bets.temp' is opened by 5724@MSI

[2020-03-02 17:40:17 #2 type.registry] 
New type domain.Admin

[2020-03-02 17:40:17 #3 type] 
Type domain.Admin is not enhanced.

[2020-03-02 17:40:17 #4 type.registry] 
New type domain.Usuario

[2020-03-02 17:40:17 #5 type] 
Type domain.Usuario is not enhanced.

[2020-03-02 17:40:18 #6 type.registry] 
New type domain.Question

[2020-03-02 17:40:18 #7 type] 
Type domain.Question is not enhanced.

[2020-03-02 17:40:18 #8 type.registry] 
New type domain.Event

[2020-03-02 17:40:18 #9 type] 
Type domain.Event is not enhanced.

[2020-03-02 17:40:18 #10 type.registry] 
New type java.util.Vector<domain.Question>

[2020-03-02 17:40:18 #11 type.registry] 
New type java.util.Vector<java.lang.Object>

------------------------------------------------------------------------------------------------------------------------

[2020-03-02 17:41:19 #1 store] 
Database 'C:\Users\unaia\OneDrive\Desktop\ProyectoIS\resources\bets.temp' is opened by 2768@MSI

[2020-03-02 17:41:19 #2 type.registry] 
New type domain.Admin

[2020-03-02 17:41:19 #3 type] 
Type domain.Admin is not enhanced.

[2020-03-02 17:41:19 #4 type.registry] 
New type domain.Usuario

[2020-03-02 17:41:19 #5 type] 
Type domain.Usuario is not enhanced.

[2020-03-02 17:41:19 #6 type.registry] 
New type domain.Question

[2020-03-02 17:41:19 #7 type] 
Type domain.Question is not enhanced.

[2020-03-02 17:41:19 #8 type.registry] 
New type domain.Event

[2020-03-02 17:41:19 #9 type] 
Type domain.Event is not enhanced.

[2020-03-02 17:41:19 #10 type.registry] 
New type java.util.Vector<domain.Question>

[2020-03-02 17:41:19 #11 type.registry] 
New type java.util.Vector<java.lang.Object>

------------------------------------------------------------------------------------------------------------------------

[2020-03-02 17:43:23 #1 store] 
Database 'C:\Users\unaia\OneDrive\Desktop\ProyectoIS\resources\bets.temp' is opened by 17080@MSI

[2020-03-02 17:43:23 #2 type.registry] 
New type domain.Admin

[2020-03-02 17:43:23 #3 type] 
Type domain.Admin is not enhanced.

[2020-03-02 17:43:23 #4 type.registry] 
New type domain.Usuario

[2020-03-02 17:43:23 #5 type] 
Type domain.Usuario is not enhanced.

[2020-03-02 17:43:23 #6 type.registry] 
New type domain.Question

[2020-03-02 17:43:23 #7 type] 
Type domain.Question is not enhanced.

[2020-03-02 17:43:23 #8 type.registry] 
New type domain.Event

[2020-03-02 17:43:23 #9 type] 
Type domain.Event is not enhanced.

[2020-03-02 17:43:23 #10 type.registry] 
New type java.util.Vector<domain.Question>

[2020-03-02 17:43:23 #11 type.registry] 
New type java.util.Vector<java.lang.Object>

------------------------------------------------------------------------------------------------------------------------

[2020-03-02 17:45:50 #1 store] 
Database 'C:\Users\unaia\OneDrive\Desktop\ProyectoIS\resources\bets.temp' is opened by 17220@MSI

[2020-03-02 17:45:51 #2 type.registry] 
New type domain.Admin

[2020-03-02 17:45:51 #3 type] 
Type domain.Admin is not enhanced.

[2020-03-02 17:45:51 #4 type.registry] 
New type domain.Usuario

[2020-03-02 17:45:51 #5 type] 
Type domain.Usuario is not enhanced.

[2020-03-02 17:45:51 #6 type.registry] 
New type domain.Question

[2020-03-02 17:45:51 #7 type] 
Type domain.Question is not enhanced.

[2020-03-02 17:45:51 #8 type.registry] 
New type domain.Event

[2020-03-02 17:45:51 #9 type] 
Type domain.Event is not enhanced.

[2020-03-02 17:45:51 #10 type.registry] 
New type java.util.Vector<domain.Question>

[2020-03-02 17:45:51 #11 type.registry] 
New type java.util.Vector<java.lang.Object>

------------------------------------------------------------------------------------------------------------------------

[2020-03-02 17:46:01 #1 store] 
Database 'C:\Users\unaia\OneDrive\Desktop\ProyectoIS\resources\bets.temp' is opened by 16928@MSI

[2020-03-02 17:46:01 #2 type.registry] 
New type domain.Admin

[2020-03-02 17:46:01 #3 type] 
Type domain.Admin is not enhanced.

[2020-03-02 17:46:01 #4 type.registry] 
New type domain.Usuario

[2020-03-02 17:46:01 #5 type] 
Type domain.Usuario is not enhanced.

[2020-03-02 17:46:02 #6 type.registry] 
New type domain.Question

[2020-03-02 17:46:02 #7 type] 
Type domain.Question is not enhanced.

[2020-03-02 17:46:02 #8 type.registry] 
New type domain.Event

[2020-03-02 17:46:02 #9 type] 
Type domain.Event is not enhanced.

[2020-03-02 17:46:02 #10 type.registry] 
New type java.util.Vector<domain.Question>

[2020-03-02 17:46:02 #11 type.registry] 
New type java.util.Vector<java.lang.Object>

------------------------------------------------------------------------------------------------------------------------

[2020-03-02 17:47:04 #1 store] 
Database 'C:\Users\unaia\OneDrive\Desktop\ProyectoIS\resources\bets.temp' is opened by 15592@MSI

[2020-03-02 17:47:04 #2 type.registry] 
New type domain.Admin

[2020-03-02 17:47:04 #3 type] 
Type domain.Admin is not enhanced.

[2020-03-02 17:47:04 #4 type.registry] 
New type domain.Usuario

[2020-03-02 17:47:04 #5 type] 
Type domain.Usuario is not enhanced.

[2020-03-02 17:47:04 #6 type.registry] 
New type domain.Question

[2020-03-02 17:47:04 #7 type] 
Type domain.Question is not enhanced.

[2020-03-02 17:47:04 #8 type.registry] 
New type domain.Event

[2020-03-02 17:47:04 #9 type] 
Type domain.Event is not enhanced.

[2020-03-02 17:47:04 #10 type.registry] 
New type java.util.Vector<domain.Question>

[2020-03-02 17:47:04 #11 type.registry] 
New type java.util.Vector<java.lang.Object>

------------------------------------------------------------------------------------------------------------------------

[2020-03-02 17:48:47 #1 store] 
Database 'C:\Users\unaia\OneDrive\Desktop\ProyectoIS\resources\bets.temp' is opened by 11844@MSI

[2020-03-02 17:48:48 #2 type.registry] 
New type domain.Admin

[2020-03-02 17:48:48 #3 type] 
Type domain.Admin is not enhanced.

[2020-03-02 17:48:48 #4 type.registry] 
New type domain.Usuario

[2020-03-02 17:48:48 #5 type] 
Type domain.Usuario is not enhanced.

[2020-03-02 17:48:48 #6 type.registry] 
New type domain.Question

[2020-03-02 17:48:48 #7 type] 
Type domain.Question is not enhanced.

[2020-03-02 17:48:48 #8 type.registry] 
New type domain.Event

[2020-03-02 17:48:48 #9 type] 
Type domain.Event is not enhanced.

[2020-03-02 17:48:48 #10 type.registry] 
New type java.util.Vector<domain.Question>

[2020-03-02 17:48:48 #11 type.registry] 
New type java.util.Vector<java.lang.Object>

------------------------------------------------------------------------------------------------------------------------

[2020-03-02 17:50:44 #1 store] 
Database 'C:\Users\unaia\OneDrive\Desktop\ProyectoIS\resources\bets.temp' is opened by 18840@MSI

[2020-03-02 17:50:44 #2 type.registry] 
New type domain.Admin

[2020-03-02 17:50:44 #3 type] 
Type domain.Admin is not enhanced.

[2020-03-02 17:50:44 #4 type.registry] 
New type domain.Usuario

[2020-03-02 17:50:44 #5 type] 
Type domain.Usuario is not enhanced.

[2020-03-02 17:50:44 #6 type.registry] 
New type domain.Question

[2020-03-02 17:50:44 #7 type] 
Type domain.Question is not enhanced.

[2020-03-02 17:50:44 #8 type.registry] 
New type domain.Event

[2020-03-02 17:50:44 #9 type] 
Type domain.Event is not enhanced.

[2020-03-02 17:50:44 #10 type.registry] 
New type java.util.Vector<domain.Question>

[2020-03-02 17:50:44 #11 type.registry] 
New type java.util.Vector<java.lang.Object>

------------------------------------------------------------------------------------------------------------------------

[2020-03-02 17:53:03 #1 store] 
Database 'C:\Users\unaia\OneDrive\Desktop\ProyectoIS\resources\bets.temp' is opened by 8956@MSI

[2020-03-02 17:53:03 #2 type.registry] 
New type domain.Admin

[2020-03-02 17:53:03 #3 type] 
Type domain.Admin is not enhanced.

[2020-03-02 17:53:03 #4 type.registry] 
New type domain.Usuario

[2020-03-02 17:53:03 #5 type] 
Type domain.Usuario is not enhanced.

[2020-03-02 17:53:03 #6 type.registry] 
New type domain.Question

[2020-03-02 17:53:03 #7 type] 
Type domain.Question is not enhanced.

[2020-03-02 17:53:03 #8 type.registry] 
New type domain.Event

[2020-03-02 17:53:03 #9 type] 
Type domain.Event is not enhanced.

[2020-03-02 17:53:03 #10 type.registry] 
New type java.util.Vector<domain.Question>

[2020-03-02 17:53:03 #11 type.registry] 
New type java.util.Vector<java.lang.Object>

------------------------------------------------------------------------------------------------------------------------

[2020-03-02 17:55:07 #1 store] 
Database 'C:\Users\unaia\OneDrive\Desktop\ProyectoIS\resources\bets.temp' is opened by 18492@MSI

[2020-03-02 17:55:07 #2 type.registry] 
New type domain.Admin

[2020-03-02 17:55:07 #3 type] 
Type domain.Admin is not enhanced.

[2020-03-02 17:55:07 #4 type.registry] 
New type domain.Usuario

[2020-03-02 17:55:07 #5 type] 
Type domain.Usuario is not enhanced.

[2020-03-02 17:55:07 #6 type.registry] 
New type domain.Question

[2020-03-02 17:55:07 #7 type] 
Type domain.Question is not enhanced.

[2020-03-02 17:55:07 #8 type.registry] 
New type domain.Event

[2020-03-02 17:55:07 #9 type] 
Type domain.Event is not enhanced.

[2020-03-02 17:55:07 #10 type.registry] 
New type java.util.Vector<domain.Question>

[2020-03-02 17:55:07 #11 type.registry] 
New type java.util.Vector<java.lang.Object>

------------------------------------------------------------------------------------------------------------------------

[2020-03-02 17:55:35 #1 store] 
Database 'C:\Users\unaia\OneDrive\Desktop\ProyectoIS\resources\bets.temp' is opened by 9808@MSI

[2020-03-02 17:55:35 #2 type.registry] 
New type domain.Admin

[2020-03-02 17:55:35 #3 type] 
Type domain.Admin is not enhanced.

[2020-03-02 17:55:35 #4 type.registry] 
New type domain.Usuario

[2020-03-02 17:55:35 #5 type] 
Type domain.Usuario is not enhanced.

[2020-03-02 17:55:35 #6 type.registry] 
New type domain.Question

[2020-03-02 17:55:35 #7 type] 
Type domain.Question is not enhanced.

[2020-03-02 17:55:35 #8 type.registry] 
New type domain.Event

[2020-03-02 17:55:35 #9 type] 
Type domain.Event is not enhanced.

[2020-03-02 17:55:35 #10 type.registry] 
New type java.util.Vector<domain.Question>

[2020-03-02 17:55:35 #11 type.registry] 
New type java.util.Vector<java.lang.Object>

------------------------------------------------------------------------------------------------------------------------

[2020-03-02 17:57:28 #1 store] 
Database 'C:\Users\unaia\OneDrive\Desktop\ProyectoIS\resources\bets.temp' is opened by 5808@MSI

[2020-03-02 17:57:29 #2 type.registry] 
New type domain.Admin

[2020-03-02 17:57:29 #3 type] 
Type domain.Admin is not enhanced.

[2020-03-02 17:57:29 #4 type.registry] 
New type domain.Usuario

[2020-03-02 17:57:29 #5 type] 
Type domain.Usuario is not enhanced.

[2020-03-02 17:57:29 #6 type.registry] 
New type domain.Question

[2020-03-02 17:57:29 #7 type] 
Type domain.Question is not enhanced.

[2020-03-02 17:57:29 #8 type.registry] 
New type domain.Event

[2020-03-02 17:57:29 #9 type] 
Type domain.Event is not enhanced.

[2020-03-02 17:57:29 #10 type.registry] 
New type java.util.Vector<domain.Question>

[2020-03-02 17:57:29 #11 type.registry] 
New type java.util.Vector<java.lang.Object>

------------------------------------------------------------------------------------------------------------------------

[2020-03-02 17:57:56 #1 store] 
Database 'C:\Users\unaia\OneDrive\Desktop\ProyectoIS\resources\bets.temp' is opened by 10416@MSI

[2020-03-02 17:57:56 #2 type.registry] 
New type domain.Admin

[2020-03-02 17:57:56 #3 type] 
Type domain.Admin is not enhanced.

[2020-03-02 17:57:56 #4 type.registry] 
New type domain.Usuario

[2020-03-02 17:57:56 #5 type] 
Type domain.Usuario is not enhanced.

[2020-03-02 17:57:56 #6 type.registry] 
New type domain.Question

[2020-03-02 17:57:56 #7 type] 
Type domain.Question is not enhanced.

[2020-03-02 17:57:56 #8 type.registry] 
New type domain.Event

[2020-03-02 17:57:56 #9 type] 
Type domain.Event is not enhanced.

[2020-03-02 17:57:56 #10 type.registry] 
New type java.util.Vector<domain.Question>

[2020-03-02 17:57:56 #11 type.registry] 
New type java.util.Vector<java.lang.Object>

------------------------------------------------------------------------------------------------------------------------

[2020-03-02 18:00:42 #1 store] 
Database 'C:\Users\unaia\OneDrive\Desktop\ProyectoIS\resources\bets.temp' is opened by 10352@MSI

[2020-03-02 18:00:42 #2 type.registry] 
New type domain.Admin

[2020-03-02 18:00:42 #3 type] 
Type domain.Admin is not enhanced.

[2020-03-02 18:00:42 #4 type.registry] 
New type domain.Usuario

[2020-03-02 18:00:42 #5 type] 
Type domain.Usuario is not enhanced.

[2020-03-02 18:00:42 #6 type.registry] 
New type domain.Question

[2020-03-02 18:00:42 #7 type] 
Type domain.Question is not enhanced.

[2020-03-02 18:00:42 #8 type.registry] 
New type domain.Event

[2020-03-02 18:00:42 #9 type] 
Type domain.Event is not enhanced.

[2020-03-02 18:00:42 #10 type.registry] 
New type java.util.Vector<domain.Question>

[2020-03-02 18:00:42 #11 type.registry] 
New type java.util.Vector<java.lang.Object>

