------------------------------------------------------------------------------------------------------------------------

[2020-02-21 12:53:23 #1 store] 
Database 'C:\Users\unaia\OneDrive\Desktop\Bets\resources\bets.temp' is opened by 8368@MSI

[2020-02-21 12:53:24 #2 type.registry] 
New type domain.Question

[2020-02-21 12:53:24 #3 type] 
Type domain.Question is not enhanced.

[2020-02-21 12:53:24 #4 type.registry] 
New type domain.Event

[2020-02-21 12:53:24 #5 type] 
Type domain.Event is not enhanced.

[2020-02-21 12:53:24 #6 type.registry] 
New type java.util.Vector<domain.Question>

[2020-02-21 12:53:24 #7 type.registry] 
New type java.util.Vector<java.lang.Object>

------------------------------------------------------------------------------------------------------------------------

[2020-02-21 13:49:34 #1 store] 
Database 'C:\Users\unaia\OneDrive\Desktop\Bets\resources\bets.temp' is opened by 7012@MSI

[2020-02-21 13:49:34 #2 type.registry] 
New type domain.Question

[2020-02-21 13:49:34 #3 type] 
Type domain.Question is not enhanced.

[2020-02-21 13:49:34 #4 type.registry] 
New type domain.Event

[2020-02-21 13:49:34 #5 type] 
Type domain.Event is not enhanced.

[2020-02-21 13:49:34 #6 type.registry] 
New type java.util.Vector<domain.Question>

[2020-02-21 13:49:34 #7 type.registry] 
New type java.util.Vector<java.lang.Object>

------------------------------------------------------------------------------------------------------------------------

[2020-02-21 13:50:53 #1 store] 
Database 'C:\Users\unaia\OneDrive\Desktop\Bets\resources\bets.temp' is opened by 9148@MSI

[2020-02-21 13:50:53 #2 type.registry] 
New type domain.Question

[2020-02-21 13:50:53 #3 type] 
Type domain.Question is not enhanced.

[2020-02-21 13:50:53 #4 type.registry] 
New type domain.Event

[2020-02-21 13:50:53 #5 type] 
Type domain.Event is not enhanced.

[2020-02-21 13:50:53 #6 type.registry] 
New type java.util.Vector<domain.Question>

[2020-02-21 13:50:53 #7 type.registry] 
New type java.util.Vector<java.lang.Object>

------------------------------------------------------------------------------------------------------------------------

[2020-02-21 13:51:51 #1 store] 
Database 'C:\Users\unaia\OneDrive\Desktop\Bets\resources\bets.temp' is opened by 1748@MSI

[2020-02-21 13:51:51 #2 type.registry] 
New type domain.Question

[2020-02-21 13:51:51 #3 type] 
Type domain.Question is not enhanced.

[2020-02-21 13:51:51 #4 type.registry] 
New type domain.Event

[2020-02-21 13:51:51 #5 type] 
Type domain.Event is not enhanced.

[2020-02-21 13:51:51 #6 type.registry] 
New type java.util.Vector<domain.Question>

[2020-02-21 13:51:51 #7 type.registry] 
New type java.util.Vector<java.lang.Object>

------------------------------------------------------------------------------------------------------------------------

[2020-02-21 13:52:00 #1 store] 
Database 'C:\Users\unaia\OneDrive\Desktop\Bets\resources\bets.temp' is opened by 16576@MSI

[2020-02-21 13:52:00 #2 type.registry] 
New type domain.Question

[2020-02-21 13:52:00 #3 type] 
Type domain.Question is not enhanced.

[2020-02-21 13:52:00 #4 type.registry] 
New type domain.Event

[2020-02-21 13:52:00 #5 type] 
Type domain.Event is not enhanced.

[2020-02-21 13:52:00 #6 type.registry] 
New type java.util.Vector<domain.Question>

[2020-02-21 13:52:00 #7 type.registry] 
New type java.util.Vector<java.lang.Object>

------------------------------------------------------------------------------------------------------------------------

[2020-02-21 13:52:15 #1 store] 
Database 'C:\Users\unaia\OneDrive\Desktop\Bets\resources\bets.temp' is opened by 17960@MSI

[2020-02-21 13:52:15 #2 type.registry] 
New type domain.Question

[2020-02-21 13:52:15 #3 type] 
Type domain.Question is not enhanced.

[2020-02-21 13:52:15 #4 type.registry] 
New type domain.Event

[2020-02-21 13:52:15 #5 type] 
Type domain.Event is not enhanced.

[2020-02-21 13:52:15 #6 type.registry] 
New type java.util.Vector<domain.Question>

[2020-02-21 13:52:15 #7 type.registry] 
New type java.util.Vector<java.lang.Object>

------------------------------------------------------------------------------------------------------------------------

[2020-02-21 18:59:47 #1 store] 
Database 'C:\Users\unaia\OneDrive\Desktop\Bets\resources\bets.temp' is opened by 12600@MSI

[2020-02-21 18:59:47 #2 type.registry] 
New type domain.Question

[2020-02-21 18:59:47 #3 type] 
Type domain.Question is not enhanced.

[2020-02-21 18:59:47 #4 type.registry] 
New type domain.Event

[2020-02-21 18:59:47 #5 type] 
Type domain.Event is not enhanced.

[2020-02-21 18:59:47 #6 type.registry] 
New type java.util.Vector<domain.Question>

[2020-02-21 18:59:47 #7 type.registry] 
New type java.util.Vector<java.lang.Object>

------------------------------------------------------------------------------------------------------------------------

[2020-02-21 19:03:06 #1 store] 
Database 'C:\Users\unaia\OneDrive\Desktop\Bets\resources\bets.temp' is opened by 11324@MSI

[2020-02-21 19:03:06 #2 type.registry] 
New type domain.Question

[2020-02-21 19:03:06 #3 type] 
Type domain.Question is not enhanced.

[2020-02-21 19:03:06 #4 type.registry] 
New type domain.Event

[2020-02-21 19:03:06 #5 type] 
Type domain.Event is not enhanced.

[2020-02-21 19:03:06 #6 type.registry] 
New type java.util.Vector<domain.Question>

[2020-02-21 19:03:06 #7 type.registry] 
New type java.util.Vector<java.lang.Object>

------------------------------------------------------------------------------------------------------------------------

[2020-02-21 19:06:24 #1 store] 
Database 'C:\Users\unaia\OneDrive\Desktop\Bets\resources\bets.temp' is opened by 18392@MSI

[2020-02-21 19:06:24 #2 type.registry] 
New type domain.Question

[2020-02-21 19:06:24 #3 type] 
Type domain.Question is not enhanced.

[2020-02-21 19:06:24 #4 type.registry] 
New type domain.Event

[2020-02-21 19:06:24 #5 type] 
Type domain.Event is not enhanced.

[2020-02-21 19:06:24 #6 type.registry] 
New type java.util.Vector<domain.Question>

[2020-02-21 19:06:24 #7 type.registry] 
New type java.util.Vector<java.lang.Object>

------------------------------------------------------------------------------------------------------------------------

[2020-02-21 19:06:47 #1 store] 
Database 'C:\Users\unaia\OneDrive\Desktop\Bets\resources\bets.temp' is opened by 5644@MSI

[2020-02-21 19:06:47 #2 type.registry] 
New type domain.Question

[2020-02-21 19:06:47 #3 type] 
Type domain.Question is not enhanced.

[2020-02-21 19:06:47 #4 type.registry] 
New type domain.Event

[2020-02-21 19:06:47 #5 type] 
Type domain.Event is not enhanced.

[2020-02-21 19:06:47 #6 type.registry] 
New type java.util.Vector<domain.Question>

[2020-02-21 19:06:47 #7 type.registry] 
New type java.util.Vector<java.lang.Object>

------------------------------------------------------------------------------------------------------------------------

[2020-02-21 19:07:21 #1 store] 
Database 'C:\Users\unaia\OneDrive\Desktop\Bets\resources\bets.temp' is opened by 7728@MSI

[2020-02-21 19:07:21 #2 type.registry] 
New type domain.Question

[2020-02-21 19:07:21 #3 type] 
Type domain.Question is not enhanced.

[2020-02-21 19:07:21 #4 type.registry] 
New type domain.Event

[2020-02-21 19:07:21 #5 type] 
Type domain.Event is not enhanced.

[2020-02-21 19:07:21 #6 type.registry] 
New type java.util.Vector<domain.Question>

[2020-02-21 19:07:21 #7 type.registry] 
New type java.util.Vector<java.lang.Object>

------------------------------------------------------------------------------------------------------------------------

[2020-02-21 20:35:41 #1 store] 
Database 'C:\Users\unaia\OneDrive\Desktop\Bets\resources\bets.temp' is opened by 17876@MSI

[2020-02-21 20:35:41 #2 type.registry] 
New type domain.Question

[2020-02-21 20:35:41 #3 type] 
Type domain.Question is not enhanced.

[2020-02-21 20:35:41 #4 type.registry] 
New type domain.Event

[2020-02-21 20:35:41 #5 type] 
Type domain.Event is not enhanced.

[2020-02-21 20:35:41 #6 type.registry] 
New type java.util.Vector<domain.Question>

[2020-02-21 20:35:41 #7 type.registry] 
New type java.util.Vector<java.lang.Object>

------------------------------------------------------------------------------------------------------------------------

[2020-02-21 20:35:56 #1 store] 
Database 'C:\Users\unaia\OneDrive\Desktop\Bets\resources\bets.temp' is opened by 13132@MSI

[2020-02-21 20:35:56 #2 type.registry] 
New type domain.Question

[2020-02-21 20:35:56 #3 type] 
Type domain.Question is not enhanced.

[2020-02-21 20:35:56 #4 type.registry] 
New type domain.Event

[2020-02-21 20:35:56 #5 type] 
Type domain.Event is not enhanced.

[2020-02-21 20:35:56 #6 type.registry] 
New type java.util.Vector<domain.Question>

[2020-02-21 20:35:56 #7 type.registry] 
New type java.util.Vector<java.lang.Object>

------------------------------------------------------------------------------------------------------------------------

[2020-02-21 20:36:25 #1 store] 
Database 'C:\Users\unaia\OneDrive\Desktop\Bets\resources\bets.temp' is opened by 15324@MSI

[2020-02-21 20:36:25 #2 type.registry] 
New type domain.Question

[2020-02-21 20:36:25 #3 type] 
Type domain.Question is not enhanced.

[2020-02-21 20:36:25 #4 type.registry] 
New type domain.Event

[2020-02-21 20:36:25 #5 type] 
Type domain.Event is not enhanced.

[2020-02-21 20:36:25 #6 type.registry] 
New type java.util.Vector<domain.Question>

[2020-02-21 20:36:25 #7 type.registry] 
New type java.util.Vector<java.lang.Object>

------------------------------------------------------------------------------------------------------------------------

[2020-02-21 20:38:42 #1 store] 
Database 'C:\Users\unaia\OneDrive\Desktop\Bets\resources\bets.temp' is opened by 6324@MSI

[2020-02-21 20:38:42 #2 type.registry] 
New type domain.Question

[2020-02-21 20:38:42 #3 type] 
Type domain.Question is not enhanced.

[2020-02-21 20:38:42 #4 type.registry] 
New type domain.Event

[2020-02-21 20:38:42 #5 type] 
Type domain.Event is not enhanced.

[2020-02-21 20:38:42 #6 type.registry] 
New type java.util.Vector<domain.Question>

[2020-02-21 20:38:42 #7 type.registry] 
New type java.util.Vector<java.lang.Object>

------------------------------------------------------------------------------------------------------------------------

[2020-02-21 20:39:54 #1 store] 
Database 'C:\Users\unaia\OneDrive\Desktop\Bets\resources\bets.temp' is opened by 13260@MSI

[2020-02-21 20:39:54 #2 type.registry] 
New type domain.Question

[2020-02-21 20:39:54 #3 type] 
Type domain.Question is not enhanced.

[2020-02-21 20:39:54 #4 type.registry] 
New type domain.Event

[2020-02-21 20:39:54 #5 type] 
Type domain.Event is not enhanced.

[2020-02-21 20:39:54 #6 type.registry] 
New type java.util.Vector<domain.Question>

[2020-02-21 20:39:54 #7 type.registry] 
New type java.util.Vector<java.lang.Object>

------------------------------------------------------------------------------------------------------------------------

[2020-02-21 20:43:09 #1 store] 
Database 'C:\Users\unaia\OneDrive\Desktop\Bets\resources\bets.temp' is opened by 432@MSI

[2020-02-21 20:43:09 #2 type.registry] 
New type domain.Question

[2020-02-21 20:43:09 #3 type] 
Type domain.Question is not enhanced.

[2020-02-21 20:43:09 #4 type.registry] 
New type domain.Event

[2020-02-21 20:43:09 #5 type] 
Type domain.Event is not enhanced.

[2020-02-21 20:43:09 #6 type.registry] 
New type java.util.Vector<domain.Question>

[2020-02-21 20:43:09 #7 type.registry] 
New type java.util.Vector<java.lang.Object>

------------------------------------------------------------------------------------------------------------------------

[2020-02-21 20:43:51 #1 store] 
Database 'C:\Users\unaia\OneDrive\Desktop\Bets\resources\bets.temp' is opened by 628@MSI

[2020-02-21 20:43:51 #2 type.registry] 
New type domain.Question

[2020-02-21 20:43:51 #3 type] 
Type domain.Question is not enhanced.

[2020-02-21 20:43:51 #4 type.registry] 
New type domain.Event

[2020-02-21 20:43:51 #5 type] 
Type domain.Event is not enhanced.

[2020-02-21 20:43:51 #6 type.registry] 
New type java.util.Vector<domain.Question>

[2020-02-21 20:43:51 #7 type.registry] 
New type java.util.Vector<java.lang.Object>

