------------------------------------------------------------------------------------------------------------------------

[2020-03-03 15:14:44 #1 store] 
Database 'C:\Users\unaia\OneDrive\Desktop\ProyectoIS\resources\bets.temp' is opened by 15620@MSI

[2020-03-03 15:14:44 #2 type.registry] 
New type domain.Admin

[2020-03-03 15:14:44 #3 type] 
Type domain.Admin is not enhanced.

[2020-03-03 15:14:44 #4 type.registry] 
New type domain.Usuario

[2020-03-03 15:14:44 #5 type] 
Type domain.Usuario is not enhanced.

[2020-03-03 15:14:44 #6 type.registry] 
New type domain.Question

[2020-03-03 15:14:44 #7 type] 
Type domain.Question is not enhanced.

[2020-03-03 15:14:44 #8 type.registry] 
New type domain.Event

[2020-03-03 15:14:44 #9 type] 
Type domain.Event is not enhanced.

[2020-03-03 15:14:44 #10 type.registry] 
New type java.util.Vector<domain.Question>

[2020-03-03 15:14:44 #11 type.registry] 
New type java.util.Vector<java.lang.Object>

[2020-03-03 15:15:25 #12 type.registry] 
New type domain.Apuesta

[2020-03-03 15:15:25 #13 type] 
Type domain.Apuesta is not enhanced.

------------------------------------------------------------------------------------------------------------------------

[2020-03-03 15:21:55 #1 store] 
Database 'C:\Users\unaia\OneDrive\Desktop\ProyectoIS\resources\bets.temp' is opened by 11608@MSI

[2020-03-03 15:21:55 #2 type.registry] 
New type domain.Admin

[2020-03-03 15:21:55 #3 type] 
Type domain.Admin is not enhanced.

[2020-03-03 15:21:55 #4 type.registry] 
New type domain.Usuario

[2020-03-03 15:21:55 #5 type] 
Type domain.Usuario is not enhanced.

[2020-03-03 15:21:55 #6 type.registry] 
New type domain.Question

[2020-03-03 15:21:55 #7 type] 
Type domain.Question is not enhanced.

[2020-03-03 15:21:55 #8 type.registry] 
New type domain.Event

[2020-03-03 15:21:55 #9 type] 
Type domain.Event is not enhanced.

[2020-03-03 15:21:55 #10 type.registry] 
New type java.util.Vector<domain.Question>

[2020-03-03 15:21:55 #11 type.registry] 
New type java.util.Vector<java.lang.Object>

[2020-03-03 15:22:56 #12 type.registry] 
New type domain.Apuesta

[2020-03-03 15:22:56 #13 type] 
Type domain.Apuesta is not enhanced.

------------------------------------------------------------------------------------------------------------------------

[2020-03-03 15:26:56 #1 store] 
Database 'C:\Users\unaia\OneDrive\Desktop\ProyectoIS\resources\bets.temp' is opened by 10884@MSI

[2020-03-03 15:26:57 #2 type.registry] 
New type domain.Admin

[2020-03-03 15:26:57 #3 type] 
Type domain.Admin is not enhanced.

[2020-03-03 15:26:57 #4 type.registry] 
New type domain.Usuario

[2020-03-03 15:26:57 #5 type] 
Type domain.Usuario is not enhanced.

[2020-03-03 15:26:57 #6 type.registry] 
New type domain.Question

[2020-03-03 15:26:57 #7 type] 
Type domain.Question is not enhanced.

[2020-03-03 15:26:57 #8 type.registry] 
New type domain.Event

[2020-03-03 15:26:57 #9 type] 
Type domain.Event is not enhanced.

[2020-03-03 15:26:57 #10 type.registry] 
New type java.util.Vector<domain.Question>

[2020-03-03 15:26:57 #11 type.registry] 
New type java.util.Vector<java.lang.Object>

[2020-03-03 15:27:02 #12 type.registry] 
New type domain.Apuesta

[2020-03-03 15:27:02 #13 type] 
Type domain.Apuesta is not enhanced.

------------------------------------------------------------------------------------------------------------------------

[2020-03-03 15:28:09 #1 store] 
Database 'C:\Users\unaia\OneDrive\Desktop\ProyectoIS\resources\bets.temp' is opened by 13780@MSI

[2020-03-03 15:28:10 #2 type.registry] 
New type domain.Admin

[2020-03-03 15:28:10 #3 type] 
Type domain.Admin is not enhanced.

[2020-03-03 15:28:10 #4 type.registry] 
New type domain.Usuario

[2020-03-03 15:28:10 #5 type] 
Type domain.Usuario is not enhanced.

[2020-03-03 15:28:10 #6 type.registry] 
New type domain.Question

[2020-03-03 15:28:10 #7 type] 
Type domain.Question is not enhanced.

[2020-03-03 15:28:10 #8 type.registry] 
New type domain.Event

[2020-03-03 15:28:10 #9 type] 
Type domain.Event is not enhanced.

[2020-03-03 15:28:10 #10 type.registry] 
New type java.util.Vector<domain.Question>

[2020-03-03 15:28:10 #11 type.registry] 
New type java.util.Vector<java.lang.Object>

[2020-03-03 15:28:20 #12 type.registry] 
New type domain.Apuesta

[2020-03-03 15:28:20 #13 type] 
Type domain.Apuesta is not enhanced.

------------------------------------------------------------------------------------------------------------------------

[2020-03-03 15:28:43 #1 store] 
Database 'C:\Users\unaia\OneDrive\Desktop\ProyectoIS\resources\bets.temp' is opened by 16928@MSI

[2020-03-03 15:28:44 #2 type.registry] 
New type domain.Admin

[2020-03-03 15:28:44 #3 type] 
Type domain.Admin is not enhanced.

[2020-03-03 15:28:44 #4 type.registry] 
New type domain.Usuario

[2020-03-03 15:28:44 #5 type] 
Type domain.Usuario is not enhanced.

[2020-03-03 15:28:44 #6 type.registry] 
New type domain.Question

[2020-03-03 15:28:44 #7 type] 
Type domain.Question is not enhanced.

[2020-03-03 15:28:44 #8 type.registry] 
New type domain.Event

[2020-03-03 15:28:44 #9 type] 
Type domain.Event is not enhanced.

[2020-03-03 15:28:44 #10 type.registry] 
New type java.util.Vector<domain.Question>

[2020-03-03 15:28:44 #11 type.registry] 
New type java.util.Vector<java.lang.Object>

[2020-03-03 15:28:49 #12 type.registry] 
New type domain.Apuesta

[2020-03-03 15:28:49 #13 type] 
Type domain.Apuesta is not enhanced.

------------------------------------------------------------------------------------------------------------------------

[2020-03-03 15:29:49 #1 store] 
Database 'C:\Users\unaia\OneDrive\Desktop\ProyectoIS\resources\bets.temp' is opened by 16092@MSI

[2020-03-03 15:29:50 #2 type.registry] 
New type domain.Admin

[2020-03-03 15:29:50 #3 type] 
Type domain.Admin is not enhanced.

[2020-03-03 15:29:50 #4 type.registry] 
New type domain.Usuario

[2020-03-03 15:29:50 #5 type] 
Type domain.Usuario is not enhanced.

[2020-03-03 15:29:50 #6 type.registry] 
New type domain.Question

[2020-03-03 15:29:50 #7 type] 
Type domain.Question is not enhanced.

[2020-03-03 15:29:50 #8 type.registry] 
New type domain.Event

[2020-03-03 15:29:50 #9 type] 
Type domain.Event is not enhanced.

[2020-03-03 15:29:50 #10 type.registry] 
New type java.util.Vector<domain.Question>

[2020-03-03 15:29:50 #11 type.registry] 
New type java.util.Vector<java.lang.Object>

[2020-03-03 15:29:57 #12 type.registry] 
New type domain.Apuesta

[2020-03-03 15:29:57 #13 type] 
Type domain.Apuesta is not enhanced.

------------------------------------------------------------------------------------------------------------------------

[2020-03-03 15:30:26 #1 store] 
Database 'C:\Users\unaia\OneDrive\Desktop\ProyectoIS\resources\bets.temp' is opened by 16560@MSI

[2020-03-03 15:30:26 #2 type.registry] 
New type domain.Admin

[2020-03-03 15:30:26 #3 type] 
Type domain.Admin is not enhanced.

[2020-03-03 15:30:26 #4 type.registry] 
New type domain.Usuario

[2020-03-03 15:30:26 #5 type] 
Type domain.Usuario is not enhanced.

[2020-03-03 15:30:26 #6 type.registry] 
New type domain.Question

[2020-03-03 15:30:26 #7 type] 
Type domain.Question is not enhanced.

[2020-03-03 15:30:26 #8 type.registry] 
New type domain.Event

[2020-03-03 15:30:26 #9 type] 
Type domain.Event is not enhanced.

[2020-03-03 15:30:26 #10 type.registry] 
New type java.util.Vector<domain.Question>

[2020-03-03 15:30:26 #11 type.registry] 
New type java.util.Vector<java.lang.Object>

------------------------------------------------------------------------------------------------------------------------

[2020-03-03 15:30:33 #1 store] 
Database 'C:\Users\unaia\OneDrive\Desktop\ProyectoIS\resources\bets.temp' is opened by 7448@MSI

[2020-03-03 15:30:33 #2 type.registry] 
New type domain.Admin

[2020-03-03 15:30:33 #3 type] 
Type domain.Admin is not enhanced.

[2020-03-03 15:30:33 #4 type.registry] 
New type domain.Usuario

[2020-03-03 15:30:33 #5 type] 
Type domain.Usuario is not enhanced.

[2020-03-03 15:30:33 #6 type.registry] 
New type domain.Question

[2020-03-03 15:30:33 #7 type] 
Type domain.Question is not enhanced.

[2020-03-03 15:30:33 #8 type.registry] 
New type domain.Event

[2020-03-03 15:30:33 #9 type] 
Type domain.Event is not enhanced.

[2020-03-03 15:30:33 #10 type.registry] 
New type java.util.Vector<domain.Question>

[2020-03-03 15:30:33 #11 type.registry] 
New type java.util.Vector<java.lang.Object>

[2020-03-03 15:30:40 #12 type.registry] 
New type domain.Apuesta

[2020-03-03 15:30:40 #13 type] 
Type domain.Apuesta is not enhanced.

------------------------------------------------------------------------------------------------------------------------

[2020-03-03 15:33:01 #1 store] 
Database 'C:\Users\unaia\OneDrive\Desktop\ProyectoIS\resources\bets.temp' is opened by 13176@MSI

[2020-03-03 15:33:01 #2 type.registry] 
New type domain.Admin

[2020-03-03 15:33:01 #3 type] 
Type domain.Admin is not enhanced.

[2020-03-03 15:33:01 #4 type.registry] 
New type domain.Usuario

[2020-03-03 15:33:01 #5 type] 
Type domain.Usuario is not enhanced.

[2020-03-03 15:33:01 #6 type.registry] 
New type domain.Question

[2020-03-03 15:33:01 #7 type] 
Type domain.Question is not enhanced.

[2020-03-03 15:33:01 #8 type.registry] 
New type domain.Event

[2020-03-03 15:33:01 #9 type] 
Type domain.Event is not enhanced.

[2020-03-03 15:33:01 #10 type.registry] 
New type java.util.Vector<domain.Question>

[2020-03-03 15:33:01 #11 type.registry] 
New type java.util.Vector<java.lang.Object>

[2020-03-03 15:33:15 #12 type.registry] 
New type domain.Apuesta

[2020-03-03 15:33:15 #13 type] 
Type domain.Apuesta is not enhanced.

------------------------------------------------------------------------------------------------------------------------

[2020-03-03 15:35:10 #1 store] 
Database 'C:\Users\unaia\OneDrive\Desktop\ProyectoIS\resources\bets.temp' is opened by 1760@MSI

[2020-03-03 15:35:10 #2 type.registry] 
New type domain.Admin

[2020-03-03 15:35:10 #3 type] 
Type domain.Admin is not enhanced.

[2020-03-03 15:35:10 #4 type.registry] 
New type domain.Usuario

[2020-03-03 15:35:10 #5 type] 
Type domain.Usuario is not enhanced.

[2020-03-03 15:35:10 #6 type.registry] 
New type domain.Question

[2020-03-03 15:35:10 #7 type] 
Type domain.Question is not enhanced.

[2020-03-03 15:35:10 #8 type.registry] 
New type domain.Event

[2020-03-03 15:35:10 #9 type] 
Type domain.Event is not enhanced.

[2020-03-03 15:35:10 #10 type.registry] 
New type java.util.Vector<domain.Question>

[2020-03-03 15:35:10 #11 type.registry] 
New type java.util.Vector<java.lang.Object>

------------------------------------------------------------------------------------------------------------------------

[2020-03-03 15:42:30 #1 store] 
Database 'C:\Users\unaia\OneDrive\Desktop\ProyectoIS\resources\bets.temp' is opened by 9456@MSI

[2020-03-03 15:42:30 #2 type.registry] 
New type domain.Admin

[2020-03-03 15:42:30 #3 type] 
Type domain.Admin is not enhanced.

[2020-03-03 15:42:30 #4 type.registry] 
New type domain.Usuario

[2020-03-03 15:42:30 #5 type] 
Type domain.Usuario is not enhanced.

[2020-03-03 15:42:30 #6 type.registry] 
New type domain.Question

[2020-03-03 15:42:30 #7 type] 
Type domain.Question is not enhanced.

[2020-03-03 15:42:30 #8 type.registry] 
New type domain.Event

[2020-03-03 15:42:30 #9 type] 
Type domain.Event is not enhanced.

[2020-03-03 15:42:30 #10 type.registry] 
New type java.util.Vector<domain.Question>

[2020-03-03 15:42:30 #11 type.registry] 
New type java.util.Vector<java.lang.Object>

[2020-03-03 15:42:43 #12 type.registry] 
New type domain.Apuesta

[2020-03-03 15:42:43 #13 type] 
Type domain.Apuesta is not enhanced.

------------------------------------------------------------------------------------------------------------------------

[2020-03-03 15:43:21 #1 store] 
Database 'C:\Users\unaia\OneDrive\Desktop\ProyectoIS\resources\bets.temp' is opened by 13008@MSI

[2020-03-03 15:43:21 #2 type.registry] 
New type domain.Admin

[2020-03-03 15:43:21 #3 type] 
Type domain.Admin is not enhanced.

[2020-03-03 15:43:21 #4 type.registry] 
New type domain.Usuario

[2020-03-03 15:43:21 #5 type] 
Type domain.Usuario is not enhanced.

[2020-03-03 15:43:21 #6 type.registry] 
New type domain.Question

[2020-03-03 15:43:21 #7 type] 
Type domain.Question is not enhanced.

[2020-03-03 15:43:21 #8 type.registry] 
New type domain.Event

[2020-03-03 15:43:21 #9 type] 
Type domain.Event is not enhanced.

[2020-03-03 15:43:21 #10 type.registry] 
New type java.util.Vector<domain.Question>

[2020-03-03 15:43:21 #11 type.registry] 
New type java.util.Vector<java.lang.Object>

[2020-03-03 15:43:33 #12 type.registry] 
New type domain.Apuesta

[2020-03-03 15:43:33 #13 type] 
Type domain.Apuesta is not enhanced.

------------------------------------------------------------------------------------------------------------------------

[2020-03-03 15:44:38 #1 store] 
Database 'C:\Users\unaia\OneDrive\Desktop\ProyectoIS\resources\bets.temp' is opened by 10152@MSI

[2020-03-03 15:44:38 #2 type.registry] 
New type domain.Admin

[2020-03-03 15:44:38 #3 type] 
Type domain.Admin is not enhanced.

[2020-03-03 15:44:38 #4 type.registry] 
New type domain.Usuario

[2020-03-03 15:44:38 #5 type] 
Type domain.Usuario is not enhanced.

[2020-03-03 15:44:38 #6 type.registry] 
New type domain.Question

[2020-03-03 15:44:38 #7 type] 
Type domain.Question is not enhanced.

[2020-03-03 15:44:38 #8 type.registry] 
New type domain.Event

[2020-03-03 15:44:38 #9 type] 
Type domain.Event is not enhanced.

[2020-03-03 15:44:38 #10 type.registry] 
New type java.util.Vector<domain.Question>

[2020-03-03 15:44:38 #11 type.registry] 
New type java.util.Vector<java.lang.Object>

[2020-03-03 15:44:49 #12 type.registry] 
New type domain.Apuesta

[2020-03-03 15:44:49 #13 type] 
Type domain.Apuesta is not enhanced.

------------------------------------------------------------------------------------------------------------------------

[2020-03-03 15:45:13 #1 store] 
Database 'C:\Users\unaia\OneDrive\Desktop\ProyectoIS\resources\bets.temp' is opened by 4156@MSI

[2020-03-03 15:45:13 #2 type.registry] 
New type domain.Admin

[2020-03-03 15:45:13 #3 type] 
Type domain.Admin is not enhanced.

[2020-03-03 15:45:13 #4 type.registry] 
New type domain.Usuario

[2020-03-03 15:45:13 #5 type] 
Type domain.Usuario is not enhanced.

[2020-03-03 15:45:13 #6 type.registry] 
New type domain.Question

[2020-03-03 15:45:13 #7 type] 
Type domain.Question is not enhanced.

[2020-03-03 15:45:13 #8 type.registry] 
New type domain.Event

[2020-03-03 15:45:13 #9 type] 
Type domain.Event is not enhanced.

[2020-03-03 15:45:13 #10 type.registry] 
New type java.util.Vector<domain.Question>

[2020-03-03 15:45:13 #11 type.registry] 
New type java.util.Vector<java.lang.Object>

[2020-03-03 15:45:18 #12 type.registry] 
New type domain.Apuesta

[2020-03-03 15:45:18 #13 type] 
Type domain.Apuesta is not enhanced.

<<<<<<< Updated upstream:libs/log/archive/odb20200303.log
------------------------------------------------------------------------------------------------------------------------

[2020-03-03 20:20:55 #1 store] 
Database '/home/asier/pCloudDrive/Ingenieria/IS/Proyecto/resources/bets.temp' is opened by 21163@asier-XPS-15-9560

[2020-03-03 20:20:55 #2 type.registry] 
New type domain.Admin

[2020-03-03 20:20:55 #3 type] 
Type domain.Admin is not enhanced.

[2020-03-03 20:20:55 #4 type.registry] 
New type domain.Usuario

[2020-03-03 20:20:55 #5 type] 
Type domain.Usuario is not enhanced.

[2020-03-03 20:20:55 #6 type.registry] 
New type domain.Question

[2020-03-03 20:20:55 #7 type] 
Type domain.Question is not enhanced.

[2020-03-03 20:20:55 #8 type.registry] 
New type domain.Event

[2020-03-03 20:20:55 #9 type] 
Type domain.Event is not enhanced.

[2020-03-03 20:20:55 #10 type.registry] 
New type java.util.Vector<domain.Question>

[2020-03-03 20:20:55 #11 type.registry] 
New type java.util.Vector<java.lang.Object>

[2020-03-03 20:29:03 #12 type.registry] 
New type domain.Apuesta

[2020-03-03 20:29:03 #13 type] 
Type domain.Apuesta is not enhanced.

=======
------------------------------------------------------------------------------------------------------------------------

[2020-03-03 15:46:44 #1 store] 
Database 'C:\Users\unaia\OneDrive\Desktop\ProyectoIS\resources\bets.temp' is opened by 12908@MSI

[2020-03-03 15:46:45 #2 type.registry] 
New type domain.Admin

[2020-03-03 15:46:45 #3 type] 
Type domain.Admin is not enhanced.

[2020-03-03 15:46:45 #4 type.registry] 
New type domain.Usuario

[2020-03-03 15:46:45 #5 type] 
Type domain.Usuario is not enhanced.

[2020-03-03 15:46:45 #6 type.registry] 
New type domain.Question

[2020-03-03 15:46:45 #7 type] 
Type domain.Question is not enhanced.

[2020-03-03 15:46:45 #8 type.registry] 
New type domain.Event

[2020-03-03 15:46:45 #9 type] 
Type domain.Event is not enhanced.

[2020-03-03 15:46:45 #10 type.registry] 
New type java.util.Vector<domain.Question>

[2020-03-03 15:46:45 #11 type.registry] 
New type java.util.Vector<java.lang.Object>

------------------------------------------------------------------------------------------------------------------------

[2020-03-03 15:47:41 #1 store] 
Database 'C:\Users\unaia\OneDrive\Desktop\ProyectoIS\resources\bets.temp' is opened by 12152@MSI

[2020-03-03 15:47:42 #2 type.registry] 
New type domain.Admin

[2020-03-03 15:47:42 #3 type] 
Type domain.Admin is not enhanced.

[2020-03-03 15:47:42 #4 type.registry] 
New type domain.Usuario

[2020-03-03 15:47:42 #5 type] 
Type domain.Usuario is not enhanced.

[2020-03-03 15:47:42 #6 type.registry] 
New type domain.Question

[2020-03-03 15:47:42 #7 type] 
Type domain.Question is not enhanced.

[2020-03-03 15:47:42 #8 type.registry] 
New type domain.Event

[2020-03-03 15:47:42 #9 type] 
Type domain.Event is not enhanced.

[2020-03-03 15:47:42 #10 type.registry] 
New type java.util.Vector<domain.Question>

[2020-03-03 15:47:42 #11 type.registry] 
New type java.util.Vector<java.lang.Object>

------------------------------------------------------------------------------------------------------------------------

[2020-03-03 15:49:22 #1 store] 
Database 'C:\Users\unaia\OneDrive\Desktop\ProyectoIS\resources\bets.temp' is opened by 7372@MSI

[2020-03-03 15:49:22 #2 type.registry] 
New type domain.Admin

[2020-03-03 15:49:22 #3 type] 
Type domain.Admin is not enhanced.

[2020-03-03 15:49:23 #4 type.registry] 
New type domain.Usuario

[2020-03-03 15:49:23 #5 type] 
Type domain.Usuario is not enhanced.

[2020-03-03 15:49:23 #6 type.registry] 
New type domain.Question

[2020-03-03 15:49:23 #7 type] 
Type domain.Question is not enhanced.

[2020-03-03 15:49:23 #8 type.registry] 
New type domain.Event

[2020-03-03 15:49:23 #9 type] 
Type domain.Event is not enhanced.

[2020-03-03 15:49:23 #10 type.registry] 
New type java.util.Vector<domain.Question>

[2020-03-03 15:49:23 #11 type.registry] 
New type java.util.Vector<java.lang.Object>

------------------------------------------------------------------------------------------------------------------------

[2020-03-03 15:49:35 #1 store] 
Database 'C:\Users\unaia\OneDrive\Desktop\ProyectoIS\resources\bets.temp' is opened by 16048@MSI

[2020-03-03 15:49:36 #2 type.registry] 
New type domain.Admin

[2020-03-03 15:49:36 #3 type] 
Type domain.Admin is not enhanced.

[2020-03-03 15:49:36 #4 type.registry] 
New type domain.Usuario

[2020-03-03 15:49:36 #5 type] 
Type domain.Usuario is not enhanced.

[2020-03-03 15:49:36 #6 type.registry] 
New type domain.Question

[2020-03-03 15:49:36 #7 type] 
Type domain.Question is not enhanced.

[2020-03-03 15:49:36 #8 type.registry] 
New type domain.Event

[2020-03-03 15:49:36 #9 type] 
Type domain.Event is not enhanced.

[2020-03-03 15:49:36 #10 type.registry] 
New type java.util.Vector<domain.Question>

[2020-03-03 15:49:36 #11 type.registry] 
New type java.util.Vector<java.lang.Object>

[2020-03-03 15:49:49 #12 type.registry] 
New type domain.Apuesta

[2020-03-03 15:49:49 #13 type] 
Type domain.Apuesta is not enhanced.

------------------------------------------------------------------------------------------------------------------------

[2020-03-03 16:06:35 #1 store] 
Database 'C:\Users\unaia\OneDrive\Desktop\ProyectoIS\resources\bets.temp' is opened by 3836@MSI

[2020-03-03 16:06:35 #2 type.registry] 
New type domain.Admin

[2020-03-03 16:06:35 #3 type] 
Type domain.Admin is not enhanced.

[2020-03-03 16:06:35 #4 type.registry] 
New type domain.Usuario

[2020-03-03 16:06:35 #5 type] 
Type domain.Usuario is not enhanced.

[2020-03-03 16:06:35 #6 type.registry] 
New type domain.Question

[2020-03-03 16:06:35 #7 type] 
Type domain.Question is not enhanced.

[2020-03-03 16:06:35 #8 type.registry] 
New type domain.Event

[2020-03-03 16:06:35 #9 type] 
Type domain.Event is not enhanced.

[2020-03-03 16:06:35 #10 type.registry] 
New type java.util.Vector<domain.Question>

[2020-03-03 16:06:35 #11 type.registry] 
New type java.util.Vector<java.lang.Object>

------------------------------------------------------------------------------------------------------------------------

[2020-03-03 16:10:09 #1 store] 
Database 'C:\Users\unaia\OneDrive\Desktop\ProyectoIS\resources\bets.temp' is opened by 18716@MSI

[2020-03-03 16:10:10 #2 type.registry] 
New type domain.Admin

[2020-03-03 16:10:10 #3 type] 
Type domain.Admin is not enhanced.

[2020-03-03 16:10:10 #4 type.registry] 
New type domain.Usuario

[2020-03-03 16:10:10 #5 type] 
Type domain.Usuario is not enhanced.

[2020-03-03 16:10:10 #6 type.registry] 
New type domain.Question

[2020-03-03 16:10:10 #7 type] 
Type domain.Question is not enhanced.

[2020-03-03 16:10:10 #8 type.registry] 
New type domain.Event

[2020-03-03 16:10:10 #9 type] 
Type domain.Event is not enhanced.

[2020-03-03 16:10:10 #10 type.registry] 
New type java.util.Vector<domain.Question>

[2020-03-03 16:10:10 #11 type.registry] 
New type java.util.Vector<java.lang.Object>

[2020-03-03 16:10:26 #12 type.registry] 
New type domain.Apuesta

[2020-03-03 16:10:26 #13 type] 
Type domain.Apuesta is not enhanced.

------------------------------------------------------------------------------------------------------------------------

[2020-03-03 16:54:20 #1 store] 
Database 'C:\Users\unaia\OneDrive\Desktop\ProyectoIS\resources\bets.temp' is opened by 4672@MSI

[2020-03-03 16:54:20 #2 type.registry] 
New type domain.Admin

[2020-03-03 16:54:20 #3 type] 
Type domain.Admin is not enhanced.

[2020-03-03 16:54:20 #4 type.registry] 
New type domain.Usuario

[2020-03-03 16:54:20 #5 type] 
Type domain.Usuario is not enhanced.

[2020-03-03 16:54:20 #6 type.registry] 
New type domain.Question

[2020-03-03 16:54:20 #7 type] 
Type domain.Question is not enhanced.

[2020-03-03 16:54:20 #8 type.registry] 
New type domain.Event

[2020-03-03 16:54:20 #9 type] 
Type domain.Event is not enhanced.

[2020-03-03 16:54:20 #10 type.registry] 
New type java.util.Vector<domain.Question>

[2020-03-03 16:54:20 #11 type.registry] 
New type java.util.Vector<java.lang.Object>

------------------------------------------------------------------------------------------------------------------------

[2020-03-03 16:55:24 #1 store] 
Database 'C:\Users\unaia\OneDrive\Desktop\ProyectoIS\resources\bets.temp' is opened by 2468@MSI

[2020-03-03 16:55:24 #2 type.registry] 
New type domain.Admin

[2020-03-03 16:55:24 #3 type] 
Type domain.Admin is not enhanced.

[2020-03-03 16:55:24 #4 type.registry] 
New type domain.Usuario

[2020-03-03 16:55:24 #5 type] 
Type domain.Usuario is not enhanced.

[2020-03-03 16:55:24 #6 type.registry] 
New type domain.Question

[2020-03-03 16:55:24 #7 type] 
Type domain.Question is not enhanced.

[2020-03-03 16:55:24 #8 type.registry] 
New type domain.Event

[2020-03-03 16:55:24 #9 type] 
Type domain.Event is not enhanced.

[2020-03-03 16:55:24 #10 type.registry] 
New type java.util.Vector<domain.Question>

[2020-03-03 16:55:24 #11 type.registry] 
New type java.util.Vector<java.lang.Object>

[2020-03-03 16:56:37 #12 type.registry] 
New type domain.Apuesta

[2020-03-03 16:56:37 #13 type] 
Type domain.Apuesta is not enhanced.

------------------------------------------------------------------------------------------------------------------------

[2020-03-03 17:01:42 #1 store] 
Database 'C:\Users\unaia\OneDrive\Desktop\ProyectoIS\resources\bets.temp' is opened by 8460@MSI

[2020-03-03 17:01:42 #2 type.registry] 
New type domain.Admin

[2020-03-03 17:01:42 #3 type] 
Type domain.Admin is not enhanced.

[2020-03-03 17:01:42 #4 type.registry] 
New type domain.Usuario

[2020-03-03 17:01:42 #5 type] 
Type domain.Usuario is not enhanced.

[2020-03-03 17:01:42 #6 type.registry] 
New type domain.Question

[2020-03-03 17:01:42 #7 type] 
Type domain.Question is not enhanced.

[2020-03-03 17:01:42 #8 type.registry] 
New type domain.Event

[2020-03-03 17:01:42 #9 type] 
Type domain.Event is not enhanced.

[2020-03-03 17:01:42 #10 type.registry] 
New type java.util.Vector<domain.Question>

[2020-03-03 17:01:42 #11 type.registry] 
New type java.util.Vector<java.lang.Object>

------------------------------------------------------------------------------------------------------------------------

[2020-03-03 17:02:26 #1 store] 
Database 'C:\Users\unaia\OneDrive\Desktop\ProyectoIS\resources\bets.temp' is opened by 18676@MSI

[2020-03-03 17:02:27 #2 type.registry] 
New type domain.Admin

[2020-03-03 17:02:27 #3 type] 
Type domain.Admin is not enhanced.

[2020-03-03 17:02:27 #4 type.registry] 
New type domain.Usuario

[2020-03-03 17:02:27 #5 type] 
Type domain.Usuario is not enhanced.

[2020-03-03 17:02:27 #6 type.registry] 
New type domain.Question

[2020-03-03 17:02:27 #7 type] 
Type domain.Question is not enhanced.

[2020-03-03 17:02:27 #8 type.registry] 
New type domain.Event

[2020-03-03 17:02:27 #9 type] 
Type domain.Event is not enhanced.

[2020-03-03 17:02:27 #10 type.registry] 
New type java.util.Vector<domain.Question>

[2020-03-03 17:02:27 #11 type.registry] 
New type java.util.Vector<java.lang.Object>

[2020-03-03 17:03:10 #12 type.registry] 
New type domain.Apuesta

[2020-03-03 17:03:10 #13 type] 
Type domain.Apuesta is not enhanced.

------------------------------------------------------------------------------------------------------------------------

[2020-03-03 18:21:43 #1 store] 
Database 'C:\Users\unaia\OneDrive\Desktop\ProyectoIS\resources\bets.temp' is opened by 6336@MSI

[2020-03-03 18:21:43 #2 type.registry] 
New type domain.Admin

[2020-03-03 18:21:43 #3 type] 
Type domain.Admin is not enhanced.

[2020-03-03 18:21:43 #4 type.registry] 
New type domain.Usuario

[2020-03-03 18:21:43 #5 type] 
Type domain.Usuario is not enhanced.

[2020-03-03 18:21:43 #6 type.registry] 
New type domain.Question

[2020-03-03 18:21:43 #7 type] 
Type domain.Question is not enhanced.

[2020-03-03 18:21:43 #8 type.registry] 
New type domain.Event

[2020-03-03 18:21:43 #9 type] 
Type domain.Event is not enhanced.

[2020-03-03 18:21:43 #10 type.registry] 
New type java.util.Vector<domain.Question>

[2020-03-03 18:21:43 #11 type.registry] 
New type java.util.Vector<java.lang.Object>

------------------------------------------------------------------------------------------------------------------------

[2020-03-03 18:23:17 #1 store] 
Database 'C:\Users\unaia\OneDrive\Desktop\ProyectoIS\resources\bets.temp' is opened by 13268@MSI

[2020-03-03 18:23:18 #2 type.registry] 
New type domain.Admin

[2020-03-03 18:23:18 #3 type] 
Type domain.Admin is not enhanced.

[2020-03-03 18:23:18 #4 type.registry] 
New type domain.Usuario

[2020-03-03 18:23:18 #5 type] 
Type domain.Usuario is not enhanced.

[2020-03-03 18:23:18 #6 type.registry] 
New type domain.Question

[2020-03-03 18:23:18 #7 type] 
Type domain.Question is not enhanced.

[2020-03-03 18:23:18 #8 type.registry] 
New type domain.Event

[2020-03-03 18:23:18 #9 type] 
Type domain.Event is not enhanced.

[2020-03-03 18:23:18 #10 type.registry] 
New type java.util.Vector<domain.Question>

[2020-03-03 18:23:18 #11 type.registry] 
New type java.util.Vector<java.lang.Object>

------------------------------------------------------------------------------------------------------------------------

[2020-03-03 18:23:47 #1 store] 
Database 'C:\Users\unaia\OneDrive\Desktop\ProyectoIS\resources\bets.temp' is opened by 5728@MSI

[2020-03-03 18:23:47 #2 type.registry] 
New type domain.Admin

[2020-03-03 18:23:47 #3 type] 
Type domain.Admin is not enhanced.

[2020-03-03 18:23:47 #4 type.registry] 
New type domain.Usuario

[2020-03-03 18:23:47 #5 type] 
Type domain.Usuario is not enhanced.

[2020-03-03 18:23:47 #6 type.registry] 
New type domain.Question

[2020-03-03 18:23:47 #7 type] 
Type domain.Question is not enhanced.

[2020-03-03 18:23:47 #8 type.registry] 
New type domain.Event

[2020-03-03 18:23:47 #9 type] 
Type domain.Event is not enhanced.

[2020-03-03 18:23:47 #10 type.registry] 
New type java.util.Vector<domain.Question>

[2020-03-03 18:23:47 #11 type.registry] 
New type java.util.Vector<java.lang.Object>

------------------------------------------------------------------------------------------------------------------------

[2020-03-03 18:24:24 #1 store] 
Database 'C:\Users\unaia\OneDrive\Desktop\ProyectoIS\resources\bets.temp' is opened by 14456@MSI

[2020-03-03 18:24:24 #2 type.registry] 
New type domain.Admin

[2020-03-03 18:24:24 #3 type] 
Type domain.Admin is not enhanced.

[2020-03-03 18:24:24 #4 type.registry] 
New type domain.Usuario

[2020-03-03 18:24:24 #5 type] 
Type domain.Usuario is not enhanced.

[2020-03-03 18:24:24 #6 type.registry] 
New type domain.Question

[2020-03-03 18:24:24 #7 type] 
Type domain.Question is not enhanced.

[2020-03-03 18:24:24 #8 type.registry] 
New type domain.Event

[2020-03-03 18:24:24 #9 type] 
Type domain.Event is not enhanced.

[2020-03-03 18:24:24 #10 type.registry] 
New type java.util.Vector<domain.Question>

[2020-03-03 18:24:24 #11 type.registry] 
New type java.util.Vector<java.lang.Object>

[2020-03-03 18:25:14 #12 type.registry] 
New type domain.Apuesta

[2020-03-03 18:25:14 #13 type] 
Type domain.Apuesta is not enhanced.

------------------------------------------------------------------------------------------------------------------------

[2020-03-03 19:44:20 #1 store] 
Database 'C:\Users\unaia\OneDrive\Desktop\ProyectoIS\resources\bets.temp' is opened by 11488@MSI

[2020-03-03 19:44:21 #2 type.registry] 
New type domain.Admin

[2020-03-03 19:44:21 #3 type] 
Type domain.Admin is not enhanced.

[2020-03-03 19:44:21 #4 type.registry] 
New type domain.Usuario

[2020-03-03 19:44:21 #5 type] 
Type domain.Usuario is not enhanced.

[2020-03-03 19:44:21 #6 type.registry] 
New type domain.Question

[2020-03-03 19:44:21 #7 type] 
Type domain.Question is not enhanced.

[2020-03-03 19:44:21 #8 type.registry] 
New type domain.Event

[2020-03-03 19:44:21 #9 type] 
Type domain.Event is not enhanced.

[2020-03-03 19:44:21 #10 type.registry] 
New type java.util.Vector<domain.Question>

[2020-03-03 19:44:21 #11 type.registry] 
New type java.util.Vector<java.lang.Object>

------------------------------------------------------------------------------------------------------------------------

[2020-03-03 19:45:12 #1 store] 
Database 'C:\Users\unaia\OneDrive\Desktop\ProyectoIS\resources\bets.temp' is opened by 18976@MSI

[2020-03-03 19:45:12 #2 type.registry] 
New type domain.Admin

[2020-03-03 19:45:12 #3 type] 
Type domain.Admin is not enhanced.

[2020-03-03 19:45:12 #4 type.registry] 
New type domain.Usuario

[2020-03-03 19:45:12 #5 type] 
Type domain.Usuario is not enhanced.

[2020-03-03 19:45:12 #6 type.registry] 
New type domain.Question

[2020-03-03 19:45:12 #7 type] 
Type domain.Question is not enhanced.

[2020-03-03 19:45:12 #8 type.registry] 
New type domain.Event

[2020-03-03 19:45:12 #9 type] 
Type domain.Event is not enhanced.

[2020-03-03 19:45:12 #10 type.registry] 
New type java.util.Vector<domain.Question>

[2020-03-03 19:45:12 #11 type.registry] 
New type java.util.Vector<java.lang.Object>

[2020-03-03 19:45:33 #12 type.registry] 
New type domain.Apuesta

[2020-03-03 19:45:33 #13 type] 
Type domain.Apuesta is not enhanced.

>>>>>>> Stashed changes:libs/log/odb20200303.log
