------------------------------------------------------------------------------------------------------------------------

[2020-04-12 16:29:00 #1 store] 
Database 'C:\Users\unaia\OneDrive\Desktop\ProyectoIS\resources\bets.temp' is opened by 11208@MSI

[2020-04-12 16:29:00 #2 type.registry] 
New type domain.Admin

[2020-04-12 16:29:00 #3 type] 
Type domain.Admin is not enhanced.

[2020-04-12 16:29:00 #4 type.registry] 
New type domain.Usuario

[2020-04-12 16:29:00 #5 type] 
Type domain.Usuario is not enhanced.

[2020-04-12 16:29:00 #6 type.registry] 
New type domain.Question

[2020-04-12 16:29:00 #7 type] 
Type domain.Question is not enhanced.

[2020-04-12 16:29:00 #8 type.registry] 
New type domain.Event

[2020-04-12 16:29:00 #9 type.registry] 
New type java.util.Vector<java.lang.String>

[2020-04-12 16:29:00 #10 type] 
Type domain.Event is not enhanced.

[2020-04-12 16:29:00 #11 type.registry] 
New type java.util.Vector<domain.Question>

[2020-04-12 16:29:00 #12 type.registry] 
New type java.util.Vector<java.lang.Object>

------------------------------------------------------------------------------------------------------------------------

[2020-04-12 16:30:47 #1 store] 
Database 'C:\Users\unaia\OneDrive\Desktop\ProyectoIS\resources\bets.temp' is opened by 2012@MSI

[2020-04-12 16:30:48 #2 type.registry] 
New type domain.Admin

[2020-04-12 16:30:48 #3 type] 
Type domain.Admin is not enhanced.

[2020-04-12 16:30:48 #4 type.registry] 
New type domain.Usuario

[2020-04-12 16:30:48 #5 type] 
Type domain.Usuario is not enhanced.

[2020-04-12 16:30:48 #6 type.registry] 
New type domain.Question

[2020-04-12 16:30:48 #7 type] 
Type domain.Question is not enhanced.

[2020-04-12 16:30:48 #8 type.registry] 
New type domain.Event

[2020-04-12 16:30:48 #9 type.registry] 
New type java.util.Vector<java.lang.String>

[2020-04-12 16:30:48 #10 type] 
Type domain.Event is not enhanced.

[2020-04-12 16:30:48 #11 type.registry] 
New type java.util.Vector<domain.Question>

[2020-04-12 16:30:48 #12 type.registry] 
New type java.util.Vector<java.lang.Object>

------------------------------------------------------------------------------------------------------------------------

[2020-04-12 16:32:11 #1 store] 
Database 'C:\Users\unaia\OneDrive\Desktop\ProyectoIS\resources\bets.temp' is opened by 15376@MSI

[2020-04-12 16:32:11 #2 type.registry] 
New type domain.Admin

[2020-04-12 16:32:11 #3 type] 
Type domain.Admin is not enhanced.

[2020-04-12 16:32:12 #4 type.registry] 
New type domain.Usuario

[2020-04-12 16:32:12 #5 type] 
Type domain.Usuario is not enhanced.

[2020-04-12 16:32:12 #6 type.registry] 
New type domain.Question

[2020-04-12 16:32:12 #7 type] 
Type domain.Question is not enhanced.

[2020-04-12 16:32:12 #8 type.registry] 
New type domain.Event

[2020-04-12 16:32:12 #9 type.registry] 
New type java.util.Vector<java.lang.String>

[2020-04-12 16:32:12 #10 type] 
Type domain.Event is not enhanced.

[2020-04-12 16:32:12 #11 type.registry] 
New type java.util.Vector<domain.Question>

[2020-04-12 16:32:12 #12 type.registry] 
New type java.util.Vector<java.lang.Object>

------------------------------------------------------------------------------------------------------------------------

[2020-04-12 16:33:06 #1 store] 
Database 'C:\Users\unaia\OneDrive\Desktop\ProyectoIS\resources\bets.temp' is opened by 15644@MSI

[2020-04-12 16:33:07 #2 type.registry] 
New type domain.Admin

[2020-04-12 16:33:07 #3 type] 
Type domain.Admin is not enhanced.

[2020-04-12 16:33:07 #4 type.registry] 
New type domain.Usuario

[2020-04-12 16:33:07 #5 type] 
Type domain.Usuario is not enhanced.

[2020-04-12 16:33:07 #6 type.registry] 
New type domain.Question

[2020-04-12 16:33:07 #7 type] 
Type domain.Question is not enhanced.

[2020-04-12 16:33:07 #8 type.registry] 
New type domain.Event

[2020-04-12 16:33:07 #9 type.registry] 
New type java.util.Vector<java.lang.String>

[2020-04-12 16:33:07 #10 type] 
Type domain.Event is not enhanced.

[2020-04-12 16:33:07 #11 type.registry] 
New type java.util.Vector<domain.Question>

[2020-04-12 16:33:07 #12 type.registry] 
New type java.util.Vector<java.lang.Object>

------------------------------------------------------------------------------------------------------------------------

[2020-04-12 16:35:10 #1 store] 
Database 'C:\Users\unaia\OneDrive\Desktop\ProyectoIS\resources\bets.temp' is opened by 8680@MSI

[2020-04-12 16:35:11 #2 type.registry] 
New type domain.Admin

[2020-04-12 16:35:11 #3 type] 
Type domain.Admin is not enhanced.

[2020-04-12 16:35:11 #4 type.registry] 
New type domain.Usuario

[2020-04-12 16:35:11 #5 type] 
Type domain.Usuario is not enhanced.

[2020-04-12 16:35:11 #6 type.registry] 
New type domain.Question

[2020-04-12 16:35:11 #7 type] 
Type domain.Question is not enhanced.

[2020-04-12 16:35:11 #8 type.registry] 
New type domain.Event

[2020-04-12 16:35:11 #9 type.registry] 
New type java.util.Vector<java.lang.String>

[2020-04-12 16:35:11 #10 type] 
Type domain.Event is not enhanced.

[2020-04-12 16:35:11 #11 type.registry] 
New type java.util.Vector<domain.Question>

[2020-04-12 16:35:11 #12 type.registry] 
New type java.util.Vector<java.lang.Object>

------------------------------------------------------------------------------------------------------------------------

[2020-04-12 16:36:46 #1 store] 
Database 'C:\Users\unaia\OneDrive\Desktop\ProyectoIS\resources\bets.temp' is opened by 17808@MSI

[2020-04-12 16:36:47 #2 type.registry] 
New type domain.Admin

[2020-04-12 16:36:47 #3 type] 
Type domain.Admin is not enhanced.

[2020-04-12 16:36:47 #4 type.registry] 
New type domain.Usuario

[2020-04-12 16:36:47 #5 type] 
Type domain.Usuario is not enhanced.

[2020-04-12 16:36:47 #6 type.registry] 
New type domain.Question

[2020-04-12 16:36:47 #7 type] 
Type domain.Question is not enhanced.

[2020-04-12 16:36:47 #8 type.registry] 
New type domain.Event

[2020-04-12 16:36:47 #9 type.registry] 
New type java.util.Vector<java.lang.String>

[2020-04-12 16:36:47 #10 type] 
Type domain.Event is not enhanced.

[2020-04-12 16:36:47 #11 type.registry] 
New type java.util.Vector<domain.Question>

[2020-04-12 16:36:47 #12 type.registry] 
New type java.util.Vector<java.lang.Object>

------------------------------------------------------------------------------------------------------------------------

[2020-04-12 16:51:45 #1 store] 
Database 'C:\Users\unaia\OneDrive\Desktop\ProyectoIS\resources\bets.temp' is opened by 12532@MSI

[2020-04-12 16:51:46 #2 type.registry] 
New type domain.Admin

[2020-04-12 16:51:46 #3 type] 
Type domain.Admin is not enhanced.

[2020-04-12 16:51:46 #4 type.registry] 
New type domain.Usuario

[2020-04-12 16:51:46 #5 type] 
Type domain.Usuario is not enhanced.

[2020-04-12 16:51:46 #6 type.registry] 
New type domain.Question

[2020-04-12 16:51:46 #7 type] 
Type domain.Question is not enhanced.

[2020-04-12 16:51:46 #8 type.registry] 
New type domain.Event

[2020-04-12 16:51:46 #9 type.registry] 
New type java.util.Vector<java.lang.String>

[2020-04-12 16:51:46 #10 type] 
Type domain.Event is not enhanced.

[2020-04-12 16:51:46 #11 type.registry] 
New type java.util.Vector<domain.Question>

[2020-04-12 16:51:46 #12 type.registry] 
New type java.util.Vector<java.lang.Object>

------------------------------------------------------------------------------------------------------------------------

[2020-04-12 16:53:55 #1 store] 
Database 'C:\Users\unaia\OneDrive\Desktop\ProyectoIS\resources\bets.temp' is opened by 2916@MSI

[2020-04-12 16:53:56 #2 type.registry] 
New type domain.Admin

[2020-04-12 16:53:56 #3 type] 
Type domain.Admin is not enhanced.

[2020-04-12 16:53:56 #4 type.registry] 
New type domain.Usuario

[2020-04-12 16:53:56 #5 type] 
Type domain.Usuario is not enhanced.

[2020-04-12 16:53:56 #6 type.registry] 
New type domain.Question

[2020-04-12 16:53:56 #7 type] 
Type domain.Question is not enhanced.

[2020-04-12 16:53:56 #8 type.registry] 
New type domain.Event

[2020-04-12 16:53:56 #9 type.registry] 
New type java.util.Vector<java.lang.String>

[2020-04-12 16:53:56 #10 type] 
Type domain.Event is not enhanced.

[2020-04-12 16:53:56 #11 type.registry] 
New type java.util.Vector<domain.Question>

[2020-04-12 16:53:56 #12 type.registry] 
New type java.util.Vector<java.lang.Object>

------------------------------------------------------------------------------------------------------------------------

[2020-04-12 16:57:48 #1 store] 
Database 'C:\Users\unaia\OneDrive\Desktop\ProyectoIS\resources\bets.temp' is opened by 9428@MSI

[2020-04-12 16:57:49 #2 type.registry] 
New type domain.Admin

[2020-04-12 16:57:49 #3 type] 
Type domain.Admin is not enhanced.

[2020-04-12 16:57:49 #4 type.registry] 
New type domain.Usuario

[2020-04-12 16:57:49 #5 type] 
Type domain.Usuario is not enhanced.

[2020-04-12 16:57:49 #6 type.registry] 
New type domain.Question

[2020-04-12 16:57:49 #7 type] 
Type domain.Question is not enhanced.

[2020-04-12 16:57:49 #8 type.registry] 
New type domain.Event

[2020-04-12 16:57:49 #9 type.registry] 
New type java.util.Vector<java.lang.String>

[2020-04-12 16:57:49 #10 type] 
Type domain.Event is not enhanced.

[2020-04-12 16:57:49 #11 type.registry] 
New type java.util.Vector<domain.Question>

[2020-04-12 16:57:49 #12 type.registry] 
New type java.util.Vector<java.lang.Object>

------------------------------------------------------------------------------------------------------------------------

[2020-04-12 16:59:23 #1 store] 
Database 'C:\Users\unaia\OneDrive\Desktop\ProyectoIS\resources\bets.temp' is opened by 18080@MSI

[2020-04-12 16:59:23 #2 type.registry] 
New type domain.Admin

[2020-04-12 16:59:23 #3 type] 
Type domain.Admin is not enhanced.

[2020-04-12 16:59:23 #4 type.registry] 
New type domain.Usuario

[2020-04-12 16:59:23 #5 type] 
Type domain.Usuario is not enhanced.

[2020-04-12 16:59:23 #6 type.registry] 
New type domain.Question

[2020-04-12 16:59:23 #7 type] 
Type domain.Question is not enhanced.

[2020-04-12 16:59:23 #8 type.registry] 
New type domain.Event

[2020-04-12 16:59:23 #9 type.registry] 
New type java.util.Vector<java.lang.String>

[2020-04-12 16:59:23 #10 type] 
Type domain.Event is not enhanced.

[2020-04-12 16:59:23 #11 type.registry] 
New type java.util.Vector<domain.Question>

[2020-04-12 16:59:23 #12 type.registry] 
New type java.util.Vector<java.lang.Object>

------------------------------------------------------------------------------------------------------------------------

[2020-04-12 16:59:38 #1 store] 
Database 'C:\Users\unaia\OneDrive\Desktop\ProyectoIS\resources\bets.temp' is opened by 16872@MSI

[2020-04-12 16:59:39 #2 type.registry] 
New type domain.Admin

[2020-04-12 16:59:39 #3 type] 
Type domain.Admin is not enhanced.

[2020-04-12 16:59:39 #4 type.registry] 
New type domain.Usuario

[2020-04-12 16:59:39 #5 type] 
Type domain.Usuario is not enhanced.

[2020-04-12 16:59:39 #6 type.registry] 
New type domain.Question

[2020-04-12 16:59:39 #7 type] 
Type domain.Question is not enhanced.

[2020-04-12 16:59:39 #8 type.registry] 
New type domain.Event

[2020-04-12 16:59:39 #9 type.registry] 
New type java.util.Vector<java.lang.String>

[2020-04-12 16:59:39 #10 type] 
Type domain.Event is not enhanced.

[2020-04-12 16:59:39 #11 type.registry] 
New type java.util.Vector<domain.Question>

[2020-04-12 16:59:39 #12 type.registry] 
New type java.util.Vector<java.lang.Object>

------------------------------------------------------------------------------------------------------------------------

[2020-04-12 17:03:51 #1 store] 
Database 'C:\Users\unaia\OneDrive\Desktop\ProyectoIS\resources\bets.temp' is opened by 10228@MSI

[2020-04-12 17:03:52 #2 type.registry] 
New type domain.Admin

[2020-04-12 17:03:52 #3 type] 
Type domain.Admin is not enhanced.

[2020-04-12 17:03:52 #4 type.registry] 
New type domain.Usuario

[2020-04-12 17:03:52 #5 type] 
Type domain.Usuario is not enhanced.

[2020-04-12 17:03:52 #6 type.registry] 
New type domain.Question

[2020-04-12 17:03:52 #7 type] 
Type domain.Question is not enhanced.

[2020-04-12 17:03:52 #8 type.registry] 
New type domain.Event

[2020-04-12 17:03:52 #9 type.registry] 
New type java.util.Vector<java.lang.String>

[2020-04-12 17:03:52 #10 type] 
Type domain.Event is not enhanced.

[2020-04-12 17:03:52 #11 type.registry] 
New type java.util.Vector<domain.Question>

[2020-04-12 17:03:52 #12 type.registry] 
New type java.util.Vector<java.lang.Object>

------------------------------------------------------------------------------------------------------------------------

[2020-04-12 17:06:34 #1 store] 
Database 'C:\Users\unaia\OneDrive\Desktop\ProyectoIS\resources\bets.temp' is opened by 4688@MSI

[2020-04-12 17:06:35 #2 type.registry] 
New type domain.Admin

[2020-04-12 17:06:35 #3 type] 
Type domain.Admin is not enhanced.

[2020-04-12 17:06:35 #4 type.registry] 
New type domain.Usuario

[2020-04-12 17:06:35 #5 type] 
Type domain.Usuario is not enhanced.

[2020-04-12 17:06:35 #6 type.registry] 
New type domain.Question

[2020-04-12 17:06:35 #7 type] 
Type domain.Question is not enhanced.

[2020-04-12 17:06:35 #8 type.registry] 
New type domain.Event

[2020-04-12 17:06:35 #9 type.registry] 
New type java.util.Vector<java.lang.String>

[2020-04-12 17:06:35 #10 type] 
Type domain.Event is not enhanced.

[2020-04-12 17:06:35 #11 type.registry] 
New type java.util.Vector<domain.Question>

[2020-04-12 17:06:35 #12 type.registry] 
New type java.util.Vector<java.lang.Object>

------------------------------------------------------------------------------------------------------------------------

[2020-04-12 17:08:10 #1 store] 
Database 'C:\Users\unaia\OneDrive\Desktop\ProyectoIS\resources\bets.temp' is opened by 5940@MSI

[2020-04-12 17:08:10 #2 type.registry] 
New type domain.Admin

[2020-04-12 17:08:10 #3 type] 
Type domain.Admin is not enhanced.

[2020-04-12 17:08:10 #4 type.registry] 
New type domain.Usuario

[2020-04-12 17:08:10 #5 type] 
Type domain.Usuario is not enhanced.

[2020-04-12 17:08:10 #6 type.registry] 
New type domain.Question

[2020-04-12 17:08:10 #7 type] 
Type domain.Question is not enhanced.

[2020-04-12 17:08:10 #8 type.registry] 
New type domain.Event

[2020-04-12 17:08:10 #9 type.registry] 
New type java.util.Vector<java.lang.String>

[2020-04-12 17:08:10 #10 type] 
Type domain.Event is not enhanced.

[2020-04-12 17:08:10 #11 type.registry] 
New type java.util.Vector<domain.Question>

[2020-04-12 17:08:11 #12 type.registry] 
New type java.util.Vector<java.lang.Object>

------------------------------------------------------------------------------------------------------------------------

[2020-04-12 17:11:28 #1 store] 
Database 'C:\Users\unaia\OneDrive\Desktop\ProyectoIS\resources\bets.temp' is opened by 14564@MSI

[2020-04-12 17:11:29 #2 type.registry] 
New type domain.Admin

[2020-04-12 17:11:29 #3 type] 
Type domain.Admin is not enhanced.

[2020-04-12 17:11:29 #4 type.registry] 
New type domain.Usuario

[2020-04-12 17:11:29 #5 type] 
Type domain.Usuario is not enhanced.

[2020-04-12 17:11:29 #6 type.registry] 
New type domain.Question

[2020-04-12 17:11:29 #7 type] 
Type domain.Question is not enhanced.

[2020-04-12 17:11:29 #8 type.registry] 
New type domain.Event

[2020-04-12 17:11:29 #9 type.registry] 
New type java.util.Vector<java.lang.String>

[2020-04-12 17:11:29 #10 type] 
Type domain.Event is not enhanced.

[2020-04-12 17:11:29 #11 type.registry] 
New type java.util.Vector<domain.Question>

[2020-04-12 17:11:29 #12 type.registry] 
New type java.util.Vector<java.lang.Object>

------------------------------------------------------------------------------------------------------------------------

[2020-04-12 17:13:13 #1 store] 
Database 'C:\Users\unaia\OneDrive\Desktop\ProyectoIS\resources\bets.temp' is opened by 3112@MSI

[2020-04-12 17:13:14 #2 type.registry] 
New type domain.Admin

[2020-04-12 17:13:14 #3 type] 
Type domain.Admin is not enhanced.

[2020-04-12 17:13:14 #4 type.registry] 
New type domain.Usuario

[2020-04-12 17:13:14 #5 type] 
Type domain.Usuario is not enhanced.

[2020-04-12 17:13:14 #6 type.registry] 
New type domain.Question

[2020-04-12 17:13:14 #7 type] 
Type domain.Question is not enhanced.

[2020-04-12 17:13:14 #8 type.registry] 
New type domain.Event

[2020-04-12 17:13:14 #9 type.registry] 
New type java.util.Vector<java.lang.String>

[2020-04-12 17:13:14 #10 type] 
Type domain.Event is not enhanced.

[2020-04-12 17:13:14 #11 type.registry] 
New type java.util.Vector<domain.Question>

[2020-04-12 17:13:14 #12 type.registry] 
New type java.util.Vector<java.lang.Object>

------------------------------------------------------------------------------------------------------------------------

[2020-04-12 17:14:18 #1 store] 
Database 'C:\Users\unaia\OneDrive\Desktop\ProyectoIS\resources\bets.temp' is opened by 7028@MSI

[2020-04-12 17:14:18 #2 type.registry] 
New type domain.Admin

[2020-04-12 17:14:18 #3 type] 
Type domain.Admin is not enhanced.

[2020-04-12 17:14:18 #4 type.registry] 
New type domain.Usuario

[2020-04-12 17:14:18 #5 type] 
Type domain.Usuario is not enhanced.

[2020-04-12 17:14:19 #6 type.registry] 
New type domain.Question

[2020-04-12 17:14:19 #7 type] 
Type domain.Question is not enhanced.

[2020-04-12 17:14:19 #8 type.registry] 
New type domain.Event

[2020-04-12 17:14:19 #9 type.registry] 
New type java.util.Vector<java.lang.String>

[2020-04-12 17:14:19 #10 type] 
Type domain.Event is not enhanced.

[2020-04-12 17:14:19 #11 type.registry] 
New type java.util.Vector<domain.Question>

[2020-04-12 17:14:19 #12 type.registry] 
New type java.util.Vector<java.lang.Object>

------------------------------------------------------------------------------------------------------------------------

[2020-04-12 17:36:27 #1 store] 
Database 'C:\Users\unaia\OneDrive\Desktop\ProyectoIS\resources\bets.temp' is opened by 724@MSI

[2020-04-12 17:36:27 #2 type.registry] 
New type domain.Admin

[2020-04-12 17:36:27 #3 type] 
Type domain.Admin is not enhanced.

[2020-04-12 17:36:27 #4 type.registry] 
New type domain.Usuario

[2020-04-12 17:36:27 #5 type] 
Type domain.Usuario is not enhanced.

[2020-04-12 17:36:27 #6 type.registry] 
New type domain.Question

[2020-04-12 17:36:27 #7 type] 
Type domain.Question is not enhanced.

[2020-04-12 17:36:27 #8 type.registry] 
New type domain.Event

[2020-04-12 17:36:27 #9 type.registry] 
New type domain.Respuesta

[2020-04-12 17:36:27 #10 type] 
Type domain.Event is not enhanced.

[2020-04-12 17:36:27 #11 type.registry] 
New type java.util.Vector<domain.Question>

[2020-04-12 17:36:27 #12 type] 
Type domain.Respuesta is not enhanced.

[2020-04-12 17:36:27 #13 type.registry] 
New type java.util.Vector<java.lang.Object>

[2020-04-12 17:37:06 #14 type.registry] 
New type domain.Apuesta

[2020-04-12 17:37:06 #15 type] 
Type domain.Apuesta is not enhanced.

------------------------------------------------------------------------------------------------------------------------

[2020-04-12 17:50:25 #1 store] 
Database 'C:\Users\unaia\OneDrive\Desktop\ProyectoIS\resources\bets.temp' is opened by 18192@MSI

[2020-04-12 17:50:26 #2 type.registry] 
New type domain.Admin

[2020-04-12 17:50:26 #3 type] 
Type domain.Admin is not enhanced.

[2020-04-12 17:50:26 #4 type.registry] 
New type domain.Usuario

[2020-04-12 17:50:26 #5 type] 
Type domain.Usuario is not enhanced.

[2020-04-12 17:50:26 #6 type.registry] 
New type domain.Question

[2020-04-12 17:50:26 #7 type] 
Type domain.Question is not enhanced.

[2020-04-12 17:50:26 #8 type.registry] 
New type domain.Event

[2020-04-12 17:50:26 #9 type.registry] 
New type domain.Respuesta

[2020-04-12 17:50:26 #10 type] 
Type domain.Event is not enhanced.

[2020-04-12 17:50:26 #11 type.registry] 
New type java.util.Vector<domain.Question>

[2020-04-12 17:50:26 #12 type] 
Type domain.Respuesta is not enhanced.

[2020-04-12 17:50:26 #13 type.registry] 
New type java.util.Vector<java.lang.Object>

------------------------------------------------------------------------------------------------------------------------

[2020-04-12 17:58:20 #1 store] 
Database 'C:\Users\unaia\OneDrive\Desktop\ProyectoIS\resources\bets.temp' is opened by 13692@MSI

[2020-04-12 17:58:20 #2 type.registry] 
New type domain.Admin

[2020-04-12 17:58:20 #3 type] 
Type domain.Admin is not enhanced.

[2020-04-12 17:58:20 #4 type.registry] 
New type domain.Usuario

[2020-04-12 17:58:20 #5 type] 
Type domain.Usuario is not enhanced.

[2020-04-12 17:58:20 #6 type.registry] 
New type domain.Question

[2020-04-12 17:58:20 #7 type] 
Type domain.Question is not enhanced.

[2020-04-12 17:58:20 #8 type.registry] 
New type domain.Event

[2020-04-12 17:58:20 #9 type.registry] 
New type domain.Respuesta

[2020-04-12 17:58:20 #10 type] 
Type domain.Event is not enhanced.

[2020-04-12 17:58:20 #11 type.registry] 
New type java.util.Vector<domain.Question>

[2020-04-12 17:58:20 #12 type] 
Type domain.Respuesta is not enhanced.

[2020-04-12 17:58:20 #13 type.registry] 
New type java.util.Vector<java.lang.Object>

[2020-04-12 17:58:55 #14 type.registry] 
New type domain.Apuesta

[2020-04-12 17:58:55 #15 type] 
Type domain.Apuesta is not enhanced.

------------------------------------------------------------------------------------------------------------------------

[2020-04-12 18:00:13 #1 store] 
Database 'C:\Users\unaia\OneDrive\Desktop\ProyectoIS\resources\bets.temp' is opened by 11924@MSI

[2020-04-12 18:00:14 #2 type.registry] 
New type domain.Admin

[2020-04-12 18:00:14 #3 type] 
Type domain.Admin is not enhanced.

[2020-04-12 18:00:14 #4 type.registry] 
New type domain.Usuario

[2020-04-12 18:00:14 #5 type] 
Type domain.Usuario is not enhanced.

[2020-04-12 18:00:14 #6 type.registry] 
New type domain.Question

[2020-04-12 18:00:14 #7 type] 
Type domain.Question is not enhanced.

[2020-04-12 18:00:14 #8 type.registry] 
New type domain.Event

[2020-04-12 18:00:14 #9 type.registry] 
New type domain.Respuesta

[2020-04-12 18:00:14 #10 type] 
Type domain.Event is not enhanced.

[2020-04-12 18:00:14 #11 type.registry] 
New type java.util.Vector<domain.Question>

[2020-04-12 18:00:14 #12 type] 
Type domain.Respuesta is not enhanced.

[2020-04-12 18:00:14 #13 type.registry] 
New type java.util.Vector<java.lang.Object>

[2020-04-12 18:00:18 #14 type.registry] 
New type domain.Apuesta

[2020-04-12 18:00:18 #15 type] 
Type domain.Apuesta is not enhanced.

------------------------------------------------------------------------------------------------------------------------

[2020-04-12 18:02:34 #1 store] 
Database 'C:\Users\unaia\OneDrive\Desktop\ProyectoIS\resources\bets.temp' is opened by 12180@MSI

[2020-04-12 18:02:34 #2 type.registry] 
New type domain.Admin

[2020-04-12 18:02:34 #3 type] 
Type domain.Admin is not enhanced.

[2020-04-12 18:02:34 #4 type.registry] 
New type domain.Usuario

[2020-04-12 18:02:34 #5 type] 
Type domain.Usuario is not enhanced.

[2020-04-12 18:02:35 #6 type.registry] 
New type domain.Question

[2020-04-12 18:02:35 #7 type] 
Type domain.Question is not enhanced.

[2020-04-12 18:02:35 #8 type.registry] 
New type domain.Event

[2020-04-12 18:02:35 #9 type.registry] 
New type domain.Respuesta

[2020-04-12 18:02:35 #10 type] 
Type domain.Event is not enhanced.

[2020-04-12 18:02:35 #11 type.registry] 
New type java.util.Vector<domain.Question>

[2020-04-12 18:02:35 #12 type] 
Type domain.Respuesta is not enhanced.

[2020-04-12 18:02:35 #13 type.registry] 
New type java.util.Vector<java.lang.Object>

[2020-04-12 18:02:41 #14 type.registry] 
New type domain.Apuesta

[2020-04-12 18:02:41 #15 type] 
Type domain.Apuesta is not enhanced.

------------------------------------------------------------------------------------------------------------------------

[2020-04-12 18:02:56 #1 store] 
Database 'C:\Users\unaia\OneDrive\Desktop\ProyectoIS\resources\bets.temp' is opened by 14532@MSI

[2020-04-12 18:02:56 #2 type.registry] 
New type domain.Admin

[2020-04-12 18:02:56 #3 type] 
Type domain.Admin is not enhanced.

[2020-04-12 18:02:56 #4 type.registry] 
New type domain.Usuario

[2020-04-12 18:02:56 #5 type] 
Type domain.Usuario is not enhanced.

[2020-04-12 18:02:56 #6 type.registry] 
New type domain.Question

[2020-04-12 18:02:56 #7 type] 
Type domain.Question is not enhanced.

[2020-04-12 18:02:56 #8 type.registry] 
New type domain.Event

[2020-04-12 18:02:56 #9 type.registry] 
New type domain.Respuesta

[2020-04-12 18:02:56 #10 type] 
Type domain.Event is not enhanced.

[2020-04-12 18:02:56 #11 type.registry] 
New type java.util.Vector<domain.Question>

[2020-04-12 18:02:56 #12 type] 
Type domain.Respuesta is not enhanced.

[2020-04-12 18:02:56 #13 type.registry] 
New type java.util.Vector<java.lang.Object>

[2020-04-12 18:03:15 #14 type.registry] 
New type domain.Apuesta

[2020-04-12 18:03:15 #15 type] 
Type domain.Apuesta is not enhanced.

------------------------------------------------------------------------------------------------------------------------

[2020-04-12 18:04:07 #1 store] 
Database 'C:\Users\unaia\OneDrive\Desktop\ProyectoIS\resources\bets.temp' is opened by 14024@MSI

[2020-04-12 18:04:08 #2 type.registry] 
New type domain.Admin

[2020-04-12 18:04:08 #3 type] 
Type domain.Admin is not enhanced.

[2020-04-12 18:04:08 #4 type.registry] 
New type domain.Usuario

[2020-04-12 18:04:08 #5 type] 
Type domain.Usuario is not enhanced.

[2020-04-12 18:04:08 #6 type.registry] 
New type domain.Question

[2020-04-12 18:04:08 #7 type] 
Type domain.Question is not enhanced.

[2020-04-12 18:04:08 #8 type.registry] 
New type domain.Event

[2020-04-12 18:04:08 #9 type.registry] 
New type domain.Respuesta

[2020-04-12 18:04:08 #10 type] 
Type domain.Event is not enhanced.

[2020-04-12 18:04:08 #11 type.registry] 
New type java.util.Vector<domain.Question>

[2020-04-12 18:04:08 #12 type] 
Type domain.Respuesta is not enhanced.

[2020-04-12 18:04:08 #13 type.registry] 
New type java.util.Vector<java.lang.Object>

[2020-04-12 18:04:12 #14 type.registry] 
New type domain.Apuesta

[2020-04-12 18:04:12 #15 type] 
Type domain.Apuesta is not enhanced.

------------------------------------------------------------------------------------------------------------------------

[2020-04-12 18:06:51 #1 store] 
Database 'C:\Users\unaia\OneDrive\Desktop\ProyectoIS\resources\bets.temp' is opened by 15496@MSI

[2020-04-12 18:06:51 #2 type.registry] 
New type domain.Admin

[2020-04-12 18:06:51 #3 type] 
Type domain.Admin is not enhanced.

[2020-04-12 18:06:52 #4 type.registry] 
New type domain.Usuario

[2020-04-12 18:06:52 #5 type] 
Type domain.Usuario is not enhanced.

[2020-04-12 18:06:52 #6 type.registry] 
New type domain.Question

[2020-04-12 18:06:52 #7 type] 
Type domain.Question is not enhanced.

[2020-04-12 18:06:52 #8 type.registry] 
New type domain.Event

[2020-04-12 18:06:52 #9 type.registry] 
New type domain.Respuesta

[2020-04-12 18:06:52 #10 type] 
Type domain.Event is not enhanced.

[2020-04-12 18:06:52 #11 type.registry] 
New type java.util.Vector<domain.Question>

[2020-04-12 18:06:52 #12 type] 
Type domain.Respuesta is not enhanced.

[2020-04-12 18:06:52 #13 type.registry] 
New type java.util.Vector<java.lang.Object>

[2020-04-12 18:07:11 #14 type.registry] 
New type domain.Apuesta

[2020-04-12 18:07:11 #15 type] 
Type domain.Apuesta is not enhanced.

------------------------------------------------------------------------------------------------------------------------

[2020-04-12 18:26:48 #1 store] 
Database 'C:\Users\unaia\OneDrive\Desktop\ProyectoIS\resources\bets.temp' is opened by 14476@MSI

[2020-04-12 18:26:48 #2 type.registry] 
New type domain.Admin

[2020-04-12 18:26:48 #3 type] 
Type domain.Admin is not enhanced.

[2020-04-12 18:26:48 #4 type.registry] 
New type domain.Usuario

[2020-04-12 18:26:48 #5 type] 
Type domain.Usuario is not enhanced.

[2020-04-12 18:26:48 #6 type.registry] 
New type domain.Question

[2020-04-12 18:26:48 #7 type] 
Type domain.Question is not enhanced.

[2020-04-12 18:26:48 #8 type.registry] 
New type domain.Event

[2020-04-12 18:26:48 #9 type.registry] 
New type domain.Respuesta

[2020-04-12 18:26:48 #10 type.registry] 
New type java.util.Vector<domain.Respuesta>

[2020-04-12 18:26:48 #11 type] 
Type domain.Event is not enhanced.

[2020-04-12 18:26:48 #12 type.registry] 
New type java.util.Vector<domain.Question>

[2020-04-12 18:26:48 #13 type] 
Type domain.Respuesta is not enhanced.

[2020-04-12 18:26:48 #14 type.registry] 
New type java.util.Vector<java.lang.Object>

------------------------------------------------------------------------------------------------------------------------

[2020-04-12 18:28:47 #1 store] 
Database 'C:\Users\unaia\OneDrive\Desktop\ProyectoIS\resources\bets.temp' is opened by 10336@MSI

[2020-04-12 18:28:47 #2 type.registry] 
New type domain.Admin

[2020-04-12 18:28:47 #3 type] 
Type domain.Admin is not enhanced.

[2020-04-12 18:28:47 #4 type.registry] 
New type domain.Usuario

[2020-04-12 18:28:47 #5 type] 
Type domain.Usuario is not enhanced.

[2020-04-12 18:28:48 #6 type.registry] 
New type domain.Question

[2020-04-12 18:28:48 #7 type] 
Type domain.Question is not enhanced.

[2020-04-12 18:28:48 #8 type.registry] 
New type domain.Event

[2020-04-12 18:28:48 #9 type.registry] 
New type domain.Respuesta

[2020-04-12 18:28:48 #10 type.registry] 
New type java.util.Vector<domain.Respuesta>

[2020-04-12 18:28:48 #11 type] 
Type domain.Event is not enhanced.

[2020-04-12 18:28:48 #12 type.registry] 
New type java.util.Vector<domain.Question>

[2020-04-12 18:28:48 #13 type] 
Type domain.Respuesta is not enhanced.

[2020-04-12 18:28:48 #14 type.registry] 
New type java.util.Vector<java.lang.Object>

------------------------------------------------------------------------------------------------------------------------

[2020-04-12 18:29:10 #1 store] 
Database 'C:\Users\unaia\OneDrive\Desktop\ProyectoIS\resources\bets.temp' is opened by 17856@MSI

[2020-04-12 18:29:11 #2 type.registry] 
New type domain.Admin

[2020-04-12 18:29:11 #3 type] 
Type domain.Admin is not enhanced.

[2020-04-12 18:29:11 #4 type.registry] 
New type domain.Usuario

[2020-04-12 18:29:11 #5 type] 
Type domain.Usuario is not enhanced.

[2020-04-12 18:29:11 #6 type.registry] 
New type domain.Question

[2020-04-12 18:29:11 #7 type] 
Type domain.Question is not enhanced.

[2020-04-12 18:29:11 #8 type.registry] 
New type domain.Event

[2020-04-12 18:29:11 #9 type.registry] 
New type domain.Respuesta

[2020-04-12 18:29:11 #10 type.registry] 
New type java.util.Vector<domain.Respuesta>

[2020-04-12 18:29:11 #11 type] 
Type domain.Event is not enhanced.

[2020-04-12 18:29:11 #12 type.registry] 
New type java.util.Vector<domain.Question>

[2020-04-12 18:29:11 #13 type] 
Type domain.Respuesta is not enhanced.

[2020-04-12 18:29:11 #14 type.registry] 
New type java.util.Vector<java.lang.Object>

------------------------------------------------------------------------------------------------------------------------

[2020-04-12 18:31:53 #1 store] 
Database 'C:\Users\unaia\OneDrive\Desktop\ProyectoIS\resources\bets.temp' is opened by 4752@MSI

[2020-04-12 18:31:54 #2 type.registry] 
New type domain.Admin

[2020-04-12 18:31:54 #3 type] 
Type domain.Admin is not enhanced.

[2020-04-12 18:31:54 #4 type.registry] 
New type domain.Usuario

[2020-04-12 18:31:54 #5 type] 
Type domain.Usuario is not enhanced.

[2020-04-12 18:31:54 #6 type.registry] 
New type domain.Question

[2020-04-12 18:31:54 #7 type] 
Type domain.Question is not enhanced.

[2020-04-12 18:31:54 #8 type.registry] 
New type domain.Event

[2020-04-12 18:31:54 #9 type.registry] 
New type domain.Respuesta

[2020-04-12 18:31:54 #10 type.registry] 
New type java.util.Vector<domain.Respuesta>

[2020-04-12 18:31:54 #11 type] 
Type domain.Event is not enhanced.

[2020-04-12 18:31:54 #12 type.registry] 
New type java.util.Vector<domain.Question>

[2020-04-12 18:31:54 #13 type] 
Type domain.Respuesta is not enhanced.

[2020-04-12 18:31:54 #14 type.registry] 
New type java.util.Vector<java.lang.Object>

------------------------------------------------------------------------------------------------------------------------

[2020-04-12 18:32:41 #1 store] 
Database 'C:\Users\unaia\OneDrive\Desktop\ProyectoIS\resources\bets.temp' is opened by 13476@MSI

[2020-04-12 18:32:41 #2 type.registry] 
New type domain.Admin

[2020-04-12 18:32:41 #3 type] 
Type domain.Admin is not enhanced.

[2020-04-12 18:32:41 #4 type.registry] 
New type domain.Usuario

[2020-04-12 18:32:41 #5 type] 
Type domain.Usuario is not enhanced.

[2020-04-12 18:32:41 #6 type.registry] 
New type domain.Question

[2020-04-12 18:32:41 #7 type] 
Type domain.Question is not enhanced.

[2020-04-12 18:32:41 #8 type.registry] 
New type domain.Event

[2020-04-12 18:32:41 #9 type.registry] 
New type domain.Respuesta

[2020-04-12 18:32:41 #10 type.registry] 
New type java.util.Vector<domain.Respuesta>

[2020-04-12 18:32:41 #11 type] 
Type domain.Event is not enhanced.

[2020-04-12 18:32:41 #12 type.registry] 
New type java.util.Vector<domain.Question>

[2020-04-12 18:32:41 #13 type] 
Type domain.Respuesta is not enhanced.

[2020-04-12 18:32:41 #14 type.registry] 
New type java.util.Vector<java.lang.Object>

------------------------------------------------------------------------------------------------------------------------

[2020-04-12 18:33:04 #1 store] 
Database 'C:\Users\unaia\OneDrive\Desktop\ProyectoIS\resources\bets.temp' is opened by 11176@MSI

[2020-04-12 18:33:04 #2 type.registry] 
New type domain.Admin

[2020-04-12 18:33:04 #3 type] 
Type domain.Admin is not enhanced.

[2020-04-12 18:33:04 #4 type.registry] 
New type domain.Usuario

[2020-04-12 18:33:04 #5 type] 
Type domain.Usuario is not enhanced.

[2020-04-12 18:33:04 #6 type.registry] 
New type domain.Question

[2020-04-12 18:33:04 #7 type] 
Type domain.Question is not enhanced.

[2020-04-12 18:33:04 #8 type.registry] 
New type domain.Event

[2020-04-12 18:33:04 #9 type.registry] 
New type domain.Respuesta

[2020-04-12 18:33:04 #10 type.registry] 
New type java.util.Vector<domain.Respuesta>

[2020-04-12 18:33:04 #11 type] 
Type domain.Event is not enhanced.

[2020-04-12 18:33:04 #12 type.registry] 
New type java.util.Vector<domain.Question>

[2020-04-12 18:33:04 #13 type] 
Type domain.Respuesta is not enhanced.

[2020-04-12 18:33:04 #14 type.registry] 
New type java.util.Vector<java.lang.Object>

------------------------------------------------------------------------------------------------------------------------

[2020-04-12 18:34:06 #1 store] 
Database 'C:\Users\unaia\OneDrive\Desktop\ProyectoIS\resources\bets.temp' is opened by 17744@MSI

[2020-04-12 18:34:06 #2 type.registry] 
New type domain.Admin

[2020-04-12 18:34:06 #3 type] 
Type domain.Admin is not enhanced.

[2020-04-12 18:34:06 #4 type.registry] 
New type domain.Usuario

[2020-04-12 18:34:06 #5 type] 
Type domain.Usuario is not enhanced.

[2020-04-12 18:34:06 #6 type.registry] 
New type domain.Question

[2020-04-12 18:34:06 #7 type] 
Type domain.Question is not enhanced.

[2020-04-12 18:34:06 #8 type.registry] 
New type domain.Event

[2020-04-12 18:34:06 #9 type.registry] 
New type domain.Respuesta

[2020-04-12 18:34:06 #10 type.registry] 
New type java.util.Vector<domain.Respuesta>

[2020-04-12 18:34:06 #11 type] 
Type domain.Event is not enhanced.

[2020-04-12 18:34:06 #12 type.registry] 
New type java.util.Vector<domain.Question>

[2020-04-12 18:34:06 #13 type] 
Type domain.Respuesta is not enhanced.

[2020-04-12 18:34:06 #14 type.registry] 
New type java.util.Vector<java.lang.Object>

------------------------------------------------------------------------------------------------------------------------

[2020-04-12 18:35:43 #1 store] 
Database 'C:\Users\unaia\OneDrive\Desktop\ProyectoIS\resources\bets.temp' is opened by 8968@MSI

[2020-04-12 18:35:44 #2 type.registry] 
New type domain.Admin

[2020-04-12 18:35:44 #3 type] 
Type domain.Admin is not enhanced.

[2020-04-12 18:35:44 #4 type.registry] 
New type domain.Usuario

[2020-04-12 18:35:44 #5 type] 
Type domain.Usuario is not enhanced.

[2020-04-12 18:35:44 #6 type.registry] 
New type domain.Question

[2020-04-12 18:35:44 #7 type] 
Type domain.Question is not enhanced.

[2020-04-12 18:35:44 #8 type.registry] 
New type domain.Event

[2020-04-12 18:35:44 #9 type.registry] 
New type domain.Respuesta

[2020-04-12 18:35:44 #10 type.registry] 
New type java.util.Vector<domain.Respuesta>

[2020-04-12 18:35:44 #11 type] 
Type domain.Event is not enhanced.

[2020-04-12 18:35:44 #12 type.registry] 
New type java.util.Vector<domain.Question>

[2020-04-12 18:35:44 #13 type] 
Type domain.Respuesta is not enhanced.

[2020-04-12 18:35:44 #14 type.registry] 
New type java.util.Vector<java.lang.Object>

------------------------------------------------------------------------------------------------------------------------

[2020-04-12 18:37:09 #1 store] 
Database 'C:\Users\unaia\OneDrive\Desktop\ProyectoIS\resources\bets.temp' is opened by 14124@MSI

[2020-04-12 18:37:10 #2 type.registry] 
New type domain.Admin

[2020-04-12 18:37:10 #3 type] 
Type domain.Admin is not enhanced.

[2020-04-12 18:37:10 #4 type.registry] 
New type domain.Usuario

[2020-04-12 18:37:10 #5 type] 
Type domain.Usuario is not enhanced.

[2020-04-12 18:37:10 #6 type.registry] 
New type domain.Question

[2020-04-12 18:37:10 #7 type] 
Type domain.Question is not enhanced.

[2020-04-12 18:37:10 #8 type.registry] 
New type domain.Event

[2020-04-12 18:37:10 #9 type.registry] 
New type domain.Respuesta

[2020-04-12 18:37:10 #10 type.registry] 
New type java.util.Vector<domain.Respuesta>

[2020-04-12 18:37:10 #11 type] 
Type domain.Event is not enhanced.

[2020-04-12 18:37:10 #12 type.registry] 
New type java.util.Vector<domain.Question>

[2020-04-12 18:37:10 #13 type] 
Type domain.Respuesta is not enhanced.

[2020-04-12 18:37:10 #14 type.registry] 
New type java.util.Vector<java.lang.Object>

------------------------------------------------------------------------------------------------------------------------

[2020-04-12 18:39:00 #1 store] 
Database 'C:\Users\unaia\OneDrive\Desktop\ProyectoIS\resources\bets.temp' is opened by 17364@MSI

[2020-04-12 18:39:00 #2 type.registry] 
New type domain.Admin

[2020-04-12 18:39:00 #3 type] 
Type domain.Admin is not enhanced.

[2020-04-12 18:39:00 #4 type.registry] 
New type domain.Usuario

[2020-04-12 18:39:00 #5 type] 
Type domain.Usuario is not enhanced.

[2020-04-12 18:39:00 #6 type.registry] 
New type domain.Question

[2020-04-12 18:39:00 #7 type] 
Type domain.Question is not enhanced.

[2020-04-12 18:39:00 #8 type.registry] 
New type domain.Event

[2020-04-12 18:39:00 #9 type.registry] 
New type domain.Respuesta

[2020-04-12 18:39:00 #10 type.registry] 
New type java.util.Vector<domain.Respuesta>

[2020-04-12 18:39:00 #11 type] 
Type domain.Event is not enhanced.

[2020-04-12 18:39:00 #12 type.registry] 
New type java.util.Vector<domain.Question>

[2020-04-12 18:39:00 #13 type] 
Type domain.Respuesta is not enhanced.

[2020-04-12 18:39:00 #14 type.registry] 
New type java.util.Vector<java.lang.Object>

------------------------------------------------------------------------------------------------------------------------

[2020-04-12 18:39:27 #1 store] 
Database 'C:\Users\unaia\OneDrive\Desktop\ProyectoIS\resources\bets.temp' is opened by 15608@MSI

[2020-04-12 18:39:27 #2 type.registry] 
New type domain.Admin

[2020-04-12 18:39:27 #3 type] 
Type domain.Admin is not enhanced.

[2020-04-12 18:39:28 #4 type.registry] 
New type domain.Usuario

[2020-04-12 18:39:28 #5 type] 
Type domain.Usuario is not enhanced.

[2020-04-12 18:39:28 #6 type.registry] 
New type domain.Question

[2020-04-12 18:39:28 #7 type] 
Type domain.Question is not enhanced.

[2020-04-12 18:39:28 #8 type.registry] 
New type domain.Event

[2020-04-12 18:39:28 #9 type.registry] 
New type domain.Respuesta

[2020-04-12 18:39:28 #10 type.registry] 
New type java.util.Vector<domain.Respuesta>

[2020-04-12 18:39:28 #11 type] 
Type domain.Event is not enhanced.

[2020-04-12 18:39:28 #12 type.registry] 
New type java.util.Vector<domain.Question>

[2020-04-12 18:39:28 #13 type] 
Type domain.Respuesta is not enhanced.

[2020-04-12 18:39:28 #14 type.registry] 
New type java.util.Vector<java.lang.Object>

------------------------------------------------------------------------------------------------------------------------

[2020-04-12 18:41:26 #1 store] 
Database 'C:\Users\unaia\OneDrive\Desktop\ProyectoIS\resources\bets.temp' is opened by 5364@MSI

[2020-04-12 18:41:26 #2 type.registry] 
New type domain.Admin

[2020-04-12 18:41:26 #3 type] 
Type domain.Admin is not enhanced.

[2020-04-12 18:41:26 #4 type.registry] 
New type domain.Usuario

[2020-04-12 18:41:26 #5 type] 
Type domain.Usuario is not enhanced.

[2020-04-12 18:41:26 #6 type.registry] 
New type domain.Question

[2020-04-12 18:41:26 #7 type] 
Type domain.Question is not enhanced.

[2020-04-12 18:41:26 #8 type.registry] 
New type domain.Event

[2020-04-12 18:41:26 #9 type.registry] 
New type domain.Respuesta

[2020-04-12 18:41:26 #10 type.registry] 
New type java.util.Vector<domain.Respuesta>

[2020-04-12 18:41:26 #11 type] 
Type domain.Event is not enhanced.

[2020-04-12 18:41:26 #12 type.registry] 
New type java.util.Vector<domain.Question>

[2020-04-12 18:41:26 #13 type] 
Type domain.Respuesta is not enhanced.

[2020-04-12 18:41:26 #14 type.registry] 
New type java.util.Vector<java.lang.Object>

------------------------------------------------------------------------------------------------------------------------

[2020-04-12 18:42:10 #1 store] 
Database 'C:\Users\unaia\OneDrive\Desktop\ProyectoIS\resources\bets.temp' is opened by 14764@MSI

[2020-04-12 18:42:10 #2 type.registry] 
New type domain.Admin

[2020-04-12 18:42:10 #3 type] 
Type domain.Admin is not enhanced.

[2020-04-12 18:42:10 #4 type.registry] 
New type domain.Usuario

[2020-04-12 18:42:10 #5 type] 
Type domain.Usuario is not enhanced.

[2020-04-12 18:42:10 #6 type.registry] 
New type domain.Question

[2020-04-12 18:42:10 #7 type] 
Type domain.Question is not enhanced.

[2020-04-12 18:42:10 #8 type.registry] 
New type domain.Event

[2020-04-12 18:42:10 #9 type.registry] 
New type domain.Respuesta

[2020-04-12 18:42:10 #10 type.registry] 
New type java.util.Vector<domain.Respuesta>

[2020-04-12 18:42:10 #11 type] 
Type domain.Event is not enhanced.

[2020-04-12 18:42:10 #12 type.registry] 
New type java.util.Vector<domain.Question>

[2020-04-12 18:42:10 #13 type] 
Type domain.Respuesta is not enhanced.

[2020-04-12 18:42:10 #14 type.registry] 
New type java.util.Vector<java.lang.Object>

------------------------------------------------------------------------------------------------------------------------

[2020-04-12 18:43:35 #1 store] 
Database 'C:\Users\unaia\OneDrive\Desktop\ProyectoIS\resources\bets.temp' is opened by 10744@MSI

[2020-04-12 18:43:36 #2 type.registry] 
New type domain.Admin

[2020-04-12 18:43:36 #3 type] 
Type domain.Admin is not enhanced.

[2020-04-12 18:43:36 #4 type.registry] 
New type domain.Usuario

[2020-04-12 18:43:36 #5 type] 
Type domain.Usuario is not enhanced.

[2020-04-12 18:43:36 #6 type.registry] 
New type domain.Question

[2020-04-12 18:43:36 #7 type] 
Type domain.Question is not enhanced.

[2020-04-12 18:43:36 #8 type.registry] 
New type domain.Event

[2020-04-12 18:43:36 #9 type.registry] 
New type domain.Respuesta

[2020-04-12 18:43:36 #10 type.registry] 
New type java.util.Vector<domain.Respuesta>

[2020-04-12 18:43:36 #11 type] 
Type domain.Event is not enhanced.

[2020-04-12 18:43:36 #12 type.registry] 
New type java.util.Vector<domain.Question>

[2020-04-12 18:43:36 #13 type] 
Type domain.Respuesta is not enhanced.

[2020-04-12 18:43:36 #14 type.registry] 
New type java.util.Vector<java.lang.Object>

------------------------------------------------------------------------------------------------------------------------

[2020-04-12 18:45:19 #1 store] 
Database 'C:\Users\unaia\OneDrive\Desktop\ProyectoIS\resources\bets.temp' is opened by 4584@MSI

[2020-04-12 18:45:20 #2 type.registry] 
New type domain.Admin

[2020-04-12 18:45:20 #3 type] 
Type domain.Admin is not enhanced.

[2020-04-12 18:45:20 #4 type.registry] 
New type domain.Usuario

[2020-04-12 18:45:20 #5 type] 
Type domain.Usuario is not enhanced.

[2020-04-12 18:45:20 #6 type.registry] 
New type domain.Question

[2020-04-12 18:45:20 #7 type] 
Type domain.Question is not enhanced.

[2020-04-12 18:45:20 #8 type.registry] 
New type domain.Event

[2020-04-12 18:45:20 #9 type.registry] 
New type domain.Respuesta

[2020-04-12 18:45:20 #10 type.registry] 
New type java.util.Vector<domain.Respuesta>

[2020-04-12 18:45:20 #11 type] 
Type domain.Event is not enhanced.

[2020-04-12 18:45:20 #12 type.registry] 
New type java.util.Vector<domain.Question>

[2020-04-12 18:45:20 #13 type] 
Type domain.Respuesta is not enhanced.

[2020-04-12 18:45:20 #14 type.registry] 
New type java.util.Vector<java.lang.Object>

------------------------------------------------------------------------------------------------------------------------

[2020-04-12 18:48:23 #1 store] 
Database 'C:\Users\unaia\OneDrive\Desktop\ProyectoIS\resources\bets.temp' is opened by 9868@MSI

[2020-04-12 18:48:23 #2 type.registry] 
New type domain.Admin

[2020-04-12 18:48:23 #3 type] 
Type domain.Admin is not enhanced.

[2020-04-12 18:48:23 #4 type.registry] 
New type domain.Usuario

[2020-04-12 18:48:23 #5 type] 
Type domain.Usuario is not enhanced.

[2020-04-12 18:48:23 #6 type.registry] 
New type domain.Question

[2020-04-12 18:48:23 #7 type] 
Type domain.Question is not enhanced.

[2020-04-12 18:48:23 #8 type.registry] 
New type domain.Event

[2020-04-12 18:48:23 #9 type.registry] 
New type domain.Respuesta

[2020-04-12 18:48:23 #10 type.registry] 
New type java.util.Vector<domain.Respuesta>

[2020-04-12 18:48:23 #11 type] 
Type domain.Event is not enhanced.

[2020-04-12 18:48:23 #12 type.registry] 
New type java.util.Vector<domain.Question>

[2020-04-12 18:48:23 #13 type] 
Type domain.Respuesta is not enhanced.

[2020-04-12 18:48:23 #14 type.registry] 
New type java.util.Vector<java.lang.Object>

------------------------------------------------------------------------------------------------------------------------

[2020-04-12 18:51:30 #1 store] 
Database 'C:\Users\unaia\OneDrive\Desktop\ProyectoIS\resources\bets.temp' is opened by 10008@MSI

[2020-04-12 18:51:31 #2 type.registry] 
New type domain.Admin

[2020-04-12 18:51:31 #3 type] 
Type domain.Admin is not enhanced.

[2020-04-12 18:51:31 #4 type.registry] 
New type domain.Usuario

[2020-04-12 18:51:31 #5 type] 
Type domain.Usuario is not enhanced.

[2020-04-12 18:51:31 #6 type.registry] 
New type domain.Question

[2020-04-12 18:51:31 #7 type] 
Type domain.Question is not enhanced.

[2020-04-12 18:51:31 #8 type.registry] 
New type domain.Event

[2020-04-12 18:51:31 #9 type.registry] 
New type domain.Respuesta

[2020-04-12 18:51:31 #10 type.registry] 
New type java.util.Vector<domain.Respuesta>

[2020-04-12 18:51:31 #11 type] 
Type domain.Event is not enhanced.

[2020-04-12 18:51:31 #12 type.registry] 
New type java.util.Vector<domain.Question>

[2020-04-12 18:51:31 #13 type] 
Type domain.Respuesta is not enhanced.

[2020-04-12 18:51:31 #14 type.registry] 
New type java.util.Vector<java.lang.Object>

------------------------------------------------------------------------------------------------------------------------

[2020-04-12 18:53:22 #1 store] 
Database 'C:\Users\unaia\OneDrive\Desktop\ProyectoIS\resources\bets.temp' is opened by 12808@MSI

[2020-04-12 18:53:22 #2 type.registry] 
New type domain.Admin

[2020-04-12 18:53:22 #3 type] 
Type domain.Admin is not enhanced.

[2020-04-12 18:53:22 #4 type.registry] 
New type domain.Usuario

[2020-04-12 18:53:22 #5 type] 
Type domain.Usuario is not enhanced.

[2020-04-12 18:53:22 #6 type.registry] 
New type domain.Question

[2020-04-12 18:53:22 #7 type] 
Type domain.Question is not enhanced.

[2020-04-12 18:53:22 #8 type.registry] 
New type domain.Event

[2020-04-12 18:53:22 #9 type.registry] 
New type domain.Respuesta

[2020-04-12 18:53:22 #10 type.registry] 
New type java.util.Vector<domain.Respuesta>

[2020-04-12 18:53:22 #11 type] 
Type domain.Event is not enhanced.

[2020-04-12 18:53:22 #12 type.registry] 
New type java.util.Vector<domain.Question>

[2020-04-12 18:53:22 #13 type] 
Type domain.Respuesta is not enhanced.

[2020-04-12 18:53:22 #14 type.registry] 
New type java.util.Vector<java.lang.Object>

------------------------------------------------------------------------------------------------------------------------

[2020-04-12 18:54:18 #1 store] 
Database 'C:\Users\unaia\OneDrive\Desktop\ProyectoIS\resources\bets.temp' is opened by 12160@MSI

[2020-04-12 18:54:18 #2 type.registry] 
New type domain.Admin

[2020-04-12 18:54:18 #3 type] 
Type domain.Admin is not enhanced.

[2020-04-12 18:54:18 #4 type.registry] 
New type domain.Usuario

[2020-04-12 18:54:18 #5 type] 
Type domain.Usuario is not enhanced.

[2020-04-12 18:54:18 #6 type.registry] 
New type domain.Question

[2020-04-12 18:54:18 #7 type] 
Type domain.Question is not enhanced.

[2020-04-12 18:54:18 #8 type.registry] 
New type domain.Event

[2020-04-12 18:54:18 #9 type.registry] 
New type domain.Respuesta

[2020-04-12 18:54:19 #10 type.registry] 
New type java.util.Vector<domain.Respuesta>

[2020-04-12 18:54:19 #11 type] 
Type domain.Event is not enhanced.

[2020-04-12 18:54:19 #12 type.registry] 
New type java.util.Vector<domain.Question>

[2020-04-12 18:54:19 #13 type] 
Type domain.Respuesta is not enhanced.

[2020-04-12 18:54:19 #14 type.registry] 
New type java.util.Vector<java.lang.Object>

------------------------------------------------------------------------------------------------------------------------

[2020-04-12 18:56:25 #1 store] 
Database 'C:\Users\unaia\OneDrive\Desktop\ProyectoIS\resources\bets.temp' is opened by 10028@MSI

[2020-04-12 18:56:25 #2 type.registry] 
New type domain.Admin

[2020-04-12 18:56:25 #3 type] 
Type domain.Admin is not enhanced.

[2020-04-12 18:56:25 #4 type.registry] 
New type domain.Usuario

[2020-04-12 18:56:25 #5 type] 
Type domain.Usuario is not enhanced.

[2020-04-12 18:56:25 #6 type.registry] 
New type domain.Question

[2020-04-12 18:56:25 #7 type] 
Type domain.Question is not enhanced.

[2020-04-12 18:56:25 #8 type.registry] 
New type domain.Event

[2020-04-12 18:56:25 #9 type.registry] 
New type domain.Respuesta

[2020-04-12 18:56:26 #10 type.registry] 
New type java.util.Vector<domain.Respuesta>

[2020-04-12 18:56:26 #11 type] 
Type domain.Event is not enhanced.

[2020-04-12 18:56:26 #12 type.registry] 
New type java.util.Vector<domain.Question>

[2020-04-12 18:56:26 #13 type] 
Type domain.Respuesta is not enhanced.

[2020-04-12 18:56:26 #14 type.registry] 
New type java.util.Vector<java.lang.Object>

------------------------------------------------------------------------------------------------------------------------

[2020-04-12 19:00:09 #1 store] 
Database 'C:\Users\unaia\OneDrive\Desktop\ProyectoIS\resources\bets.temp' is opened by 18308@MSI

[2020-04-12 19:00:10 #2 type.registry] 
New type domain.Admin

[2020-04-12 19:00:10 #3 type] 
Type domain.Admin is not enhanced.

[2020-04-12 19:00:10 #4 type.registry] 
New type domain.Usuario

[2020-04-12 19:00:10 #5 type] 
Type domain.Usuario is not enhanced.

[2020-04-12 19:00:10 #6 type.registry] 
New type domain.Question

[2020-04-12 19:00:10 #7 type] 
Type domain.Question is not enhanced.

[2020-04-12 19:00:10 #8 type.registry] 
New type domain.Event

[2020-04-12 19:00:10 #9 type.registry] 
New type domain.Respuesta

[2020-04-12 19:00:10 #10 type.registry] 
New type java.util.Vector<domain.Respuesta>

[2020-04-12 19:00:10 #11 type] 
Type domain.Event is not enhanced.

[2020-04-12 19:00:10 #12 type.registry] 
New type java.util.Vector<domain.Question>

[2020-04-12 19:00:10 #13 type] 
Type domain.Respuesta is not enhanced.

[2020-04-12 19:00:10 #14 type.registry] 
New type java.util.Vector<java.lang.Object>

------------------------------------------------------------------------------------------------------------------------

[2020-04-12 19:03:46 #1 store] 
Database 'C:\Users\unaia\OneDrive\Desktop\ProyectoIS\resources\bets.temp' is opened by 1224@MSI

[2020-04-12 19:03:47 #2 type.registry] 
New type domain.Admin

[2020-04-12 19:03:47 #3 type] 
Type domain.Admin is not enhanced.

[2020-04-12 19:03:47 #4 type.registry] 
New type domain.Usuario

[2020-04-12 19:03:47 #5 type] 
Type domain.Usuario is not enhanced.

[2020-04-12 19:03:47 #6 type.registry] 
New type domain.Question

[2020-04-12 19:03:47 #7 type] 
Type domain.Question is not enhanced.

[2020-04-12 19:03:47 #8 type.registry] 
New type domain.Event

[2020-04-12 19:03:47 #9 type.registry] 
New type domain.Respuesta

[2020-04-12 19:03:47 #10 type.registry] 
New type java.util.Vector<domain.Respuesta>

[2020-04-12 19:03:47 #11 type] 
Type domain.Event is not enhanced.

[2020-04-12 19:03:47 #12 type.registry] 
New type java.util.Vector<domain.Question>

[2020-04-12 19:03:47 #13 type] 
Type domain.Respuesta is not enhanced.

[2020-04-12 19:03:47 #14 type.registry] 
New type java.util.Vector<java.lang.Object>

------------------------------------------------------------------------------------------------------------------------

[2020-04-12 19:11:03 #1 store] 
Database 'C:\Users\unaia\OneDrive\Desktop\ProyectoIS\resources\bets.temp' is opened by 4900@MSI

[2020-04-12 19:11:03 #2 type.registry] 
New type domain.Admin

[2020-04-12 19:11:03 #3 type] 
Type domain.Admin is not enhanced.

[2020-04-12 19:11:03 #4 type.registry] 
New type domain.Usuario

[2020-04-12 19:11:03 #5 type] 
Type domain.Usuario is not enhanced.

[2020-04-12 19:11:03 #6 type.registry] 
New type domain.Question

[2020-04-12 19:11:03 #7 type] 
Type domain.Question is not enhanced.

[2020-04-12 19:11:03 #8 type.registry] 
New type domain.Event

[2020-04-12 19:11:03 #9 type.registry] 
New type domain.Respuesta

[2020-04-12 19:11:03 #10 type.registry] 
New type java.util.Vector<domain.Respuesta>

[2020-04-12 19:11:03 #11 type] 
Type domain.Event is not enhanced.

[2020-04-12 19:11:03 #12 type.registry] 
New type java.util.Vector<domain.Question>

[2020-04-12 19:11:03 #13 type] 
Type domain.Respuesta is not enhanced.

[2020-04-12 19:11:03 #14 type.registry] 
New type java.util.Vector<java.lang.Object>

------------------------------------------------------------------------------------------------------------------------

[2020-04-12 19:13:21 #1 store] 
Database 'C:\Users\unaia\OneDrive\Desktop\ProyectoIS\resources\bets.temp' is opened by 13544@MSI

[2020-04-12 19:13:22 #2 type.registry] 
New type domain.Admin

[2020-04-12 19:13:22 #3 type] 
Type domain.Admin is not enhanced.

[2020-04-12 19:13:22 #4 type.registry] 
New type domain.Usuario

[2020-04-12 19:13:22 #5 type] 
Type domain.Usuario is not enhanced.

[2020-04-12 19:13:22 #6 type.registry] 
New type domain.Question

[2020-04-12 19:13:22 #7 type] 
Type domain.Question is not enhanced.

[2020-04-12 19:13:22 #8 type.registry] 
New type domain.Event

[2020-04-12 19:13:22 #9 type.registry] 
New type domain.Respuesta

[2020-04-12 19:13:22 #10 type.registry] 
New type java.util.Vector<domain.Respuesta>

[2020-04-12 19:13:22 #11 type] 
Type domain.Event is not enhanced.

[2020-04-12 19:13:22 #12 type.registry] 
New type java.util.Vector<domain.Question>

[2020-04-12 19:13:22 #13 type] 
Type domain.Respuesta is not enhanced.

[2020-04-12 19:13:22 #14 type.registry] 
New type java.util.Vector<java.lang.Object>

------------------------------------------------------------------------------------------------------------------------

[2020-04-12 19:15:26 #1 store] 
Database 'C:\Users\unaia\OneDrive\Desktop\ProyectoIS\resources\bets.temp' is opened by 17724@MSI

[2020-04-12 19:15:26 #2 type.registry] 
New type domain.Admin

[2020-04-12 19:15:26 #3 type] 
Type domain.Admin is not enhanced.

[2020-04-12 19:15:26 #4 type.registry] 
New type domain.Usuario

[2020-04-12 19:15:26 #5 type] 
Type domain.Usuario is not enhanced.

[2020-04-12 19:15:26 #6 type.registry] 
New type domain.Question

[2020-04-12 19:15:26 #7 type] 
Type domain.Question is not enhanced.

[2020-04-12 19:15:26 #8 type.registry] 
New type domain.Event

[2020-04-12 19:15:26 #9 type.registry] 
New type domain.Respuesta

[2020-04-12 19:15:26 #10 type.registry] 
New type java.util.Vector<domain.Respuesta>

[2020-04-12 19:15:26 #11 type] 
Type domain.Event is not enhanced.

[2020-04-12 19:15:26 #12 type.registry] 
New type java.util.Vector<domain.Question>

[2020-04-12 19:15:26 #13 type] 
Type domain.Respuesta is not enhanced.

[2020-04-12 19:15:26 #14 type.registry] 
New type java.util.Vector<java.lang.Object>

------------------------------------------------------------------------------------------------------------------------

[2020-04-12 19:20:03 #1 store] 
Database 'C:\Users\unaia\OneDrive\Desktop\ProyectoIS\resources\bets.temp' is opened by 2916@MSI

[2020-04-12 19:20:03 #2 type.registry] 
New type domain.Admin

[2020-04-12 19:20:03 #3 type] 
Type domain.Admin is not enhanced.

[2020-04-12 19:20:03 #4 type.registry] 
New type domain.Usuario

[2020-04-12 19:20:03 #5 type] 
Type domain.Usuario is not enhanced.

[2020-04-12 19:20:03 #6 type.registry] 
New type domain.Question

[2020-04-12 19:20:03 #7 type] 
Type domain.Question is not enhanced.

[2020-04-12 19:20:03 #8 type.registry] 
New type domain.Event

[2020-04-12 19:20:03 #9 type.registry] 
New type domain.Respuesta

[2020-04-12 19:20:03 #10 type.registry] 
New type java.util.Vector<domain.Respuesta>

[2020-04-12 19:20:03 #11 type] 
Type domain.Event is not enhanced.

[2020-04-12 19:20:03 #12 type.registry] 
New type java.util.Vector<domain.Question>

[2020-04-12 19:20:03 #13 type] 
Type domain.Respuesta is not enhanced.

[2020-04-12 19:20:03 #14 type.registry] 
New type java.util.Vector<java.lang.Object>

------------------------------------------------------------------------------------------------------------------------

[2020-04-12 19:22:08 #1 store] 
Database 'C:\Users\unaia\OneDrive\Desktop\ProyectoIS\resources\bets.temp' is opened by 944@MSI

[2020-04-12 19:22:08 #2 type.registry] 
New type domain.Admin

[2020-04-12 19:22:08 #3 type] 
Type domain.Admin is not enhanced.

[2020-04-12 19:22:08 #4 type.registry] 
New type domain.Usuario

[2020-04-12 19:22:08 #5 type] 
Type domain.Usuario is not enhanced.

[2020-04-12 19:22:08 #6 type.registry] 
New type domain.Question

[2020-04-12 19:22:08 #7 type] 
Type domain.Question is not enhanced.

[2020-04-12 19:22:08 #8 type.registry] 
New type domain.Event

[2020-04-12 19:22:08 #9 type.registry] 
New type domain.Respuesta

[2020-04-12 19:22:08 #10 type.registry] 
New type java.util.Vector<domain.Respuesta>

[2020-04-12 19:22:08 #11 type] 
Type domain.Event is not enhanced.

[2020-04-12 19:22:08 #12 type.registry] 
New type java.util.Vector<domain.Question>

[2020-04-12 19:22:08 #13 type] 
Type domain.Respuesta is not enhanced.

[2020-04-12 19:22:08 #14 type.registry] 
New type java.util.Vector<java.lang.Object>

------------------------------------------------------------------------------------------------------------------------

[2020-04-12 19:22:51 #1 store] 
Database 'C:\Users\unaia\OneDrive\Desktop\ProyectoIS\resources\bets.temp' is opened by 10160@MSI

[2020-04-12 19:22:51 #2 type.registry] 
New type domain.Admin

[2020-04-12 19:22:51 #3 type] 
Type domain.Admin is not enhanced.

[2020-04-12 19:22:51 #4 type.registry] 
New type domain.Usuario

[2020-04-12 19:22:51 #5 type] 
Type domain.Usuario is not enhanced.

[2020-04-12 19:22:52 #6 type.registry] 
New type domain.Question

[2020-04-12 19:22:52 #7 type] 
Type domain.Question is not enhanced.

[2020-04-12 19:22:52 #8 type.registry] 
New type domain.Event

[2020-04-12 19:22:52 #9 type.registry] 
New type domain.Respuesta

[2020-04-12 19:22:52 #10 type.registry] 
New type java.util.Vector<domain.Respuesta>

[2020-04-12 19:22:52 #11 type] 
Type domain.Event is not enhanced.

[2020-04-12 19:22:52 #12 type.registry] 
New type java.util.Vector<domain.Question>

[2020-04-12 19:22:52 #13 type] 
Type domain.Respuesta is not enhanced.

[2020-04-12 19:22:52 #14 type.registry] 
New type java.util.Vector<java.lang.Object>

------------------------------------------------------------------------------------------------------------------------

[2020-04-12 19:26:08 #1 store] 
Database 'C:\Users\unaia\OneDrive\Desktop\ProyectoIS\resources\bets.temp' is opened by 16444@MSI

[2020-04-12 19:26:09 #2 type.registry] 
New type domain.Admin

[2020-04-12 19:26:09 #3 type] 
Type domain.Admin is not enhanced.

[2020-04-12 19:26:09 #4 type.registry] 
New type domain.Usuario

[2020-04-12 19:26:09 #5 type] 
Type domain.Usuario is not enhanced.

[2020-04-12 19:26:09 #6 type.registry] 
New type domain.Question

[2020-04-12 19:26:09 #7 type] 
Type domain.Question is not enhanced.

[2020-04-12 19:26:09 #8 type.registry] 
New type domain.Event

[2020-04-12 19:26:09 #9 type.registry] 
New type domain.Respuesta

[2020-04-12 19:26:09 #10 type.registry] 
New type java.util.Vector<domain.Respuesta>

[2020-04-12 19:26:09 #11 type] 
Type domain.Event is not enhanced.

[2020-04-12 19:26:09 #12 type.registry] 
New type java.util.Vector<domain.Question>

[2020-04-12 19:26:09 #13 type] 
Type domain.Respuesta is not enhanced.

[2020-04-12 19:26:09 #14 type.registry] 
New type java.util.Vector<java.lang.Object>

------------------------------------------------------------------------------------------------------------------------

[2020-04-12 19:27:01 #1 store] 
Database 'C:\Users\unaia\OneDrive\Desktop\ProyectoIS\resources\bets.temp' is opened by 16076@MSI

[2020-04-12 19:27:01 #2 type.registry] 
New type domain.Admin

[2020-04-12 19:27:01 #3 type] 
Type domain.Admin is not enhanced.

[2020-04-12 19:27:01 #4 type.registry] 
New type domain.Usuario

[2020-04-12 19:27:01 #5 type] 
Type domain.Usuario is not enhanced.

[2020-04-12 19:27:01 #6 type.registry] 
New type domain.Question

[2020-04-12 19:27:01 #7 type] 
Type domain.Question is not enhanced.

[2020-04-12 19:27:01 #8 type.registry] 
New type domain.Event

[2020-04-12 19:27:01 #9 type.registry] 
New type domain.Respuesta

[2020-04-12 19:27:01 #10 type.registry] 
New type java.util.Vector<domain.Respuesta>

[2020-04-12 19:27:01 #11 type] 
Type domain.Event is not enhanced.

[2020-04-12 19:27:01 #12 type.registry] 
New type java.util.Vector<domain.Question>

[2020-04-12 19:27:01 #13 type] 
Type domain.Respuesta is not enhanced.

[2020-04-12 19:27:01 #14 type.registry] 
New type java.util.Vector<java.lang.Object>

------------------------------------------------------------------------------------------------------------------------

[2020-04-12 20:24:02 #1 store] 
Database 'C:\Users\unaia\OneDrive\Desktop\ProyectoIS\resources\bets.temp' is opened by 17884@MSI

[2020-04-12 20:24:03 #2 type.registry] 
New type domain.Admin

[2020-04-12 20:24:03 #3 type] 
Type domain.Admin is not enhanced.

[2020-04-12 20:24:03 #4 type.registry] 
New type domain.Usuario

[2020-04-12 20:24:03 #5 type] 
Type domain.Usuario is not enhanced.

[2020-04-12 20:24:03 #6 type.registry] 
New type domain.Question

[2020-04-12 20:24:03 #7 type] 
Type domain.Question is not enhanced.

[2020-04-12 20:24:03 #8 type.registry] 
New type domain.Event

[2020-04-12 20:24:03 #9 type.registry] 
New type domain.Respuesta

[2020-04-12 20:24:03 #10 type.registry] 
New type java.util.Vector<domain.Respuesta>

[2020-04-12 20:24:03 #11 type] 
Type domain.Event is not enhanced.

[2020-04-12 20:24:03 #12 type.registry] 
New type java.util.Vector<domain.Question>

[2020-04-12 20:24:03 #13 type] 
Type domain.Respuesta is not enhanced.

[2020-04-12 20:24:03 #14 type.registry] 
New type java.util.Vector<java.lang.Object>

[2020-04-12 20:25:01 #15 type.registry] 
New type domain.Apuesta

[2020-04-12 20:25:01 #16 type] 
Type domain.Apuesta is not enhanced.

------------------------------------------------------------------------------------------------------------------------

[2020-04-12 20:27:34 #1 store] 
Database 'C:\Users\unaia\OneDrive\Desktop\ProyectoIS\resources\bets.temp' is opened by 8392@MSI

[2020-04-12 20:27:35 #2 type.registry] 
New type domain.Admin

[2020-04-12 20:27:35 #3 type] 
Type domain.Admin is not enhanced.

[2020-04-12 20:27:35 #4 type.registry] 
New type domain.Usuario

[2020-04-12 20:27:35 #5 type] 
Type domain.Usuario is not enhanced.

[2020-04-12 20:27:35 #6 type.registry] 
New type domain.Question

[2020-04-12 20:27:35 #7 type] 
Type domain.Question is not enhanced.

[2020-04-12 20:27:35 #8 type.registry] 
New type domain.Event

[2020-04-12 20:27:35 #9 type.registry] 
New type domain.Respuesta

[2020-04-12 20:27:35 #10 type.registry] 
New type java.util.Vector<domain.Respuesta>

[2020-04-12 20:27:35 #11 type] 
Type domain.Event is not enhanced.

[2020-04-12 20:27:35 #12 type.registry] 
New type java.util.Vector<domain.Question>

[2020-04-12 20:27:35 #13 type] 
Type domain.Respuesta is not enhanced.

[2020-04-12 20:27:35 #14 type.registry] 
New type java.util.Vector<java.lang.Object>

