------------------------------------------------------------------------------------------------------------------------

[2020-03-06 10:47:20 #1 store] 
Database 'C:\Users\unaia\OneDrive\Desktop\ProyectoIS\resources\bets.temp' is opened by 5920@MSI

[2020-03-06 10:47:20 #2 type.registry] 
New type domain.Admin

[2020-03-06 10:47:20 #3 type] 
Type domain.Admin is not enhanced.

[2020-03-06 10:47:20 #4 type.registry] 
New type domain.Usuario

[2020-03-06 10:47:20 #5 type] 
Type domain.Usuario is not enhanced.

[2020-03-06 10:47:20 #6 type.registry] 
New type domain.Question

[2020-03-06 10:47:20 #7 type] 
Type domain.Question is not enhanced.

[2020-03-06 10:47:20 #8 type.registry] 
New type domain.Event

[2020-03-06 10:47:20 #9 type.registry] 
New type java.util.Vector<java.lang.String>

[2020-03-06 10:47:20 #10 type] 
Type domain.Event is not enhanced.

[2020-03-06 10:47:20 #11 type.registry] 
New type java.util.Vector<domain.Question>

[2020-03-06 10:47:20 #12 type.registry] 
New type java.util.Vector<java.lang.Object>

[2020-03-06 10:48:19 #13 type.registry] 
New type domain.Apuesta

[2020-03-06 10:48:19 #14 type] 
Type domain.Apuesta is not enhanced.

------------------------------------------------------------------------------------------------------------------------

[2020-03-06 10:56:38 #1 store] 
Database 'C:\Users\unaia\OneDrive\Desktop\ProyectoIS\resources\bets.temp' is opened by 21096@MSI

[2020-03-06 10:56:39 #2 type.registry] 
New type domain.Admin

[2020-03-06 10:56:39 #3 type] 
Type domain.Admin is not enhanced.

[2020-03-06 10:56:39 #4 type.registry] 
New type domain.Usuario

[2020-03-06 10:56:39 #5 type] 
Type domain.Usuario is not enhanced.

[2020-03-06 10:56:39 #6 type.registry] 
New type domain.Question

[2020-03-06 10:56:39 #7 type] 
Type domain.Question is not enhanced.

[2020-03-06 10:56:39 #8 type.registry] 
New type domain.Event

[2020-03-06 10:56:39 #9 type.registry] 
New type java.util.Vector<java.lang.String>

[2020-03-06 10:56:39 #10 type] 
Type domain.Event is not enhanced.

[2020-03-06 10:56:39 #11 type.registry] 
New type java.util.Vector<domain.Question>

[2020-03-06 10:56:39 #12 type.registry] 
New type java.util.Vector<java.lang.Object>

------------------------------------------------------------------------------------------------------------------------

[2020-03-06 12:31:32 #1 store] 
Database 'C:\Users\unaia\OneDrive\Desktop\ProyectoIS\resources\bets.temp' is opened by 8068@MSI

[2020-03-06 12:31:33 #2 type.registry] 
New type domain.Admin

[2020-03-06 12:31:33 #3 type] 
Type domain.Admin is not enhanced.

[2020-03-06 12:31:33 #4 type.registry] 
New type domain.Usuario

[2020-03-06 12:31:33 #5 type] 
Type domain.Usuario is not enhanced.

[2020-03-06 12:31:33 #6 type.registry] 
New type domain.Question

[2020-03-06 12:31:33 #7 type] 
Type domain.Question is not enhanced.

[2020-03-06 12:31:33 #8 type.registry] 
New type domain.Event

[2020-03-06 12:31:33 #9 type.registry] 
New type java.util.Vector<java.lang.String>

[2020-03-06 12:31:33 #10 type] 
Type domain.Event is not enhanced.

[2020-03-06 12:31:33 #11 type.registry] 
New type java.util.Vector<domain.Question>

[2020-03-06 12:31:33 #12 type.registry] 
New type java.util.Vector<java.lang.Object>

------------------------------------------------------------------------------------------------------------------------

[2020-03-06 12:33:27 #1 store] 
Database 'C:\Users\unaia\OneDrive\Desktop\ProyectoIS\resources\bets.temp' is opened by 17412@MSI

[2020-03-06 12:33:27 #2 type.registry] 
New type domain.Admin

[2020-03-06 12:33:27 #3 type] 
Type domain.Admin is not enhanced.

[2020-03-06 12:33:27 #4 type.registry] 
New type domain.Usuario

[2020-03-06 12:33:27 #5 type] 
Type domain.Usuario is not enhanced.

[2020-03-06 12:33:27 #6 type.registry] 
New type domain.Question

[2020-03-06 12:33:27 #7 type] 
Type domain.Question is not enhanced.

[2020-03-06 12:33:27 #8 type.registry] 
New type domain.Event

[2020-03-06 12:33:27 #9 type.registry] 
New type java.util.Vector<java.lang.String>

[2020-03-06 12:33:27 #10 type] 
Type domain.Event is not enhanced.

[2020-03-06 12:33:27 #11 type.registry] 
New type java.util.Vector<domain.Question>

[2020-03-06 12:33:27 #12 type.registry] 
New type java.util.Vector<java.lang.Object>

[2020-03-06 12:34:25 #13 type.registry] 
New type domain.Apuesta

[2020-03-06 12:34:25 #14 type] 
Type domain.Apuesta is not enhanced.

------------------------------------------------------------------------------------------------------------------------

[2020-03-06 12:42:52 #1 store] 
Database 'C:\Users\unaia\OneDrive\Desktop\ProyectoIS\resources\bets.temp' is opened by 7612@MSI

[2020-03-06 12:42:53 #2 type.registry] 
New type domain.Admin

[2020-03-06 12:42:53 #3 type] 
Type domain.Admin is not enhanced.

[2020-03-06 12:42:53 #4 type.registry] 
New type domain.Usuario

[2020-03-06 12:42:53 #5 type] 
Type domain.Usuario is not enhanced.

[2020-03-06 12:42:53 #6 type.registry] 
New type domain.Question

[2020-03-06 12:42:53 #7 type] 
Type domain.Question is not enhanced.

[2020-03-06 12:42:53 #8 type.registry] 
New type domain.Event

[2020-03-06 12:42:53 #9 type.registry] 
New type java.util.Vector<java.lang.String>

[2020-03-06 12:42:53 #10 type] 
Type domain.Event is not enhanced.

[2020-03-06 12:42:53 #11 type.registry] 
New type java.util.Vector<domain.Question>

[2020-03-06 12:42:53 #12 type.registry] 
New type java.util.Vector<java.lang.Object>

------------------------------------------------------------------------------------------------------------------------

[2020-03-06 12:45:09 #1 store] 
Database 'C:\Users\unaia\OneDrive\Desktop\ProyectoIS\resources\bets.temp' is opened by 20372@MSI

[2020-03-06 12:45:09 #2 type.registry] 
New type domain.Admin

[2020-03-06 12:45:09 #3 type] 
Type domain.Admin is not enhanced.

[2020-03-06 12:45:09 #4 type.registry] 
New type domain.Usuario

[2020-03-06 12:45:09 #5 type] 
Type domain.Usuario is not enhanced.

[2020-03-06 12:45:09 #6 type.registry] 
New type domain.Question

[2020-03-06 12:45:09 #7 type] 
Type domain.Question is not enhanced.

[2020-03-06 12:45:09 #8 type.registry] 
New type domain.Event

[2020-03-06 12:45:09 #9 type.registry] 
New type java.util.Vector<java.lang.String>

[2020-03-06 12:45:09 #10 type] 
Type domain.Event is not enhanced.

[2020-03-06 12:45:09 #11 type.registry] 
New type java.util.Vector<domain.Question>

[2020-03-06 12:45:09 #12 type.registry] 
New type java.util.Vector<java.lang.Object>

[2020-03-06 12:45:52 #13 type.registry] 
New type domain.Apuesta

[2020-03-06 12:45:52 #14 type] 
Type domain.Apuesta is not enhanced.

