------------------------------------------------------------------------------------------------------------------------

[2020-05-07 17:19:42 #1 store] 
Database '/home/asier/Documents/Ingenieria/IS/Proyecto/IS/resources/bets.temp' is opened by 80953@asier-xps159560

[2020-05-07 17:19:43 #2 type.registry] 
New type domain.Admin

[2020-05-07 17:19:43 #3 type] 
Type domain.Admin is not enhanced.

[2020-05-07 17:19:43 #4 type.registry] 
New type domain.Usuario

[2020-05-07 17:19:43 #5 type] 
Type domain.Usuario is not enhanced.

[2020-05-07 17:19:43 #6 type.registry] 
New type domain.Question

[2020-05-07 17:19:43 #7 type] 
Type domain.Question is not enhanced.

[2020-05-07 17:19:43 #8 type.registry] 
New type domain.Event

[2020-05-07 17:19:43 #9 type.registry] 
New type domain.Respuesta

[2020-05-07 17:19:43 #10 type.registry] 
New type java.util.Vector<domain.Respuesta>

[2020-05-07 17:19:43 #11 type] 
Type domain.Event is not enhanced.

[2020-05-07 17:19:43 #12 type.registry] 
New type java.util.Vector<domain.Question>

[2020-05-07 17:19:43 #13 type] 
Type domain.Respuesta is not enhanced.

[2020-05-07 17:19:43 #14 type.registry] 
New type java.util.Vector<java.lang.Object>

------------------------------------------------------------------------------------------------------------------------

[2020-05-07 18:06:53 #1 store] 
Database '/home/asier/Documents/Ingenieria/IS/Proyecto/IS/resources/bets.temp' is opened by 84527@asier-xps159560

[2020-05-07 18:06:53 #2 type.registry] 
New type domain.Admin

[2020-05-07 18:06:53 #3 type] 
Type domain.Admin is not enhanced.

[2020-05-07 18:06:53 #4 type.registry] 
New type domain.Usuario

[2020-05-07 18:06:53 #5 type] 
Type domain.Usuario is not enhanced.

[2020-05-07 18:06:53 #6 type.registry] 
New type domain.Question

[2020-05-07 18:06:53 #7 type] 
Type domain.Question is not enhanced.

[2020-05-07 18:06:53 #8 type.registry] 
New type domain.Event

[2020-05-07 18:06:53 #9 type.registry] 
New type domain.Respuesta

[2020-05-07 18:06:53 #10 type.registry] 
New type java.util.Vector<domain.Respuesta>

[2020-05-07 18:06:53 #11 type] 
Type domain.Event is not enhanced.

[2020-05-07 18:06:53 #12 type.registry] 
New type java.util.Vector<domain.Question>

[2020-05-07 18:06:53 #13 type] 
Type domain.Respuesta is not enhanced.

[2020-05-07 18:06:53 #14 type.registry] 
New type java.util.Vector<java.lang.Object>

------------------------------------------------------------------------------------------------------------------------

[2020-05-07 18:09:36 #1 store] 
Database '/home/asier/Documents/Ingenieria/IS/Proyecto/IS/resources/bets.temp' is opened by 84707@asier-xps159560

[2020-05-07 18:09:37 #2 type.registry] 
New type domain.Admin

[2020-05-07 18:09:37 #3 type] 
Type domain.Admin is not enhanced.

[2020-05-07 18:09:37 #4 type.registry] 
New type domain.Usuario

[2020-05-07 18:09:37 #5 type] 
Type domain.Usuario is not enhanced.

[2020-05-07 18:09:37 #6 type.registry] 
New type domain.Question

[2020-05-07 18:09:37 #7 type] 
Type domain.Question is not enhanced.

[2020-05-07 18:09:37 #8 type.registry] 
New type domain.Event

[2020-05-07 18:09:37 #9 type.registry] 
New type domain.Respuesta

[2020-05-07 18:09:37 #10 type.registry] 
New type java.util.Vector<domain.Respuesta>

[2020-05-07 18:09:37 #11 type] 
Type domain.Event is not enhanced.

[2020-05-07 18:09:37 #12 type.registry] 
New type java.util.Vector<domain.Question>

[2020-05-07 18:09:37 #13 type] 
Type domain.Respuesta is not enhanced.

[2020-05-07 18:09:37 #14 type.registry] 
New type java.util.Vector<java.lang.Object>

------------------------------------------------------------------------------------------------------------------------

[2020-05-07 18:10:57 #1 store] 
Database '/home/asier/Documents/Ingenieria/IS/Proyecto/IS/resources/bets.temp' is opened by 84821@asier-xps159560

[2020-05-07 18:10:57 #2 type.registry] 
New type domain.Admin

[2020-05-07 18:10:57 #3 type] 
Type domain.Admin is not enhanced.

[2020-05-07 18:10:57 #4 type.registry] 
New type domain.Usuario

[2020-05-07 18:10:57 #5 type] 
Type domain.Usuario is not enhanced.

[2020-05-07 18:10:58 #6 type.registry] 
New type domain.Question

[2020-05-07 18:10:58 #7 type] 
Type domain.Question is not enhanced.

[2020-05-07 18:10:58 #8 type.registry] 
New type domain.Event

[2020-05-07 18:10:58 #9 type.registry] 
New type domain.Respuesta

[2020-05-07 18:10:58 #10 type.registry] 
New type java.util.Vector<domain.Respuesta>

[2020-05-07 18:10:58 #11 type] 
Type domain.Event is not enhanced.

[2020-05-07 18:10:58 #12 type.registry] 
New type java.util.Vector<domain.Question>

[2020-05-07 18:10:58 #13 type] 
Type domain.Respuesta is not enhanced.

[2020-05-07 18:10:58 #14 type.registry] 
New type java.util.Vector<java.lang.Object>

[2020-05-07 18:11:41 #15 type.registry] 
New type domain.Apuesta

[2020-05-07 18:11:41 #16 type] 
Type domain.Apuesta is not enhanced.

------------------------------------------------------------------------------------------------------------------------

[2020-05-07 18:16:01 #1 store] 
Database '/home/asier/Documents/Ingenieria/IS/Proyecto/IS/resources/bets.temp' is opened by 85332@asier-xps159560

[2020-05-07 18:16:01 #2 type.registry] 
New type domain.Admin

[2020-05-07 18:16:01 #3 type] 
Type domain.Admin is not enhanced.

[2020-05-07 18:16:01 #4 type.registry] 
New type domain.Usuario

[2020-05-07 18:16:01 #5 type] 
Type domain.Usuario is not enhanced.

[2020-05-07 18:16:01 #6 type.registry] 
New type domain.Question

[2020-05-07 18:16:01 #7 type] 
Type domain.Question is not enhanced.

[2020-05-07 18:16:01 #8 type.registry] 
New type domain.Event

[2020-05-07 18:16:01 #9 type.registry] 
New type domain.Respuesta

[2020-05-07 18:16:01 #10 type.registry] 
New type java.util.Vector<domain.Respuesta>

[2020-05-07 18:16:01 #11 type] 
Type domain.Event is not enhanced.

[2020-05-07 18:16:01 #12 type.registry] 
New type java.util.Vector<domain.Question>

[2020-05-07 18:16:01 #13 type] 
Type domain.Respuesta is not enhanced.

[2020-05-07 18:16:01 #14 type.registry] 
New type java.util.Vector<java.lang.Object>

------------------------------------------------------------------------------------------------------------------------

[2020-05-07 18:23:13 #1 store] 
Database '/home/asier/Documents/Ingenieria/IS/Proyecto/IS/resources/bets.temp' is opened by 85910@asier-xps159560

[2020-05-07 18:23:13 #2 type.registry] 
New type domain.Admin

[2020-05-07 18:23:13 #3 type] 
Type domain.Admin is not enhanced.

[2020-05-07 18:23:13 #4 type.registry] 
New type domain.Usuario

[2020-05-07 18:23:13 #5 type] 
Type domain.Usuario is not enhanced.

[2020-05-07 18:23:13 #6 type.registry] 
New type domain.Question

[2020-05-07 18:23:13 #7 type] 
Type domain.Question is not enhanced.

[2020-05-07 18:23:13 #8 type.registry] 
New type domain.Event

[2020-05-07 18:23:13 #9 type.registry] 
New type domain.Respuesta

[2020-05-07 18:23:13 #10 type.registry] 
New type java.util.Vector<domain.Respuesta>

[2020-05-07 18:23:13 #11 type] 
Type domain.Event is not enhanced.

[2020-05-07 18:23:13 #12 type.registry] 
New type java.util.Vector<domain.Question>

[2020-05-07 18:23:13 #13 type] 
Type domain.Respuesta is not enhanced.

[2020-05-07 18:23:13 #14 type.registry] 
New type java.util.Vector<java.lang.Object>

------------------------------------------------------------------------------------------------------------------------

[2020-05-07 18:24:24 #1 store] 
Database '/home/asier/Documents/Ingenieria/IS/Proyecto/IS/resources/bets.temp' is opened by 86016@asier-xps159560

[2020-05-07 18:24:24 #2 type.registry] 
New type domain.Admin

[2020-05-07 18:24:24 #3 type] 
Type domain.Admin is not enhanced.

[2020-05-07 18:24:24 #4 type.registry] 
New type domain.Usuario

[2020-05-07 18:24:24 #5 type] 
Type domain.Usuario is not enhanced.

[2020-05-07 18:24:24 #6 type.registry] 
New type domain.Question

[2020-05-07 18:24:24 #7 type] 
Type domain.Question is not enhanced.

[2020-05-07 18:24:24 #8 type.registry] 
New type domain.Event

[2020-05-07 18:24:24 #9 type.registry] 
New type domain.Respuesta

[2020-05-07 18:24:24 #10 type.registry] 
New type java.util.Vector<domain.Respuesta>

[2020-05-07 18:24:24 #11 type] 
Type domain.Event is not enhanced.

[2020-05-07 18:24:24 #12 type.registry] 
New type java.util.Vector<domain.Question>

[2020-05-07 18:24:24 #13 type] 
Type domain.Respuesta is not enhanced.

[2020-05-07 18:24:24 #14 type.registry] 
New type java.util.Vector<java.lang.Object>

------------------------------------------------------------------------------------------------------------------------

[2020-05-07 18:28:27 #1 store] 
Database '/home/asier/Documents/Ingenieria/IS/Proyecto/IS/resources/bets.temp' is opened by 86287@asier-xps159560

[2020-05-07 18:28:27 #2 type.registry] 
New type domain.Admin

[2020-05-07 18:28:27 #3 type] 
Type domain.Admin is not enhanced.

[2020-05-07 18:28:27 #4 type.registry] 
New type domain.Usuario

[2020-05-07 18:28:27 #5 type] 
Type domain.Usuario is not enhanced.

[2020-05-07 18:28:27 #6 type.registry] 
New type domain.Question

[2020-05-07 18:28:27 #7 type] 
Type domain.Question is not enhanced.

[2020-05-07 18:28:27 #8 type.registry] 
New type domain.Event

[2020-05-07 18:28:27 #9 type.registry] 
New type domain.Respuesta

[2020-05-07 18:28:27 #10 type.registry] 
New type java.util.Vector<domain.Respuesta>

[2020-05-07 18:28:27 #11 type] 
Type domain.Event is not enhanced.

[2020-05-07 18:28:27 #12 type.registry] 
New type java.util.Vector<domain.Question>

[2020-05-07 18:28:27 #13 type] 
Type domain.Respuesta is not enhanced.

[2020-05-07 18:28:27 #14 type.registry] 
New type java.util.Vector<java.lang.Object>

------------------------------------------------------------------------------------------------------------------------

[2020-05-07 18:31:57 #1 store] 
Database '/home/asier/Documents/Ingenieria/IS/Proyecto/IS/resources/bets.temp' is opened by 86408@asier-xps159560

[2020-05-07 18:31:57 #2 type.registry] 
New type domain.Admin

[2020-05-07 18:31:57 #3 type] 
Type domain.Admin is not enhanced.

[2020-05-07 18:31:57 #4 type.registry] 
New type domain.Usuario

[2020-05-07 18:31:57 #5 type] 
Type domain.Usuario is not enhanced.

[2020-05-07 18:31:57 #6 type.registry] 
New type domain.Question

[2020-05-07 18:31:57 #7 type] 
Type domain.Question is not enhanced.

[2020-05-07 18:31:57 #8 type.registry] 
New type domain.Event

[2020-05-07 18:31:57 #9 type.registry] 
New type domain.Respuesta

[2020-05-07 18:31:57 #10 type.registry] 
New type java.util.Vector<domain.Respuesta>

[2020-05-07 18:31:57 #11 type] 
Type domain.Event is not enhanced.

[2020-05-07 18:31:57 #12 type.registry] 
New type java.util.Vector<domain.Question>

[2020-05-07 18:31:57 #13 type] 
Type domain.Respuesta is not enhanced.

[2020-05-07 18:31:57 #14 type.registry] 
New type java.util.Vector<java.lang.Object>

------------------------------------------------------------------------------------------------------------------------

[2020-05-07 18:50:52 #1 store] 
Database '/home/asier/Documents/Ingenieria/IS/Proyecto/IS/resources/bets.temp' is opened by 86936@asier-xps159560

[2020-05-07 18:50:52 #2 type.registry] 
New type domain.Admin

[2020-05-07 18:50:52 #3 type] 
Type domain.Admin is not enhanced.

[2020-05-07 18:50:52 #4 type.registry] 
New type domain.Usuario

[2020-05-07 18:50:52 #5 type] 
Type domain.Usuario is not enhanced.

[2020-05-07 18:50:52 #6 type.registry] 
New type domain.Question

[2020-05-07 18:50:52 #7 type] 
Type domain.Question is not enhanced.

[2020-05-07 18:50:52 #8 type.registry] 
New type domain.Event

[2020-05-07 18:50:52 #9 type.registry] 
New type domain.Respuesta

[2020-05-07 18:50:52 #10 type.registry] 
New type java.util.Vector<domain.Respuesta>

[2020-05-07 18:50:52 #11 type] 
Type domain.Event is not enhanced.

[2020-05-07 18:50:52 #12 type.registry] 
New type java.util.Vector<domain.Question>

[2020-05-07 18:50:52 #13 type] 
Type domain.Respuesta is not enhanced.

[2020-05-07 18:50:52 #14 type.registry] 
New type java.util.Vector<java.lang.Object>

------------------------------------------------------------------------------------------------------------------------

[2020-05-07 18:57:02 #1 store] 
Database '/home/asier/Documents/Ingenieria/IS/Proyecto/IS/resources/bets.temp' is opened by 87005@asier-xps159560

[2020-05-07 18:57:02 #2 type.registry] 
New type domain.Admin

[2020-05-07 18:57:02 #3 type] 
Type domain.Admin is not enhanced.

[2020-05-07 18:57:02 #4 type.registry] 
New type domain.Usuario

[2020-05-07 18:57:02 #5 type] 
Type domain.Usuario is not enhanced.

[2020-05-07 18:57:02 #6 type.registry] 
New type domain.Question

[2020-05-07 18:57:02 #7 type] 
Type domain.Question is not enhanced.

[2020-05-07 18:57:02 #8 type.registry] 
New type domain.Event

[2020-05-07 18:57:02 #9 type.registry] 
New type domain.Respuesta

[2020-05-07 18:57:02 #10 type.registry] 
New type java.util.Vector<domain.Respuesta>

[2020-05-07 18:57:02 #11 type] 
Type domain.Event is not enhanced.

[2020-05-07 18:57:02 #12 type.registry] 
New type java.util.Vector<domain.Question>

[2020-05-07 18:57:02 #13 type] 
Type domain.Respuesta is not enhanced.

[2020-05-07 18:57:02 #14 type.registry] 
New type java.util.Vector<java.lang.Object>

------------------------------------------------------------------------------------------------------------------------

[2020-05-07 19:02:01 #1 store] 
Database '/home/asier/Documents/Ingenieria/IS/Proyecto/IS/resources/bets.temp' is opened by 87254@asier-xps159560

[2020-05-07 19:02:01 #2 type.registry] 
New type domain.Admin

[2020-05-07 19:02:01 #3 type] 
Type domain.Admin is not enhanced.

[2020-05-07 19:02:01 #4 type.registry] 
New type domain.Usuario

[2020-05-07 19:02:01 #5 type] 
Type domain.Usuario is not enhanced.

[2020-05-07 19:02:01 #6 type.registry] 
New type domain.Question

[2020-05-07 19:02:01 #7 type] 
Type domain.Question is not enhanced.

[2020-05-07 19:02:01 #8 type.registry] 
New type domain.Event

[2020-05-07 19:02:01 #9 type.registry] 
New type domain.Respuesta

[2020-05-07 19:02:01 #10 type.registry] 
New type java.util.Vector<domain.Respuesta>

[2020-05-07 19:02:01 #11 type] 
Type domain.Event is not enhanced.

[2020-05-07 19:02:01 #12 type.registry] 
New type java.util.Vector<domain.Question>

[2020-05-07 19:02:01 #13 type] 
Type domain.Respuesta is not enhanced.

[2020-05-07 19:02:01 #14 type.registry] 
New type java.util.Vector<java.lang.Object>

------------------------------------------------------------------------------------------------------------------------

[2020-05-07 19:03:20 #1 store] 
Database '/home/asier/Documents/Ingenieria/IS/Proyecto/IS/resources/bets.temp' is opened by 87319@asier-xps159560

[2020-05-07 19:03:20 #2 type.registry] 
New type domain.Admin

[2020-05-07 19:03:20 #3 type] 
Type domain.Admin is not enhanced.

[2020-05-07 19:03:20 #4 type.registry] 
New type domain.Usuario

[2020-05-07 19:03:20 #5 type] 
Type domain.Usuario is not enhanced.

[2020-05-07 19:03:20 #6 type.registry] 
New type domain.Question

[2020-05-07 19:03:20 #7 type] 
Type domain.Question is not enhanced.

[2020-05-07 19:03:20 #8 type.registry] 
New type domain.Event

[2020-05-07 19:03:20 #9 type.registry] 
New type domain.Respuesta

[2020-05-07 19:03:20 #10 type.registry] 
New type java.util.Vector<domain.Respuesta>

[2020-05-07 19:03:20 #11 type] 
Type domain.Event is not enhanced.

[2020-05-07 19:03:20 #12 type.registry] 
New type java.util.Vector<domain.Question>

[2020-05-07 19:03:20 #13 type] 
Type domain.Respuesta is not enhanced.

[2020-05-07 19:03:20 #14 type.registry] 
New type java.util.Vector<java.lang.Object>

